  Log Name: System
  Source: Microsoft-Windows-Kernel-General
  Date: 2017-07-15T20:54:13.381
  Event ID: 16
  Task: N/A
  Level: Information
  Opcode: Info
  Keyword: N/A
  User: S-1-5-21-3654634270-3195840133-2774193163-1001
  User Name: DESKTOP-OGCJR0S\joshu
  Computer: DESKTOP-OGCJR0S
  Description: 
The access history in hive \??\C:\Users\joshu\AppData\Local\Packages\microsoft.windowsmaps_8wekyb3d8bbwe\Settings\settings.dat was cleared updating 2 keys and creating 1 modified pages.

Event[1804]:
  Log Name: System
  Source: Microsoft-Windows-Kernel-General
  Date: 2017-07-15T20:54:13.412
  Event ID: 16
  Task: N/A
  Level: Information
  Opcode: Info
  Keyword: N/A
  User: S-1-5-21-3654634270-3195840133-2774193163-1001
  User Name: DESKTOP-OGCJR0S\joshu
  Computer: DESKTOP-OGCJR0S
  Description: 
The access history in hive \??\C:\Users\joshu\AppData\Local\Packages\microsoft.windowssoundrecorder_8wekyb3d8bbwe\Settings\settings.dat was cleared updating 2 keys and creating 1 modified pages.

Event[1805]:
  Log Name: System
  Source: Microsoft-Windows-Kernel-General
  Date: 2017-07-15T20:54:13.473
  Event ID: 16
  Task: N/A
  Level: Information
  Opcode: Info
  Keyword: N/A
  User: S-1-5-21-3654634270-3195840133-2774193163-1001
  User Name: DESKTOP-OGCJR0S\joshu
  Computer: DESKTOP-OGCJR0S
  Description: 
The access history in hive \??\C:\Users\joshu\AppData\Local\Packages\microsoft.xboxapp_8wekyb3d8bbwe\Settings\settings.dat was cleared updating 3 keys and creating 1 modified pages.

Event[1806]:
  Log Name: System
  Source: Microsoft-Windows-Kernel-General
  Date: 2017-07-15T20:54:13.504
  Event ID: 16
  Task: N/A
  Level: Information
  Opcode: Info
  Keyword: N/A
  User: S-1-5-21-3654634270-3195840133-2774193163-1001
  User Name: DESKTOP-OGCJR0S\joshu
  Computer: DESKTOP-OGCJR0S
  Description: 
The access history in hive \??\C:\Users\joshu\AppData\Local\Packages\microsoft.xboxgamecallableui_cw5n1h2txyewy\Settings\settings.dat was cleared updating 2 keys and creating 1 modified pages.

Event[1807]:
  Log Name: System
  Source: Microsoft-Windows-Kernel-General
  Date: 2017-07-15T20:54:13.538
  Event ID: 16
  Task: N/A
  Level: Information
  Opcode: Info
  Keyword: N/A
  User: S-1-5-21-3654634270-3195840133-2774193163-1001
  User Name: DESKTOP-OGCJR0S\joshu
  Computer: DESKTOP-OGCJR0S
  Description: 
The access history in hive \??\C:\Users\joshu\AppData\Local\Packages\microsoft.xboxgameoverlay_8wekyb3d8bbwe\Settings\settings.dat was cleared updating 2 keys and creating 1 modified pages.

Event[1808]:
  Log Name: System
  Source: Microsoft-Windows-Kernel-General
  Date: 2017-07-15T20:54:13.565
  Event ID: 16
  Task: N/A
  Level: Information
  Opcode: Info
  Keyword: N/A
  User: S-1-5-21-3654634270-3195840133-2774193163-1001
  User Name: DESKTOP-OGCJR0S\joshu
  Computer: DESKTOP-OGCJR0S
  Description: 
The access history in hive \??\C:\Users\joshu\AppData\Local\Packages\microsoft.xboxidentityprovider_8wekyb3d8bbwe\Settings\settings.dat was cleared updating 2 keys and creating 1 modified pages.

Event[1809]:
  Log Name: System
  Source: Microsoft-Windows-Kernel-General
  Date: 2017-07-15T20:54:13.596
  Event ID: 16
  Task: N/A
  Level: Information
  Opcode: Info
  Keyword: N/A
  User: S-1-5-21-3654634270-3195840133-2774193163-1001
  User Name: DESKTOP-OGCJR0S\joshu
  Computer: DESKTOP-OGCJR0S
  Description: 
The access history in hive \??\C:\Users\joshu\AppData\Local\Packages\microsoft.xboxspeechtotextoverlay_8wekyb3d8bbwe\Settings\settings.dat was cleared updating 2 keys and creating 1 modified pages.

Event[1810]:
  Log Name: System
  Source: Microsoft-Windows-Kernel-General
  Date: 2017-07-15T20:54:13.621
  Event ID: 16
  Task: N/A
  Level: Information
  Opcode: Info
  Keyword: N/A
  User: S-1-5-21-3654634270-3195840133-2774193163-1001
  User Name: DESKTOP-OGCJR0S\joshu
  Computer: DESKTOP-OGCJR0S
  Description: 
The access history in hive \??\C:\Users\joshu\AppData\Local\Packages\microsoft.zunemusic_8wekyb3d8bbwe\Settings\settings.dat was cleared updating 2 keys and creating 1 modified pages.

Event[1811]:
  Log Name: System
  Source: Microsoft-Windows-Kernel-General
  Date: 2017-07-15T20:54:13.678
  Event ID: 16
  Task: N/A
  Level: Information
  Opcode: Info
  Keyword: N/A
  User: S-1-5-21-3654634270-3195840133-2774193163-1001
  User Name: DESKTOP-OGCJR0S\joshu
  Computer: DESKTOP-OGCJR0S
  Description: 
The access history in hive \??\C:\Users\joshu\AppData\Local\Packages\microsoft.zunevideo_8wekyb3d8bbwe\Settings\settings.dat was cleared updating 2 keys and creating 1 modified pages.

Event[1812]:
  Log Name: System
  Source: Microsoft-Windows-Kernel-General
  Date: 2017-07-15T20:54:13.710
  Event ID: 16
  Task: N/A
  Level: Information
  Opcode: Info
  Keyword: N/A
  User: S-1-5-21-3654634270-3195840133-2774193163-1001
  User Name: DESKTOP-OGCJR0S\joshu
  Computer: DESKTOP-OGCJR0S
  Description: 
The access history in hive \??\C:\Users\joshu\AppData\Local\Packages\windows.contactsupport_cw5n1h2txyewy\Settings\settings.dat was cleared updating 2 keys and creating 1 modified pages.

Event[1813]:
  Log Name: System
  Source: Microsoft-Windows-Kernel-General
  Date: 2017-07-15T20:54:13.758
  Event ID: 16
  Task: N/A
  Level: Information
  Opcode: Info
  Keyword: N/A
  User: S-1-5-21-3654634270-3195840133-2774193163-1001
  User Name: DESKTOP-OGCJR0S\joshu
  Computer: DESKTOP-OGCJR0S
  Description: 
The access history in hive \??\C:\Users\joshu\AppData\Local\Packages\windows.immersivecontrolpanel_cw5n1h2txyewy\Settings\settings.dat was cleared updating 2 keys and creating 1 modified pages.

Event[1814]:
  Log Name: System
  Source: Microsoft-Windows-Kernel-General
  Date: 2017-07-15T20:54:13.814
  Event ID: 16
  Task: N/A
  Level: Information
  Opcode: Info
  Keyword: N/A
  User: S-1-5-21-3654634270-3195840133-2774193163-1001
  User Name: DESKTOP-OGCJR0S\joshu
  Computer: DESKTOP-OGCJR0S
  Description: 
The access history in hive \??\C:\Users\joshu\AppData\Local\Packages\windows.miracastview_cw5n1h2txyewy\Settings\settings.dat was cleared updating 2 keys and creating 1 modified pages.

Event[1815]:
  Log Name: System
  Source: Microsoft-Windows-Kernel-General
  Date: 2017-07-15T20:54:13.843
  Event ID: 16
  Task: N/A
  Level: Information
  Opcode: Info
  Keyword: N/A
  User: S-1-5-21-3654634270-3195840133-2774193163-1001
  User Name: DESKTOP-OGCJR0S\joshu
  Computer: DESKTOP-OGCJR0S
  Description: 
The access history in hive \??\C:\Users\joshu\AppData\Local\Packages\windows.printdialog_cw5n1h2txyewy\Settings\settings.dat was cleared updating 2 keys and creating 1 modified pages.

Event[1816]:
  Log Name: System
  Source: Microsoft-Windows-Kernel-Power
  Date: 2017-07-15T21:39:38.644
  Event ID: 109
  Task: N/A
  Level: Information
  Opcode: Info
  Keyword: N/A
  User: S-1-5-18
  User Name: NT AUTHORITY\SYSTEM
  Computer: DESKTOP-OGCJR0S
  Description: 
The kernel power manager has initiated a shutdown transition.

Shutdown Reason: Button or Lid

Event[1817]:
  Log Name: System
  Source: Microsoft-Windows-DistributedCOM
  Date: 2017-07-15T21:39:40.480
  Event ID: 10010
  Task: N/A
  Level: Error
  Opcode: Info
  Keyword: Classic
  User: S-1-5-21-3654634270-3195840133-2774193163-1001
  User Name: DESKTOP-OGCJR0S\joshu
  Computer: DESKTOP-OGCJR0S
  Description: 
The server {AB8902B4-09CA-4BB6-B78D-A8F59079A8D5} did not register with DCOM within the required timeout.

Event[1818]:
  Log Name: System
  Source: Microsoft-Windows-Winlogon
  Date: 2017-07-15T21:39:41.208
  Event ID: 7002
  Task: N/A
  Level: Information
  Opcode: Info
  Keyword: N/A
  User: S-1-5-18
  User Name: NT AUTHORITY\SYSTEM
  Computer: DESKTOP-OGCJR0S
  Description: 
User Logoff Notification for Customer Experience Improvement Program

Event[1819]:
  Log Name: System
  Source: Microsoft-Windows-Kernel-Power
  Date: 2017-07-15T21:39:48.890
  Event ID: 42
  Task: N/A
  Level: Information
  Opcode: Info
  Keyword: N/A
  User: N/A
  User Name: N/A
  Computer: DESKTOP-OGCJR0S
  Description: 
The system is entering sleep.

Sleep Reason: Application API

Event[1820]:
  Log Name: System
  Source: EventLog
  Date: 2017-07-17T16:22:10.702
  Event ID: 6013
  Task: N/A
  Level: Information
  Opcode: N/A
  Keyword: Classic
  User: N/A
  User Name: N/A
  Computer: DESKTOP-OGCJR0S
  Description: 
The system uptime is 431084 seconds.

Event[1821]:
  Log Name: System
  Source: Microsoft-Windows-Kernel-Power
  Date: 2017-07-15T21:39:54.509
  Event ID: 107
  Task: N/A
  Level: Information
  Opcode: Info
  Keyword: N/A
  User: N/A
  User Name: N/A
  Computer: DESKTOP-OGCJR0S
  Description: 
The system has resumed from sleep.

Event[1822]:
  Log Name: System
  Source: Microsoft-Windows-Kernel-General
  Date: 2017-07-17T16:22:10.499
  Event ID: 1
  Task: N/A
  Level: Information
  Opcode: Info
  Keyword: Time
  User: N/A
  User Name: N/A
  Computer: DESKTOP-OGCJR0S
  Description: 
The system time has changed to ?2017?-?07?-?17T21:22:10.500000000Z from ?2017?-?07?-?16T02:39:54.509554100Z.

Change Reason: System time synchronized with the hardware clock.

Event[1823]:
  Log Name: System
  Source: Microsoft-Windows-Kernel-Boot
  Date: 2017-07-17T16:22:11.109
  Event ID: 30
  Task: N/A
  Level: Information
  Opcode: Info
  Keyword: N/A
  User: N/A
  User Name: N/A
  Computer: DESKTOP-OGCJR0S
  Description: 
The firmware reported boot metrics.

Event[1824]:
  Log Name: System
  Source: Microsoft-Windows-Kernel-Boot
  Date: 2017-07-17T16:22:11.109
  Event ID: 25
  Task: N/A
  Level: Information
  Opcode: Info
  Keyword: N/A
  User: N/A
  User Name: N/A
  Computer: DESKTOP-OGCJR0S
  Description: 
The boot menu policy was 0x1.

Event[1825]:
  Log Name: System
  Source: Microsoft-Windows-Kernel-Boot
  Date: 2017-07-17T16:22:11.109
  Event ID: 27
  Task: N/A
  Level: Information
  Opcode: Info
  Keyword: N/A
  User: N/A
  User Name: N/A
  Computer: DESKTOP-OGCJR0S
  Description: 
The boot type was 0x1.

Event[1826]:
  Log Name: System
  Source: Microsoft-Windows-Kernel-Boot
  Date: 2017-07-17T16:22:11.109
  Event ID: 18
  Task: N/A
  Level: Information
  Opcode: Info
  Keyword: N/A
  User: N/A
  User Name: N/A
  Computer: DESKTOP-OGCJR0S
  Description: 
There are 0x1 boot options on this system.

Event[1827]:
  Log Name: System
  Source: Microsoft-Windows-Kernel-Boot
  Date: 2017-07-17T16:22:11.110
  Event ID: 32
  Task: N/A
  Level: Information
  Opcode: Info
  Keyword: N/A
  User: N/A
  User Name: N/A
  Computer: DESKTOP-OGCJR0S
  Description: 
The bootmgr spent 0 ms waiting for user input.

Event[1828]:
  Log Name: System
  Source: Microsoft-Windows-Power-Troubleshooter
  Date: 2017-07-17T16:22:13.104
  Event ID: 1
  Task: N/A
  Level: Information
  Opcode: Info
  Keyword: N/A
  User: S-1-5-19
  User Name: NT AUTHORITY\LOCAL SERVICE
  Computer: DESKTOP-OGCJR0S
  Description: 
The system has returned from a low power state.

Sleep Time: ?2017?-?07?-?16T02:39:42.841095300Z
Wake Time: ?2017?-?07?-?17T21:22:11.741211200Z

Wake Source: Unknown

Event[1829]:
  Log Name: System
  Source: Microsoft-Windows-DNS-Client
  Date: 2017-07-17T16:22:13.363
  Event ID: 1014
  Task: N/A
  Level: Warning
  Opcode: Info
  Keyword: N/A
  User: S-1-5-20
  User Name: NT AUTHORITY\NETWORK SERVICE
  Computer: DESKTOP-OGCJR0S
  Description: 
Name resolution for the name wpad timed out after none of the configured DNS servers responded.

Event[1830]:
  Log Name: System
  Source: Microsoft-Windows-Winlogon
  Date: 2017-07-17T16:22:22.377
  Event ID: 7001
  Task: N/A
  Level: Information
  Opcode: Info
  Keyword: N/A
  User: S-1-5-18
  User Name: NT AUTHORITY\SYSTEM
  Computer: DESKTOP-OGCJR0S
  Description: 
User Logon Notification for Customer Experience Improvement Program

Event[1831]:
  Log Name: System
  Source: Service Control Manager
  Date: 2017-07-17T16:22:30.124
  Event ID: 7040
  Task: N/A
  Level: Information
  Opcode: N/A
  Keyword: Classic
  User: S-1-5-18
  User Name: NT AUTHORITY\SYSTEM
  Computer: DESKTOP-OGCJR0S
  Description: 
The start type of the Background Intelligent Transfer Service service was changed from demand start to auto start.

Event[1832]:
  Log Name: System
  Source: Service Control Manager
  Date: 2017-07-17T16:24:36.614
  Event ID: 7040
  Task: N/A
  Level: Information
  Opcode: N/A
  Keyword: Classic
  User: S-1-5-18
  User Name: NT AUTHORITY\SYSTEM
  Computer: DESKTOP-OGCJR0S
  Description: 
The start type of the Background Intelligent Transfer Service service was changed from auto start to demand start.

Event[1833]:
  Log Name: System
  Source: Service Control Manager
  Date: 2017-07-17T16:25:10.986
  Event ID: 7040
  Task: N/A
  Level: Information
  Opcode: N/A
  Keyword: Classic
  User: S-1-5-18
  User Name: NT AUTHORITY\SYSTEM
  Computer: DESKTOP-OGCJR0S
  Description: 
The start type of the Background Intelligent Transfer Service service was changed from demand start to auto start.

Event[1834]:
  Log Name: System
  Source: Microsoft-Windows-WindowsUpdateClient
  Date: 2017-07-17T16:25:24.432
  Event ID: 44
  Task: Windows Update Agent
  Level: Information
  Opcode: Download
  Keyword: Download,Started
  User: S-1-5-18
  User Name: NT AUTHORITY\SYSTEM
  Computer: DESKTOP-OGCJR0S
  Description: 
Windows Update started downloading an update.

Event[1835]:
  Log Name: System
  Source: Microsoft-Windows-Kernel-General
  Date: 2017-07-17T16:25:47.479
  Event ID: 16
  Task: N/A
  Level: Information
  Opcode: Info
  Keyword: N/A
  User: S-1-5-18
  User Name: NT AUTHORITY\SYSTEM
  Computer: DESKTOP-OGCJR0S
  Description: 
The access history in hive \??\C:\ProgramData\Microsoft\Windows\AppRepository\Packages\Microsoft.SkypeApp_11.19.820.0_x64__kzf8qxf38zg5c\ActivationStore.dat was cleared updating 0 keys and creating 0 modified pages.

Event[1836]:
  Log Name: System
  Source: Microsoft-Windows-WindowsUpdateClient
  Date: 2017-07-17T16:25:53.145
  Event ID: 43
  Task: Windows Update Agent
  Level: Information
  Opcode: Installation
  Keyword: Installation,Started
  User: S-1-5-18
  User Name: NT AUTHORITY\SYSTEM
  Computer: DESKTOP-OGCJR0S
  Description: 
Installation Started: Windows has started installing the following update: Skype

Event[1837]:
  Log Name: System
  Source: Microsoft-Windows-WindowsUpdateClient
  Date: 2017-07-17T16:25:53.145
  Event ID: 19
  Task: Windows Update Agent
  Level: Information
  Opcode: Installation
  Keyword: Installation,Success
  User: S-1-5-18
  User Name: NT AUTHORITY\SYSTEM
  Computer: DESKTOP-OGCJR0S
  Description: 
Installation Successful: Windows successfully installed the following update: Skype

Event[1838]:
  Log Name: System
  Source: Microsoft-Windows-WindowsUpdateClient
  Date: 2017-07-17T16:26:22.574
  Event ID: 44
  Task: Windows Update Agent
  Level: Information
  Opcode: Download
  Keyword: Download,Started
  User: S-1-5-18
  User Name: NT AUTHORITY\SYSTEM
  Computer: DESKTOP-OGCJR0S
  Description: 
Windows Update started downloading an update.

Event[1839]:
  Log Name: System
  Source: Microsoft-Windows-WindowsUpdateClient
  Date: 2017-07-17T16:26:29.041
  Event ID: 43
  Task: Windows Update Agent
  Level: Information
  Opcode: Installation
  Keyword: Installation,Started
  User: S-1-5-18
  User Name: NT AUTHORITY\SYSTEM
  Computer: DESKTOP-OGCJR0S
  Description: 
Installation Started: Windows has started installing the following update: Definition Update for Windows Defender - KB2267602 (Definition 1.247.989.0)

Event[1840]:
  Log Name: System
  Source: Service Control Manager
  Date: 2017-07-17T16:26:37.376
  Event ID: 7045
  Task: N/A
  Level: Information
  Opcode: N/A
  Keyword: Classic
  User: S-1-5-18
  User Name: NT AUTHORITY\SYSTEM
  Computer: DESKTOP-OGCJR0S
  Description: 
A service was installed in the system.

Service Name:  MpKsl71f8d398
Service File Name:  C:\ProgramData\Microsoft\Windows Defender\Definition Updates\{3F575441-E8D6-464D-B059-C5D67158AACC}\MpKsl71f8d398.sys
Service Type:  kernel mode driver
Service Start Type:  system start
Service Account:  

Event[1841]:
  Log Name: System
  Source: Microsoft-Windows-WindowsUpdateClient
  Date: 2017-07-17T16:26:37.866
  Event ID: 19
  Task: Windows Update Agent
  Level: Information
  Opcode: Installation
  Keyword: Installation,Success
  User: S-1-5-18
  User Name: NT AUTHORITY\SYSTEM
  Computer: DESKTOP-OGCJR0S
  Description: 
Installation Successful: Windows successfully installed the following update: Definition Update for Windows Defender - KB2267602 (Definition 1.247.989.0)

Event[1842]:
  Log Name: System
  Source: Service Control Manager
  Date: 2017-07-17T16:27:13.609
  Event ID: 7040
  Task: N/A
  Level: Information
  Opcode: N/A
  Keyword: Classic
  User: S-1-5-18
  User Name: NT AUTHORITY\SYSTEM
  Computer: DESKTOP-OGCJR0S
  Description: 
The start type of the Background Intelligent Transfer Service service was changed from auto start to demand start.

Event[1843]:
  Log Name: System
  Source: Service Control Manager
  Date: 2017-07-17T16:28:05.685
  Event ID: 7040
  Task: N/A
  Level: Information
  Opcode: N/A
  Keyword: Classic
  User: S-1-5-18
  User Name: NT AUTHORITY\SYSTEM
  Computer: DESKTOP-OGCJR0S
  Description: 
The start type of the Background Intelligent Transfer Service service was changed from demand start to auto start.

Event[1844]:
  Log Name: System
  Source: Microsoft-Windows-WindowsUpdateClient
  Date: 2017-07-17T19:25:41.158
  Event ID: 44
  Task: Windows Update Agent
  Level: Information
  Opcode: Download
  Keyword: Download,Started
  User: S-1-5-18
  User Name: NT AUTHORITY\SYSTEM
  Computer: DESKTOP-OGCJR0S
  Description: 
Windows Update started downloading an update.

Event[1845]:
  Log Name: System
  Source: Microsoft-Windows-WindowsUpdateClient
  Date: 2017-07-17T19:25:41.158
  Event ID: 43
  Task: Windows Update Agent
  Level: Information
  Opcode: Installation
  Keyword: Installation,Started
  User: S-1-5-18
  User Name: NT AUTHORITY\SYSTEM
  Computer: DESKTOP-OGCJR0S
  Description: 
Installation Started: Windows has started installing the following update: Definition Update for Windows Defender - KB2267602 (Definition 1.247.991.0)

Event[1846]:
  Log Name: System
  Source: Service Control Manager
  Date: 2017-07-17T19:25:53.960
  Event ID: 7045
  Task: N/A
  Level: Information
  Opcode: N/A
  Keyword: Classic
  User: S-1-5-18
  User Name: NT AUTHORITY\SYSTEM
  Computer: DESKTOP-OGCJR0S
  Description: 
A service was installed in the system.

Service Name:  MpKsl12fe4259
Service File Name:  C:\ProgramData\Microsoft\Windows Defender\Definition Updates\{B5C6679A-C348-4D85-882E-28CA80DA0444}\MpKsl12fe4259.sys
Service Type:  kernel mode driver
Service Start Type:  system start
Service Account:  

Event[1847]:
  Log Name: System
  Source: Microsoft-Windows-WindowsUpdateClient
  Date: 2017-07-17T19:25:54.259
  Event ID: 19
  Task: Windows Update Agent
  Level: Information
  Opcode: Installation
  Keyword: Installation,Success
  User: S-1-5-18
  User Name: NT AUTHORITY\SYSTEM
  Computer: DESKTOP-OGCJR0S
  Description: 
Installation Successful: Windows successfully installed the following update: Definition Update for Windows Defender - KB2267602 (Definition 1.247.991.0)

Event[1848]:
  Log Name: System
  Source: Microsoft-Windows-Kernel-General
  Date: 2017-07-17T20:32:27.912
  Event ID: 16
  Task: N/A
  Level: Information
  Opcode: Info
  Keyword: N/A
  User: S-1-5-18
  User Name: NT AUTHORITY\SYSTEM
  Computer: DESKTOP-OGCJR0S
  Description: 
The access history in hive \??\C:\ProgramData\Microsoft\Provisioning\Microsoft-Desktop-Provisioning-Sequence.dat was cleared updating 0 keys and creating 0 modified pages.

Event[1849]:
  Log Name: System
  Source: Microsoft-Windows-Time-Service
  Date: 2017-07-17T20:32:29.250
  Event ID: 158
  Task: N/A
  Level: Information
  Opcode: Info
  Keyword: N/A
  User: S-1-5-19
  User Name: NT AUTHORITY\LOCAL SERVICE
  Computer: DESKTOP-OGCJR0S
  Description: 
The time provider 'VMICTimeProvider' has indicated that the current hardware and operating environment is not supported and has stopped. This behavior is expected for VMICTimeProvider on non-HyperV-guest environments. This may be the expected behavior for the current provider in the current operating environment as well.

Event[1850]:
  Log Name: System
  Source: Microsoft-Windows-Time-Service
  Date: 2017-07-17T20:32:30.822
  Event ID: 37
  Task: N/A
  Level: Information
  Opcode: Info
  Keyword: N/A
  User: S-1-5-19
  User Name: NT AUTHORITY\LOCAL SERVICE
  Computer: DESKTOP-OGCJR0S
  Description: 
The time provider NtpClient is currently receiving valid time data from time.windows.com,0x9 (ntp.m|0x9|0.0.0.0:123->13.65.245.138:123).

Event[1851]:
  Log Name: System
  Source: Microsoft-Windows-UserModePowerService
  Date: 2017-07-17T20:32:32.026
  Event ID: 22
  Task: N/A
  Level: Information
  Opcode: Info
  Keyword: N/A
  User: S-1-5-18
  User Name: NT AUTHORITY\SYSTEM
  Computer: DESKTOP-OGCJR0S
  Description: 
Reapply power settings upon completion of the provisioning engine's turn 5

Event[1852]:
  Log Name: System
  Source: Microsoft-Windows-Kernel-General
  Date: 2017-07-17T20:32:47.939
  Event ID: 1
  Task: N/A
  Level: Information
  Opcode: Info
  Keyword: Time
  User: S-1-5-19
  User Name: NT AUTHORITY\LOCAL SERVICE
  Computer: DESKTOP-OGCJR0S
  Description: 
The system time has changed to ?2017?-?07?-?18T01:32:47.939303400Z from ?2017?-?07?-?18T01:32:45.283768300Z.

Change Reason: An application or system component changed the time.

Event[1853]:
  Log Name: System
  Source: Microsoft-Windows-Time-Service
  Date: 2017-07-17T20:32:47.939
  Event ID: 35
  Task: N/A
  Level: Information
  Opcode: Info
  Keyword: N/A
  User: S-1-5-19
  User Name: NT AUTHORITY\LOCAL SERVICE
  Computer: DESKTOP-OGCJR0S
  Description: 
The time service is now synchronizing the system time with the time source time.windows.com,0x9 (ntp.m|0x9|0.0.0.0:123->13.65.245.138:123).

Event[1854]:
  Log Name: System
  Source: Microsoft-Windows-Kernel-General
  Date: 2017-07-17T20:32:47.940
  Event ID: 1
  Task: N/A
  Level: Information
  Opcode: Info
  Keyword: Time
  User: S-1-5-19
  User Name: NT AUTHORITY\LOCAL SERVICE
  Computer: DESKTOP-OGCJR0S
  Description: 
The system time has changed to ?2017?-?07?-?18T01:32:47.941000000Z from ?2017?-?07?-?18T01:32:47.941856000Z.

Change Reason: An application or system component changed the time.

Event[1855]:
  Log Name: System
  Source: Microsoft-Windows-Kernel-General
  Date: 2017-07-17T20:32:47.941
  Event ID: 1
  Task: N/A
  Level: Information
  Opcode: Info
  Keyword: Time
  User: S-1-5-19
  User Name: NT AUTHORITY\LOCAL SERVICE
  Computer: DESKTOP-OGCJR0S
  Description: 
The system time has changed to ?2017?-?07?-?18T01:32:47.941000000Z from ?2017?-?07?-?18T01:32:47.942296300Z.

Change Reason: An application or system component changed the time.

Event[1856]:
  Log Name: System
  Source: Microsoft-Windows-Winlogon
  Date: 2017-07-17T23:38:29.506
  Event ID: 7002
  Task: N/A
  Level: Information
  Opcode: Info
  Keyword: N/A
  User: S-1-5-18
  User Name: NT AUTHORITY\SYSTEM
  Computer: DESKTOP-OGCJR0S
  Description: 
User Logoff Notification for Customer Experience Improvement Program

Event[1857]:
  Log Name: System
  Source: Microsoft-Windows-Kernel-Power
  Date: 2017-07-17T23:38:43.079
  Event ID: 42
  Task: N/A
  Level: Information
  Opcode: Info
  Keyword: N/A
  User: N/A
  User Name: N/A
  Computer: DESKTOP-OGCJR0S
  Description: 
The system is entering sleep.

Sleep Reason: Application API

Event[1858]:
  Log Name: System
  Source: Microsoft-Windows-Kernel-Power
  Date: 2017-07-17T23:38:44.343
  Event ID: 107
  Task: N/A
  Level: Information
  Opcode: Info
  Keyword: N/A
  User: N/A
  User Name: N/A
  Computer: DESKTOP-OGCJR0S
  Description: 
The system has resumed from sleep.

Event[1859]:
  Log Name: System
  Source: Microsoft-Windows-Kernel-General
  Date: 2017-07-18T09:37:54.499
  Event ID: 1
  Task: N/A
  Level: Information
  Opcode: Info
  Keyword: Time
  User: N/A
  User Name: N/A
  Computer: DESKTOP-OGCJR0S
  Description: 
The system time has changed to ?2017?-?07?-?18T14:37:54.500000000Z from ?2017?-?07?-?18T04:38:44.343532700Z.

Change Reason: System time synchronized with the hardware clock.

Event[1860]:
  Log Name: System
  Source: Microsoft-Windows-Kernel-Boot
  Date: 2017-07-18T09:37:55.079
  Event ID: 30
  Task: N/A
  Level: Information
  Opcode: Info
  Keyword: N/A
  User: N/A
  User Name: N/A
  Computer: DESKTOP-OGCJR0S
  Description: 
The firmware reported boot metrics.

Event[1861]:
  Log Name: System
  Source: Microsoft-Windows-Kernel-Boot
  Date: 2017-07-18T09:37:55.079
  Event ID: 25
  Task: N/A
  Level: Information
  Opcode: Info
  Keyword: N/A
  User: N/A
  User Name: N/A
  Computer: DESKTOP-OGCJR0S
  Description: 
The boot menu policy was 0x1.

Event[1862]:
  Log Name: System
  Source: Microsoft-Windows-Kernel-Boot
  Date: 2017-07-18T09:37:55.079
  Event ID: 27
  Task: N/A
  Level: Information
  Opcode: Info
  Keyword: N/A
  User: N/A
  User Name: N/A
  Computer: DESKTOP-OGCJR0S
  Description: 
The boot type was 0x1.

Event[1863]:
  Log Name: System
  Source: Microsoft-Windows-Kernel-Boot
  Date: 2017-07-18T09:37:55.079
  Event ID: 18
  Task: N/A
  Level: Information
  Opcode: Info
  Keyword: N/A
  User: N/A
  User Name: N/A
  Computer: DESKTOP-OGCJR0S
  Description: 
There are 0x1 boot options on this system.

Event[1864]:
  Log Name: System
  Source: Microsoft-Windows-Kernel-Boot
  Date: 2017-07-18T09:37:55.079
  Event ID: 32
  Task: N/A
  Level: Information
  Opcode: Info
  Keyword: N/A
  User: N/A
  User Name: N/A
  Computer: DESKTOP-OGCJR0S
  Description: 
The bootmgr spent 0 ms waiting for user input.

Event[1865]:
  Log Name: System
  Source: Microsoft-Windows-Power-Troubleshooter
  Date: 2017-07-18T09:37:57.070
  Event ID: 1
  Task: N/A
  Level: Information
  Opcode: Info
  Keyword: N/A
  User: S-1-5-19
  User Name: NT AUTHORITY\LOCAL SERVICE
  Computer: DESKTOP-OGCJR0S
  Description: 
The system has returned from a low power state.

Sleep Time: ?2017?-?07?-?18T04:38:31.076007800Z
Wake Time: ?2017?-?07?-?18T14:37:56.429265900Z

Wake Source: Unknown

Event[1866]:
  Log Name: System
  Source: Microsoft-Windows-DNS-Client
  Date: 2017-07-18T09:38:00.739
  Event ID: 1014
  Task: N/A
  Level: Warning
  Opcode: Info
  Keyword: N/A
  User: S-1-5-20
  User Name: NT AUTHORITY\NETWORK SERVICE
  Computer: DESKTOP-OGCJR0S
  Description: 
Name resolution for the name wpad timed out after none of the configured DNS servers responded.

Event[1867]:
  Log Name: System
  Source: Microsoft-Windows-Winlogon
  Date: 2017-07-18T09:38:00.842
  Event ID: 7001
  Task: N/A
  Level: Information
  Opcode: Info
  Keyword: N/A
  User: S-1-5-18
  User Name: NT AUTHORITY\SYSTEM
  Computer: DESKTOP-OGCJR0S
  Description: 
User Logon Notification for Customer Experience Improvement Program

Event[1868]:
  Log Name: System
  Source: Service Control Manager
  Date: 2017-07-18T09:40:15.245
  Event ID: 7040
  Task: N/A
  Level: Information
  Opcode: N/A
  Keyword: Classic
  User: S-1-5-18
  User Name: NT AUTHORITY\SYSTEM
  Computer: DESKTOP-OGCJR0S
  Description: 
The start type of the Background Intelligent Transfer Service service was changed from auto start to demand start.

Event[1869]:
  Log Name: System
  Source: Service Control Manager
  Date: 2017-07-18T09:40:54.926
  Event ID: 7040
  Task: N/A
  Level: Information
  Opcode: N/A
  Keyword: Classic
  User: S-1-5-18
  User Name: NT AUTHORITY\SYSTEM
  Computer: DESKTOP-OGCJR0S
  Description: 
The start type of the Background Intelligent Transfer Service service was changed from demand start to auto start.

Event[1870]:
  Log Name: System
  Source: Service Control Manager
  Date: 2017-07-18T09:42:57.336
  Event ID: 7040
  Task: N/A
  Level: Information
  Opcode: N/A
  Keyword: Classic
  User: S-1-5-18
  User Name: NT AUTHORITY\SYSTEM
  Computer: DESKTOP-OGCJR0S
  Description: 
The start type of the Background Intelligent Transfer Service service was changed from auto start to demand start.

Event[1871]:
  Log Name: System
  Source: Service Control Manager
  Date: 2017-07-18T10:57:38.392
  Event ID: 7040
  Task: N/A
  Level: Information
  Opcode: N/A
  Keyword: Classic
  User: S-1-5-18
  User Name: NT AUTHORITY\SYSTEM
  Computer: DESKTOP-OGCJR0S
  Description: 
The start type of the Background Intelligent Transfer Service service was changed from demand start to auto start.

Event[1872]:
  Log Name: System
  Source: Microsoft-Windows-Winlogon
  Date: 2017-07-18T10:57:40.806
  Event ID: 7002
  Task: N/A
  Level: Information
  Opcode: Info
  Keyword: N/A
  User: S-1-5-18
  User Name: NT AUTHORITY\SYSTEM
  Computer: DESKTOP-OGCJR0S
  Description: 
User Logoff Notification for Customer Experience Improvement Program

Event[1873]:
  Log Name: System
  Source: Microsoft-Windows-Kernel-General
  Date: 2017-07-18T10:57:41.851
  Event ID: 16
  Task: N/A
  Level: Information
  Opcode: Info
  Keyword: N/A
  User: S-1-5-18
  User Name: NT AUTHORITY\SYSTEM
  Computer: DESKTOP-OGCJR0S
  Description: 
The access history in hive \??\C:\ProgramData\Microsoft\Provisioning\Microsoft-Desktop-Provisioning-Sequence.dat was cleared updating 0 keys and creating 0 modified pages.

Event[1874]:
  Log Name: System
  Source: Microsoft-Windows-Kernel-Power
  Date: 2017-07-18T10:57:48.661
  Event ID: 42
  Task: N/A
  Level: Information
  Opcode: Info
  Keyword: N/A
  User: N/A
  User Name: N/A
  Computer: DESKTOP-OGCJR0S
  Description: 
The system is entering sleep.

Sleep Reason: Application API

Event[1875]:
  Log Name: System
  Source: EventLog
  Date: 2017-07-18T17:29:35.702
  Event ID: 6013
  Task: N/A
  Level: Information
  Opcode: N/A
  Keyword: Classic
  User: N/A
  User Name: N/A
  Computer: DESKTOP-OGCJR0S
  Description: 
The system uptime is 521527 seconds.

Event[1876]:
  Log Name: System
  Source: Microsoft-Windows-Kernel-Power
  Date: 2017-07-18T10:57:54.434
  Event ID: 107
  Task: N/A
  Level: Information
  Opcode: Info
  Keyword: N/A
  User: N/A
  User Name: N/A
  Computer: DESKTOP-OGCJR0S
  Description: 
The system has resumed from sleep.

Event[1877]:
  Log Name: System
  Source: Microsoft-Windows-Kernel-General
  Date: 2017-07-18T17:29:35.499
  Event ID: 1
  Task: N/A
  Level: Information
  Opcode: Info
  Keyword: Time
  User: N/A
  User Name: N/A
  Computer: DESKTOP-OGCJR0S
  Description: 
The system time has changed to ?2017?-?07?-?18T22:29:35.500000000Z from ?2017?-?07?-?18T15:57:54.434515100Z.

Change Reason: System time synchronized with the hardware clock.

Event[1878]:
  Log Name: System
  Source: Microsoft-Windows-Kernel-Boot
  Date: 2017-07-18T17:29:36.100
  Event ID: 30
  Task: N/A
  Level: Information
  Opcode: Info
  Keyword: N/A
  User: N/A
  User Name: N/A
  Computer: DESKTOP-OGCJR0S
  Description: 
The firmware reported boot metrics.

Event[1879]:
  Log Name: System
  Source: Microsoft-Windows-Kernel-Boot
  Date: 2017-07-18T17:29:36.100
  Event ID: 25
  Task: N/A
  Level: Information
  Opcode: Info
  Keyword: N/A
  User: N/A
  User Name: N/A
  Computer: DESKTOP-OGCJR0S
  Description: 
The boot menu policy was 0x1.

Event[1880]:
  Log Name: System
  Source: Microsoft-Windows-Kernel-Boot
  Date: 2017-07-18T17:29:36.100
  Event ID: 27
  Task: N/A
  Level: Information
  Opcode: Info
  Keyword: N/A
  User: N/A
  User Name: N/A
  Computer: DESKTOP-OGCJR0S
  Description: 
The boot type was 0x1.

Event[1881]:
  Log Name: System
  Source: Microsoft-Windows-Kernel-Boot
  Date: 2017-07-18T17:29:36.101
  Event ID: 18
  Task: N/A
  Level: Information
  Opcode: Info
  Keyword: N/A
  User: N/A
  User Name: N/A
  Computer: DESKTOP-OGCJR0S
  Description: 
There are 0x1 boot options on this system.

Event[1882]:
  Log Name: System
  Source: Microsoft-Windows-Kernel-Boot
  Date: 2017-07-18T17:29:36.101
  Event ID: 32
  Task: N/A
  Level: Information
  Opcode: Info
  Keyword: N/A
  User: N/A
  User Name: N/A
  Computer: DESKTOP-OGCJR0S
  Description: 
The bootmgr spent 0 ms waiting for user input.

Event[1883]:
  Log Name: System
  Source: Microsoft-Windows-Power-Troubleshooter
  Date: 2017-07-18T17:29:38.105
  Event ID: 1
  Task: N/A
  Level: Information
  Opcode: Info
  Keyword: N/A
  User: S-1-5-19
  User Name: NT AUTHORITY\LOCAL SERVICE
  Computer: DESKTOP-OGCJR0S
  Description: 
The system has returned from a low power state.

Sleep Time: ?2017?-?07?-?18T15:57:42.436846900Z
Wake Time: ?2017?-?07?-?18T22:29:37.433308300Z

Wake Source: Unknown

Event[1884]:
  Log Name: System
  Source: Microsoft-Windows-DNS-Client
  Date: 2017-07-18T17:29:38.455
  Event ID: 1014
  Task: N/A
  Level: Warning
  Opcode: Info
  Keyword: N/A
  User: S-1-5-20
  User Name: NT AUTHORITY\NETWORK SERVICE
  Computer: DESKTOP-OGCJR0S
  Description: 
Name resolution for the name wpad timed out after none of the configured DNS servers responded.

Event[1885]:
  Log Name: System
  Source: Microsoft-Windows-Winlogon
  Date: 2017-07-18T17:29:46.682
  Event ID: 7001
  Task: N/A
  Level: Information
  Opcode: Info
  Keyword: N/A
  User: S-1-5-18
  User Name: NT AUTHORITY\SYSTEM
  Computer: DESKTOP-OGCJR0S
  Description: 
User Logon Notification for Customer Experience Improvement Program

Event[1886]:
  Log Name: System
  Source: Microsoft-Windows-DistributedCOM
  Date: 2017-07-18T17:29:52.369
  Event ID: 10016
  Task: N/A
  Level: Error
  Opcode: Info
  Keyword: Classic
  User: S-1-5-21-3654634270-3195840133-2774193163-1001
  User Name: DESKTOP-OGCJR0S\joshu
  Computer: DESKTOP-OGCJR0S
  Description: 
The machine-default permission settings do not grant Local Activation permission for the COM Server application with CLSID 
{C2F03A33-21F5-47FA-B4BB-156362A2F239}
 and APPID 
{316CDED5-E4AE-4B15-9113-7055D84DCC97}
 to the user DESKTOP-OGCJR0S\joshu SID (S-1-5-21-3654634270-3195840133-2774193163-1001) from address LocalHost (Using LRPC) running in the application container Microsoft.Windows.Cortana_1.8.12.15063_neutral_neutral_cw5n1h2txyewy SID (S-1-15-2-1861897761-1695161497-2927542615-642690995-327840285-2659745135-2630312742). This security permission can be modified using the Component Services administrative tool.

Event[1887]:
  Log Name: System
  Source: Microsoft-Windows-DistributedCOM
  Date: 2017-07-18T17:29:52.541
  Event ID: 10016
  Task: N/A
  Level: Error
  Opcode: Info
  Keyword: Classic
  User: S-1-5-21-3654634270-3195840133-2774193163-1001
  User Name: DESKTOP-OGCJR0S\joshu
  Computer: DESKTOP-OGCJR0S
  Description: 
The machine-default permission settings do not grant Local Activation permission for the COM Server application with CLSID 
{C2F03A33-21F5-47FA-B4BB-156362A2F239}
 and APPID 
{316CDED5-E4AE-4B15-9113-7055D84DCC97}
 to the user DESKTOP-OGCJR0S\joshu SID (S-1-5-21-3654634270-3195840133-2774193163-1001) from address LocalHost (Using LRPC) running in the application container Microsoft.Windows.Cortana_1.8.12.15063_neutral_neutral_cw5n1h2txyewy SID (S-1-15-2-1861897761-1695161497-2927542615-642690995-327840285-2659745135-2630312742). This security permission can be modified using the Component Services administrative tool.

Event[1888]:
  Log Name: System
  Source: Service Control Manager
  Date: 2017-07-18T17:31:52.783
  Event ID: 7040
  Task: N/A
  Level: Information
  Opcode: N/A
  Keyword: Classic
  User: S-1-5-18
  User Name: NT AUTHORITY\SYSTEM
  Computer: DESKTOP-OGCJR0S
  Description: 
The start type of the Background Intelligent Transfer Service service was changed from auto start to demand start.

Event[1889]:
  Log Name: System
  Source: Microsoft-Windows-WindowsUpdateClient
  Date: 2017-07-18T17:33:01.690
  Event ID: 44
  Task: Windows Update Agent
  Level: Information
  Opcode: Download
  Keyword: Download,Started
  User: S-1-5-18
  User Name: NT AUTHORITY\SYSTEM
  Computer: DESKTOP-OGCJR0S
  Description: 
Windows Update started downloading an update.

Event[1890]:
  Log Name: System
  Source: Microsoft-Windows-WindowsUpdateClient
  Date: 2017-07-18T17:33:01.690
  Event ID: 43
  Task: Windows Update Agent
  Level: Information
  Opcode: Installation
  Keyword: Installation,Started
  User: S-1-5-18
  User Name: NT AUTHORITY\SYSTEM
  Computer: DESKTOP-OGCJR0S
  Description: 
Installation Started: Windows has started installing the following update: Definition Update for Windows Defender - KB2267602 (Definition 1.247.1034.0)

Event[1891]:
  Log Name: System
  Source: Service Control Manager
  Date: 2017-07-18T17:33:13.260
  Event ID: 7045
  Task: N/A
  Level: Information
  Opcode: N/A
  Keyword: Classic
  User: S-1-5-18
  User Name: NT AUTHORITY\SYSTEM
  Computer: DESKTOP-OGCJR0S
  Description: 
A service was installed in the system.

Service Name:  MpKsl6601a0da
Service File Name:  C:\ProgramData\Microsoft\Windows Defender\Definition Updates\{DD04052E-AFC2-4388-A308-57E172DE9A14}\MpKsl6601a0da.sys
Service Type:  kernel mode driver
Service Start Type:  system start
Service Account:  

Event[1892]:
  Log Name: System
  Source: Microsoft-Windows-WindowsUpdateClient
  Date: 2017-07-18T17:33:15.017
  Event ID: 19
  Task: Windows Update Agent
  Level: Information
  Opcode: Installation
  Keyword: Installation,Success
  User: S-1-5-18
  User Name: NT AUTHORITY\SYSTEM
  Computer: DESKTOP-OGCJR0S
  Description: 
Installation Successful: Windows successfully installed the following update: Definition Update for Windows Defender - KB2267602 (Definition 1.247.1034.0)

Event[1893]:
  Log Name: System
  Source: Microsoft-Windows-WindowsUpdateClient
  Date: 2017-07-18T17:33:31.052
  Event ID: 44
  Task: Windows Update Agent
  Level: Information
  Opcode: Download
  Keyword: Download,Started
  User: S-1-5-18
  User Name: NT AUTHORITY\SYSTEM
  Computer: DESKTOP-OGCJR0S
  Description: 
Windows Update started downloading an update.

Event[1894]:
  Log Name: System
  Source: Microsoft-Windows-WindowsUpdateClient
  Date: 2017-07-18T17:33:31.052
  Event ID: 44
  Task: Windows Update Agent
  Level: Information
  Opcode: Download
  Keyword: Download,Started
  User: S-1-5-18
  User Name: NT AUTHORITY\SYSTEM
  Computer: DESKTOP-OGCJR0S
  Description: 
Windows Update started downloading an update.

Event[1895]:
  Log Name: System
  Source: Microsoft-Windows-Kernel-General
  Date: 2017-07-18T17:33:51.628
  Event ID: 16
  Task: N/A
  Level: Information
  Opcode: Info
  Keyword: N/A
  User: S-1-5-18
  User Name: NT AUTHORITY\SYSTEM
  Computer: DESKTOP-OGCJR0S
  Description: 
The access history in hive \??\C:\ProgramData\Microsoft\Windows\AppRepository\Packages\microsoft.windowscommunicationsapps_17.8241.41275.0_x64__8wekyb3d8bbwe\ActivationStore.dat was cleared updating 0 keys and creating 0 modified pages.

Event[1896]:
  Log Name: System
  Source: Microsoft-Windows-WindowsUpdateClient
  Date: 2017-07-18T17:33:57.166
  Event ID: 43
  Task: Windows Update Agent
  Level: Information
  Opcode: Installation
  Keyword: Installation,Started
  User: S-1-5-18
  User Name: NT AUTHORITY\SYSTEM
  Computer: DESKTOP-OGCJR0S
  Description: 
Installation Started: Windows has started installing the following update: Mail and Calendar

Event[1897]:
  Log Name: System
  Source: Microsoft-Windows-WindowsUpdateClient
  Date: 2017-07-18T17:33:57.166
  Event ID: 19
  Task: Windows Update Agent
  Level: Information
  Opcode: Installation
  Keyword: Installation,Success
  User: S-1-5-18
  User Name: NT AUTHORITY\SYSTEM
  Computer: DESKTOP-OGCJR0S
  Description: 
Installation Successful: Windows successfully installed the following update: Mail and Calendar

Event[1898]:
  Log Name: System
  Source: Microsoft-Windows-Kernel-General
  Date: 2017-07-18T17:33:59.458
  Event ID: 16
  Task: N/A
  Level: Information
  Opcode: Info
  Keyword: N/A
  User: S-1-5-18
  User Name: NT AUTHORITY\SYSTEM
  Computer: DESKTOP-OGCJR0S
  Description: 
The access history in hive \??\C:\ProgramData\Microsoft\Windows\AppRepository\Packages\Microsoft.Office.OneNote_17.8366.57611.0_x64__8wekyb3d8bbwe\ActivationStore.dat was cleared updating 0 keys and creating 0 modified pages.

Event[1899]:
  Log Name: System
  Source: Microsoft-Windows-WindowsUpdateClient
  Date: 2017-07-18T17:34:04.805
  Event ID: 43
  Task: Windows Update Agent
  Level: Information
  Opcode: Installation
  Keyword: Installation,Started
  User: S-1-5-18
  User Name: NT AUTHORITY\SYSTEM
  Computer: DESKTOP-OGCJR0S
  Description: 
Installation Started: Windows has started installing the following update: OneNote

Event[1900]:
  Log Name: System
  Source: Microsoft-Windows-WindowsUpdateClient
  Date: 2017-07-18T17:34:04.805
  Event ID: 19
  Task: Windows Update Agent
  Level: Information
  Opcode: Installation
  Keyword: Installation,Success
  User: S-1-5-18
  User Name: NT AUTHORITY\SYSTEM
  Computer: DESKTOP-OGCJR0S
  Description: 
Installation Successful: Windows successfully installed the following update: OneNote

Event[1901]:
  Log Name: System
  Source: Microsoft-Windows-Kernel-General
  Date: 2017-07-18T19:48:58.433
  Event ID: 16
  Task: N/A
  Level: Information
  Opcode: Info
  Keyword: N/A
  User: S-1-5-18
  User Name: NT AUTHORITY\SYSTEM
  Computer: DESKTOP-OGCJR0S
  Description: 
The access history in hive \??\C:\ProgramData\Microsoft\Provisioning\Microsoft-Desktop-Provisioning-Sequence.dat was cleared updating 0 keys and creating 0 modified pages.

Event[1902]:
  Log Name: System
  Source: Service Control Manager
  Date: 2017-07-18T19:48:59.045
  Event ID: 7040
  Task: N/A
  Level: Information
  Opcode: N/A
  Keyword: Classic
  User: S-1-5-18
  User Name: NT AUTHORITY\SYSTEM
  Computer: DESKTOP-OGCJR0S
  Description: 
The start type of the Windows Modules Installer service was changed from demand start to auto start.

Event[1903]:
  Log Name: System
  Source: Microsoft-Windows-Time-Service
  Date: 2017-07-18T19:48:59.123
  Event ID: 158
  Task: N/A
  Level: Information
  Opcode: Info
  Keyword: N/A
  User: S-1-5-19
  User Name: NT AUTHORITY\LOCAL SERVICE
  Computer: DESKTOP-OGCJR0S
  Description: 
The time provider 'VMICTimeProvider' has indicated that the current hardware and operating environment is not supported and has stopped. This behavior is expected for VMICTimeProvider on non-HyperV-guest environments. This may be the expected behavior for the current provider in the current operating environment as well.

Event[1904]:
  Log Name: System
  Source: Microsoft-Windows-Time-Service
  Date: 2017-07-18T19:49:00.701
  Event ID: 37
  Task: N/A
  Level: Information
  Opcode: Info
  Keyword: N/A
  User: S-1-5-19
  User Name: NT AUTHORITY\LOCAL SERVICE
  Computer: DESKTOP-OGCJR0S
  Description: 
The time provider NtpClient is currently receiving valid time data from time.windows.com,0x9 (ntp.m|0x9|0.0.0.0:123->13.65.245.138:123).

Event[1905]:
  Log Name: System
  Source: Microsoft-Windows-Kernel-General
  Date: 2017-07-18T19:49:12.568
  Event ID: 15
  Task: N/A
  Level: Information
  Opcode: Info
  Keyword: N/A
  User: S-1-5-18
  User Name: NT AUTHORITY\SYSTEM
  Computer: DESKTOP-OGCJR0S
  Description: 
Hive \??\C:\WINDOWS\System32\SMI\Store\Machine\SCHEMA.DAT was reorganized with a starting size of 12480512 bytes and an ending size of 11771904 bytes.

Event[1906]:
  Log Name: System
  Source: Service Control Manager
  Date: 2017-07-18T19:49:12.903
  Event ID: 7040
  Task: N/A
  Level: Information
  Opcode: N/A
  Keyword: Classic
  User: S-1-5-18
  User Name: NT AUTHORITY\SYSTEM
  Computer: DESKTOP-OGCJR0S
  Description: 
The start type of the Windows Modules Installer service was changed from auto start to demand start.

Event[1907]:
  Log Name: System
  Source: Microsoft-Windows-UserModePowerService
  Date: 2017-07-18T19:49:13.038
  Event ID: 22
  Task: N/A
  Level: Information
  Opcode: Info
  Keyword: N/A
  User: S-1-5-18
  User Name: NT AUTHORITY\SYSTEM
  Computer: DESKTOP-OGCJR0S
  Description: 
Reapply power settings upon completion of the provisioning engine's turn 5

Event[1908]:
  Log Name: System
  Source: Microsoft-Windows-Kernel-General
  Date: 2017-07-18T19:49:13.321
  Event ID: 16
  Task: N/A
  Level: Information
  Opcode: Info
  Keyword: N/A
  User: S-1-5-21-3654634270-3195840133-2774193163-1001
  User Name: DESKTOP-OGCJR0S\joshu
  Computer: DESKTOP-OGCJR0S
  Description: 
The access history in hive \??\C:\Users\joshu\AppData\Local\Packages\34366pdfviewer.documentreadereditor_paafd5e9n5y7a\Settings\settings.dat was cleared updating 2 keys and creating 1 modified pages.

Event[1909]:
  Log Name: System
  Source: Microsoft-Windows-Time-Service
  Date: 2017-07-18T19:49:15.174
  Event ID: 35
  Task: N/A
  Level: Information
  Opcode: Info
  Keyword: N/A
  User: S-1-5-19
  User Name: NT AUTHORITY\LOCAL SERVICE
  Computer: DESKTOP-OGCJR0S
  Description: 
The time service is now synchronizing the system time with the time source time.windows.com,0x9 (ntp.m|0x9|0.0.0.0:123->13.65.245.138:123).

Event[1910]:
  Log Name: System
  Source: Microsoft-Windows-Kernel-General
  Date: 2017-07-18T19:49:15.173
  Event ID: 1
  Task: N/A
  Level: Information
  Opcode: Info
  Keyword: Time
  User: S-1-5-19
  User Name: NT AUTHORITY\LOCAL SERVICE
  Computer: DESKTOP-OGCJR0S
  Description: 
The system time has changed to ?2017?-?07?-?19T00:49:15.174000000Z from ?2017?-?07?-?19T00:49:15.175037200Z.

Change Reason: An application or system component changed the time.

Event[1911]:
  Log Name: System
  Source: Microsoft-Windows-Kernel-Power
  Date: 2017-07-18T20:16:52.374
  Event ID: 42
  Task: N/A
  Level: Information
  Opcode: Info
  Keyword: N/A
  User: N/A
  User Name: N/A
  Computer: DESKTOP-OGCJR0S
  Description: 
The system is entering sleep.

Sleep Reason: System Idle

Event[1912]:
  Log Name: System
  Source: EventLog
  Date: 2017-07-21T13:10:03.695
  Event ID: 6013
  Task: N/A
  Level: Information
  Opcode: N/A
  Keyword: Classic
  User: N/A
  User Name: N/A
  Computer: DESKTOP-OGCJR0S
  Description: 
The system uptime is 765155 seconds.

Event[1913]:
  Log Name: System
  Source: Microsoft-Windows-Kernel-Power
  Date: 2017-07-18T20:16:54.136
  Event ID: 107
  Task: N/A
  Level: Information
  Opcode: Info
  Keyword: N/A
  User: N/A
  User Name: N/A
  Computer: DESKTOP-OGCJR0S
  Description: 
The system has resumed from sleep.

Event[1914]:
  Log Name: System
  Source: Microsoft-Windows-Kernel-Power
  Date: 2017-07-18T20:16:54.136
  Event ID: 137
  Task: N/A
  Level: Error
  Opcode: Info
  Keyword: N/A
  User: N/A
  User Name: N/A
  Computer: DESKTOP-OGCJR0S
  Description: 
The system firmware has changed the processor's memory type range registers (MTRRs) across a sleep state transition (S4). This can result in reduced resume performance.

Event[1915]:
  Log Name: System
  Source: Microsoft-Windows-Kernel-General
  Date: 2017-07-21T13:10:03.500
  Event ID: 1
  Task: N/A
  Level: Information
  Opcode: Info
  Keyword: Time
  User: N/A
  User Name: N/A
  Computer: DESKTOP-OGCJR0S
  Description: 
The system time has changed to ?2017?-?07?-?21T18:10:03.500000000Z from ?2017?-?07?-?19T01:16:54.136401100Z.

Change Reason: System time synchronized with the hardware clock.

Event[1916]:
  Log Name: System
  Source: Microsoft-Windows-Kernel-Power
  Date: 2017-07-21T13:10:03.583
  Event ID: 131
  Task: N/A
  Level: Information
  Opcode: Info
  Keyword: N/A
  User: N/A
  User Name: N/A
  Computer: DESKTOP-OGCJR0S
  Description: 
Firmware S3 times. ResumeCount: 0, FullResume: 0, AverageResume: 0

Event[1917]:
  Log Name: System
  Source: Microsoft-Windows-DNS-Client
  Date: 2017-07-21T13:10:05.604
  Event ID: 1014
  Task: N/A
  Level: Warning
  Opcode: Info
  Keyword: N/A
  User: S-1-5-20
  User Name: NT AUTHORITY\NETWORK SERVICE
  Computer: DESKTOP-OGCJR0S
  Description: 
Name resolution for the name wpad timed out after none of the configured DNS servers responded.

Event[1918]:
  Log Name: System
  Source: Microsoft-Windows-Kernel-General
  Date: 2017-07-21T13:10:10.146
  Event ID: 16
  Task: N/A
  Level: Information
  Opcode: Info
  Keyword: N/A
  User: S-1-5-18
  User Name: NT AUTHORITY\SYSTEM
  Computer: DESKTOP-OGCJR0S
  Description: 
The access history in hive \Device\HarddiskVolume5\Boot\BCD was cleared updating 23 keys and creating 8 modified pages.

Event[1919]:
  Log Name: System
  Source: Microsoft-Windows-Power-Troubleshooter
  Date: 2017-07-21T13:10:10.261
  Event ID: 1
  Task: N/A
  Level: Information
  Opcode: Info
  Keyword: N/A
  User: S-1-5-19
  User Name: NT AUTHORITY\LOCAL SERVICE
  Computer: DESKTOP-OGCJR0S
  Description: 
The system has returned from a low power state.

Sleep Time: ?2017?-?07?-?19T01:16:41.076334200Z
Wake Time: ?2017?-?07?-?21T18:10:04.935045400Z

Wake Source: Power Button

Event[1920]:
  Log Name: System
  Source: Microsoft-Windows-Kernel-General
  Date: 2017-07-21T13:10:10.448
  Event ID: 16
  Task: N/A
  Level: Information
  Opcode: Info
  Keyword: N/A
  User: S-1-5-21-3654634270-3195840133-2774193163-1001
  User Name: DESKTOP-OGCJR0S\joshu
  Computer: DESKTOP-OGCJR0S
  Description: 
The access history in hive \??\C:\Users\joshu\AppData\Local\Packages\Microsoft.Windows.ContentDeliveryManager_cw5n1h2txyewy\Settings\settings.dat was cleared updating 239 keys and creating 47 modified pages.

Event[1921]:
  Log Name: System
  Source: Service Control Manager
  Date: 2017-07-21T13:10:10.660
  Event ID: 7040
  Task: N/A
  Level: Information
  Opcode: N/A
  Keyword: Classic
  User: S-1-5-18
  User Name: NT AUTHORITY\SYSTEM
  Computer: DESKTOP-OGCJR0S
  Description: 
The start type of the Background Intelligent Transfer Service service was changed from demand start to auto start.

Event[1922]:
  Log Name: System
  Source: Microsoft-Windows-DNS-Client
  Date: 2017-07-21T13:10:11.847
  Event ID: 1014
  Task: N/A
  Level: Warning
  Opcode: Info
  Keyword: N/A
  User: S-1-5-20
  User Name: NT AUTHORITY\NETWORK SERVICE
  Computer: DESKTOP-OGCJR0S
  Description: 
Name resolution for the name wpad timed out after none of the configured DNS servers responded.

Event[1923]:
