  Log Name: System
  Source: Microsoft-Windows-Kernel-General
  Date: 2017-07-31T20:13:31.172
  Event ID: 16
  Task: N/A
  Level: Information
  Opcode: Info
  Keyword: N/A
  User: S-1-5-21-3654634270-3195840133-2774193163-1001
  User Name: DESKTOP-OGCJR0S\joshu
  Computer: DESKTOP-OGCJR0S
  Description: 
The access history in hive \??\C:\Users\joshu\AppData\Local\Packages\microsoft.windows.apprep.chxapp_cw5n1h2txyewy\Settings\settings.dat was cleared updating 2 keys and creating 1 modified pages.

Event[2489]:
  Log Name: System
  Source: Microsoft-Windows-Kernel-General
  Date: 2017-07-31T20:13:31.216
  Event ID: 16
  Task: N/A
  Level: Information
  Opcode: Info
  Keyword: N/A
  User: S-1-5-21-3654634270-3195840133-2774193163-1001
  User Name: DESKTOP-OGCJR0S\joshu
  Computer: DESKTOP-OGCJR0S
  Description: 
The access history in hive \??\C:\Users\joshu\AppData\Local\Packages\microsoft.windows.assignedaccesslockapp_cw5n1h2txyewy\Settings\settings.dat was cleared updating 2 keys and creating 1 modified pages.

Event[2490]:
  Log Name: System
  Source: Microsoft-Windows-Kernel-General
  Date: 2017-07-31T20:13:31.286
  Event ID: 16
  Task: N/A
  Level: Information
  Opcode: Info
  Keyword: N/A
  User: S-1-5-21-3654634270-3195840133-2774193163-1001
  User Name: DESKTOP-OGCJR0S\joshu
  Computer: DESKTOP-OGCJR0S
  Description: 
The access history in hive \??\C:\Users\joshu\AppData\Local\Packages\microsoft.windows.holographicfirstrun_cw5n1h2txyewy\Settings\settings.dat was cleared updating 2 keys and creating 1 modified pages.

Event[2491]:
  Log Name: System
  Source: Microsoft-Windows-Kernel-General
  Date: 2017-07-31T20:13:31.316
  Event ID: 16
  Task: N/A
  Level: Information
  Opcode: Info
  Keyword: N/A
  User: S-1-5-21-3654634270-3195840133-2774193163-1001
  User Name: DESKTOP-OGCJR0S\joshu
  Computer: DESKTOP-OGCJR0S
  Description: 
The access history in hive \??\C:\Users\joshu\AppData\Local\Packages\microsoft.windows.modalsharepickerhost_cw5n1h2txyewy\Settings\settings.dat was cleared updating 2 keys and creating 1 modified pages.

Event[2492]:
  Log Name: System
  Source: Microsoft-Windows-Kernel-General
  Date: 2017-07-31T20:13:31.347
  Event ID: 16
  Task: N/A
  Level: Information
  Opcode: Info
  Keyword: N/A
  User: S-1-5-21-3654634270-3195840133-2774193163-1001
  User Name: DESKTOP-OGCJR0S\joshu
  Computer: DESKTOP-OGCJR0S
  Description: 
The access history in hive \??\C:\Users\joshu\AppData\Local\Packages\microsoft.windows.oobenetworkcaptiveportal_cw5n1h2txyewy\Settings\settings.dat was cleared updating 2 keys and creating 1 modified pages.

Event[2493]:
  Log Name: System
  Source: Microsoft-Windows-Kernel-General
  Date: 2017-07-31T20:13:31.375
  Event ID: 16
  Task: N/A
  Level: Information
  Opcode: Info
  Keyword: N/A
  User: S-1-5-21-3654634270-3195840133-2774193163-1001
  User Name: DESKTOP-OGCJR0S\joshu
  Computer: DESKTOP-OGCJR0S
  Description: 
The access history in hive \??\C:\Users\joshu\AppData\Local\Packages\microsoft.windows.oobenetworkconnectionflow_cw5n1h2txyewy\Settings\settings.dat was cleared updating 2 keys and creating 1 modified pages.

Event[2494]:
  Log Name: System
  Source: Microsoft-Windows-Kernel-General
  Date: 2017-07-31T20:13:31.410
  Event ID: 16
  Task: N/A
  Level: Information
  Opcode: Info
  Keyword: N/A
  User: S-1-5-21-3654634270-3195840133-2774193163-1001
  User Name: DESKTOP-OGCJR0S\joshu
  Computer: DESKTOP-OGCJR0S
  Description: 
The access history in hive \??\C:\Users\joshu\AppData\Local\Packages\microsoft.windows.parentalcontrols_cw5n1h2txyewy\Settings\settings.dat was cleared updating 2 keys and creating 1 modified pages.

Event[2495]:
  Log Name: System
  Source: Microsoft-Windows-Kernel-General
  Date: 2017-07-31T20:13:31.441
  Event ID: 16
  Task: N/A
  Level: Information
  Opcode: Info
  Keyword: N/A
  User: S-1-5-21-3654634270-3195840133-2774193163-1001
  User Name: DESKTOP-OGCJR0S\joshu
  Computer: DESKTOP-OGCJR0S
  Description: 
The access history in hive \??\C:\Users\joshu\AppData\Local\Packages\microsoft.windows.photos_8wekyb3d8bbwe\Settings\settings.dat was cleared updating 22 keys and creating 3 modified pages.

Event[2496]:
  Log Name: System
  Source: Microsoft-Windows-Kernel-General
  Date: 2017-07-31T20:13:31.473
  Event ID: 16
  Task: N/A
  Level: Information
  Opcode: Info
  Keyword: N/A
  User: S-1-5-21-3654634270-3195840133-2774193163-1001
  User Name: DESKTOP-OGCJR0S\joshu
  Computer: DESKTOP-OGCJR0S
  Description: 
The access history in hive \??\C:\Users\joshu\AppData\Local\Packages\microsoft.windows.sechealthui_cw5n1h2txyewy\Settings\settings.dat was cleared updating 2 keys and creating 1 modified pages.

Event[2497]:
  Log Name: System
  Source: Microsoft-Windows-Kernel-General
  Date: 2017-07-31T20:13:31.523
  Event ID: 16
  Task: N/A
  Level: Information
  Opcode: Info
  Keyword: N/A
  User: S-1-5-21-3654634270-3195840133-2774193163-1001
  User Name: DESKTOP-OGCJR0S\joshu
  Computer: DESKTOP-OGCJR0S
  Description: 
The access history in hive \??\C:\Users\joshu\AppData\Local\Packages\microsoft.windows.secondarytileexperience_cw5n1h2txyewy\Settings\settings.dat was cleared updating 2 keys and creating 1 modified pages.

Event[2498]:
  Log Name: System
  Source: Microsoft-Windows-Kernel-General
  Date: 2017-07-31T20:13:31.564
  Event ID: 16
  Task: N/A
  Level: Information
  Opcode: Info
  Keyword: N/A
  User: S-1-5-21-3654634270-3195840133-2774193163-1001
  User Name: DESKTOP-OGCJR0S\joshu
  Computer: DESKTOP-OGCJR0S
  Description: 
The access history in hive \??\C:\Users\joshu\AppData\Local\Packages\microsoft.windows.secureassessmentbrowser_cw5n1h2txyewy\Settings\settings.dat was cleared updating 2 keys and creating 1 modified pages.

Event[2499]:
  Log Name: System
  Source: Microsoft-Windows-Kernel-General
  Date: 2017-07-31T20:13:31.622
  Event ID: 16
  Task: N/A
  Level: Information
  Opcode: Info
  Keyword: N/A
  User: S-1-5-21-3654634270-3195840133-2774193163-1001
  User Name: DESKTOP-OGCJR0S\joshu
  Computer: DESKTOP-OGCJR0S
  Description: 
The access history in hive \??\C:\Users\joshu\AppData\Local\Packages\microsoft.windows.windowpicker_cw5n1h2txyewy\Settings\settings.dat was cleared updating 2 keys and creating 1 modified pages.

Event[2500]:
  Log Name: System
  Source: Microsoft-Windows-Kernel-General
  Date: 2017-07-31T20:13:31.653
  Event ID: 16
  Task: N/A
  Level: Information
  Opcode: Info
  Keyword: N/A
  User: S-1-5-21-3654634270-3195840133-2774193163-1001
  User Name: DESKTOP-OGCJR0S\joshu
  Computer: DESKTOP-OGCJR0S
  Description: 
The access history in hive \??\C:\Users\joshu\AppData\Local\Packages\microsoft.windowsalarms_8wekyb3d8bbwe\Settings\settings.dat was cleared updating 2 keys and creating 1 modified pages.

Event[2501]:
  Log Name: System
  Source: Microsoft-Windows-Kernel-General
  Date: 2017-07-31T20:13:31.686
  Event ID: 16
  Task: N/A
  Level: Information
  Opcode: Info
  Keyword: N/A
  User: S-1-5-21-3654634270-3195840133-2774193163-1001
  User Name: DESKTOP-OGCJR0S\joshu
  Computer: DESKTOP-OGCJR0S
  Description: 
The access history in hive \??\C:\Users\joshu\AppData\Local\Packages\microsoft.windowscalculator_8wekyb3d8bbwe\Settings\settings.dat was cleared updating 2 keys and creating 1 modified pages.

Event[2502]:
  Log Name: System
  Source: Microsoft-Windows-Kernel-General
  Date: 2017-07-31T20:13:31.722
  Event ID: 16
  Task: N/A
  Level: Information
  Opcode: Info
  Keyword: N/A
  User: S-1-5-21-3654634270-3195840133-2774193163-1001
  User Name: DESKTOP-OGCJR0S\joshu
  Computer: DESKTOP-OGCJR0S
  Description: 
The access history in hive \??\C:\Users\joshu\AppData\Local\Packages\microsoft.windowscamera_8wekyb3d8bbwe\Settings\settings.dat was cleared updating 2 keys and creating 1 modified pages.

Event[2503]:
  Log Name: System
  Source: Microsoft-Windows-Kernel-General
  Date: 2017-07-31T20:13:31.786
  Event ID: 16
  Task: N/A
  Level: Information
  Opcode: Info
  Keyword: N/A
  User: S-1-5-21-3654634270-3195840133-2774193163-1001
  User Name: DESKTOP-OGCJR0S\joshu
  Computer: DESKTOP-OGCJR0S
  Description: 
The access history in hive \??\C:\Users\joshu\AppData\Local\Packages\microsoft.windowsfeedbackhub_8wekyb3d8bbwe\Settings\settings.dat was cleared updating 2 keys and creating 1 modified pages.

Event[2504]:
  Log Name: System
  Source: Microsoft-Windows-Kernel-General
  Date: 2017-07-31T20:13:31.818
  Event ID: 16
  Task: N/A
  Level: Information
  Opcode: Info
  Keyword: N/A
  User: S-1-5-21-3654634270-3195840133-2774193163-1001
  User Name: DESKTOP-OGCJR0S\joshu
  Computer: DESKTOP-OGCJR0S
  Description: 
The access history in hive \??\C:\Users\joshu\AppData\Local\Packages\microsoft.windowsmaps_8wekyb3d8bbwe\Settings\settings.dat was cleared updating 2 keys and creating 1 modified pages.

Event[2505]:
  Log Name: System
  Source: Microsoft-Windows-Kernel-General
  Date: 2017-07-31T20:13:31.851
  Event ID: 16
  Task: N/A
  Level: Information
  Opcode: Info
  Keyword: N/A
  User: S-1-5-21-3654634270-3195840133-2774193163-1001
  User Name: DESKTOP-OGCJR0S\joshu
  Computer: DESKTOP-OGCJR0S
  Description: 
The access history in hive \??\C:\Users\joshu\AppData\Local\Packages\microsoft.windowssoundrecorder_8wekyb3d8bbwe\Settings\settings.dat was cleared updating 2 keys and creating 1 modified pages.

Event[2506]:
  Log Name: System
  Source: Microsoft-Windows-Kernel-General
  Date: 2017-07-31T20:13:31.908
  Event ID: 16
  Task: N/A
  Level: Information
  Opcode: Info
  Keyword: N/A
  User: S-1-5-21-3654634270-3195840133-2774193163-1001
  User Name: DESKTOP-OGCJR0S\joshu
  Computer: DESKTOP-OGCJR0S
  Description: 
The access history in hive \??\C:\Users\joshu\AppData\Local\Packages\microsoft.xboxapp_8wekyb3d8bbwe\Settings\settings.dat was cleared updating 2 keys and creating 1 modified pages.

Event[2507]:
  Log Name: System
  Source: Microsoft-Windows-Kernel-General
  Date: 2017-07-31T20:13:31.937
  Event ID: 16
  Task: N/A
  Level: Information
  Opcode: Info
  Keyword: N/A
  User: S-1-5-21-3654634270-3195840133-2774193163-1001
  User Name: DESKTOP-OGCJR0S\joshu
  Computer: DESKTOP-OGCJR0S
  Description: 
The access history in hive \??\C:\Users\joshu\AppData\Local\Packages\microsoft.xboxgamecallableui_cw5n1h2txyewy\Settings\settings.dat was cleared updating 2 keys and creating 1 modified pages.

Event[2508]:
  Log Name: System
  Source: Microsoft-Windows-Kernel-General
  Date: 2017-07-31T20:13:31.973
  Event ID: 16
  Task: N/A
  Level: Information
  Opcode: Info
  Keyword: N/A
  User: S-1-5-21-3654634270-3195840133-2774193163-1001
  User Name: DESKTOP-OGCJR0S\joshu
  Computer: DESKTOP-OGCJR0S
  Description: 
The access history in hive \??\C:\Users\joshu\AppData\Local\Packages\microsoft.xboxgameoverlay_8wekyb3d8bbwe\Settings\settings.dat was cleared updating 2 keys and creating 1 modified pages.

Event[2509]:
  Log Name: System
  Source: Microsoft-Windows-Kernel-General
  Date: 2017-07-31T20:13:32.000
  Event ID: 16
  Task: N/A
  Level: Information
  Opcode: Info
  Keyword: N/A
  User: S-1-5-21-3654634270-3195840133-2774193163-1001
  User Name: DESKTOP-OGCJR0S\joshu
  Computer: DESKTOP-OGCJR0S
  Description: 
The access history in hive \??\C:\Users\joshu\AppData\Local\Packages\microsoft.xboxidentityprovider_8wekyb3d8bbwe\Settings\settings.dat was cleared updating 2 keys and creating 1 modified pages.

Event[2510]:
  Log Name: System
  Source: Microsoft-Windows-Kernel-General
  Date: 2017-07-31T20:13:32.026
  Event ID: 16
  Task: N/A
  Level: Information
  Opcode: Info
  Keyword: N/A
  User: S-1-5-21-3654634270-3195840133-2774193163-1001
  User Name: DESKTOP-OGCJR0S\joshu
  Computer: DESKTOP-OGCJR0S
  Description: 
The access history in hive \??\C:\Users\joshu\AppData\Local\Packages\microsoft.xboxspeechtotextoverlay_8wekyb3d8bbwe\Settings\settings.dat was cleared updating 2 keys and creating 1 modified pages.

Event[2511]:
  Log Name: System
  Source: Microsoft-Windows-Kernel-General
  Date: 2017-07-31T20:13:32.056
  Event ID: 16
  Task: N/A
  Level: Information
  Opcode: Info
  Keyword: N/A
  User: S-1-5-21-3654634270-3195840133-2774193163-1001
  User Name: DESKTOP-OGCJR0S\joshu
  Computer: DESKTOP-OGCJR0S
  Description: 
The access history in hive \??\C:\Users\joshu\AppData\Local\Packages\microsoft.zunemusic_8wekyb3d8bbwe\Settings\settings.dat was cleared updating 6 keys and creating 1 modified pages.

Event[2512]:
  Log Name: System
  Source: Microsoft-Windows-Kernel-General
  Date: 2017-07-31T20:13:32.086
  Event ID: 16
  Task: N/A
  Level: Information
  Opcode: Info
  Keyword: N/A
  User: S-1-5-21-3654634270-3195840133-2774193163-1001
  User Name: DESKTOP-OGCJR0S\joshu
  Computer: DESKTOP-OGCJR0S
  Description: 
The access history in hive \??\C:\Users\joshu\AppData\Local\Packages\microsoft.zunevideo_8wekyb3d8bbwe\Settings\settings.dat was cleared updating 2 keys and creating 1 modified pages.

Event[2513]:
  Log Name: System
  Source: Microsoft-Windows-Kernel-General
  Date: 2017-07-31T20:13:32.117
  Event ID: 16
  Task: N/A
  Level: Information
  Opcode: Info
  Keyword: N/A
  User: S-1-5-21-3654634270-3195840133-2774193163-1001
  User Name: DESKTOP-OGCJR0S\joshu
  Computer: DESKTOP-OGCJR0S
  Description: 
The access history in hive \??\C:\Users\joshu\AppData\Local\Packages\windows.contactsupport_cw5n1h2txyewy\Settings\settings.dat was cleared updating 2 keys and creating 1 modified pages.

Event[2514]:
  Log Name: System
  Source: Microsoft-Windows-Kernel-General
  Date: 2017-07-31T20:13:32.147
  Event ID: 16
  Task: N/A
  Level: Information
  Opcode: Info
  Keyword: N/A
  User: S-1-5-21-3654634270-3195840133-2774193163-1001
  User Name: DESKTOP-OGCJR0S\joshu
  Computer: DESKTOP-OGCJR0S
  Description: 
The access history in hive \??\C:\Users\joshu\AppData\Local\Packages\windows.immersivecontrolpanel_cw5n1h2txyewy\Settings\settings.dat was cleared updating 2 keys and creating 1 modified pages.

Event[2515]:
  Log Name: System
  Source: Microsoft-Windows-Kernel-General
  Date: 2017-07-31T20:13:32.177
  Event ID: 16
  Task: N/A
  Level: Information
  Opcode: Info
  Keyword: N/A
  User: S-1-5-21-3654634270-3195840133-2774193163-1001
  User Name: DESKTOP-OGCJR0S\joshu
  Computer: DESKTOP-OGCJR0S
  Description: 
The access history in hive \??\C:\Users\joshu\AppData\Local\Packages\windows.miracastview_cw5n1h2txyewy\Settings\settings.dat was cleared updating 2 keys and creating 1 modified pages.

Event[2516]:
  Log Name: System
  Source: Microsoft-Windows-Kernel-General
  Date: 2017-07-31T20:13:32.226
  Event ID: 16
  Task: N/A
  Level: Information
  Opcode: Info
  Keyword: N/A
  User: S-1-5-21-3654634270-3195840133-2774193163-1001
  User Name: DESKTOP-OGCJR0S\joshu
  Computer: DESKTOP-OGCJR0S
  Description: 
The access history in hive \??\C:\Users\joshu\AppData\Local\Packages\windows.printdialog_cw5n1h2txyewy\Settings\settings.dat was cleared updating 2 keys and creating 1 modified pages.

Event[2517]:
  Log Name: System
  Source: Microsoft-Windows-Time-Service
  Date: 2017-07-31T20:13:37.870
  Event ID: 35
  Task: N/A
  Level: Information
  Opcode: Info
  Keyword: N/A
  User: S-1-5-19
  User Name: NT AUTHORITY\LOCAL SERVICE
  Computer: DESKTOP-OGCJR0S
  Description: 
The time service is now synchronizing the system time with the time source time.windows.com,0x9 (ntp.m|0x9|0.0.0.0:123->13.65.245.138:123).

Event[2518]:
  Log Name: System
  Source: Microsoft-Windows-Kernel-General
  Date: 2017-07-31T20:13:37.870
  Event ID: 1
  Task: N/A
  Level: Information
  Opcode: Info
  Keyword: Time
  User: S-1-5-19
  User Name: NT AUTHORITY\LOCAL SERVICE
  Computer: DESKTOP-OGCJR0S
  Description: 
The system time has changed to ?2017?-?08?-?01T01:13:37.870000000Z from ?2017?-?08?-?01T01:13:37.870987500Z.

Change Reason: An application or system component changed the time.

Event[2519]:
  Log Name: System
  Source: Microsoft-Windows-Ntfs
  Date: 2017-07-31T20:14:39.319
  Event ID: 98
  Task: N/A
  Level: Information
  Opcode: Info
  Keyword: N/A
  User: S-1-5-18
  User Name: NT AUTHORITY\SYSTEM
  Computer: DESKTOP-OGCJR0S
  Description: 
Volume ?? (\Device\HarddiskVolumeShadowCopy3) is healthy.  No action is needed.

Event[2520]:
  Log Name: System
  Source: Microsoft-Windows-Kernel-General
  Date: 2017-07-31T20:14:40.023
  Event ID: 11
  Task: N/A
  Level: Information
  Opcode: Info
  Keyword: N/A
  User: S-1-5-18
  User Name: NT AUTHORITY\SYSTEM
  Computer: DESKTOP-OGCJR0S
  Description: 
TxR init phase for hive \??\GLOBALROOT\Device\HarddiskVolumeShadowCopy3\WINDOWS\System32\config\SYSTEM (TM: {F721ECAD-73C0-11E7-B440-D43D7EF6AF9E}, RM: {F721ECAC-73C0-11E7-B440-D43D7EF6AF9E}) finished with result=0xC00000A2 (Internal code=7).

Event[2521]:
  Log Name: System
  Source: Microsoft-Windows-Kernel-General
  Date: 2017-07-31T20:14:40.109
  Event ID: 11
  Task: N/A
  Level: Information
  Opcode: Info
  Keyword: N/A
  User: S-1-5-18
  User Name: NT AUTHORITY\SYSTEM
  Computer: DESKTOP-OGCJR0S
  Description: 
TxR init phase for hive \??\GLOBALROOT\Device\HarddiskVolumeShadowCopy3\WINDOWS\System32\config\DRIVERS (TM: {F721ECAF-73C0-11E7-B440-D43D7EF6AF9E}, RM: {F721ECAE-73C0-11E7-B440-D43D7EF6AF9E}) finished with result=0xC00000A2 (Internal code=7).

Event[2522]:
  Log Name: System
  Source: Microsoft-Windows-Kernel-General
  Date: 2017-07-31T20:14:46.056
  Event ID: 16
  Task: N/A
  Level: Information
  Opcode: Info
  Keyword: N/A
  User: S-1-5-18
  User Name: NT AUTHORITY\SYSTEM
  Computer: DESKTOP-OGCJR0S
  Description: 
The access history in hive \??\Volume{ee9c746c-0000-0000-0000-100000000000}\System Volume Information\SPP\SppCbsHiveStore\{cd42efe1-f6f1-427c-b004-033192c625a4}{7B5AE262-38A7-41DF-932D-048276D17175} was cleared updating 1 keys and creating 1 modified pages.

Event[2523]:
  Log Name: System
  Source: Service Control Manager
  Date: 2017-07-31T20:30:35.155
  Event ID: 7040
  Task: N/A
  Level: Information
  Opcode: N/A
  Keyword: Classic
  User: S-1-5-18
  User Name: NT AUTHORITY\SYSTEM
  Computer: DESKTOP-OGCJR0S
  Description: 
The start type of the Background Intelligent Transfer Service service was changed from demand start to auto start.

Event[2524]:
  Log Name: System
  Source: User32
  Date: 2017-07-31T20:30:36.726
  Event ID: 1074
  Task: N/A
  Level: Information
  Opcode: N/A
  Keyword: Classic
  User: S-1-5-21-3654634270-3195840133-2774193163-1001
  User Name: DESKTOP-OGCJR0S\joshu
  Computer: DESKTOP-OGCJR0S
  Description: 
The process C:\Windows\System32\RuntimeBroker.exe (DESKTOP-OGCJR0S) has initiated the power off of computer DESKTOP-OGCJR0S on behalf of user DESKTOP-OGCJR0S\joshu for the following reason: Other (Unplanned)
 Reason Code: 0x0
 Shutdown Type: power off
 Comment: 

Event[2525]:
  Log Name: System
  Source: Microsoft-Windows-Winlogon
  Date: 2017-07-31T20:30:38.594
  Event ID: 7002
  Task: N/A
  Level: Information
  Opcode: Info
  Keyword: N/A
  User: S-1-5-18
  User Name: NT AUTHORITY\SYSTEM
  Computer: DESKTOP-OGCJR0S
  Description: 
User Logoff Notification for Customer Experience Improvement Program

Event[2526]:
  Log Name: System
  Source: Microsoft-Windows-Kernel-Power
  Date: 2017-07-31T20:30:40.343
  Event ID: 42
  Task: N/A
  Level: Information
  Opcode: Info
  Keyword: N/A
  User: N/A
  User Name: N/A
  Computer: DESKTOP-OGCJR0S
  Description: 
The system is entering sleep.

Sleep Reason: Application API

Event[2527]:
  Log Name: System
  Source: Microsoft-Windows-Kernel-Power
  Date: 2017-07-31T20:30:41.820
  Event ID: 107
  Task: N/A
  Level: Information
  Opcode: Info
  Keyword: N/A
  User: N/A
  User Name: N/A
  Computer: DESKTOP-OGCJR0S
  Description: 
The system has resumed from sleep.

Event[2528]:
  Log Name: System
  Source: Microsoft-Windows-Kernel-General
  Date: 2017-08-01T11:22:56.499
  Event ID: 1
  Task: N/A
  Level: Information
  Opcode: Info
  Keyword: Time
  User: N/A
  User Name: N/A
  Computer: DESKTOP-OGCJR0S
  Description: 
The system time has changed to ?2017?-?08?-?01T16:22:56.500000000Z from ?2017?-?08?-?01T01:30:41.820646800Z.

Change Reason: System time synchronized with the hardware clock.

Event[2529]:
  Log Name: System
  Source: Microsoft-Windows-Kernel-Boot
  Date: 2017-08-01T11:22:57.169
  Event ID: 30
  Task: N/A
  Level: Information
  Opcode: Info
  Keyword: N/A
  User: N/A
  User Name: N/A
  Computer: DESKTOP-OGCJR0S
  Description: 
The firmware reported boot metrics.

Event[2530]:
  Log Name: System
  Source: Microsoft-Windows-Kernel-Boot
  Date: 2017-08-01T11:22:57.169
  Event ID: 25
  Task: N/A
  Level: Information
  Opcode: Info
  Keyword: N/A
  User: N/A
  User Name: N/A
  Computer: DESKTOP-OGCJR0S
  Description: 
The boot menu policy was 0x1.

Event[2531]:
  Log Name: System
  Source: Microsoft-Windows-Kernel-Boot
  Date: 2017-08-01T11:22:57.169
  Event ID: 27
  Task: N/A
  Level: Information
  Opcode: Info
  Keyword: N/A
  User: N/A
  User Name: N/A
  Computer: DESKTOP-OGCJR0S
  Description: 
The boot type was 0x1.

Event[2532]:
  Log Name: System
  Source: Microsoft-Windows-Kernel-Boot
  Date: 2017-08-01T11:22:57.169
  Event ID: 18
  Task: N/A
  Level: Information
  Opcode: Info
  Keyword: N/A
  User: N/A
  User Name: N/A
  Computer: DESKTOP-OGCJR0S
  Description: 
There are 0x1 boot options on this system.

Event[2533]:
  Log Name: System
  Source: Microsoft-Windows-Kernel-Boot
  Date: 2017-08-01T11:22:57.169
  Event ID: 32
  Task: N/A
  Level: Information
  Opcode: Info
  Keyword: N/A
  User: N/A
  User Name: N/A
  Computer: DESKTOP-OGCJR0S
  Description: 
The bootmgr spent 0 ms waiting for user input.

Event[2534]:
  Log Name: System
  Source: Microsoft-Windows-Power-Troubleshooter
  Date: 2017-08-01T11:22:59.167
  Event ID: 1
  Task: N/A
  Level: Information
  Opcode: Info
  Keyword: N/A
  User: S-1-5-19
  User Name: NT AUTHORITY\LOCAL SERVICE
  Computer: DESKTOP-OGCJR0S
  Description: 
The system has returned from a low power state.

Sleep Time: ?2017?-?08?-?01T01:30:40.180288100Z
Wake Time: ?2017?-?08?-?01T16:22:57.807824700Z

Wake Source: Unknown

Event[2535]:
  Log Name: System
  Source: Microsoft-Windows-DNS-Client
  Date: 2017-08-01T11:23:02.690
  Event ID: 1014
  Task: N/A
  Level: Warning
  Opcode: Info
  Keyword: N/A
  User: S-1-5-20
  User Name: NT AUTHORITY\NETWORK SERVICE
  Computer: DESKTOP-OGCJR0S
  Description: 
Name resolution for the name wpad timed out after none of the configured DNS servers responded.

Event[2536]:
  Log Name: System
  Source: Microsoft-Windows-Winlogon
  Date: 2017-08-01T11:24:26.849
  Event ID: 7001
  Task: N/A
  Level: Information
  Opcode: Info
  Keyword: N/A
  User: S-1-5-18
  User Name: NT AUTHORITY\SYSTEM
  Computer: DESKTOP-OGCJR0S
  Description: 
User Logon Notification for Customer Experience Improvement Program

Event[2537]:
  Log Name: System
  Source: Microsoft-Windows-Kernel-General
  Date: 2017-08-01T11:24:26.884
  Event ID: 16
  Task: N/A
  Level: Information
  Opcode: Info
  Keyword: N/A
  User: S-1-5-18
  User Name: NT AUTHORITY\SYSTEM
  Computer: DESKTOP-OGCJR0S
  Description: 
The access history in hive \??\C:\Users\joshu\ntuser.dat was cleared updating 2849 keys and creating 419 modified pages.

Event[2538]:
  Log Name: System
  Source: Microsoft-Windows-Kernel-General
  Date: 2017-08-01T11:24:26.924
  Event ID: 16
  Task: N/A
  Level: Information
  Opcode: Info
  Keyword: N/A
  User: S-1-5-18
  User Name: NT AUTHORITY\SYSTEM
  Computer: DESKTOP-OGCJR0S
  Description: 
The access history in hive \??\C:\Users\joshu\AppData\Local\Microsoft\Windows\UsrClass.dat was cleared updating 3020 keys and creating 527 modified pages.

Event[2539]:
  Log Name: System
  Source: Microsoft-Windows-Kernel-General
  Date: 2017-08-01T11:24:28.341
  Event ID: 16
  Task: N/A
  Level: Information
  Opcode: Info
  Keyword: N/A
  User: S-1-5-21-3654634270-3195840133-2774193163-1001
  User Name: DESKTOP-OGCJR0S\joshu
  Computer: DESKTOP-OGCJR0S
  Description: 
The access history in hive \??\C:\Users\joshu\AppData\Local\Packages\Microsoft.Windows.Cortana_cw5n1h2txyewy\Settings\settings.dat was cleared updating 107 keys and creating 21 modified pages.

Event[2540]:
  Log Name: System
  Source: Microsoft-Windows-Kernel-General
  Date: 2017-08-01T11:24:28.401
  Event ID: 16
  Task: N/A
  Level: Information
  Opcode: Info
  Keyword: N/A
  User: S-1-5-21-3654634270-3195840133-2774193163-1001
  User Name: DESKTOP-OGCJR0S\joshu
  Computer: DESKTOP-OGCJR0S
  Description: 
The access history in hive \??\C:\Users\joshu\AppData\Local\Packages\Microsoft.Windows.ShellExperienceHost_cw5n1h2txyewy\Settings\settings.dat was cleared updating 4 keys and creating 2 modified pages.

Event[2541]:
  Log Name: System
  Source: Microsoft-Windows-Kernel-General
  Date: 2017-08-01T11:24:36.435
  Event ID: 16
  Task: N/A
  Level: Information
  Opcode: Info
  Keyword: N/A
  User: S-1-5-21-3654634270-3195840133-2774193163-1001
  User Name: DESKTOP-OGCJR0S\joshu
  Computer: DESKTOP-OGCJR0S
  Description: 
The access history in hive \??\C:\Users\joshu\AppData\Local\Packages\Microsoft.SkypeApp_kzf8qxf38zg5c\Settings\settings.dat was cleared updating 11 keys and creating 2 modified pages.

Event[2542]:
  Log Name: System
  Source: Service Control Manager
  Date: 2017-08-01T11:24:53.122
  Event ID: 7040
  Task: N/A
  Level: Information
  Opcode: N/A
  Keyword: Classic
  User: S-1-5-18
  User Name: NT AUTHORITY\SYSTEM
  Computer: DESKTOP-OGCJR0S
  Description: 
The start type of the Background Intelligent Transfer Service service was changed from auto start to demand start.

Event[2543]:
  Log Name: System
  Source: Service Control Manager
  Date: 2017-08-01T11:25:56.934
  Event ID: 7040
  Task: N/A
  Level: Information
  Opcode: N/A
  Keyword: Classic
  User: S-1-5-18
  User Name: NT AUTHORITY\SYSTEM
  Computer: DESKTOP-OGCJR0S
  Description: 
The start type of the Background Intelligent Transfer Service service was changed from demand start to auto start.

Event[2544]:
  Log Name: System
  Source: Service Control Manager
  Date: 2017-08-01T11:27:59.101
  Event ID: 7040
  Task: N/A
  Level: Information
  Opcode: N/A
  Keyword: Classic
  User: S-1-5-18
  User Name: NT AUTHORITY\SYSTEM
  Computer: DESKTOP-OGCJR0S
  Description: 
The start type of the Background Intelligent Transfer Service service was changed from auto start to demand start.

Event[2545]:
  Log Name: System
  Source: EventLog
  Date: 2017-08-01T12:00:00.540
  Event ID: 6013
  Task: N/A
  Level: Information
  Opcode: N/A
  Keyword: Classic
  User: N/A
  User Name: N/A
  Computer: DESKTOP-OGCJR0S
  Description: 
The system uptime is 340970 seconds.

Event[2546]:
  Log Name: System
  Source: Microsoft-Windows-Kernel-General
  Date: 2017-08-01T12:05:41.717
  Event ID: 12
  Task: N/A
  Level: Information
  Opcode: Info
  Keyword: N/A
  User: S-1-5-18
  User Name: NT AUTHORITY\SYSTEM
  Computer: DESKTOP-OGCJR0S
  Description: 
The operating system started at system time ?2017?-?08?-?01T17:05:41.488752000Z.

Event[2547]:
  Log Name: System
  Source: Microsoft-Windows-Kernel-Boot
  Date: 2017-08-01T12:05:41.717
  Event ID: 153
  Task: N/A
  Level: Information
  Opcode: Info
  Keyword: N/A
  User: S-1-5-18
  User Name: NT AUTHORITY\SYSTEM
  Computer: DESKTOP-OGCJR0S
  Description: 
Virtualization-based security (policies: 0) is disabled.

Event[2548]:
  Log Name: System
  Source: Microsoft-Windows-Kernel-Boot
  Date: 2017-08-01T12:05:41.717
  Event ID: 20
  Task: N/A
  Level: Information
  Opcode: Info
  Keyword: N/A
  User: S-1-5-18
  User Name: NT AUTHORITY\SYSTEM
  Computer: DESKTOP-OGCJR0S
  Description: 
The last shutdown's success status was false. The last boot's success status was true.

Event[2549]:
  Log Name: System
  Source: Microsoft-Windows-Kernel-Boot
  Date: 2017-08-01T12:05:41.717
  Event ID: 27
  Task: N/A
  Level: Information
  Opcode: Info
  Keyword: N/A
  User: S-1-5-18
  User Name: NT AUTHORITY\SYSTEM
  Computer: DESKTOP-OGCJR0S
  Description: 
The boot type was 0x0.

Event[2550]:
  Log Name: System
  Source: Microsoft-Windows-Kernel-Boot
  Date: 2017-08-01T12:05:41.717
  Event ID: 25
  Task: N/A
  Level: Information
  Opcode: Info
  Keyword: N/A
  User: S-1-5-18
  User Name: NT AUTHORITY\SYSTEM
  Computer: DESKTOP-OGCJR0S
  Description: 
The boot menu policy was 0x1.

Event[2551]:
  Log Name: System
  Source: Microsoft-Windows-Kernel-Boot
  Date: 2017-08-01T12:05:41.717
  Event ID: 18
  Task: N/A
  Level: Information
  Opcode: Info
  Keyword: N/A
  User: S-1-5-18
  User Name: NT AUTHORITY\SYSTEM
  Computer: DESKTOP-OGCJR0S
  Description: 
There are 0x1 boot options on this system.

Event[2552]:
  Log Name: System
  Source: Microsoft-Windows-Kernel-Boot
  Date: 2017-08-01T12:05:41.717
  Event ID: 32
  Task: N/A
  Level: Information
  Opcode: Info
  Keyword: N/A
  User: S-1-5-18
  User Name: NT AUTHORITY\SYSTEM
  Computer: DESKTOP-OGCJR0S
  Description: 
The bootmgr spent 0 ms waiting for user input.

Event[2553]:
  Log Name: System
  Source: Microsoft-Windows-Kernel-Boot
  Date: 2017-08-01T12:05:41.717
  Event ID: 30
  Task: N/A
  Level: Information
  Opcode: Info
  Keyword: N/A
  User: S-1-5-18
  User Name: NT AUTHORITY\SYSTEM
  Computer: DESKTOP-OGCJR0S
  Description: 
The firmware reported boot metrics.

Event[2554]:
  Log Name: System
  Source: EventLog
  Date: 2017-08-01T12:05:55.395
  Event ID: 6008
  Task: N/A
  Level: Error
  Opcode: N/A
  Keyword: Classic
  User: N/A
  User Name: N/A
  Computer: DESKTOP-OGCJR0S
  Description: 
The previous system shutdown at 11:38:51 AM on ?8/?1/?2017 was unexpected.

Event[2555]:
  Log Name: System
  Source: EventLog
  Date: 2017-08-01T12:05:55.395
  Event ID: 6009
  Task: N/A
  Level: Information
  Opcode: N/A
  Keyword: Classic
  User: N/A
  User Name: N/A
  Computer: DESKTOP-OGCJR0S
  Description: 
Microsoft (R) Windows (R) 10.00. 15063  Multiprocessor Free.

Event[2556]:
  Log Name: System
  Source: EventLog
  Date: 2017-08-01T12:05:55.395
  Event ID: 6005
  Task: N/A
  Level: Information
  Opcode: N/A
  Keyword: Classic
  User: N/A
  User Name: N/A
  Computer: DESKTOP-OGCJR0S
  Description: 
The Event log service was started.

Event[2557]:
  Log Name: System
  Source: EventLog
  Date: 2017-08-01T12:05:55.395
  Event ID: 6013
  Task: N/A
  Level: Information
  Opcode: N/A
  Keyword: Classic
  User: N/A
  User Name: N/A
  Computer: DESKTOP-OGCJR0S
  Description: 
The system uptime is 13 seconds.

Event[2558]:
  Log Name: System
  Source: Microsoft-Windows-FilterManager
  Date: 2017-08-01T12:05:42.060
  Event ID: 6
  Task: N/A
  Level: Information
  Opcode: Info
  Keyword: N/A
  User: S-1-5-18
  User Name: NT AUTHORITY\SYSTEM
  Computer: DESKTOP-OGCJR0S
  Description: 
File System Filter 'FileInfo' (10.0, ?2042?-?06?-?30T09:43:32.000000000Z) has successfully loaded and registered with Filter Manager.

Event[2559]:
  Log Name: System
  Source: Microsoft-Windows-FilterManager
  Date: 2017-08-01T12:05:42.061
  Event ID: 6
  Task: N/A
  Level: Information
  Opcode: Info
  Keyword: N/A
  User: S-1-5-18
  User Name: NT AUTHORITY\SYSTEM
  Computer: DESKTOP-OGCJR0S
  Description: 
File System Filter 'Wof' (10.0, ?1974?-?03?-?11T17:47:45.000000000Z) has successfully loaded and registered with Filter Manager.

Event[2560]:
  Log Name: System
  Source: Microsoft-Windows-FilterManager
  Date: 2017-08-01T12:05:42.062
  Event ID: 6
  Task: N/A
  Level: Information
  Opcode: Info
  Keyword: N/A
  User: S-1-5-18
  User Name: NT AUTHORITY\SYSTEM
  Computer: DESKTOP-OGCJR0S
  Description: 
File System Filter 'WdFilter' (10.0, ?2102?-?10?-?04T11:25:01.000000000Z) has successfully loaded and registered with Filter Manager.

Event[2561]:
  Log Name: System
  Source: Microsoft-Windows-Ntfs
  Date: 2017-08-01T12:05:42.574
  Event ID: 98
  Task: N/A
  Level: Information
  Opcode: Info
  Keyword: N/A
  User: S-1-5-18
  User Name: NT AUTHORITY\SYSTEM
  Computer: DESKTOP-OGCJR0S
  Description: 
Volume C: (\Device\HarddiskVolume3) is healthy.  No action is needed.

Event[2562]:
  Log Name: System
  Source: Microsoft-Windows-FilterManager
  Date: 2017-08-01T12:05:42.707
  Event ID: 6
  Task: N/A
  Level: Information
  Opcode: Info
  Keyword: N/A
  User: S-1-5-18
  User Name: NT AUTHORITY\SYSTEM
  Computer: DESKTOP-OGCJR0S
  Description: 
File System Filter 'FileCrypt' (10.0, ?2030?-?05?-?28T03:10:59.000000000Z) has successfully loaded and registered with Filter Manager.

Event[2563]:
  Log Name: System
  Source: Microsoft-Windows-FilterManager
  Date: 2017-08-01T12:05:42.783
  Event ID: 6
  Task: N/A
  Level: Information
  Opcode: Info
  Keyword: N/A
  User: S-1-5-18
  User Name: NT AUTHORITY\SYSTEM
  Computer: DESKTOP-OGCJR0S
  Description: 
File System Filter 'npsvctrig' (10.0, ?2097?-?07?-?25T05:18:05.000000000Z) has successfully loaded and registered with Filter Manager.

Event[2564]:
  Log Name: System
  Source: Microsoft-Windows-Kernel-Power
  Date: 2017-08-01T12:05:42.809
  Event ID: 41
  Task: N/A
  Level: Critical
  Opcode: Info
  Keyword: N/A
  User: S-1-5-18
  User Name: NT AUTHORITY\SYSTEM
  Computer: DESKTOP-OGCJR0S
  Description: 
The system has rebooted without cleanly shutting down first. This error could be caused if the system stopped responding, crashed, or lost power unexpectedly.

Event[2565]:
  Log Name: System
  Source: Microsoft-Windows-Kernel-Power
  Date: 2017-08-01T12:05:42.810
  Event ID: 172
  Task: N/A
  Level: Information
  Opcode: Info
  Keyword: N/A
  User: S-1-5-18
  User Name: NT AUTHORITY\SYSTEM
  Computer: DESKTOP-OGCJR0S
  Description: 
Connectivity state in standby: Disconnected, Reason: NIC compliance

Event[2566]:
  Log Name: System
  Source: Microsoft-Windows-Ntfs
  Date: 2017-08-01T12:05:42.973
  Event ID: 98
  Task: N/A
  Level: Information
  Opcode: Info
  Keyword: N/A
  User: S-1-5-18
  User Name: NT AUTHORITY\SYSTEM
  Computer: DESKTOP-OGCJR0S
  Description: 
Volume D: (\Device\HarddiskVolume1) is healthy.  No action is needed.

Event[2567]:
  Log Name: System
  Source: Microsoft-Windows-Ntfs
  Date: 2017-08-01T12:05:43.453
  Event ID: 98
  Task: N/A
  Level: Information
  Opcode: Info
  Keyword: N/A
  User: S-1-5-18
  User Name: NT AUTHORITY\SYSTEM
  Computer: DESKTOP-OGCJR0S
  Description: 
Volume E: (\Device\HarddiskVolume2) is healthy.  No action is needed.

Event[2568]:
  Log Name: System
  Source: Microsoft-Windows-Ntfs
  Date: 2017-08-01T12:05:43.584
  Event ID: 98
  Task: N/A
  Level: Information
  Opcode: Info
  Keyword: N/A
  User: S-1-5-18
  User Name: NT AUTHORITY\SYSTEM
  Computer: DESKTOP-OGCJR0S
  Description: 
Volume \\?\Volume{ee9c746c-0000-0000-0000-801c3a000000} (\Device\HarddiskVolume4) is healthy.  No action is needed.

Event[2569]:
  Log Name: System
  Source: Microsoft-Windows-Kernel-Processor-Power
  Date: 2017-08-01T12:05:43.993
  Event ID: 55
  Task: N/A
  Level: Information
  Opcode: Info
  Keyword: N/A
  User: S-1-5-18
  User Name: NT AUTHORITY\SYSTEM
  Computer: DESKTOP-OGCJR0S
  Description: 
Processor 0 in group 0 exposes the following power management capabilities:

Idle state type: ACPI Idle (C) States (2 state(s))

Performance state type: ACPI Performance (P) / Throttle (T) States
Nominal Frequency (MHz): 3500
Maximum performance percentage: 100
Minimum performance percentage: 40
Minimum throttle percentage: 40

Event[2570]:
  Log Name: System
  Source: Microsoft-Windows-Kernel-Processor-Power
  Date: 2017-08-01T12:05:43.994
  Event ID: 55
  Task: N/A
  Level: Information
  Opcode: Info
  Keyword: N/A
  User: S-1-5-18
  User Name: NT AUTHORITY\SYSTEM
  Computer: DESKTOP-OGCJR0S
  Description: 
Processor 1 in group 0 exposes the following power management capabilities:

Idle state type: ACPI Idle (C) States (2 state(s))

Performance state type: ACPI Performance (P) / Throttle (T) States
Nominal Frequency (MHz): 3500
Maximum performance percentage: 100
Minimum performance percentage: 40
Minimum throttle percentage: 40

Event[2571]:
  Log Name: System
  Source: Microsoft-Windows-Kernel-Processor-Power
  Date: 2017-08-01T12:05:43.994
  Event ID: 55
  Task: N/A
  Level: Information
  Opcode: Info
  Keyword: N/A
  User: S-1-5-18
  User Name: NT AUTHORITY\SYSTEM
  Computer: DESKTOP-OGCJR0S
  Description: 
Processor 2 in group 0 exposes the following power management capabilities:

Idle state type: ACPI Idle (C) States (2 state(s))

Performance state type: ACPI Performance (P) / Throttle (T) States
Nominal Frequency (MHz): 3500
Maximum performance percentage: 100
Minimum performance percentage: 40
Minimum throttle percentage: 40

Event[2572]:
  Log Name: System
  Source: Microsoft-Windows-Kernel-Processor-Power
  Date: 2017-08-01T12:05:43.995
  Event ID: 55
  Task: N/A
  Level: Information
  Opcode: Info
  Keyword: N/A
  User: S-1-5-18
  User Name: NT AUTHORITY\SYSTEM
  Computer: DESKTOP-OGCJR0S
  Description: 
Processor 3 in group 0 exposes the following power management capabilities:

Idle state type: ACPI Idle (C) States (2 state(s))

Performance state type: ACPI Performance (P) / Throttle (T) States
Nominal Frequency (MHz): 3500
Maximum performance percentage: 100
Minimum performance percentage: 40
Minimum throttle percentage: 40

Event[2573]:
  Log Name: System
  Source: Microsoft-Windows-Kernel-Processor-Power
  Date: 2017-08-01T12:05:43.995
  Event ID: 55
  Task: N/A
  Level: Information
  Opcode: Info
  Keyword: N/A
  User: S-1-5-18
  User Name: NT AUTHORITY\SYSTEM
  Computer: DESKTOP-OGCJR0S
  Description: 
Processor 4 in group 0 exposes the following power management capabilities:

Idle state type: ACPI Idle (C) States (2 state(s))

Performance state type: ACPI Performance (P) / Throttle (T) States
Nominal Frequency (MHz): 3500
Maximum performance percentage: 100
Minimum performance percentage: 40
Minimum throttle percentage: 40

Event[2574]:
  Log Name: System
  Source: Microsoft-Windows-Kernel-Processor-Power
  Date: 2017-08-01T12:05:43.996
  Event ID: 55
  Task: N/A
  Level: Information
  Opcode: Info
  Keyword: N/A
  User: S-1-5-18
  User Name: NT AUTHORITY\SYSTEM
  Computer: DESKTOP-OGCJR0S
  Description: 
Processor 5 in group 0 exposes the following power management capabilities:

Idle state type: ACPI Idle (C) States (2 state(s))

Performance state type: ACPI Performance (P) / Throttle (T) States
Nominal Frequency (MHz): 3500
Maximum performance percentage: 100
Minimum performance percentage: 40
Minimum throttle percentage: 40

Event[2575]:
  Log Name: System
  Source: Microsoft-Windows-Ntfs
  Date: 2017-08-01T12:05:51.263
  Event ID: 98
  Task: N/A
  Level: Information
  Opcode: Info
  Keyword: N/A
  User: S-1-5-18
  User Name: NT AUTHORITY\SYSTEM
  Computer: DESKTOP-OGCJR0S
  Description: 
Volume \\?\Volume{826cc08c-0000-0000-0000-100000000000} (\Device\HarddiskVolume5) is healthy.  No action is needed.

Event[2576]:
  Log Name: System
  Source: Microsoft-Windows-Wininit
  Date: 2017-08-01T12:05:54.414
  Event ID: 14
  Task: N/A
  Level: Information
  Opcode: Info
  Keyword: N/A
  User: S-1-5-18
  User Name: NT AUTHORITY\SYSTEM
  Computer: DESKTOP-OGCJR0S
  Description: 
Credential Guard (LsaIso.exe) configuration: 0x0, 0

Event[2577]:
  Log Name: System
  Source: Microsoft-Windows-Directory-Services-SAM
  Date: 2017-08-01T12:05:54.566
  Event ID: 16962
  Task: N/A
  Level: Information
  Opcode: Info
  Keyword: N/A
  User: S-1-5-18
  User Name: NT AUTHORITY\SYSTEM
  Computer: DESKTOP-OGCJR0S
  Description: 
Remote calls to the SAM database are being restricted using the default security descriptor: O:SYG:SYD:(A;;RC;;;BA).
For more information please see http://go.microsoft.com/fwlink/?LinkId=787651.

Event[2578]:
  Log Name: System
  Source: Microsoft-Windows-FilterManager
  Date: 2017-08-01T12:05:55.310
  Event ID: 6
  Task: N/A
  Level: Information
  Opcode: Info
  Keyword: N/A
  User: S-1-5-18
  User Name: NT AUTHORITY\SYSTEM
  Computer: DESKTOP-OGCJR0S
  Description: 
File System Filter 'wcifs' (10.0, ?2079?-?07?-?15T13:50:57.000000000Z) has successfully loaded and registered with Filter Manager.

Event[2579]:
  Log Name: System
  Source: Microsoft-Windows-FilterManager
  Date: 2017-08-01T12:05:55.377
  Event ID: 6
  Task: N/A
  Level: Information
  Opcode: Info
  Keyword: N/A
  User: S-1-5-18
  User Name: NT AUTHORITY\SYSTEM
  Computer: DESKTOP-OGCJR0S
  Description: 
File System Filter 'luafv' (10.0, ?2037?-?06?-?08T04:55:59.000000000Z) has successfully loaded and registered with Filter Manager.

Event[2580]:
  Log Name: System
  Source: Service Control Manager
  Date: 2017-08-01T12:05:55.379
  Event ID: 7000
  Task: N/A
  Level: Error
  Opcode: N/A
  Keyword: Classic
  User: N/A
  User Name: N/A
  Computer: DESKTOP-OGCJR0S
  Description: 
The CldFlt service failed to start due to the following error: 
The request is not supported.

Event[2581]:
  Log Name: System
  Source: Microsoft-Windows-FilterManager
  Date: 2017-08-01T12:05:55.387
  Event ID: 6
  Task: N/A
  Level: Information
  Opcode: Info
  Keyword: N/A
  User: S-1-5-18
  User Name: NT AUTHORITY\SYSTEM
  Computer: DESKTOP-OGCJR0S
  Description: 
File System Filter 'storqosflt' (10.0, ?2015?-?12?-?17T22:36:27.000000000Z) has successfully loaded and registered with Filter Manager.

Event[2582]:
  Log Name: System
  Source: Microsoft-Windows-Dhcp-Client
  Date: 2017-08-01T12:05:55.467
  Event ID: 50036
  Task: Service State Event
  Level: Information
  Opcode: ServiceStart
  Keyword: N/A
  User: S-1-5-19
  User Name: NT AUTHORITY\LOCAL SERVICE
  Computer: DESKTOP-OGCJR0S
  Description: 
DHCPv4 client service is started

Event[2583]:
  Log Name: System
  Source: Microsoft-Windows-Dhcp-Client
  Date: 2017-08-01T12:05:55.467
  Event ID: 50103
  Task: Service State Event
  Level: Information
  Opcode: ServiceShutdown
  Keyword: N/A
  User: S-1-5-19
  User Name: NT AUTHORITY\LOCAL SERVICE
  Computer: DESKTOP-OGCJR0S
  Description: 
DHCPv4 client registered for shutdown notification

Event[2584]:
  Log Name: System
  Source: Microsoft-Windows-DHCPv6-Client
  Date: 2017-08-01T12:05:55.484
  Event ID: 51046
  Task: Service State Event
  Level: Information
  Opcode: ServiceStart
  Keyword: N/A
  User: S-1-5-19
  User Name: NT AUTHORITY\LOCAL SERVICE
  Computer: DESKTOP-OGCJR0S
  Description: 
DHCPv6 client service is started

Event[2585]:
  Log Name: System
  Source: Tcpip
  Date: 2017-08-01T12:05:55.848
  Event ID: 4291
  Task: N/A
  Level: Warning
  Opcode: N/A
  Keyword: Classic
  User: N/A
  User Name: N/A
  Computer: DESKTOP-OGCJR0S
  Description: 
The network adapter with hardware address 00-21-2F-36-D8-2D has indicated packet coalescing capability without indicating support for one or more prerequisite receive filter capabilities (IPv6 0x00000000).

Event[2586]:
  Log Name: System
  Source: Tcpip
  Date: 2017-08-01T12:05:55.864
  Event ID: 4291
  Task: N/A
  Level: Warning
  Opcode: N/A
  Keyword: Classic
  User: N/A
  User Name: N/A
  Computer: DESKTOP-OGCJR0S
  Description: 
The network adapter with hardware address 00-21-2F-36-D8-2D has indicated packet coalescing capability without indicating support for one or more prerequisite receive filter capabilities (IPv4 0x00000000).

Event[2587]:
  Log Name: System
  Source: Microsoft-Windows-WLAN-AutoConfig
  Date: 2017-08-01T12:05:56.350
  Event ID: 4000
  Task: N/A
  Level: Information
  Opcode: Start
  Keyword: N/A
  User: S-1-5-18
  User Name: NT AUTHORITY\SYSTEM
  Computer: DESKTOP-OGCJR0S
  Description: 
WLAN AutoConfig service has successfully started.


Event[2588]:
  Log Name: System
  Source: Service Control Manager
  Date: 2017-08-01T12:05:57.348
  Event ID: 7026
  Task: N/A
  Level: Information
  Opcode: N/A
  Keyword: Classic
  User: N/A
  User Name: N/A
  Computer: DESKTOP-OGCJR0S
  Description: 
The following boot-start or system-start driver(s) did not load: 
dam

Event[2589]:
  Log Name: System
  Source: Microsoft-Windows-Winlogon
  Date: 2017-08-01T12:06:01.049
  Event ID: 7001
  Task: N/A
  Level: Information
  Opcode: Info
  Keyword: N/A
  User: S-1-5-18
  User Name: NT AUTHORITY\SYSTEM
  Computer: DESKTOP-OGCJR0S
  Description: 
User Logon Notification for Customer Experience Improvement Program

Event[2590]:
  Log Name: System
  Source: Lfsvc
  Date: 2017-08-01T12:06:04.195
  Event ID: 1
  Task: N/A
  Level: Information
  Opcode: Info
  Keyword: Classic
  User: N/A
  User Name: N/A
  Computer: DESKTOP-OGCJR0S
  Description: 
Geolocation positioning is enabled.

Event[2591]:
  Log Name: System
  Source: Microsoft-Windows-DistributedCOM
  Date: 2017-08-01T12:06:08.398
  Event ID: 10016
  Task: N/A
  Level: Error
  Opcode: Info
  Keyword: Classic
  User: S-1-5-18
  User Name: NT AUTHORITY\SYSTEM
  Computer: DESKTOP-OGCJR0S
  Description: 
The application-specific permission settings do not grant Local Activation permission for the COM Server application with CLSID 
{D63B10C5-BB46-4990-A94F-E40B9D520160}
 and APPID 
{9CA88EE3-ACB7-47C8-AFC4-AB702511C276}
 to the user NT AUTHORITY\SYSTEM SID (S-1-5-18) from address LocalHost (Using LRPC) running in the application container Unavailable SID (Unavailable). This security permission can be modified using the Component Services administrative tool.

Event[2592]:
  Log Name: System
  Source: Service Control Manager
  Date: 2017-08-01T12:06:15.380
  Event ID: 7040
  Task: N/A
  Level: Information
  Opcode: N/A
  Keyword: Classic
  User: S-1-5-18
  User Name: NT AUTHORITY\SYSTEM
  Computer: DESKTOP-OGCJR0S
  Description: 
The start type of the Background Intelligent Transfer Service service was changed from demand start to auto start.

Event[2593]:
  Log Name: System
  Source: Service Control Manager
  Date: 2017-08-01T12:08:17.821
  Event ID: 7040
  Task: N/A
  Level: Information
  Opcode: N/A
  Keyword: Classic
  User: S-1-5-18
  User Name: NT AUTHORITY\SYSTEM
  Computer: DESKTOP-OGCJR0S
  Description: 
The start type of the Background Intelligent Transfer Service service was changed from auto start to demand start.

Event[2594]:
  Log Name: System
  Source: Service Control Manager
  Date: 2017-08-01T12:08:42.506
  Event ID: 7040
  Task: N/A
  Level: Information
  Opcode: N/A
  Keyword: Classic
  User: S-1-5-18
  User Name: NT AUTHORITY\SYSTEM
  Computer: DESKTOP-OGCJR0S
  Description: 
The start type of the Background Intelligent Transfer Service service was changed from demand start to auto start.

Event[2595]:
  Log Name: System
  Source: Microsoft-Windows-WindowsUpdateClient
  Date: 2017-08-01T12:09:23.741
  Event ID: 44
  Task: Windows Update Agent
  Level: Information
  Opcode: Download
  Keyword: Download,Started
  User: S-1-5-18
  User Name: NT AUTHORITY\SYSTEM
  Computer: DESKTOP-OGCJR0S
  Description: 
Windows Update started downloading an update.

Event[2596]:
  Log Name: System
  Source: Microsoft-Windows-WindowsUpdateClient
  Date: 2017-08-01T12:09:23.741
  Event ID: 43
  Task: Windows Update Agent
  Level: Information
  Opcode: Installation
  Keyword: Installation,Started
  User: S-1-5-18
  User Name: NT AUTHORITY\SYSTEM
  Computer: DESKTOP-OGCJR0S
  Description: 
Installation Started: Windows has started installing the following update: Definition Update for Windows Defender - KB2267602 (Definition 1.249.505.0)

Event[2597]:
  Log Name: System
  Source: Microsoft-Windows-WindowsUpdateClient
  Date: 2017-08-01T12:09:38.024
  Event ID: 19
  Task: Windows Update Agent
  Level: Information
  Opcode: Installation
  Keyword: Installation,Success
  User: S-1-5-18
  User Name: NT AUTHORITY\SYSTEM
  Computer: DESKTOP-OGCJR0S
  Description: 
Installation Successful: Windows successfully installed the following update: Definition Update for Windows Defender - KB2267602 (Definition 1.249.505.0)

Event[2598]:
  Log Name: System
  Source: Service Control Manager
  Date: 2017-08-01T12:10:56.946
  Event ID: 7040
  Task: N/A
  Level: Information
  Opcode: N/A
  Keyword: Classic
  User: S-1-5-18
  User Name: NT AUTHORITY\SYSTEM
  Computer: DESKTOP-OGCJR0S
  Description: 
The start type of the Background Intelligent Transfer Service service was changed from auto start to demand start.

Event[2599]:
  Log Name: System
  Source: Service Control Manager
  Date: 2017-08-01T12:17:05.183
  Event ID: 7045
  Task: N/A
  Level: Information
  Opcode: N/A
  Keyword: Classic
  User: S-1-5-18
  User Name: NT AUTHORITY\SYSTEM
  Computer: DESKTOP-OGCJR0S
  Description: 
A service was installed in the system.

Service Name:  MpKsl2d1ce4f0
Service File Name:  C:\ProgramData\Microsoft\Windows Defender\Definition Updates\{4FD44D66-3E01-4109-8394-4D255E52E0EB}\MpKsl2d1ce4f0.sys
Service Type:  kernel mode driver
Service Start Type:  system start
Service Account:  

Event[2600]:
  Log Name: System
  Source: Microsoft-Windows-Kernel-General
  Date: 2017-08-01T12:31:54.719
  Event ID: 12
  Task: N/A
  Level: Information
  Opcode: Info
  Keyword: N/A
  User: S-1-5-18
  User Name: NT AUTHORITY\SYSTEM
  Computer: DESKTOP-OGCJR0S
  Description: 
The operating system started at system time ?2017?-?08?-?01T17:31:54.486682700Z.

Event[2601]:
  Log Name: System
  Source: Microsoft-Windows-Kernel-Boot
  Date: 2017-08-01T12:31:54.719
  Event ID: 153
  Task: N/A
  Level: Information
  Opcode: Info
  Keyword: N/A
  User: S-1-5-18
  User Name: NT AUTHORITY\SYSTEM
  Computer: DESKTOP-OGCJR0S
  Description: 
Virtualization-based security (policies: 0) is disabled.

Event[2602]:
  Log Name: System
  Source: Microsoft-Windows-Kernel-Boot
  Date: 2017-08-01T12:31:54.719
  Event ID: 20
  Task: N/A
  Level: Information
  Opcode: Info
  Keyword: N/A
  User: S-1-5-18
  User Name: NT AUTHORITY\SYSTEM
  Computer: DESKTOP-OGCJR0S
  Description: 
The last shutdown's success status was false. The last boot's success status was true.

Event[2603]:
  Log Name: System
  Source: Microsoft-Windows-Kernel-Boot
  Date: 2017-08-01T12:31:54.719
  Event ID: 27
  Task: N/A
  Level: Information
  Opcode: Info
  Keyword: N/A
  User: S-1-5-18
  User Name: NT AUTHORITY\SYSTEM
  Computer: DESKTOP-OGCJR0S
  Description: 
The boot type was 0x0.

Event[2604]:
