  Log Name: System
  Source: Microsoft-Windows-DNS-Client
  Date: 2017-07-21T13:10:15.068
  Event ID: 1014
  Task: N/A
  Level: Warning
  Opcode: Info
  Keyword: N/A
  User: S-1-5-20
  User Name: NT AUTHORITY\NETWORK SERVICE
  Computer: DESKTOP-OGCJR0S
  Description: 
Name resolution for the name wpad timed out after none of the configured DNS servers responded.

Event[1924]:
  Log Name: System
  Source: Microsoft-Windows-DistributedCOM
  Date: 2017-07-21T13:10:16.713
  Event ID: 10016
  Task: N/A
  Level: Error
  Opcode: Info
  Keyword: Classic
  User: S-1-5-21-3654634270-3195840133-2774193163-1001
  User Name: DESKTOP-OGCJR0S\joshu
  Computer: DESKTOP-OGCJR0S
  Description: 
The machine-default permission settings do not grant Local Activation permission for the COM Server application with CLSID 
{C2F03A33-21F5-47FA-B4BB-156362A2F239}
 and APPID 
{316CDED5-E4AE-4B15-9113-7055D84DCC97}
 to the user DESKTOP-OGCJR0S\joshu SID (S-1-5-21-3654634270-3195840133-2774193163-1001) from address LocalHost (Using LRPC) running in the application container Microsoft.Windows.Cortana_1.8.12.15063_neutral_neutral_cw5n1h2txyewy SID (S-1-15-2-1861897761-1695161497-2927542615-642690995-327840285-2659745135-2630312742). This security permission can be modified using the Component Services administrative tool.

Event[1925]:
  Log Name: System
  Source: Microsoft-Windows-DistributedCOM
  Date: 2017-07-21T13:10:16.782
  Event ID: 10016
  Task: N/A
  Level: Error
  Opcode: Info
  Keyword: Classic
  User: S-1-5-21-3654634270-3195840133-2774193163-1001
  User Name: DESKTOP-OGCJR0S\joshu
  Computer: DESKTOP-OGCJR0S
  Description: 
The machine-default permission settings do not grant Local Activation permission for the COM Server application with CLSID 
{C2F03A33-21F5-47FA-B4BB-156362A2F239}
 and APPID 
{316CDED5-E4AE-4B15-9113-7055D84DCC97}
 to the user DESKTOP-OGCJR0S\joshu SID (S-1-5-21-3654634270-3195840133-2774193163-1001) from address LocalHost (Using LRPC) running in the application container Microsoft.Windows.Cortana_1.8.12.15063_neutral_neutral_cw5n1h2txyewy SID (S-1-15-2-1861897761-1695161497-2927542615-642690995-327840285-2659745135-2630312742). This security permission can be modified using the Component Services administrative tool.

Event[1926]:
  Log Name: System
  Source: Microsoft-Windows-Kernel-General
  Date: 2017-07-21T13:10:18.060
  Event ID: 16
  Task: N/A
  Level: Information
  Opcode: Info
  Keyword: N/A
  User: S-1-5-21-3654634270-3195840133-2774193163-1001
  User Name: DESKTOP-OGCJR0S\joshu
  Computer: DESKTOP-OGCJR0S
  Description: 
The access history in hive \??\C:\Users\joshu\AppData\Local\Packages\Microsoft.Windows.CloudExperienceHost_cw5n1h2txyewy\Settings\settings.dat was cleared updating 3 keys and creating 1 modified pages.

Event[1927]:
  Log Name: System
  Source: Microsoft-Windows-DistributedCOM
  Date: 2017-07-21T13:10:21.966
  Event ID: 10016
  Task: N/A
  Level: Error
  Opcode: Info
  Keyword: Classic
  User: S-1-5-21-3654634270-3195840133-2774193163-1001
  User Name: DESKTOP-OGCJR0S\joshu
  Computer: DESKTOP-OGCJR0S
  Description: 
The machine-default permission settings do not grant Local Activation permission for the COM Server application with CLSID 
{C2F03A33-21F5-47FA-B4BB-156362A2F239}
 and APPID 
{316CDED5-E4AE-4B15-9113-7055D84DCC97}
 to the user DESKTOP-OGCJR0S\joshu SID (S-1-5-21-3654634270-3195840133-2774193163-1001) from address LocalHost (Using LRPC) running in the application container Microsoft.Windows.Cortana_1.8.12.15063_neutral_neutral_cw5n1h2txyewy SID (S-1-15-2-1861897761-1695161497-2927542615-642690995-327840285-2659745135-2630312742). This security permission can be modified using the Component Services administrative tool.

Event[1928]:
  Log Name: System
  Source: Microsoft-Windows-Kernel-General
  Date: 2017-07-21T13:10:57.125
  Event ID: 16
  Task: N/A
  Level: Information
  Opcode: Info
  Keyword: N/A
  User: S-1-5-18
  User Name: NT AUTHORITY\SYSTEM
  Computer: DESKTOP-OGCJR0S
  Description: 
The access history in hive \SystemRoot\System32\config\DRIVERS was cleared updating 595 keys and creating 71 modified pages.

Event[1929]:
  Log Name: System
  Source: Service Control Manager
  Date: 2017-07-21T13:12:43.804
  Event ID: 7040
  Task: N/A
  Level: Information
  Opcode: N/A
  Keyword: Classic
  User: S-1-5-18
  User Name: NT AUTHORITY\SYSTEM
  Computer: DESKTOP-OGCJR0S
  Description: 
The start type of the Background Intelligent Transfer Service service was changed from auto start to demand start.

Event[1930]:
  Log Name: System
  Source: Service Control Manager
  Date: 2017-07-21T13:13:03.904
  Event ID: 7040
  Task: N/A
  Level: Information
  Opcode: N/A
  Keyword: Classic
  User: S-1-5-18
  User Name: NT AUTHORITY\SYSTEM
  Computer: DESKTOP-OGCJR0S
  Description: 
The start type of the Background Intelligent Transfer Service service was changed from demand start to auto start.

Event[1931]:
  Log Name: System
  Source: Microsoft-Windows-WindowsUpdateClient
  Date: 2017-07-21T13:13:20.914
  Event ID: 44
  Task: Windows Update Agent
  Level: Information
  Opcode: Download
  Keyword: Download,Started
  User: S-1-5-18
  User Name: NT AUTHORITY\SYSTEM
  Computer: DESKTOP-OGCJR0S
  Description: 
Windows Update started downloading an update.

Event[1932]:
  Log Name: System
  Source: Microsoft-Windows-WindowsUpdateClient
  Date: 2017-07-21T13:13:20.914
  Event ID: 44
  Task: Windows Update Agent
  Level: Information
  Opcode: Download
  Keyword: Download,Started
  User: S-1-5-18
  User Name: NT AUTHORITY\SYSTEM
  Computer: DESKTOP-OGCJR0S
  Description: 
Windows Update started downloading an update.

Event[1933]:
  Log Name: System
  Source: Microsoft-Windows-WindowsUpdateClient
  Date: 2017-07-21T13:13:20.914
  Event ID: 44
  Task: Windows Update Agent
  Level: Information
  Opcode: Download
  Keyword: Download,Started
  User: S-1-5-18
  User Name: NT AUTHORITY\SYSTEM
  Computer: DESKTOP-OGCJR0S
  Description: 
Windows Update started downloading an update.

Event[1934]:
  Log Name: System
  Source: Microsoft-Windows-WindowsUpdateClient
  Date: 2017-07-21T13:13:32.078
  Event ID: 44
  Task: Windows Update Agent
  Level: Information
  Opcode: Download
  Keyword: Download,Started
  User: S-1-5-18
  User Name: NT AUTHORITY\SYSTEM
  Computer: DESKTOP-OGCJR0S
  Description: 
Windows Update started downloading an update.

Event[1935]:
  Log Name: System
  Source: Microsoft-Windows-Kernel-General
  Date: 2017-07-21T13:13:32.383
  Event ID: 16
  Task: N/A
  Level: Information
  Opcode: Info
  Keyword: N/A
  User: S-1-5-18
  User Name: NT AUTHORITY\SYSTEM
  Computer: DESKTOP-OGCJR0S
  Description: 
The access history in hive \??\C:\ProgramData\Microsoft\Windows\AppRepository\Packages\Microsoft.Reader_6.4.9926.18751_x64__8wekyb3d8bbwe\ActivationStore.dat was cleared updating 0 keys and creating 0 modified pages.

Event[1936]:
  Log Name: System
  Source: Microsoft-Windows-WindowsUpdateClient
  Date: 2017-07-21T13:13:46.646
  Event ID: 43
  Task: Windows Update Agent
  Level: Information
  Opcode: Installation
  Keyword: Installation,Started
  User: S-1-5-18
  User Name: NT AUTHORITY\SYSTEM
  Computer: DESKTOP-OGCJR0S
  Description: 
Installation Started: Windows has started installing the following update: Definition Update for Windows Defender - KB2267602 (Definition 1.249.28.0)

Event[1937]:
  Log Name: System
  Source: Microsoft-Windows-WindowsUpdateClient
  Date: 2017-07-21T13:13:46.646
  Event ID: 43
  Task: Windows Update Agent
  Level: Information
  Opcode: Installation
  Keyword: Installation,Started
  User: S-1-5-18
  User Name: NT AUTHORITY\SYSTEM
  Computer: DESKTOP-OGCJR0S
  Description: 
Installation Started: Windows has started installing the following update: Reader

Event[1938]:
  Log Name: System
  Source: Service Control Manager
  Date: 2017-07-21T13:14:20.648
  Event ID: 7045
  Task: N/A
  Level: Information
  Opcode: N/A
  Keyword: Classic
  User: S-1-5-18
  User Name: NT AUTHORITY\SYSTEM
  Computer: DESKTOP-OGCJR0S
  Description: 
A service was installed in the system.

Service Name:  MpKsl299a97b6
Service File Name:  C:\ProgramData\Microsoft\Windows Defender\Definition Updates\{8F0BC931-B7A5-4D56-A519-6CD517199CF3}\MpKsl299a97b6.sys
Service Type:  kernel mode driver
Service Start Type:  system start
Service Account:  

Event[1939]:
  Log Name: System
  Source: Microsoft-Windows-WindowsUpdateClient
  Date: 2017-07-21T13:14:55.005
  Event ID: 19
  Task: Windows Update Agent
  Level: Information
  Opcode: Installation
  Keyword: Installation,Success
  User: S-1-5-18
  User Name: NT AUTHORITY\SYSTEM
  Computer: DESKTOP-OGCJR0S
  Description: 
Installation Successful: Windows successfully installed the following update: Reader

Event[1940]:
  Log Name: System
  Source: Microsoft-Windows-WindowsUpdateClient
  Date: 2017-07-21T13:14:55.005
  Event ID: 44
  Task: Windows Update Agent
  Level: Information
  Opcode: Download
  Keyword: Download,Started
  User: S-1-5-18
  User Name: NT AUTHORITY\SYSTEM
  Computer: DESKTOP-OGCJR0S
  Description: 
Windows Update started downloading an update.

Event[1941]:
  Log Name: System
  Source: Microsoft-Windows-WindowsUpdateClient
  Date: 2017-07-21T13:14:55.030
  Event ID: 19
  Task: Windows Update Agent
  Level: Information
  Opcode: Installation
  Keyword: Installation,Success
  User: S-1-5-18
  User Name: NT AUTHORITY\SYSTEM
  Computer: DESKTOP-OGCJR0S
  Description: 
Installation Successful: Windows successfully installed the following update: Definition Update for Windows Defender - KB2267602 (Definition 1.249.28.0)

Event[1942]:
  Log Name: System
  Source: Microsoft-Windows-Kernel-General
  Date: 2017-07-21T13:14:55.708
  Event ID: 16
  Task: N/A
  Level: Information
  Opcode: Info
  Keyword: N/A
  User: S-1-5-18
  User Name: NT AUTHORITY\SYSTEM
  Computer: DESKTOP-OGCJR0S
  Description: 
The access history in hive \??\C:\ProgramData\Microsoft\Windows\AppRepository\Packages\Microsoft.WindowsStore_11706.1001.25.0_x64__8wekyb3d8bbwe\ActivationStore.dat was cleared updating 0 keys and creating 0 modified pages.

Event[1943]:
  Log Name: System
  Source: Microsoft-Windows-Kernel-General
  Date: 2017-07-21T13:14:56.683
  Event ID: 16
  Task: N/A
  Level: Information
  Opcode: Info
  Keyword: N/A
  User: S-1-5-18
  User Name: NT AUTHORITY\SYSTEM
  Computer: DESKTOP-OGCJR0S
  Description: 
The access history in hive \??\C:\ProgramData\Microsoft\Windows\AppRepository\Packages\Microsoft.ZuneVideo_10.17062.12911.0_x64__8wekyb3d8bbwe\ActivationStore.dat was cleared updating 0 keys and creating 0 modified pages.

Event[1944]:
  Log Name: System
  Source: Microsoft-Windows-Kernel-General
  Date: 2017-07-21T13:14:59.605
  Event ID: 16
  Task: N/A
  Level: Information
  Opcode: Info
  Keyword: N/A
  User: S-1-5-21-3654634270-3195840133-2774193163-1001
  User Name: DESKTOP-OGCJR0S\joshu
  Computer: DESKTOP-OGCJR0S
  Description: 
The access history in hive \??\C:\Users\joshu\AppData\Local\Packages\Microsoft.WindowsStore_8wekyb3d8bbwe\Settings\settings.dat was cleared updating 19 keys and creating 2 modified pages.

Event[1945]:
  Log Name: System
  Source: Microsoft-Windows-WindowsUpdateClient
  Date: 2017-07-21T13:15:01.737
  Event ID: 43
  Task: Windows Update Agent
  Level: Information
  Opcode: Installation
  Keyword: Installation,Started
  User: S-1-5-18
  User Name: NT AUTHORITY\SYSTEM
  Computer: DESKTOP-OGCJR0S
  Description: 
Installation Started: Windows has started installing the following update: Store

Event[1946]:
  Log Name: System
  Source: Microsoft-Windows-WindowsUpdateClient
  Date: 2017-07-21T13:15:01.737
  Event ID: 19
  Task: Windows Update Agent
  Level: Information
  Opcode: Installation
  Keyword: Installation,Success
  User: S-1-5-18
  User Name: NT AUTHORITY\SYSTEM
  Computer: DESKTOP-OGCJR0S
  Description: 
Installation Successful: Windows successfully installed the following update: Store

Event[1947]:
  Log Name: System
  Source: Microsoft-Windows-Kernel-General
  Date: 2017-07-21T13:15:02.892
  Event ID: 16
  Task: N/A
  Level: Information
  Opcode: Info
  Keyword: N/A
  User: S-1-5-18
  User Name: NT AUTHORITY\SYSTEM
  Computer: DESKTOP-OGCJR0S
  Description: 
The access history in hive \??\C:\ProgramData\Microsoft\Windows\AppRepository\Packages\Microsoft.WindowsCalculator_10.1706.1862.0_x64__8wekyb3d8bbwe\ActivationStore.dat was cleared updating 0 keys and creating 0 modified pages.

Event[1948]:
  Log Name: System
  Source: Microsoft-Windows-WindowsUpdateClient
  Date: 2017-07-21T13:15:04.020
  Event ID: 43
  Task: Windows Update Agent
  Level: Information
  Opcode: Installation
  Keyword: Installation,Started
  User: S-1-5-18
  User Name: NT AUTHORITY\SYSTEM
  Computer: DESKTOP-OGCJR0S
  Description: 
Installation Started: Windows has started installing the following update: Movies & TV

Event[1949]:
  Log Name: System
  Source: Microsoft-Windows-WindowsUpdateClient
  Date: 2017-07-21T13:15:04.020
  Event ID: 19
  Task: Windows Update Agent
  Level: Information
  Opcode: Installation
  Keyword: Installation,Success
  User: S-1-5-18
  User Name: NT AUTHORITY\SYSTEM
  Computer: DESKTOP-OGCJR0S
  Description: 
Installation Successful: Windows successfully installed the following update: Movies & TV

Event[1950]:
  Log Name: System
  Source: Microsoft-Windows-WindowsUpdateClient
  Date: 2017-07-21T13:15:04.020
  Event ID: 43
  Task: Windows Update Agent
  Level: Information
  Opcode: Installation
  Keyword: Installation,Started
  User: S-1-5-18
  User Name: NT AUTHORITY\SYSTEM
  Computer: DESKTOP-OGCJR0S
  Description: 
Installation Started: Windows has started installing the following update: Windows Calculator

Event[1951]:
  Log Name: System
  Source: Microsoft-Windows-WindowsUpdateClient
  Date: 2017-07-21T13:15:09.863
  Event ID: 19
  Task: Windows Update Agent
  Level: Information
  Opcode: Installation
  Keyword: Installation,Success
  User: S-1-5-18
  User Name: NT AUTHORITY\SYSTEM
  Computer: DESKTOP-OGCJR0S
  Description: 
Installation Successful: Windows successfully installed the following update: Windows Calculator

Event[1952]:
  Log Name: System
  Source: Service Control Manager
  Date: 2017-07-21T13:21:20.269
  Event ID: 7040
  Task: N/A
  Level: Information
  Opcode: N/A
  Keyword: Classic
  User: S-1-5-18
  User Name: NT AUTHORITY\SYSTEM
  Computer: DESKTOP-OGCJR0S
  Description: 
The start type of the Background Intelligent Transfer Service service was changed from auto start to demand start.

Event[1953]:
  Log Name: System
  Source: Microsoft-Windows-Time-Service
  Date: 2017-07-21T20:00:02.952
  Event ID: 158
  Task: N/A
  Level: Information
  Opcode: Info
  Keyword: N/A
  User: S-1-5-19
  User Name: NT AUTHORITY\LOCAL SERVICE
  Computer: DESKTOP-OGCJR0S
  Description: 
The time provider 'VMICTimeProvider' has indicated that the current hardware and operating environment is not supported and has stopped. This behavior is expected for VMICTimeProvider on non-HyperV-guest environments. This may be the expected behavior for the current provider in the current operating environment as well.

Event[1954]:
  Log Name: System
  Source: Microsoft-Windows-Time-Service
  Date: 2017-07-21T20:00:04.538
  Event ID: 37
  Task: N/A
  Level: Information
  Opcode: Info
  Keyword: N/A
  User: S-1-5-19
  User Name: NT AUTHORITY\LOCAL SERVICE
  Computer: DESKTOP-OGCJR0S
  Description: 
The time provider NtpClient is currently receiving valid time data from time.windows.com,0x9 (ntp.m|0x9|0.0.0.0:123->13.65.245.138:123).

Event[1955]:
  Log Name: System
  Source: Microsoft-Windows-Kernel-General
  Date: 2017-07-21T20:00:07.051
  Event ID: 16
  Task: N/A
  Level: Information
  Opcode: Info
  Keyword: N/A
  User: S-1-5-21-3654634270-3195840133-2774193163-1001
  User Name: DESKTOP-OGCJR0S\joshu
  Computer: DESKTOP-OGCJR0S
  Description: 
The access history in hive \??\C:\Users\joshu\AppData\Local\Packages\Microsoft.Windows.Photos_8wekyb3d8bbwe\Settings\settings.dat was cleared updating 22 keys and creating 4 modified pages.

Event[1956]:
  Log Name: System
  Source: Microsoft-Windows-Time-Service
  Date: 2017-07-21T20:00:18.988
  Event ID: 35
  Task: N/A
  Level: Information
  Opcode: Info
  Keyword: N/A
  User: S-1-5-19
  User Name: NT AUTHORITY\LOCAL SERVICE
  Computer: DESKTOP-OGCJR0S
  Description: 
The time service is now synchronizing the system time with the time source time.windows.com,0x9 (ntp.m|0x9|0.0.0.0:123->13.65.245.138:123).

Event[1957]:
  Log Name: System
  Source: Microsoft-Windows-Kernel-General
  Date: 2017-07-21T20:00:18.987
  Event ID: 1
  Task: N/A
  Level: Information
  Opcode: Info
  Keyword: Time
  User: S-1-5-19
  User Name: NT AUTHORITY\LOCAL SERVICE
  Computer: DESKTOP-OGCJR0S
  Description: 
The system time has changed to ?2017?-?07?-?22T01:00:18.988000000Z from ?2017?-?07?-?22T01:00:18.988494000Z.

Change Reason: An application or system component changed the time.

Event[1958]:
  Log Name: System
  Source: Microsoft-Windows-Kernel-General
  Date: 2017-07-21T20:05:12.915
  Event ID: 15
  Task: N/A
  Level: Information
  Opcode: Info
  Keyword: N/A
  User: S-1-5-21-3654634270-3195840133-2774193163-1001
  User Name: DESKTOP-OGCJR0S\joshu
  Computer: DESKTOP-OGCJR0S
  Description: 
Hive \??\C:\Windows\System32\config\components was reorganized with a starting size of 37249024 bytes and an ending size of 37244928 bytes.

Event[1959]:
  Log Name: System
  Source: Microsoft-Windows-Kernel-General
  Date: 2017-07-21T20:30:30.770
  Event ID: 16
  Task: N/A
  Level: Information
  Opcode: Info
  Keyword: N/A
  User: S-1-5-18
  User Name: NT AUTHORITY\SYSTEM
  Computer: DESKTOP-OGCJR0S
  Description: 
The access history in hive \??\c:\users\defaultuser0\ntuser.dat was cleared updating 46 keys and creating 12 modified pages.

Event[1960]:
  Log Name: System
  Source: Microsoft-Windows-Kernel-General
  Date: 2017-07-21T20:30:30.776
  Event ID: 16
  Task: N/A
  Level: Information
  Opcode: Info
  Keyword: N/A
  User: S-1-5-18
  User Name: NT AUTHORITY\SYSTEM
  Computer: DESKTOP-OGCJR0S
  Description: 
The access history in hive \??\c:\users\defaultuser0\AppData\Local\Microsoft\Windows\usrclass.dat was cleared updating 1 keys and creating 1 modified pages.

Event[1961]:
  Log Name: System
  Source: Microsoft-Windows-Ntfs
  Date: 2017-07-21T20:34:50.379
  Event ID: 98
  Task: N/A
  Level: Information
  Opcode: Info
  Keyword: N/A
  User: S-1-5-18
  User Name: NT AUTHORITY\SYSTEM
  Computer: DESKTOP-OGCJR0S
  Description: 
Volume ?? (\Device\HarddiskVolumeShadowCopy5) is healthy.  No action is needed.

Event[1962]:
  Log Name: System
  Source: Microsoft-Windows-Kernel-General
  Date: 2017-07-21T20:34:52.528
  Event ID: 15
  Task: N/A
  Level: Information
  Opcode: Info
  Keyword: N/A
  User: S-1-5-18
  User Name: NT AUTHORITY\SYSTEM
  Computer: DESKTOP-OGCJR0S
  Description: 
Hive \??\GLOBALROOT\Device\HarddiskVolumeShadowCopy5\WINDOWS\System32\config\SYSTEM was reorganized with a starting size of 12521472 bytes and an ending size of 12488704 bytes.

Event[1963]:
  Log Name: System
  Source: Microsoft-Windows-Kernel-General
  Date: 2017-07-21T20:34:52.533
  Event ID: 11
  Task: N/A
  Level: Information
  Opcode: Info
  Keyword: N/A
  User: S-1-5-18
  User Name: NT AUTHORITY\SYSTEM
  Computer: DESKTOP-OGCJR0S
  Description: 
TxR init phase for hive \??\GLOBALROOT\Device\HarddiskVolumeShadowCopy5\WINDOWS\System32\config\SYSTEM (TM: {C0BFF7D5-6BC6-11E7-B43D-D43D7EF6AF9E}, RM: {C0BFF7D4-6BC6-11E7-B43D-D43D7EF6AF9E}) finished with result=0xC00000A2 (Internal code=7).

Event[1964]:
  Log Name: System
  Source: Microsoft-Windows-Kernel-General
  Date: 2017-07-21T20:34:52.622
  Event ID: 11
  Task: N/A
  Level: Information
  Opcode: Info
  Keyword: N/A
  User: S-1-5-18
  User Name: NT AUTHORITY\SYSTEM
  Computer: DESKTOP-OGCJR0S
  Description: 
TxR init phase for hive \??\GLOBALROOT\Device\HarddiskVolumeShadowCopy5\WINDOWS\System32\config\DRIVERS (TM: {C0BFF7D7-6BC6-11E7-B43D-D43D7EF6AF9E}, RM: {C0BFF7D6-6BC6-11E7-B43D-D43D7EF6AF9E}) finished with result=0xC00000A2 (Internal code=7).

Event[1965]:
  Log Name: System
  Source: Microsoft-Windows-Kernel-General
  Date: 2017-07-21T20:34:56.582
  Event ID: 15
  Task: N/A
  Level: Information
  Opcode: Info
  Keyword: N/A
  User: S-1-5-18
  User Name: NT AUTHORITY\SYSTEM
  Computer: DESKTOP-OGCJR0S
  Description: 
Hive \??\Volume{ee9c746c-0000-0000-0000-100000000000}\System Volume Information\SPP\SppCbsHiveStore\{cd42efe1-f6f1-427c-b004-033192c625a4}{0411C7D8-A0A6-47BB-A8BF-EFD90133FBFD} was reorganized with a starting size of 12521472 bytes and an ending size of 12488704 bytes.

Event[1966]:
  Log Name: System
  Source: Microsoft-Windows-Kernel-General
  Date: 2017-07-21T20:34:57.016
  Event ID: 16
  Task: N/A
  Level: Information
  Opcode: Info
  Keyword: N/A
  User: S-1-5-18
  User Name: NT AUTHORITY\SYSTEM
  Computer: DESKTOP-OGCJR0S
  Description: 
The access history in hive \??\Volume{ee9c746c-0000-0000-0000-100000000000}\System Volume Information\SPP\SppCbsHiveStore\{cd42efe1-f6f1-427c-b004-033192c625a4}{2E0C56AB-90D9-4781-ACB2-D2237BB10267} was cleared updating 65 keys and creating 7 modified pages.

Event[1967]:
  Log Name: System
  Source: Microsoft-Windows-Kernel-General
  Date: 2017-07-21T20:34:57.237
  Event ID: 16
  Task: N/A
  Level: Information
  Opcode: Info
  Keyword: N/A
  User: S-1-5-18
  User Name: NT AUTHORITY\SYSTEM
  Computer: DESKTOP-OGCJR0S
  Description: 
The access history in hive \??\Volume{ee9c746c-0000-0000-0000-100000000000}\System Volume Information\SPP\SppCbsHiveStore\{cd42efe1-f6f1-427c-b004-033192c625a4}{396D1939-A39C-4D77-8749-3D9BFA2D0C3D} was cleared updating 79 keys and creating 6 modified pages.

Event[1968]:
  Log Name: System
  Source: Microsoft-Windows-Kernel-General
  Date: 2017-07-21T20:34:58.731
  Event ID: 16
  Task: N/A
  Level: Information
  Opcode: Info
  Keyword: N/A
  User: S-1-5-18
  User Name: NT AUTHORITY\SYSTEM
  Computer: DESKTOP-OGCJR0S
  Description: 
The access history in hive \??\Volume{ee9c746c-0000-0000-0000-100000000000}\System Volume Information\SPP\SppCbsHiveStore\{cd42efe1-f6f1-427c-b004-033192c625a4}{936E24B0-086B-4CD3-9E5F-0480F2DDA540} was cleared updating 247 keys and creating 31 modified pages.

Event[1969]:
  Log Name: System
  Source: Microsoft-Windows-Kernel-General
  Date: 2017-07-21T20:35:01.656
  Event ID: 15
  Task: N/A
  Level: Information
  Opcode: Info
  Keyword: N/A
  User: S-1-5-18
  User Name: NT AUTHORITY\SYSTEM
  Computer: DESKTOP-OGCJR0S
  Description: 
Hive \??\Volume{ee9c746c-0000-0000-0000-100000000000}\System Volume Information\SPP\SppCbsHiveStore\{cd42efe1-f6f1-427c-b004-033192c625a4}{9C93FDEB-6629-4C45-82EF-9D66822F2145} was reorganized with a starting size of 71282688 bytes and an ending size of 69251072 bytes.

Event[1970]:
  Log Name: System
  Source: Microsoft-Windows-Kernel-Power
  Date: 2017-07-21T20:56:50.713
  Event ID: 42
  Task: N/A
  Level: Information
  Opcode: Info
  Keyword: N/A
  User: N/A
  User Name: N/A
  Computer: DESKTOP-OGCJR0S
  Description: 
The system is entering sleep.

Sleep Reason: System Idle

Event[1971]:
  Log Name: System
  Source: Microsoft-Windows-Kernel-Power
  Date: 2017-07-21T20:56:52.315
  Event ID: 107
  Task: N/A
  Level: Information
  Opcode: Info
  Keyword: N/A
  User: N/A
  User Name: N/A
  Computer: DESKTOP-OGCJR0S
  Description: 
The system has resumed from sleep.

Event[1972]:
  Log Name: System
  Source: Microsoft-Windows-Kernel-Power
  Date: 2017-07-21T20:56:52.315
  Event ID: 137
  Task: N/A
  Level: Error
  Opcode: Info
  Keyword: N/A
  User: N/A
  User Name: N/A
  Computer: DESKTOP-OGCJR0S
  Description: 
The system firmware has changed the processor's memory type range registers (MTRRs) across a sleep state transition (S4). This can result in reduced resume performance.

Event[1973]:
  Log Name: System
  Source: Microsoft-Windows-Kernel-General
  Date: 2017-07-22T10:46:14.500
  Event ID: 1
  Task: N/A
  Level: Information
  Opcode: Info
  Keyword: Time
  User: N/A
  User Name: N/A
  Computer: DESKTOP-OGCJR0S
  Description: 
The system time has changed to ?2017?-?07?-?22T15:46:14.500000000Z from ?2017?-?07?-?22T01:56:52.315464200Z.

Change Reason: System time synchronized with the hardware clock.

Event[1974]:
  Log Name: System
  Source: Microsoft-Windows-Kernel-Power
  Date: 2017-07-22T10:46:14.600
  Event ID: 131
  Task: N/A
  Level: Information
  Opcode: Info
  Keyword: N/A
  User: N/A
  User Name: N/A
  Computer: DESKTOP-OGCJR0S
  Description: 
Firmware S3 times. ResumeCount: 0, FullResume: 0, AverageResume: 0

Event[1975]:
  Log Name: System
  Source: Microsoft-Windows-DNS-Client
  Date: 2017-07-22T10:46:16.659
  Event ID: 1014
  Task: N/A
  Level: Warning
  Opcode: Info
  Keyword: N/A
  User: S-1-5-20
  User Name: NT AUTHORITY\NETWORK SERVICE
  Computer: DESKTOP-OGCJR0S
  Description: 
Name resolution for the name wpad timed out after none of the configured DNS servers responded.

Event[1976]:
  Log Name: System
  Source: Microsoft-Windows-Power-Troubleshooter
  Date: 2017-07-22T10:46:22.363
  Event ID: 1
  Task: N/A
  Level: Information
  Opcode: Info
  Keyword: N/A
  User: S-1-5-19
  User Name: NT AUTHORITY\LOCAL SERVICE
  Computer: DESKTOP-OGCJR0S
  Description: 
The system has returned from a low power state.

Sleep Time: ?2017?-?07?-?22T01:56:50.434507300Z
Wake Time: ?2017?-?07?-?22T15:46:22.004317000Z

Wake Source: Power Button

Event[1977]:
  Log Name: System
  Source: Microsoft-Windows-DNS-Client
  Date: 2017-07-22T10:46:28.354
  Event ID: 1014
  Task: N/A
  Level: Warning
  Opcode: Info
  Keyword: N/A
  User: S-1-5-20
  User Name: NT AUTHORITY\NETWORK SERVICE
  Computer: DESKTOP-OGCJR0S
  Description: 
Name resolution for the name wpad timed out after none of the configured DNS servers responded.

Event[1978]:
  Log Name: System
  Source: Service Control Manager
  Date: 2017-07-22T10:49:15.027
  Event ID: 7040
  Task: N/A
  Level: Information
  Opcode: N/A
  Keyword: Classic
  User: S-1-5-18
  User Name: NT AUTHORITY\SYSTEM
  Computer: DESKTOP-OGCJR0S
  Description: 
The start type of the Background Intelligent Transfer Service service was changed from demand start to auto start.

Event[1979]:
  Log Name: System
  Source: Microsoft-Windows-WindowsUpdateClient
  Date: 2017-07-22T10:49:26.140
  Event ID: 44
  Task: Windows Update Agent
  Level: Information
  Opcode: Download
  Keyword: Download,Started
  User: S-1-5-18
  User Name: NT AUTHORITY\SYSTEM
  Computer: DESKTOP-OGCJR0S
  Description: 
Windows Update started downloading an update.

Event[1980]:
  Log Name: System
  Source: Microsoft-Windows-Kernel-General
  Date: 2017-07-22T10:49:39.956
  Event ID: 16
  Task: N/A
  Level: Information
  Opcode: Info
  Keyword: N/A
  User: S-1-5-18
  User Name: NT AUTHORITY\SYSTEM
  Computer: DESKTOP-OGCJR0S
  Description: 
The access history in hive \??\C:\ProgramData\Microsoft\Windows\AppRepository\Packages\Microsoft.MicrosoftOfficeHub_17.8414.5925.0_x64__8wekyb3d8bbwe\ActivationStore.dat was cleared updating 0 keys and creating 0 modified pages.

Event[1981]:
  Log Name: System
  Source: Microsoft-Windows-WindowsUpdateClient
  Date: 2017-07-22T10:49:45.272
  Event ID: 43
  Task: Windows Update Agent
  Level: Information
  Opcode: Installation
  Keyword: Installation,Started
  User: S-1-5-18
  User Name: NT AUTHORITY\SYSTEM
  Computer: DESKTOP-OGCJR0S
  Description: 
Installation Started: Windows has started installing the following update: Get Office

Event[1982]:
  Log Name: System
  Source: Microsoft-Windows-WindowsUpdateClient
  Date: 2017-07-22T10:49:45.272
  Event ID: 19
  Task: Windows Update Agent
  Level: Information
  Opcode: Installation
  Keyword: Installation,Success
  User: S-1-5-18
  User Name: NT AUTHORITY\SYSTEM
  Computer: DESKTOP-OGCJR0S
  Description: 
Installation Successful: Windows successfully installed the following update: Get Office

Event[1983]:
  Log Name: System
  Source: Service Control Manager
  Date: 2017-07-22T10:51:17.170
  Event ID: 7040
  Task: N/A
  Level: Information
  Opcode: N/A
  Keyword: Classic
  User: S-1-5-18
  User Name: NT AUTHORITY\SYSTEM
  Computer: DESKTOP-OGCJR0S
  Description: 
The start type of the Background Intelligent Transfer Service service was changed from auto start to demand start.

Event[1984]:
  Log Name: System
  Source: Microsoft-Windows-Time-Service
  Date: 2017-07-22T10:56:39.757
  Event ID: 158
  Task: N/A
  Level: Information
  Opcode: Info
  Keyword: N/A
  User: S-1-5-19
  User Name: NT AUTHORITY\LOCAL SERVICE
  Computer: DESKTOP-OGCJR0S
  Description: 
The time provider 'VMICTimeProvider' has indicated that the current hardware and operating environment is not supported and has stopped. This behavior is expected for VMICTimeProvider on non-HyperV-guest environments. This may be the expected behavior for the current provider in the current operating environment as well.

Event[1985]:
  Log Name: System
  Source: Microsoft-Windows-Time-Service
  Date: 2017-07-22T10:56:41.345
  Event ID: 37
  Task: N/A
  Level: Information
  Opcode: Info
  Keyword: N/A
  User: S-1-5-19
  User Name: NT AUTHORITY\LOCAL SERVICE
  Computer: DESKTOP-OGCJR0S
  Description: 
The time provider NtpClient is currently receiving valid time data from time.windows.com,0x9 (ntp.m|0x9|0.0.0.0:123->13.65.245.138:123).

Event[1986]:
  Log Name: System
  Source: Microsoft-Windows-Kernel-General
  Date: 2017-07-22T10:56:58.553
  Event ID: 1
  Task: N/A
  Level: Information
  Opcode: Info
  Keyword: Time
  User: S-1-5-19
  User Name: NT AUTHORITY\LOCAL SERVICE
  Computer: DESKTOP-OGCJR0S
  Description: 
The system time has changed to ?2017?-?07?-?22T15:56:58.553999500Z from ?2017?-?07?-?22T15:56:55.794988100Z.

Change Reason: An application or system component changed the time.

Event[1987]:
  Log Name: System
  Source: Microsoft-Windows-Time-Service
  Date: 2017-07-22T10:56:58.557
  Event ID: 35
  Task: N/A
  Level: Information
  Opcode: Info
  Keyword: N/A
  User: S-1-5-19
  User Name: NT AUTHORITY\LOCAL SERVICE
  Computer: DESKTOP-OGCJR0S
  Description: 
The time service is now synchronizing the system time with the time source time.windows.com,0x9 (ntp.m|0x9|0.0.0.0:123->13.65.245.138:123).

Event[1988]:
  Log Name: System
  Source: Microsoft-Windows-Kernel-General
  Date: 2017-07-22T10:56:58.556
  Event ID: 1
  Task: N/A
  Level: Information
  Opcode: Info
  Keyword: Time
  User: S-1-5-19
  User Name: NT AUTHORITY\LOCAL SERVICE
  Computer: DESKTOP-OGCJR0S
  Description: 
The system time has changed to ?2017?-?07?-?22T15:56:58.557000000Z from ?2017?-?07?-?22T15:56:58.557860200Z.

Change Reason: An application or system component changed the time.

Event[1989]:
  Log Name: System
  Source: Microsoft-Windows-Kernel-General
  Date: 2017-07-22T10:56:58.558
  Event ID: 1
  Task: N/A
  Level: Information
  Opcode: Info
  Keyword: Time
  User: S-1-5-19
  User Name: NT AUTHORITY\LOCAL SERVICE
  Computer: DESKTOP-OGCJR0S
  Description: 
The system time has changed to ?2017?-?07?-?22T15:56:58.559000000Z from ?2017?-?07?-?22T15:56:58.559882900Z.

Change Reason: An application or system component changed the time.

Event[1990]:
  Log Name: System
  Source: Microsoft-Windows-Kernel-Power
  Date: 2017-07-22T11:38:51.545
  Event ID: 42
  Task: N/A
  Level: Information
  Opcode: Info
  Keyword: N/A
  User: N/A
  User Name: N/A
  Computer: DESKTOP-OGCJR0S
  Description: 
The system is entering sleep.

Sleep Reason: System Idle

Event[1991]:
  Log Name: System
  Source: Microsoft-Windows-Kernel-Power
  Date: 2017-07-22T11:38:52.811
  Event ID: 107
  Task: N/A
  Level: Information
  Opcode: Info
  Keyword: N/A
  User: N/A
  User Name: N/A
  Computer: DESKTOP-OGCJR0S
  Description: 
The system has resumed from sleep.

Event[1992]:
  Log Name: System
  Source: Microsoft-Windows-Kernel-Power
  Date: 2017-07-22T11:38:52.811
  Event ID: 137
  Task: N/A
  Level: Error
  Opcode: Info
  Keyword: N/A
  User: N/A
  User Name: N/A
  Computer: DESKTOP-OGCJR0S
  Description: 
The system firmware has changed the processor's memory type range registers (MTRRs) across a sleep state transition (S4). This can result in reduced resume performance.

Event[1993]:
  Log Name: System
  Source: Microsoft-Windows-Kernel-General
  Date: 2017-07-22T11:59:35.500
  Event ID: 1
  Task: N/A
  Level: Information
  Opcode: Info
  Keyword: Time
  User: N/A
  User Name: N/A
  Computer: DESKTOP-OGCJR0S
  Description: 
The system time has changed to ?2017?-?07?-?22T16:59:35.500000000Z from ?2017?-?07?-?22T16:38:52.811983800Z.

Change Reason: System time synchronized with the hardware clock.

Event[1994]:
  Log Name: System
  Source: Microsoft-Windows-Kernel-Power
  Date: 2017-07-22T11:59:35.579
  Event ID: 131
  Task: N/A
  Level: Information
  Opcode: Info
  Keyword: N/A
  User: N/A
  User Name: N/A
  Computer: DESKTOP-OGCJR0S
  Description: 
Firmware S3 times. ResumeCount: 0, FullResume: 0, AverageResume: 0

Event[1995]:
  Log Name: System
  Source: Microsoft-Windows-Power-Troubleshooter
  Date: 2017-07-22T11:59:41.926
  Event ID: 1
  Task: N/A
  Level: Information
  Opcode: Info
  Keyword: N/A
  User: S-1-5-19
  User Name: NT AUTHORITY\LOCAL SERVICE
  Computer: DESKTOP-OGCJR0S
  Description: 
The system has returned from a low power state.

Sleep Time: ?2017?-?07?-?22T16:38:45.379549600Z
Wake Time: ?2017?-?07?-?22T16:59:36.854177300Z

Wake Source: Power Button

Event[1996]:
  Log Name: System
  Source: Microsoft-Windows-DNS-Client
  Date: 2017-07-22T11:59:41.950
  Event ID: 1014
  Task: N/A
  Level: Warning
  Opcode: Info
  Keyword: N/A
  User: S-1-5-20
  User Name: NT AUTHORITY\NETWORK SERVICE
  Computer: DESKTOP-OGCJR0S
  Description: 
Name resolution for the name wpad timed out after none of the configured DNS servers responded.

Event[1997]:
  Log Name: System
  Source: Microsoft-Windows-DNS-Client
  Date: 2017-07-22T11:59:45.315
  Event ID: 1014
  Task: N/A
  Level: Warning
  Opcode: Info
  Keyword: N/A
  User: S-1-5-20
  User Name: NT AUTHORITY\NETWORK SERVICE
  Computer: DESKTOP-OGCJR0S
  Description: 
Name resolution for the name wpad timed out after none of the configured DNS servers responded.

Event[1998]:
  Log Name: System
  Source: EventLog
  Date: 2017-07-22T12:00:00.528
  Event ID: 6013
  Task: N/A
  Level: Information
  Opcode: N/A
  Keyword: Classic
  User: N/A
  User Name: N/A
  Computer: DESKTOP-OGCJR0S
  Description: 
The system uptime is 847349 seconds.

Event[1999]:
  Log Name: System
  Source: Service Control Manager
  Date: 2017-07-22T12:00:42.146
  Event ID: 7040
  Task: N/A
  Level: Information
  Opcode: N/A
  Keyword: Classic
  User: S-1-5-18
  User Name: NT AUTHORITY\SYSTEM
  Computer: DESKTOP-OGCJR0S
  Description: 
The start type of the Background Intelligent Transfer Service service was changed from demand start to auto start.

Event[2000]:
  Log Name: System
  Source: Microsoft-Windows-WindowsUpdateClient
  Date: 2017-07-22T12:11:42.545
  Event ID: 44
  Task: Windows Update Agent
  Level: Information
  Opcode: Download
  Keyword: Download,Started
  User: S-1-5-18
  User Name: NT AUTHORITY\SYSTEM
  Computer: DESKTOP-OGCJR0S
  Description: 
Windows Update started downloading an update.

Event[2001]:
  Log Name: System
  Source: Microsoft-Windows-WindowsUpdateClient
  Date: 2017-07-22T12:11:42.545
  Event ID: 43
  Task: Windows Update Agent
  Level: Information
  Opcode: Installation
  Keyword: Installation,Started
  User: S-1-5-18
  User Name: NT AUTHORITY\SYSTEM
  Computer: DESKTOP-OGCJR0S
  Description: 
Installation Started: Windows has started installing the following update: Definition Update for Windows Defender - KB2267602 (Definition 1.249.99.0)

Event[2002]:
  Log Name: System
  Source: Service Control Manager
  Date: 2017-07-22T12:11:54.683
  Event ID: 7045
  Task: N/A
  Level: Information
  Opcode: N/A
  Keyword: Classic
  User: S-1-5-18
  User Name: NT AUTHORITY\SYSTEM
  Computer: DESKTOP-OGCJR0S
  Description: 
A service was installed in the system.

Service Name:  MpKsl2645eef4
Service File Name:  C:\ProgramData\Microsoft\Windows Defender\Definition Updates\{AC2E9068-35C0-4737-9B39-D98FDD567B37}\MpKsl2645eef4.sys
Service Type:  kernel mode driver
Service Start Type:  system start
Service Account:  

Event[2003]:
  Log Name: System
  Source: Microsoft-Windows-WindowsUpdateClient
  Date: 2017-07-22T12:11:54.881
  Event ID: 19
  Task: Windows Update Agent
  Level: Information
  Opcode: Installation
  Keyword: Installation,Success
  User: S-1-5-18
  User Name: NT AUTHORITY\SYSTEM
  Computer: DESKTOP-OGCJR0S
  Description: 
Installation Successful: Windows successfully installed the following update: Definition Update for Windows Defender - KB2267602 (Definition 1.249.99.0)

Event[2004]:
  Log Name: System
  Source: Microsoft-Windows-DistributedCOM
  Date: 2017-07-22T14:29:01.944
  Event ID: 10016
  Task: N/A
  Level: Error
  Opcode: Info
  Keyword: Classic
  User: S-1-5-21-3654634270-3195840133-2774193163-1001
  User Name: DESKTOP-OGCJR0S\joshu
  Computer: DESKTOP-OGCJR0S
  Description: 
The machine-default permission settings do not grant Local Activation permission for the COM Server application with CLSID 
{C2F03A33-21F5-47FA-B4BB-156362A2F239}
 and APPID 
{316CDED5-E4AE-4B15-9113-7055D84DCC97}
 to the user DESKTOP-OGCJR0S\joshu SID (S-1-5-21-3654634270-3195840133-2774193163-1001) from address LocalHost (Using LRPC) running in the application container Microsoft.Windows.Cortana_1.8.12.15063_neutral_neutral_cw5n1h2txyewy SID (S-1-15-2-1861897761-1695161497-2927542615-642690995-327840285-2659745135-2630312742). This security permission can be modified using the Component Services administrative tool.

Event[2005]:
  Log Name: System
  Source: Microsoft-Windows-DistributedCOM
  Date: 2017-07-22T14:29:02.025
  Event ID: 10016
  Task: N/A
  Level: Error
  Opcode: Info
  Keyword: Classic
  User: S-1-5-21-3654634270-3195840133-2774193163-1001
  User Name: DESKTOP-OGCJR0S\joshu
  Computer: DESKTOP-OGCJR0S
  Description: 
The machine-default permission settings do not grant Local Activation permission for the COM Server application with CLSID 
{C2F03A33-21F5-47FA-B4BB-156362A2F239}
 and APPID 
{316CDED5-E4AE-4B15-9113-7055D84DCC97}
 to the user DESKTOP-OGCJR0S\joshu SID (S-1-5-21-3654634270-3195840133-2774193163-1001) from address LocalHost (Using LRPC) running in the application container Microsoft.Windows.Cortana_1.8.12.15063_neutral_neutral_cw5n1h2txyewy SID (S-1-15-2-1861897761-1695161497-2927542615-642690995-327840285-2659745135-2630312742). This security permission can be modified using the Component Services administrative tool.

Event[2006]:
  Log Name: System
  Source: Microsoft-Windows-Kernel-General
  Date: 2017-07-22T15:51:01.433
  Event ID: 16
  Task: N/A
  Level: Information
  Opcode: Info
  Keyword: N/A
  User: S-1-5-21-3654634270-3195840133-2774193163-1001
  User Name: DESKTOP-OGCJR0S\joshu
  Computer: DESKTOP-OGCJR0S
  Description: 
The access history in hive \??\C:\Users\joshu\AppData\Local\Packages\Microsoft.MicrosoftSolitaireCollection_8wekyb3d8bbwe\Settings\settings.dat was cleared updating 4 keys and creating 1 modified pages.

Event[2007]:
  Log Name: System
  Source: Microsoft-Windows-WindowsUpdateClient
  Date: 2017-07-22T18:59:52.284
  Event ID: 44
  Task: Windows Update Agent
  Level: Information
  Opcode: Download
  Keyword: Download,Started
  User: S-1-5-18
  User Name: NT AUTHORITY\SYSTEM
  Computer: DESKTOP-OGCJR0S
  Description: 
Windows Update started downloading an update.

Event[2008]:
  Log Name: System
  Source: Microsoft-Windows-WindowsUpdateClient
  Date: 2017-07-22T18:59:52.284
  Event ID: 43
  Task: Windows Update Agent
  Level: Information
  Opcode: Installation
  Keyword: Installation,Started
  User: S-1-5-18
  User Name: NT AUTHORITY\SYSTEM
  Computer: DESKTOP-OGCJR0S
  Description: 
Installation Started: Windows has started installing the following update: Definition Update for Windows Defender - KB2267602 (Definition 1.249.103.0)

Event[2009]:
  Log Name: System
  Source: Service Control Manager
  Date: 2017-07-22T19:00:03.522
  Event ID: 7045
  Task: N/A
  Level: Information
  Opcode: N/A
  Keyword: Classic
  User: S-1-5-18
  User Name: NT AUTHORITY\SYSTEM
  Computer: DESKTOP-OGCJR0S
  Description: 
A service was installed in the system.

Service Name:  MpKsld51d3cba
Service File Name:  C:\ProgramData\Microsoft\Windows Defender\Definition Updates\{253934EC-6369-4B5E-9C75-586B0B036B1D}\MpKsld51d3cba.sys
Service Type:  kernel mode driver
Service Start Type:  system start
Service Account:  

Event[2010]:
  Log Name: System
  Source: Microsoft-Windows-WindowsUpdateClient
  Date: 2017-07-22T19:00:04.209
  Event ID: 19
  Task: Windows Update Agent
  Level: Information
  Opcode: Installation
  Keyword: Installation,Success
  User: S-1-5-18
  User Name: NT AUTHORITY\SYSTEM
  Computer: DESKTOP-OGCJR0S
  Description: 
Installation Successful: Windows successfully installed the following update: Definition Update for Windows Defender - KB2267602 (Definition 1.249.103.0)

Event[2011]:
  Log Name: System
  Source: Microsoft-Windows-Winlogon
  Date: 2017-07-22T22:58:24.048
  Event ID: 7002
  Task: N/A
  Level: Information
  Opcode: Info
  Keyword: N/A
  User: S-1-5-18
  User Name: NT AUTHORITY\SYSTEM
  Computer: DESKTOP-OGCJR0S
  Description: 
User Logoff Notification for Customer Experience Improvement Program

Event[2012]:
  Log Name: System
  Source: Microsoft-Windows-Kernel-Power
  Date: 2017-07-22T22:58:37.817
  Event ID: 42
  Task: N/A
  Level: Information
  Opcode: Info
  Keyword: N/A
  User: N/A
  User Name: N/A
  Computer: DESKTOP-OGCJR0S
  Description: 
The system is entering sleep.

Sleep Reason: Application API

Event[2013]:
  Log Name: System
  Source: EventLog
  Date: 2017-07-24T14:39:28.702
  Event ID: 6013
  Task: N/A
  Level: Information
  Opcode: N/A
  Keyword: Classic
  User: N/A
  User Name: N/A
  Computer: DESKTOP-OGCJR0S
  Description: 
The system uptime is 1029717 seconds.

Event[2014]:
  Log Name: System
  Source: Microsoft-Windows-Kernel-Power
  Date: 2017-07-22T22:58:39.180
  Event ID: 107
  Task: N/A
  Level: Information
  Opcode: Info
  Keyword: N/A
  User: N/A
  User Name: N/A
  Computer: DESKTOP-OGCJR0S
  Description: 
The system has resumed from sleep.

Event[2015]:
  Log Name: System
  Source: Microsoft-Windows-Kernel-General
  Date: 2017-07-24T14:39:28.499
  Event ID: 1
  Task: N/A
  Level: Information
  Opcode: Info
  Keyword: Time
  User: N/A
  User Name: N/A
  Computer: DESKTOP-OGCJR0S
  Description: 
The system time has changed to ?2017?-?07?-?24T19:39:28.500000000Z from ?2017?-?07?-?23T03:58:39.181081200Z.

Change Reason: System time synchronized with the hardware clock.

Event[2016]:
  Log Name: System
  Source: Microsoft-Windows-Kernel-Boot
  Date: 2017-07-24T14:39:29.088
  Event ID: 30
  Task: N/A
  Level: Information
  Opcode: Info
  Keyword: N/A
  User: N/A
  User Name: N/A
  Computer: DESKTOP-OGCJR0S
  Description: 
The firmware reported boot metrics.

Event[2017]:
  Log Name: System
  Source: Microsoft-Windows-Kernel-Boot
  Date: 2017-07-24T14:39:29.088
  Event ID: 25
  Task: N/A
  Level: Information
  Opcode: Info
  Keyword: N/A
  User: N/A
  User Name: N/A
  Computer: DESKTOP-OGCJR0S
  Description: 
The boot menu policy was 0x1.

Event[2018]:
  Log Name: System
  Source: Microsoft-Windows-Kernel-Boot
  Date: 2017-07-24T14:39:29.088
  Event ID: 27
  Task: N/A
  Level: Information
  Opcode: Info
  Keyword: N/A
  User: N/A
  User Name: N/A
  Computer: DESKTOP-OGCJR0S
  Description: 
The boot type was 0x1.

Event[2019]:
  Log Name: System
  Source: Microsoft-Windows-Kernel-Boot
  Date: 2017-07-24T14:39:29.088
  Event ID: 18
  Task: N/A
  Level: Information
  Opcode: Info
  Keyword: N/A
  User: N/A
  User Name: N/A
  Computer: DESKTOP-OGCJR0S
  Description: 
There are 0x1 boot options on this system.

Event[2020]:
  Log Name: System
  Source: Microsoft-Windows-Kernel-Boot
  Date: 2017-07-24T14:39:29.088
  Event ID: 32
  Task: N/A
  Level: Information
  Opcode: Info
  Keyword: N/A
  User: N/A
  User Name: N/A
  Computer: DESKTOP-OGCJR0S
  Description: 
The bootmgr spent 0 ms waiting for user input.

Event[2021]:
  Log Name: System
  Source: Microsoft-Windows-DNS-Client
  Date: 2017-07-24T14:39:30.741
  Event ID: 1014
  Task: N/A
  Level: Warning
  Opcode: Info
  Keyword: N/A
  User: S-1-5-20
  User Name: NT AUTHORITY\NETWORK SERVICE
  Computer: DESKTOP-OGCJR0S
  Description: 
Name resolution for the name wpad timed out after none of the configured DNS servers responded.

Event[2022]:
  Log Name: System
  Source: Microsoft-Windows-Power-Troubleshooter
  Date: 2017-07-24T14:39:31.089
  Event ID: 1
  Task: N/A
  Level: Information
  Opcode: Info
  Keyword: N/A
  User: S-1-5-19
  User Name: NT AUTHORITY\LOCAL SERVICE
  Computer: DESKTOP-OGCJR0S
  Description: 
The system has returned from a low power state.

Sleep Time: ?2017?-?07?-?23T03:58:25.730482800Z
Wake Time: ?2017?-?07?-?24T19:39:29.719837200Z

Wake Source: Unknown

Event[2023]:
  Log Name: System
  Source: Microsoft-Windows-Winlogon
  Date: 2017-07-24T14:39:34.214
  Event ID: 7001
  Task: N/A
  Level: Information
  Opcode: Info
  Keyword: N/A
  User: S-1-5-18
  User Name: NT AUTHORITY\SYSTEM
  Computer: DESKTOP-OGCJR0S
  Description: 
User Logon Notification for Customer Experience Improvement Program

Event[2024]:
  Log Name: System
  Source: Microsoft-Windows-Kernel-General
  Date: 2017-07-24T14:39:34.248
  Event ID: 16
  Task: N/A
  Level: Information
  Opcode: Info
  Keyword: N/A
  User: S-1-5-18
  User Name: NT AUTHORITY\SYSTEM
  Computer: DESKTOP-OGCJR0S
  Description: 
The access history in hive \??\C:\Users\joshu\ntuser.dat was cleared updating 2809 keys and creating 418 modified pages.

Event[2025]:
  Log Name: System
  Source: Microsoft-Windows-Kernel-General
  Date: 2017-07-24T14:39:34.298
  Event ID: 16
  Task: N/A
  Level: Information
  Opcode: Info
  Keyword: N/A
  User: S-1-5-18
  User Name: NT AUTHORITY\SYSTEM
  Computer: DESKTOP-OGCJR0S
  Description: 
The access history in hive \??\C:\Users\joshu\AppData\Local\Microsoft\Windows\UsrClass.dat was cleared updating 3640 keys and creating 565 modified pages.

Event[2026]:
  Log Name: System
  Source: Microsoft-Windows-Kernel-General
  Date: 2017-07-24T14:39:35.662
  Event ID: 16
  Task: N/A
  Level: Information
  Opcode: Info
  Keyword: N/A
  User: S-1-5-21-3654634270-3195840133-2774193163-1001
  User Name: DESKTOP-OGCJR0S\joshu
  Computer: DESKTOP-OGCJR0S
  Description: 
The access history in hive \??\C:\Users\joshu\AppData\Local\Packages\Microsoft.Windows.Cortana_cw5n1h2txyewy\Settings\settings.dat was cleared updating 107 keys and creating 20 modified pages.

Event[2027]:
  Log Name: System
  Source: Microsoft-Windows-Kernel-General
  Date: 2017-07-24T14:39:35.772
  Event ID: 16
  Task: N/A
  Level: Information
  Opcode: Info
  Keyword: N/A
  User: S-1-5-21-3654634270-3195840133-2774193163-1001
  User Name: DESKTOP-OGCJR0S\joshu
  Computer: DESKTOP-OGCJR0S
  Description: 
The access history in hive \??\C:\Users\joshu\AppData\Local\Packages\Microsoft.Windows.ShellExperienceHost_cw5n1h2txyewy\Settings\settings.dat was cleared updating 4 keys and creating 2 modified pages.

Event[2028]:
  Log Name: System
  Source: Microsoft-Windows-Kernel-General
  Date: 2017-07-24T14:39:46.709
  Event ID: 16
  Task: N/A
  Level: Information
  Opcode: Info
  Keyword: N/A
  User: S-1-5-21-3654634270-3195840133-2774193163-1001
  User Name: DESKTOP-OGCJR0S\joshu
  Computer: DESKTOP-OGCJR0S
  Description: 
The access history in hive \??\C:\Users\joshu\AppData\Local\Packages\microsoft.windowscommunicationsapps_8wekyb3d8bbwe\Settings\settings.dat was cleared updating 80 keys and creating 8 modified pages.

Event[2029]:
  Log Name: System
  Source: Microsoft-Windows-Kernel-General
  Date: 2017-07-24T14:39:51.030
  Event ID: 16
  Task: N/A
  Level: Information
  Opcode: Info
  Keyword: N/A
  User: S-1-5-21-3654634270-3195840133-2774193163-1001
  User Name: DESKTOP-OGCJR0S\joshu
  Computer: DESKTOP-OGCJR0S
  Description: 
The access history in hive \??\C:\Users\joshu\AppData\Local\Packages\Microsoft.SkypeApp_kzf8qxf38zg5c\Settings\settings.dat was cleared updating 11 keys and creating 1 modified pages.

Event[2030]:
  Log Name: System
  Source: Service Control Manager
  Date: 2017-07-24T14:41:42.894
  Event ID: 7040
  Task: N/A
  Level: Information
  Opcode: N/A
  Keyword: Classic
  User: S-1-5-18
  User Name: NT AUTHORITY\SYSTEM
  Computer: DESKTOP-OGCJR0S
  Description: 
The start type of the Background Intelligent Transfer Service service was changed from auto start to demand start.

Event[2031]:
  Log Name: System
  Source: Service Control Manager
  Date: 2017-07-24T14:42:28.950
  Event ID: 7040
  Task: N/A
  Level: Information
  Opcode: N/A
  Keyword: Classic
  User: S-1-5-18
  User Name: NT AUTHORITY\SYSTEM
  Computer: DESKTOP-OGCJR0S
  Description: 
The start type of the Background Intelligent Transfer Service service was changed from demand start to auto start.

Event[2032]:
  Log Name: System
  Source: Microsoft-Windows-WindowsUpdateClient
  Date: 2017-07-24T14:42:57.068
  Event ID: 44
  Task: Windows Update Agent
  Level: Information
  Opcode: Download
  Keyword: Download,Started
  User: S-1-5-18
  User Name: NT AUTHORITY\SYSTEM
  Computer: DESKTOP-OGCJR0S
  Description: 
Windows Update started downloading an update.

Event[2033]:
  Log Name: System
  Source: Microsoft-Windows-WindowsUpdateClient
  Date: 2017-07-24T14:43:02.079
  Event ID: 43
  Task: Windows Update Agent
  Level: Information
  Opcode: Installation
  Keyword: Installation,Started
  User: S-1-5-18
  User Name: NT AUTHORITY\SYSTEM
  Computer: DESKTOP-OGCJR0S
  Description: 
Installation Started: Windows has started installing the following update: Definition Update for Windows Defender - KB2267602 (Definition 1.249.158.0)

Event[2034]:
