  Log Name: System
  Source: Microsoft-Windows-Kernel-General
  Date: 2017-06-24T08:50:43.654
  Event ID: 16
  Task: N/A
  Level: Information
  Opcode: Info
  Keyword: N/A
  User: S-1-5-21-3654634270-3195840133-2774193163-1001
  User Name: DESKTOP-OGCJR0S\joshu
  Computer: DESKTOP-OGCJR0S
  Description: 
The access history in hive \??\C:\Users\joshu\AppData\Local\Packages\microsoft.wallet_8wekyb3d8bbwe\Settings\settings.dat was cleared updating 3 keys and creating 1 modified pages.

Event[559]:
  Log Name: System
  Source: Microsoft-Windows-Kernel-General
  Date: 2017-06-24T08:50:43.709
  Event ID: 16
  Task: N/A
  Level: Information
  Opcode: Info
  Keyword: N/A
  User: S-1-5-21-3654634270-3195840133-2774193163-1001
  User Name: DESKTOP-OGCJR0S\joshu
  Computer: DESKTOP-OGCJR0S
  Description: 
The access history in hive \??\C:\Users\joshu\AppData\Local\Packages\microsoft.windows.apprep.chxapp_cw5n1h2txyewy\Settings\settings.dat was cleared updating 2 keys and creating 1 modified pages.

Event[560]:
  Log Name: System
  Source: Microsoft-Windows-Kernel-General
  Date: 2017-06-24T08:50:43.739
  Event ID: 16
  Task: N/A
  Level: Information
  Opcode: Info
  Keyword: N/A
  User: S-1-5-21-3654634270-3195840133-2774193163-1001
  User Name: DESKTOP-OGCJR0S\joshu
  Computer: DESKTOP-OGCJR0S
  Description: 
The access history in hive \??\C:\Users\joshu\AppData\Local\Packages\microsoft.windows.assignedaccesslockapp_cw5n1h2txyewy\Settings\settings.dat was cleared updating 2 keys and creating 1 modified pages.

Event[561]:
  Log Name: System
  Source: Microsoft-Windows-Kernel-General
  Date: 2017-06-24T08:50:44.069
  Event ID: 16
  Task: N/A
  Level: Information
  Opcode: Info
  Keyword: N/A
  User: S-1-5-21-3654634270-3195840133-2774193163-1001
  User Name: DESKTOP-OGCJR0S\joshu
  Computer: DESKTOP-OGCJR0S
  Description: 
The access history in hive \??\C:\Users\joshu\AppData\Local\Packages\microsoft.windows.parentalcontrols_cw5n1h2txyewy\Settings\settings.dat was cleared updating 2 keys and creating 1 modified pages.

Event[562]:
  Log Name: System
  Source: Microsoft-Windows-Kernel-General
  Date: 2017-06-24T08:50:44.157
  Event ID: 16
  Task: N/A
  Level: Information
  Opcode: Info
  Keyword: N/A
  User: S-1-5-21-3654634270-3195840133-2774193163-1001
  User Name: DESKTOP-OGCJR0S\joshu
  Computer: DESKTOP-OGCJR0S
  Description: 
The access history in hive \??\C:\Users\joshu\AppData\Local\Packages\microsoft.windows.secondarytileexperience_cw5n1h2txyewy\Settings\settings.dat was cleared updating 2 keys and creating 1 modified pages.

Event[563]:
  Log Name: System
  Source: Microsoft-Windows-Kernel-General
  Date: 2017-06-24T08:50:44.222
  Event ID: 16
  Task: N/A
  Level: Information
  Opcode: Info
  Keyword: N/A
  User: S-1-5-21-3654634270-3195840133-2774193163-1001
  User Name: DESKTOP-OGCJR0S\joshu
  Computer: DESKTOP-OGCJR0S
  Description: 
The access history in hive \??\C:\Users\joshu\AppData\Local\Packages\microsoft.windows.secureassessmentbrowser_cw5n1h2txyewy\Settings\settings.dat was cleared updating 2 keys and creating 1 modified pages.

Event[564]:
  Log Name: System
  Source: Microsoft-Windows-Kernel-General
  Date: 2017-06-24T08:50:44.318
  Event ID: 16
  Task: N/A
  Level: Information
  Opcode: Info
  Keyword: N/A
  User: S-1-5-21-3654634270-3195840133-2774193163-1001
  User Name: DESKTOP-OGCJR0S\joshu
  Computer: DESKTOP-OGCJR0S
  Description: 
The access history in hive \??\C:\Users\joshu\AppData\Local\Packages\microsoft.windowsalarms_8wekyb3d8bbwe\Settings\settings.dat was cleared updating 7 keys and creating 1 modified pages.

Event[565]:
  Log Name: System
  Source: Microsoft-Windows-Kernel-General
  Date: 2017-06-24T08:50:44.374
  Event ID: 16
  Task: N/A
  Level: Information
  Opcode: Info
  Keyword: N/A
  User: S-1-5-21-3654634270-3195840133-2774193163-1001
  User Name: DESKTOP-OGCJR0S\joshu
  Computer: DESKTOP-OGCJR0S
  Description: 
The access history in hive \??\C:\Users\joshu\AppData\Local\Packages\microsoft.windowscalculator_8wekyb3d8bbwe\Settings\settings.dat was cleared updating 2 keys and creating 1 modified pages.

Event[566]:
  Log Name: System
  Source: Microsoft-Windows-Kernel-General
  Date: 2017-06-24T08:50:44.406
  Event ID: 16
  Task: N/A
  Level: Information
  Opcode: Info
  Keyword: N/A
  User: S-1-5-21-3654634270-3195840133-2774193163-1001
  User Name: DESKTOP-OGCJR0S\joshu
  Computer: DESKTOP-OGCJR0S
  Description: 
The access history in hive \??\C:\Users\joshu\AppData\Local\Packages\microsoft.windowscamera_8wekyb3d8bbwe\Settings\settings.dat was cleared updating 2 keys and creating 1 modified pages.

Event[567]:
  Log Name: System
  Source: Microsoft-Windows-Kernel-General
  Date: 2017-06-24T08:50:44.547
  Event ID: 16
  Task: N/A
  Level: Information
  Opcode: Info
  Keyword: N/A
  User: S-1-5-21-3654634270-3195840133-2774193163-1001
  User Name: DESKTOP-OGCJR0S\joshu
  Computer: DESKTOP-OGCJR0S
  Description: 
The access history in hive \??\C:\Users\joshu\AppData\Local\Packages\microsoft.windowsfeedbackhub_8wekyb3d8bbwe\Settings\settings.dat was cleared updating 2 keys and creating 1 modified pages.

Event[568]:
  Log Name: System
  Source: Microsoft-Windows-Kernel-General
  Date: 2017-06-24T08:50:44.577
  Event ID: 16
  Task: N/A
  Level: Information
  Opcode: Info
  Keyword: N/A
  User: S-1-5-21-3654634270-3195840133-2774193163-1001
  User Name: DESKTOP-OGCJR0S\joshu
  Computer: DESKTOP-OGCJR0S
  Description: 
The access history in hive \??\C:\Users\joshu\AppData\Local\Packages\microsoft.windowsmaps_8wekyb3d8bbwe\Settings\settings.dat was cleared updating 2 keys and creating 1 modified pages.

Event[569]:
  Log Name: System
  Source: Microsoft-Windows-Kernel-General
  Date: 2017-06-24T08:50:44.607
  Event ID: 16
  Task: N/A
  Level: Information
  Opcode: Info
  Keyword: N/A
  User: S-1-5-21-3654634270-3195840133-2774193163-1001
  User Name: DESKTOP-OGCJR0S\joshu
  Computer: DESKTOP-OGCJR0S
  Description: 
The access history in hive \??\C:\Users\joshu\AppData\Local\Packages\microsoft.windowssoundrecorder_8wekyb3d8bbwe\Settings\settings.dat was cleared updating 2 keys and creating 1 modified pages.

Event[570]:
  Log Name: System
  Source: Microsoft-Windows-Kernel-General
  Date: 2017-06-24T08:50:44.691
  Event ID: 16
  Task: N/A
  Level: Information
  Opcode: Info
  Keyword: N/A
  User: S-1-5-21-3654634270-3195840133-2774193163-1001
  User Name: DESKTOP-OGCJR0S\joshu
  Computer: DESKTOP-OGCJR0S
  Description: 
The access history in hive \??\C:\Users\joshu\AppData\Local\Packages\microsoft.xboxapp_8wekyb3d8bbwe\Settings\settings.dat was cleared updating 2 keys and creating 1 modified pages.

Event[571]:
  Log Name: System
  Source: Microsoft-Windows-Kernel-General
  Date: 2017-06-24T08:50:44.766
  Event ID: 16
  Task: N/A
  Level: Information
  Opcode: Info
  Keyword: N/A
  User: S-1-5-21-3654634270-3195840133-2774193163-1001
  User Name: DESKTOP-OGCJR0S\joshu
  Computer: DESKTOP-OGCJR0S
  Description: 
The access history in hive \??\C:\Users\joshu\AppData\Local\Packages\microsoft.xboxgamecallableui_cw5n1h2txyewy\Settings\settings.dat was cleared updating 2 keys and creating 1 modified pages.

Event[572]:
  Log Name: System
  Source: Microsoft-Windows-Kernel-General
  Date: 2017-06-24T08:50:44.859
  Event ID: 16
  Task: N/A
  Level: Information
  Opcode: Info
  Keyword: N/A
  User: S-1-5-21-3654634270-3195840133-2774193163-1001
  User Name: DESKTOP-OGCJR0S\joshu
  Computer: DESKTOP-OGCJR0S
  Description: 
The access history in hive \??\C:\Users\joshu\AppData\Local\Packages\microsoft.xboxidentityprovider_8wekyb3d8bbwe\Settings\settings.dat was cleared updating 2 keys and creating 1 modified pages.

Event[573]:
  Log Name: System
  Source: Microsoft-Windows-Kernel-General
  Date: 2017-06-24T08:50:44.885
  Event ID: 16
  Task: N/A
  Level: Information
  Opcode: Info
  Keyword: N/A
  User: S-1-5-21-3654634270-3195840133-2774193163-1001
  User Name: DESKTOP-OGCJR0S\joshu
  Computer: DESKTOP-OGCJR0S
  Description: 
The access history in hive \??\C:\Users\joshu\AppData\Local\Packages\microsoft.xboxspeechtotextoverlay_8wekyb3d8bbwe\Settings\settings.dat was cleared updating 3 keys and creating 1 modified pages.

Event[574]:
  Log Name: System
  Source: Microsoft-Windows-Kernel-General
  Date: 2017-06-24T08:50:44.914
  Event ID: 16
  Task: N/A
  Level: Information
  Opcode: Info
  Keyword: N/A
  User: S-1-5-21-3654634270-3195840133-2774193163-1001
  User Name: DESKTOP-OGCJR0S\joshu
  Computer: DESKTOP-OGCJR0S
  Description: 
The access history in hive \??\C:\Users\joshu\AppData\Local\Packages\microsoft.zunemusic_8wekyb3d8bbwe\Settings\settings.dat was cleared updating 2 keys and creating 1 modified pages.

Event[575]:
  Log Name: System
  Source: Microsoft-Windows-Kernel-General
  Date: 2017-06-24T08:50:44.945
  Event ID: 16
  Task: N/A
  Level: Information
  Opcode: Info
  Keyword: N/A
  User: S-1-5-21-3654634270-3195840133-2774193163-1001
  User Name: DESKTOP-OGCJR0S\joshu
  Computer: DESKTOP-OGCJR0S
  Description: 
The access history in hive \??\C:\Users\joshu\AppData\Local\Packages\microsoft.zunevideo_8wekyb3d8bbwe\Settings\settings.dat was cleared updating 2 keys and creating 1 modified pages.

Event[576]:
  Log Name: System
  Source: Microsoft-Windows-Kernel-General
  Date: 2017-06-24T08:50:44.975
  Event ID: 16
  Task: N/A
  Level: Information
  Opcode: Info
  Keyword: N/A
  User: S-1-5-21-3654634270-3195840133-2774193163-1001
  User Name: DESKTOP-OGCJR0S\joshu
  Computer: DESKTOP-OGCJR0S
  Description: 
The access history in hive \??\C:\Users\joshu\AppData\Local\Packages\windows.contactsupport_cw5n1h2txyewy\Settings\settings.dat was cleared updating 2 keys and creating 1 modified pages.

Event[577]:
  Log Name: System
  Source: Microsoft-Windows-Kernel-General
  Date: 2017-06-24T08:50:45.004
  Event ID: 16
  Task: N/A
  Level: Information
  Opcode: Info
  Keyword: N/A
  User: S-1-5-21-3654634270-3195840133-2774193163-1001
  User Name: DESKTOP-OGCJR0S\joshu
  Computer: DESKTOP-OGCJR0S
  Description: 
The access history in hive \??\C:\Users\joshu\AppData\Local\Packages\windows.immersivecontrolpanel_cw5n1h2txyewy\Settings\settings.dat was cleared updating 2 keys and creating 1 modified pages.

Event[578]:
  Log Name: System
  Source: Microsoft-Windows-Kernel-General
  Date: 2017-06-24T08:50:45.035
  Event ID: 16
  Task: N/A
  Level: Information
  Opcode: Info
  Keyword: N/A
  User: S-1-5-21-3654634270-3195840133-2774193163-1001
  User Name: DESKTOP-OGCJR0S\joshu
  Computer: DESKTOP-OGCJR0S
  Description: 
The access history in hive \??\C:\Users\joshu\AppData\Local\Packages\windows.miracastview_cw5n1h2txyewy\Settings\settings.dat was cleared updating 2 keys and creating 1 modified pages.

Event[579]:
  Log Name: System
  Source: Microsoft-Windows-Kernel-General
  Date: 2017-06-24T08:50:45.089
  Event ID: 16
  Task: N/A
  Level: Information
  Opcode: Info
  Keyword: N/A
  User: S-1-5-21-3654634270-3195840133-2774193163-1001
  User Name: DESKTOP-OGCJR0S\joshu
  Computer: DESKTOP-OGCJR0S
  Description: 
The access history in hive \??\C:\Users\joshu\AppData\Local\Packages\windows.printdialog_cw5n1h2txyewy\Settings\settings.dat was cleared updating 2 keys and creating 1 modified pages.

Event[580]:
  Log Name: System
  Source: Service Control Manager
  Date: 2017-06-24T08:51:24.519
  Event ID: 7040
  Task: N/A
  Level: Information
  Opcode: N/A
  Keyword: Classic
  User: S-1-5-18
  User Name: NT AUTHORITY\SYSTEM
  Computer: DESKTOP-OGCJR0S
  Description: 
The start type of the Windows Modules Installer service was changed from demand start to auto start.

Event[581]:
  Log Name: System
  Source: Service Control Manager
  Date: 2017-06-24T08:57:41.560
  Event ID: 7045
  Task: N/A
  Level: Information
  Opcode: N/A
  Keyword: Classic
  User: S-1-5-18
  User Name: NT AUTHORITY\SYSTEM
  Computer: DESKTOP-OGCJR0S
  Description: 
A service was installed in the system.

Service Name:  MpKsle4a17efb
Service File Name:  C:\ProgramData\Microsoft\Windows Defender\Definition Updates\{5B0F9311-B327-4412-9C6F-05AF7783F138}\MpKsle4a17efb.sys
Service Type:  kernel mode driver
Service Start Type:  system start
Service Account:  

Event[582]:
  Log Name: System
  Source: Service Control Manager
  Date: 2017-06-24T09:19:42.079
  Event ID: 7040
  Task: N/A
  Level: Information
  Opcode: N/A
  Keyword: Classic
  User: S-1-5-18
  User Name: NT AUTHORITY\SYSTEM
  Computer: DESKTOP-OGCJR0S
  Description: 
The start type of the Windows Modules Installer service was changed from auto start to demand start.

Event[583]:
  Log Name: System
  Source: Microsoft-Windows-Kernel-Power
  Date: 2017-06-24T09:21:45.643
  Event ID: 42
  Task: N/A
  Level: Information
  Opcode: Info
  Keyword: N/A
  User: N/A
  User Name: N/A
  Computer: DESKTOP-OGCJR0S
  Description: 
The system is entering sleep.

Sleep Reason: System Idle

Event[584]:
  Log Name: System
  Source: EventLog
  Date: 2017-06-24T12:56:47.704
  Event ID: 6013
  Task: N/A
  Level: Information
  Opcode: N/A
  Keyword: Classic
  User: N/A
  User Name: N/A
  Computer: DESKTOP-OGCJR0S
  Description: 
The system uptime is 16683 seconds.

Event[585]:
  Log Name: System
  Source: Microsoft-Windows-Kernel-Power
  Date: 2017-06-24T09:21:47.295
  Event ID: 107
  Task: N/A
  Level: Information
  Opcode: Info
  Keyword: N/A
  User: N/A
  User Name: N/A
  Computer: DESKTOP-OGCJR0S
  Description: 
The system has resumed from sleep.

Event[586]:
  Log Name: System
  Source: Microsoft-Windows-Kernel-General
  Date: 2017-06-24T12:56:47.500
  Event ID: 1
  Task: N/A
  Level: Information
  Opcode: Info
  Keyword: Time
  User: N/A
  User Name: N/A
  Computer: DESKTOP-OGCJR0S
  Description: 
The system time has changed to ?2017?-?06?-?24T17:56:47.500000000Z from ?2017?-?06?-?24T14:21:47.295228900Z.

Change Reason: System time synchronized with the hardware clock.

Event[587]:
  Log Name: System
  Source: Microsoft-Windows-Kernel-Power
  Date: 2017-06-24T12:56:47.591
  Event ID: 131
  Task: N/A
  Level: Information
  Opcode: Info
  Keyword: N/A
  User: N/A
  User Name: N/A
  Computer: DESKTOP-OGCJR0S
  Description: 
Firmware S3 times. ResumeCount: 0, FullResume: 0, AverageResume: 0

Event[588]:
  Log Name: System
  Source: Microsoft-Windows-Power-Troubleshooter
  Date: 2017-06-24T12:56:53.588
  Event ID: 1
  Task: N/A
  Level: Information
  Opcode: Info
  Keyword: N/A
  User: S-1-5-19
  User Name: NT AUTHORITY\LOCAL SERVICE
  Computer: DESKTOP-OGCJR0S
  Description: 
The system has returned from a low power state.

Sleep Time: ?2017?-?06?-?24T14:21:45.364840600Z
Wake Time: ?2017?-?06?-?24T17:56:48.930973700Z

Wake Source: Power Button

Event[589]:
  Log Name: System
  Source: Microsoft-Windows-DNS-Client
  Date: 2017-06-24T12:56:53.663
  Event ID: 1014
  Task: N/A
  Level: Warning
  Opcode: Info
  Keyword: N/A
  User: S-1-5-20
  User Name: NT AUTHORITY\NETWORK SERVICE
  Computer: DESKTOP-OGCJR0S
  Description: 
Name resolution for the name wpad timed out after none of the configured DNS servers responded.

Event[590]:
  Log Name: System
  Source: Microsoft-Windows-DNS-Client
  Date: 2017-06-24T12:56:55.921
  Event ID: 1014
  Task: N/A
  Level: Warning
  Opcode: Info
  Keyword: N/A
  User: S-1-5-20
  User Name: NT AUTHORITY\NETWORK SERVICE
  Computer: DESKTOP-OGCJR0S
  Description: 
Name resolution for the name wpad timed out after none of the configured DNS servers responded.

Event[591]:
  Log Name: System
  Source: Microsoft-Windows-DistributedCOM
  Date: 2017-06-24T14:32:00.148
  Event ID: 10016
  Task: N/A
  Level: Error
  Opcode: Info
  Keyword: Classic
  User: S-1-5-21-3654634270-3195840133-2774193163-1001
  User Name: DESKTOP-OGCJR0S\joshu
  Computer: DESKTOP-OGCJR0S
  Description: 
The machine-default permission settings do not grant Local Activation permission for the COM Server application with CLSID 
{C2F03A33-21F5-47FA-B4BB-156362A2F239}
 and APPID 
{316CDED5-E4AE-4B15-9113-7055D84DCC97}
 to the user DESKTOP-OGCJR0S\joshu SID (S-1-5-21-3654634270-3195840133-2774193163-1001) from address LocalHost (Using LRPC) running in the application container Microsoft.Windows.Cortana_1.8.12.15063_neutral_neutral_cw5n1h2txyewy SID (S-1-15-2-1861897761-1695161497-2927542615-642690995-327840285-2659745135-2630312742). This security permission can be modified using the Component Services administrative tool.

Event[592]:
  Log Name: System
  Source: Microsoft-Windows-DistributedCOM
  Date: 2017-06-24T14:32:00.264
  Event ID: 10016
  Task: N/A
  Level: Error
  Opcode: Info
  Keyword: Classic
  User: S-1-5-21-3654634270-3195840133-2774193163-1001
  User Name: DESKTOP-OGCJR0S\joshu
  Computer: DESKTOP-OGCJR0S
  Description: 
The machine-default permission settings do not grant Local Activation permission for the COM Server application with CLSID 
{C2F03A33-21F5-47FA-B4BB-156362A2F239}
 and APPID 
{316CDED5-E4AE-4B15-9113-7055D84DCC97}
 to the user DESKTOP-OGCJR0S\joshu SID (S-1-5-21-3654634270-3195840133-2774193163-1001) from address LocalHost (Using LRPC) running in the application container Microsoft.Windows.Cortana_1.8.12.15063_neutral_neutral_cw5n1h2txyewy SID (S-1-15-2-1861897761-1695161497-2927542615-642690995-327840285-2659745135-2630312742). This security permission can be modified using the Component Services administrative tool.

Event[593]:
  Log Name: System
  Source: Microsoft-Windows-DistributedCOM
  Date: 2017-06-24T14:32:00.935
  Event ID: 10016
  Task: N/A
  Level: Error
  Opcode: Info
  Keyword: Classic
  User: S-1-5-21-3654634270-3195840133-2774193163-1001
  User Name: DESKTOP-OGCJR0S\joshu
  Computer: DESKTOP-OGCJR0S
  Description: 
The machine-default permission settings do not grant Local Activation permission for the COM Server application with CLSID 
{C2F03A33-21F5-47FA-B4BB-156362A2F239}
 and APPID 
{316CDED5-E4AE-4B15-9113-7055D84DCC97}
 to the user DESKTOP-OGCJR0S\joshu SID (S-1-5-21-3654634270-3195840133-2774193163-1001) from address LocalHost (Using LRPC) running in the application container Microsoft.Windows.Cortana_1.8.12.15063_neutral_neutral_cw5n1h2txyewy SID (S-1-15-2-1861897761-1695161497-2927542615-642690995-327840285-2659745135-2630312742). This security permission can be modified using the Component Services administrative tool.

Event[594]:
  Log Name: System
  Source: Microsoft-Windows-WindowsUpdateClient
  Date: 2017-06-24T15:16:29.552
  Event ID: 44
  Task: Windows Update Agent
  Level: Information
  Opcode: Download
  Keyword: Download,Started
  User: S-1-5-18
  User Name: NT AUTHORITY\SYSTEM
  Computer: DESKTOP-OGCJR0S
  Description: 
Windows Update started downloading an update.

Event[595]:
  Log Name: System
  Source: Microsoft-Windows-Kernel-General
  Date: 2017-06-24T15:16:30.039
  Event ID: 16
  Task: N/A
  Level: Information
  Opcode: Info
  Keyword: N/A
  User: S-1-5-18
  User Name: NT AUTHORITY\SYSTEM
  Computer: DESKTOP-OGCJR0S
  Description: 
The access history in hive \??\C:\ProgramData\Microsoft\Windows\AppRepository\Packages\Microsoft.Advertising.Xaml_10.1706.1.0_x86__8wekyb3d8bbwe\ActivationStore.dat was cleared updating 0 keys and creating 0 modified pages.

Event[596]:
  Log Name: System
  Source: Microsoft-Windows-Kernel-General
  Date: 2017-06-24T15:16:32.364
  Event ID: 16
  Task: N/A
  Level: Information
  Opcode: Info
  Keyword: N/A
  User: S-1-5-18
  User Name: NT AUTHORITY\SYSTEM
  Computer: DESKTOP-OGCJR0S
  Description: 
The access history in hive \??\C:\ProgramData\Microsoft\Windows\AppRepository\Packages\Microsoft.Advertising.Xaml_10.1706.1.0_x64__8wekyb3d8bbwe\ActivationStore.dat was cleared updating 0 keys and creating 0 modified pages.

Event[597]:
  Log Name: System
  Source: Service Control Manager
  Date: 2017-06-24T17:26:16.652
  Event ID: 7040
  Task: N/A
  Level: Information
  Opcode: N/A
  Keyword: Classic
  User: S-1-5-18
  User Name: NT AUTHORITY\SYSTEM
  Computer: DESKTOP-OGCJR0S
  Description: 
The start type of the Background Intelligent Transfer Service service was changed from demand start to auto start.

Event[598]:
  Log Name: System
  Source: Service Control Manager
  Date: 2017-06-24T17:28:19.341
  Event ID: 7040
  Task: N/A
  Level: Information
  Opcode: N/A
  Keyword: Classic
  User: S-1-5-18
  User Name: NT AUTHORITY\SYSTEM
  Computer: DESKTOP-OGCJR0S
  Description: 
The start type of the Background Intelligent Transfer Service service was changed from auto start to demand start.

Event[599]:
  Log Name: System
  Source: Microsoft-Windows-Time-Service
  Date: 2017-06-24T19:24:25.085
  Event ID: 158
  Task: N/A
  Level: Information
  Opcode: Info
  Keyword: N/A
  User: S-1-5-19
  User Name: NT AUTHORITY\LOCAL SERVICE
  Computer: DESKTOP-OGCJR0S
  Description: 
The time provider 'VMICTimeProvider' has indicated that the current hardware and operating environment is not supported and has stopped. This behavior is expected for VMICTimeProvider on non-HyperV-guest environments. This may be the expected behavior for the current provider in the current operating environment as well.

Event[600]:
  Log Name: System
  Source: Microsoft-Windows-Time-Service
  Date: 2017-06-24T19:24:26.658
  Event ID: 37
  Task: N/A
  Level: Information
  Opcode: Info
  Keyword: N/A
  User: S-1-5-19
  User Name: NT AUTHORITY\LOCAL SERVICE
  Computer: DESKTOP-OGCJR0S
  Description: 
The time provider NtpClient is currently receiving valid time data from time.windows.com,0x9 (ntp.m|0x9|0.0.0.0:123->13.65.245.138:123).

Event[601]:
  Log Name: System
  Source: Microsoft-Windows-Time-Service
  Date: 2017-06-24T19:24:41.120
  Event ID: 35
  Task: N/A
  Level: Information
  Opcode: Info
  Keyword: N/A
  User: S-1-5-19
  User Name: NT AUTHORITY\LOCAL SERVICE
  Computer: DESKTOP-OGCJR0S
  Description: 
The time service is now synchronizing the system time with the time source time.windows.com,0x9 (ntp.m|0x9|0.0.0.0:123->13.65.245.138:123).

Event[602]:
  Log Name: System
  Source: Microsoft-Windows-Kernel-General
  Date: 2017-06-24T19:24:41.119
  Event ID: 1
  Task: N/A
  Level: Information
  Opcode: Info
  Keyword: Time
  User: S-1-5-19
  User Name: NT AUTHORITY\LOCAL SERVICE
  Computer: DESKTOP-OGCJR0S
  Description: 
The system time has changed to ?2017?-?06?-?25T00:24:41.120000000Z from ?2017?-?06?-?25T00:24:41.121535100Z.

Change Reason: An application or system component changed the time.

Event[603]:
  Log Name: System
  Source: Microsoft-Windows-Kernel-Power
  Date: 2017-06-24T20:28:52.111
  Event ID: 42
  Task: N/A
  Level: Information
  Opcode: Info
  Keyword: N/A
  User: N/A
  User Name: N/A
  Computer: DESKTOP-OGCJR0S
  Description: 
The system is entering sleep.

Sleep Reason: System Idle

Event[604]:
  Log Name: System
  Source: Microsoft-Windows-Kernel-Power
  Date: 2017-06-24T20:28:53.550
  Event ID: 107
  Task: N/A
  Level: Information
  Opcode: Info
  Keyword: N/A
  User: N/A
  User Name: N/A
  Computer: DESKTOP-OGCJR0S
  Description: 
The system has resumed from sleep.

Event[605]:
  Log Name: System
  Source: Microsoft-Windows-Kernel-Power
  Date: 2017-06-24T20:28:53.550
  Event ID: 137
  Task: N/A
  Level: Error
  Opcode: Info
  Keyword: N/A
  User: N/A
  User Name: N/A
  Computer: DESKTOP-OGCJR0S
  Description: 
The system firmware has changed the processor's memory type range registers (MTRRs) across a sleep state transition (S4). This can result in reduced resume performance.

Event[606]:
  Log Name: System
  Source: Microsoft-Windows-Kernel-General
  Date: 2017-06-24T20:56:03.500
  Event ID: 1
  Task: N/A
  Level: Information
  Opcode: Info
  Keyword: Time
  User: N/A
  User Name: N/A
  Computer: DESKTOP-OGCJR0S
  Description: 
The system time has changed to ?2017?-?06?-?25T01:56:03.500000000Z from ?2017?-?06?-?25T01:28:53.550808000Z.

Change Reason: System time synchronized with the hardware clock.

Event[607]:
  Log Name: System
  Source: Microsoft-Windows-Kernel-Power
  Date: 2017-06-24T20:56:03.593
  Event ID: 131
  Task: N/A
  Level: Information
  Opcode: Info
  Keyword: N/A
  User: N/A
  User Name: N/A
  Computer: DESKTOP-OGCJR0S
  Description: 
Firmware S3 times. ResumeCount: 0, FullResume: 0, AverageResume: 0

Event[608]:
  Log Name: System
  Source: Microsoft-Windows-Power-Troubleshooter
  Date: 2017-06-24T20:56:09.869
  Event ID: 1
  Task: N/A
  Level: Information
  Opcode: Info
  Keyword: N/A
  User: S-1-5-19
  User Name: NT AUTHORITY\LOCAL SERVICE
  Computer: DESKTOP-OGCJR0S
  Description: 
The system has returned from a low power state.

Sleep Time: ?2017?-?06?-?25T01:28:45.586470500Z
Wake Time: ?2017?-?06?-?25T01:56:04.847313600Z

Wake Source: Power Button

Event[609]:
  Log Name: System
  Source: Microsoft-Windows-DNS-Client
  Date: 2017-06-24T20:56:09.938
  Event ID: 1014
  Task: N/A
  Level: Warning
  Opcode: Info
  Keyword: N/A
  User: S-1-5-20
  User Name: NT AUTHORITY\NETWORK SERVICE
  Computer: DESKTOP-OGCJR0S
  Description: 
Name resolution for the name wpad timed out after none of the configured DNS servers responded.

Event[610]:
  Log Name: System
  Source: Microsoft-Windows-DNS-Client
  Date: 2017-06-24T20:56:12.191
  Event ID: 1014
  Task: N/A
  Level: Warning
  Opcode: Info
  Keyword: N/A
  User: S-1-5-20
  User Name: NT AUTHORITY\NETWORK SERVICE
  Computer: DESKTOP-OGCJR0S
  Description: 
Name resolution for the name wpad timed out after none of the configured DNS servers responded.

Event[611]:
  Log Name: System
  Source: Service Control Manager
  Date: 2017-06-24T21:04:35.596
  Event ID: 7040
  Task: N/A
  Level: Information
  Opcode: N/A
  Keyword: Classic
  User: S-1-5-18
  User Name: NT AUTHORITY\SYSTEM
  Computer: DESKTOP-OGCJR0S
  Description: 
The start type of the Background Intelligent Transfer Service service was changed from demand start to auto start.

Event[612]:
  Log Name: System
  Source: Microsoft-Windows-WindowsUpdateClient
  Date: 2017-06-24T21:26:15.087
  Event ID: 44
  Task: Windows Update Agent
  Level: Information
  Opcode: Download
  Keyword: Download,Started
  User: S-1-5-18
  User Name: NT AUTHORITY\SYSTEM
  Computer: DESKTOP-OGCJR0S
  Description: 
Windows Update started downloading an update.

Event[613]:
  Log Name: System
  Source: Microsoft-Windows-WindowsUpdateClient
  Date: 2017-06-24T21:26:15.087
  Event ID: 43
  Task: Windows Update Agent
  Level: Information
  Opcode: Installation
  Keyword: Installation,Started
  User: S-1-5-18
  User Name: NT AUTHORITY\SYSTEM
  Computer: DESKTOP-OGCJR0S
  Description: 
Installation Started: Windows has started installing the following update: Definition Update for Windows Defender - KB2267602 (Definition 1.247.76.0)

Event[614]:
  Log Name: System
  Source: Service Control Manager
  Date: 2017-06-24T21:26:23.976
  Event ID: 7045
  Task: N/A
  Level: Information
  Opcode: N/A
  Keyword: Classic
  User: S-1-5-18
  User Name: NT AUTHORITY\SYSTEM
  Computer: DESKTOP-OGCJR0S
  Description: 
A service was installed in the system.

Service Name:  MpKsl8e9cf647
Service File Name:  C:\ProgramData\Microsoft\Windows Defender\Definition Updates\{393A403B-0D6E-461E-AE8F-CD009C1C077B}\MpKsl8e9cf647.sys
Service Type:  kernel mode driver
Service Start Type:  system start
Service Account:  

Event[615]:
  Log Name: System
  Source: Microsoft-Windows-WindowsUpdateClient
  Date: 2017-06-24T21:26:26.742
  Event ID: 19
  Task: Windows Update Agent
  Level: Information
  Opcode: Installation
  Keyword: Installation,Success
  User: S-1-5-18
  User Name: NT AUTHORITY\SYSTEM
  Computer: DESKTOP-OGCJR0S
  Description: 
Installation Successful: Windows successfully installed the following update: Definition Update for Windows Defender - KB2267602 (Definition 1.247.76.0)

Event[616]:
  Log Name: System
  Source: Microsoft-Windows-Kernel-Power
  Date: 2017-06-24T21:44:26.817
  Event ID: 42
  Task: N/A
  Level: Information
  Opcode: Info
  Keyword: N/A
  User: N/A
  User Name: N/A
  Computer: DESKTOP-OGCJR0S
  Description: 
The system is entering sleep.

Sleep Reason: System Idle

Event[617]:
  Log Name: System
  Source: Microsoft-Windows-Kernel-Power
  Date: 2017-06-24T21:44:28.464
  Event ID: 107
  Task: N/A
  Level: Information
  Opcode: Info
  Keyword: N/A
  User: N/A
  User Name: N/A
  Computer: DESKTOP-OGCJR0S
  Description: 
The system has resumed from sleep.

Event[618]:
  Log Name: System
  Source: Microsoft-Windows-Kernel-Power
  Date: 2017-06-24T21:44:28.464
  Event ID: 137
  Task: N/A
  Level: Error
  Opcode: Info
  Keyword: N/A
  User: N/A
  User Name: N/A
  Computer: DESKTOP-OGCJR0S
  Description: 
The system firmware has changed the processor's memory type range registers (MTRRs) across a sleep state transition (S4). This can result in reduced resume performance.

Event[619]:
  Log Name: System
  Source: Microsoft-Windows-Kernel-General
  Date: 2017-06-25T11:01:07.500
  Event ID: 1
  Task: N/A
  Level: Information
  Opcode: Info
  Keyword: Time
  User: N/A
  User Name: N/A
  Computer: DESKTOP-OGCJR0S
  Description: 
The system time has changed to ?2017?-?06?-?25T16:01:07.500000000Z from ?2017?-?06?-?25T02:44:28.464949000Z.

Change Reason: System time synchronized with the hardware clock.

Event[620]:
  Log Name: System
  Source: Microsoft-Windows-Kernel-Power
  Date: 2017-06-25T11:01:07.596
  Event ID: 131
  Task: N/A
  Level: Information
  Opcode: Info
  Keyword: N/A
  User: N/A
  User Name: N/A
  Computer: DESKTOP-OGCJR0S
  Description: 
Firmware S3 times. ResumeCount: 0, FullResume: 0, AverageResume: 0

Event[621]:
  Log Name: System
  Source: Microsoft-Windows-DNS-Client
  Date: 2017-06-25T11:01:13.665
  Event ID: 1014
  Task: N/A
  Level: Warning
  Opcode: Info
  Keyword: N/A
  User: S-1-5-20
  User Name: NT AUTHORITY\NETWORK SERVICE
  Computer: DESKTOP-OGCJR0S
  Description: 
Name resolution for the name wpad timed out after none of the configured DNS servers responded.

Event[622]:
  Log Name: System
  Source: Microsoft-Windows-Power-Troubleshooter
  Date: 2017-06-25T11:01:13.696
  Event ID: 1
  Task: N/A
  Level: Information
  Opcode: Info
  Keyword: N/A
  User: S-1-5-19
  User Name: NT AUTHORITY\LOCAL SERVICE
  Computer: DESKTOP-OGCJR0S
  Description: 
The system has returned from a low power state.

Sleep Time: ?2017?-?06?-?25T02:44:25.526600500Z
Wake Time: ?2017?-?06?-?25T16:01:08.928950600Z

Wake Source: Power Button

Event[623]:
  Log Name: System
  Source: Microsoft-Windows-DNS-Client
  Date: 2017-06-25T11:01:15.916
  Event ID: 1014
  Task: N/A
  Level: Warning
  Opcode: Info
  Keyword: N/A
  User: S-1-5-20
  User Name: NT AUTHORITY\NETWORK SERVICE
  Computer: DESKTOP-OGCJR0S
  Description: 
Name resolution for the name wpad timed out after none of the configured DNS servers responded.

Event[624]:
  Log Name: System
  Source: Microsoft-Windows-Time-Service
  Date: 2017-06-25T11:11:41.182
  Event ID: 158
  Task: N/A
  Level: Information
  Opcode: Info
  Keyword: N/A
  User: S-1-5-19
  User Name: NT AUTHORITY\LOCAL SERVICE
  Computer: DESKTOP-OGCJR0S
  Description: 
The time provider 'VMICTimeProvider' has indicated that the current hardware and operating environment is not supported and has stopped. This behavior is expected for VMICTimeProvider on non-HyperV-guest environments. This may be the expected behavior for the current provider in the current operating environment as well.

Event[625]:
  Log Name: System
  Source: Microsoft-Windows-Time-Service
  Date: 2017-06-25T11:11:42.756
  Event ID: 37
  Task: N/A
  Level: Information
  Opcode: Info
  Keyword: N/A
  User: S-1-5-19
  User Name: NT AUTHORITY\LOCAL SERVICE
  Computer: DESKTOP-OGCJR0S
  Description: 
The time provider NtpClient is currently receiving valid time data from time.windows.com,0x9 (ntp.m|0x9|0.0.0.0:123->13.65.245.138:123).

Event[626]:
  Log Name: System
  Source: Microsoft-Windows-Time-Service
  Date: 2017-06-25T11:11:57.214
  Event ID: 35
  Task: N/A
  Level: Information
  Opcode: Info
  Keyword: N/A
  User: S-1-5-19
  User Name: NT AUTHORITY\LOCAL SERVICE
  Computer: DESKTOP-OGCJR0S
  Description: 
The time service is now synchronizing the system time with the time source time.windows.com,0x9 (ntp.m|0x9|0.0.0.0:123->13.65.245.138:123).

Event[627]:
  Log Name: System
  Source: Microsoft-Windows-Kernel-General
  Date: 2017-06-25T11:11:57.213
  Event ID: 1
  Task: N/A
  Level: Information
  Opcode: Info
  Keyword: Time
  User: S-1-5-19
  User Name: NT AUTHORITY\LOCAL SERVICE
  Computer: DESKTOP-OGCJR0S
  Description: 
The system time has changed to ?2017?-?06?-?25T16:11:57.214000000Z from ?2017?-?06?-?25T16:11:57.215306900Z.

Change Reason: An application or system component changed the time.

Event[628]:
  Log Name: System
  Source: Microsoft-Windows-Kernel-General
  Date: 2017-06-25T11:12:42.664
  Event ID: 11
  Task: N/A
  Level: Information
  Opcode: Info
  Keyword: N/A
  User: S-1-5-18
  User Name: NT AUTHORITY\SYSTEM
  Computer: DESKTOP-OGCJR0S
  Description: 
TxR init phase for hive \??\GLOBALROOT\Device\HarddiskVolumeShadowCopy1\WINDOWS\System32\config\SYSTEM (TM: {870B7685-58E6-11E7-B43A-D43D7EF6AF9E}, RM: {870B7684-58E6-11E7-B43A-D43D7EF6AF9E}) finished with result=0xC00000A2 (Internal code=7).

Event[629]:
  Log Name: System
  Source: Microsoft-Windows-Kernel-General
  Date: 2017-06-25T11:12:42.741
  Event ID: 11
  Task: N/A
  Level: Information
  Opcode: Info
  Keyword: N/A
  User: S-1-5-18
  User Name: NT AUTHORITY\SYSTEM
  Computer: DESKTOP-OGCJR0S
  Description: 
TxR init phase for hive \??\GLOBALROOT\Device\HarddiskVolumeShadowCopy1\WINDOWS\System32\config\DRIVERS (TM: {870B7687-58E6-11E7-B43A-D43D7EF6AF9E}, RM: {870B7686-58E6-11E7-B43A-D43D7EF6AF9E}) finished with result=0xC00000A2 (Internal code=7).

Event[630]:
  Log Name: System
  Source: Microsoft-Windows-Kernel-Power
  Date: 2017-06-25T11:51:40.795
  Event ID: 42
  Task: N/A
  Level: Information
  Opcode: Info
  Keyword: N/A
  User: N/A
  User Name: N/A
  Computer: DESKTOP-OGCJR0S
  Description: 
The system is entering sleep.

Sleep Reason: System Idle

Event[631]:
  Log Name: System
  Source: EventLog
  Date: 2017-06-25T15:57:16.759
  Event ID: 6013
  Task: N/A
  Level: Information
  Opcode: N/A
  Keyword: Classic
  User: N/A
  User Name: N/A
  Computer: DESKTOP-OGCJR0S
  Description: 
The system uptime is 113913 seconds.

Event[632]:
  Log Name: System
  Source: Microsoft-Windows-Kernel-Power
  Date: 2017-06-25T11:51:42.472
  Event ID: 107
  Task: N/A
  Level: Information
  Opcode: Info
  Keyword: N/A
  User: N/A
  User Name: N/A
  Computer: DESKTOP-OGCJR0S
  Description: 
The system has resumed from sleep.

Event[633]:
  Log Name: System
  Source: Microsoft-Windows-Kernel-Power
  Date: 2017-06-25T11:51:42.472
  Event ID: 137
  Task: N/A
  Level: Error
  Opcode: Info
  Keyword: N/A
  User: N/A
  User Name: N/A
  Computer: DESKTOP-OGCJR0S
  Description: 
The system firmware has changed the processor's memory type range registers (MTRRs) across a sleep state transition (S4). This can result in reduced resume performance.

Event[634]:
  Log Name: System
  Source: Microsoft-Windows-Kernel-General
  Date: 2017-06-25T15:57:16.500
  Event ID: 1
  Task: N/A
  Level: Information
  Opcode: Info
  Keyword: Time
  User: N/A
  User Name: N/A
  Computer: DESKTOP-OGCJR0S
  Description: 
The system time has changed to ?2017?-?06?-?25T20:57:16.500000000Z from ?2017?-?06?-?25T16:51:42.472798800Z.

Change Reason: System time synchronized with the hardware clock.

Event[635]:
  Log Name: System
  Source: Microsoft-Windows-Kernel-Power
  Date: 2017-06-25T15:57:16.631
  Event ID: 131
  Task: N/A
  Level: Information
  Opcode: Info
  Keyword: N/A
  User: N/A
  User Name: N/A
  Computer: DESKTOP-OGCJR0S
  Description: 
Firmware S3 times. ResumeCount: 0, FullResume: 0, AverageResume: 0

Event[636]:
  Log Name: System
  Source: Microsoft-Windows-DNS-Client
  Date: 2017-06-25T15:57:22.728
  Event ID: 1014
  Task: N/A
  Level: Warning
  Opcode: Info
  Keyword: N/A
  User: S-1-5-20
  User Name: NT AUTHORITY\NETWORK SERVICE
  Computer: DESKTOP-OGCJR0S
  Description: 
Name resolution for the name wpad timed out after none of the configured DNS servers responded.

Event[637]:
  Log Name: System
  Source: Microsoft-Windows-Power-Troubleshooter
  Date: 2017-06-25T15:57:23.729
  Event ID: 1
  Task: N/A
  Level: Information
  Opcode: Info
  Keyword: N/A
  User: S-1-5-19
  User Name: NT AUTHORITY\LOCAL SERVICE
  Computer: DESKTOP-OGCJR0S
  Description: 
The system has returned from a low power state.

Sleep Time: ?2017?-?06?-?25T16:51:34.560964800Z
Wake Time: ?2017?-?06?-?25T20:57:23.486686800Z

Wake Source: Power Button

Event[638]:
  Log Name: System
  Source: Microsoft-Windows-DNS-Client
  Date: 2017-06-25T15:57:24.992
  Event ID: 1014
  Task: N/A
  Level: Warning
  Opcode: Info
  Keyword: N/A
  User: S-1-5-20
  User Name: NT AUTHORITY\NETWORK SERVICE
  Computer: DESKTOP-OGCJR0S
  Description: 
Name resolution for the name wpad timed out after none of the configured DNS servers responded.

Event[639]:
  Log Name: System
  Source: Microsoft-Windows-DistributedCOM
  Date: 2017-06-25T15:57:28.932
  Event ID: 10016
  Task: N/A
  Level: Error
  Opcode: Info
  Keyword: Classic
  User: S-1-5-21-3654634270-3195840133-2774193163-1001
  User Name: DESKTOP-OGCJR0S\joshu
  Computer: DESKTOP-OGCJR0S
  Description: 
The machine-default permission settings do not grant Local Activation permission for the COM Server application with CLSID 
{C2F03A33-21F5-47FA-B4BB-156362A2F239}
 and APPID 
{316CDED5-E4AE-4B15-9113-7055D84DCC97}
 to the user DESKTOP-OGCJR0S\joshu SID (S-1-5-21-3654634270-3195840133-2774193163-1001) from address LocalHost (Using LRPC) running in the application container Microsoft.Windows.Cortana_1.8.12.15063_neutral_neutral_cw5n1h2txyewy SID (S-1-15-2-1861897761-1695161497-2927542615-642690995-327840285-2659745135-2630312742). This security permission can be modified using the Component Services administrative tool.

Event[640]:
  Log Name: System
  Source: Microsoft-Windows-DistributedCOM
  Date: 2017-06-25T15:57:29.709
  Event ID: 10016
  Task: N/A
  Level: Error
  Opcode: Info
  Keyword: Classic
  User: S-1-5-21-3654634270-3195840133-2774193163-1001
  User Name: DESKTOP-OGCJR0S\joshu
  Computer: DESKTOP-OGCJR0S
  Description: 
The machine-default permission settings do not grant Local Activation permission for the COM Server application with CLSID 
{C2F03A33-21F5-47FA-B4BB-156362A2F239}
 and APPID 
{316CDED5-E4AE-4B15-9113-7055D84DCC97}
 to the user DESKTOP-OGCJR0S\joshu SID (S-1-5-21-3654634270-3195840133-2774193163-1001) from address LocalHost (Using LRPC) running in the application container Microsoft.Windows.Cortana_1.8.12.15063_neutral_neutral_cw5n1h2txyewy SID (S-1-15-2-1861897761-1695161497-2927542615-642690995-327840285-2659745135-2630312742). This security permission can be modified using the Component Services administrative tool.

Event[641]:
  Log Name: System
  Source: Microsoft-Windows-DistributedCOM
  Date: 2017-06-25T15:57:30.098
  Event ID: 10016
  Task: N/A
  Level: Error
  Opcode: Info
  Keyword: Classic
  User: S-1-5-21-3654634270-3195840133-2774193163-1001
  User Name: DESKTOP-OGCJR0S\joshu
  Computer: DESKTOP-OGCJR0S
  Description: 
The machine-default permission settings do not grant Local Activation permission for the COM Server application with CLSID 
{C2F03A33-21F5-47FA-B4BB-156362A2F239}
 and APPID 
{316CDED5-E4AE-4B15-9113-7055D84DCC97}
 to the user DESKTOP-OGCJR0S\joshu SID (S-1-5-21-3654634270-3195840133-2774193163-1001) from address LocalHost (Using LRPC) running in the application container Microsoft.Windows.Cortana_1.8.12.15063_neutral_neutral_cw5n1h2txyewy SID (S-1-15-2-1861897761-1695161497-2927542615-642690995-327840285-2659745135-2630312742). This security permission can be modified using the Component Services administrative tool.

Event[642]:
  Log Name: System
  Source: Microsoft-Windows-Kernel-General
  Date: 2017-06-25T18:40:08.900
  Event ID: 16
  Task: N/A
  Level: Information
  Opcode: Info
  Keyword: N/A
  User: S-1-5-18
  User Name: NT AUTHORITY\SYSTEM
  Computer: DESKTOP-OGCJR0S
  Description: 
The access history in hive \??\C:\ProgramData\Microsoft\Windows\AppRepository\Packages\Microsoft.Advertising.Xaml_10.1706.1.0_x86__8wekyb3d8bbwe\ActivationStore.dat was cleared updating 0 keys and creating 0 modified pages.

Event[643]:
  Log Name: System
  Source: Microsoft-Windows-WindowsUpdateClient
  Date: 2017-06-25T18:40:08.938
  Event ID: 44
  Task: Windows Update Agent
  Level: Information
  Opcode: Download
  Keyword: Download,Started
  User: S-1-5-18
  User Name: NT AUTHORITY\SYSTEM
  Computer: DESKTOP-OGCJR0S
  Description: 
Windows Update started downloading an update.

Event[644]:
  Log Name: System
  Source: Microsoft-Windows-WindowsUpdateClient
  Date: 2017-06-25T18:40:08.938
  Event ID: 44
  Task: Windows Update Agent
  Level: Information
  Opcode: Download
  Keyword: Download,Started
  User: S-1-5-18
  User Name: NT AUTHORITY\SYSTEM
  Computer: DESKTOP-OGCJR0S
  Description: 
Windows Update started downloading an update.

Event[645]:
  Log Name: System
  Source: Microsoft-Windows-Kernel-General
  Date: 2017-06-25T18:40:09.399
  Event ID: 16
  Task: N/A
  Level: Information
  Opcode: Info
  Keyword: N/A
  User: S-1-5-18
  User Name: NT AUTHORITY\SYSTEM
  Computer: DESKTOP-OGCJR0S
  Description: 
The access history in hive \??\C:\ProgramData\Microsoft\Windows\AppRepository\Packages\Microsoft.Advertising.Xaml_10.1706.1.0_x64__8wekyb3d8bbwe\ActivationStore.dat was cleared updating 0 keys and creating 0 modified pages.

Event[646]:
  Log Name: System
  Source: Microsoft-Windows-WindowsUpdateClient
  Date: 2017-06-25T21:46:51.732
  Event ID: 44
  Task: Windows Update Agent
  Level: Information
  Opcode: Download
  Keyword: Download,Started
  User: S-1-5-18
  User Name: NT AUTHORITY\SYSTEM
  Computer: DESKTOP-OGCJR0S
  Description: 
Windows Update started downloading an update.

Event[647]:
  Log Name: System
  Source: Microsoft-Windows-WindowsUpdateClient
  Date: 2017-06-25T21:46:51.732
  Event ID: 43
  Task: Windows Update Agent
  Level: Information
  Opcode: Installation
  Keyword: Installation,Started
  User: S-1-5-18
  User Name: NT AUTHORITY\SYSTEM
  Computer: DESKTOP-OGCJR0S
  Description: 
Installation Started: Windows has started installing the following update: Definition Update for Windows Defender - KB2267602 (Definition 1.247.96.0)

Event[648]:
  Log Name: System
  Source: Service Control Manager
  Date: 2017-06-25T21:47:00.445
  Event ID: 7045
  Task: N/A
  Level: Information
  Opcode: N/A
  Keyword: Classic
  User: S-1-5-18
  User Name: NT AUTHORITY\SYSTEM
  Computer: DESKTOP-OGCJR0S
  Description: 
A service was installed in the system.

Service Name:  MpKsl9fc578b0
Service File Name:  C:\ProgramData\Microsoft\Windows Defender\Definition Updates\{50283086-5BBF-4CD0-BD27-A1D90114D222}\MpKsl9fc578b0.sys
Service Type:  kernel mode driver
Service Start Type:  system start
Service Account:  

Event[649]:
  Log Name: System
  Source: Microsoft-Windows-WindowsUpdateClient
  Date: 2017-06-25T21:47:03.302
  Event ID: 19
  Task: Windows Update Agent
  Level: Information
  Opcode: Installation
  Keyword: Installation,Success
  User: S-1-5-18
  User Name: NT AUTHORITY\SYSTEM
  Computer: DESKTOP-OGCJR0S
  Description: 
Installation Successful: Windows successfully installed the following update: Definition Update for Windows Defender - KB2267602 (Definition 1.247.96.0)

Event[650]:
  Log Name: System
  Source: User32
  Date: 2017-06-26T00:20:50.220
  Event ID: 1074
  Task: N/A
  Level: Information
  Opcode: N/A
  Keyword: Classic
  User: S-1-5-21-3654634270-3195840133-2774193163-1001
  User Name: DESKTOP-OGCJR0S\joshu
  Computer: DESKTOP-OGCJR0S
  Description: 
The process C:\Windows\System32\RuntimeBroker.exe (DESKTOP-OGCJR0S) has initiated the power off of computer DESKTOP-OGCJR0S on behalf of user DESKTOP-OGCJR0S\joshu for the following reason: Other (Unplanned)
 Reason Code: 0x0
 Shutdown Type: power off
 Comment: 

Event[651]:
  Log Name: System
  Source: Microsoft-Windows-Winlogon
  Date: 2017-06-26T00:20:52.107
  Event ID: 7002
  Task: N/A
  Level: Information
  Opcode: Info
  Keyword: N/A
  User: S-1-5-18
  User Name: NT AUTHORITY\SYSTEM
  Computer: DESKTOP-OGCJR0S
  Description: 
User Logoff Notification for Customer Experience Improvement Program

Event[652]:
  Log Name: System
  Source: Microsoft-Windows-Kernel-Power
  Date: 2017-06-26T00:21:05.391
  Event ID: 42
  Task: N/A
  Level: Information
  Opcode: Info
  Keyword: N/A
  User: N/A
  User Name: N/A
  Computer: DESKTOP-OGCJR0S
  Description: 
The system is entering sleep.

Sleep Reason: Application API

Event[653]:
  Log Name: System
  Source: Microsoft-Windows-Kernel-Power
  Date: 2017-06-26T00:21:06.764
  Event ID: 107
  Task: N/A
  Level: Information
  Opcode: Info
  Keyword: N/A
  User: N/A
  User Name: N/A
  Computer: DESKTOP-OGCJR0S
  Description: 
The system has resumed from sleep.

Event[654]:
  Log Name: System
  Source: Microsoft-Windows-Kernel-General
  Date: 2017-06-26T08:07:03.499
  Event ID: 1
  Task: N/A
  Level: Information
  Opcode: Info
  Keyword: Time
  User: N/A
  User Name: N/A
  Computer: DESKTOP-OGCJR0S
  Description: 
The system time has changed to ?2017?-?06?-?26T13:07:03.500000000Z from ?2017?-?06?-?26T05:21:06.764773700Z.

Change Reason: System time synchronized with the hardware clock.

Event[655]:
  Log Name: System
  Source: Microsoft-Windows-Kernel-Boot
  Date: 2017-06-26T08:07:04.406
  Event ID: 30
  Task: N/A
  Level: Information
  Opcode: Info
  Keyword: N/A
  User: N/A
  User Name: N/A
  Computer: DESKTOP-OGCJR0S
  Description: 
The firmware reported boot metrics.

Event[656]:
  Log Name: System
  Source: Microsoft-Windows-Kernel-Boot
  Date: 2017-06-26T08:07:04.406
  Event ID: 25
  Task: N/A
  Level: Information
  Opcode: Info
  Keyword: N/A
  User: N/A
  User Name: N/A
  Computer: DESKTOP-OGCJR0S
  Description: 
The boot menu policy was 0x1.

Event[657]:
  Log Name: System
  Source: Microsoft-Windows-Kernel-Boot
  Date: 2017-06-26T08:07:04.406
  Event ID: 27
  Task: N/A
  Level: Information
  Opcode: Info
  Keyword: N/A
  User: N/A
  User Name: N/A
  Computer: DESKTOP-OGCJR0S
  Description: 
The boot type was 0x1.

Event[658]:
  Log Name: System
  Source: Microsoft-Windows-Kernel-Boot
  Date: 2017-06-26T08:07:04.406
  Event ID: 18
  Task: N/A
  Level: Information
  Opcode: Info
  Keyword: N/A
  User: N/A
  User Name: N/A
  Computer: DESKTOP-OGCJR0S
  Description: 
There are 0x1 boot options on this system.

Event[659]:
  Log Name: System
  Source: Microsoft-Windows-Kernel-Boot
  Date: 2017-06-26T08:07:04.406
  Event ID: 32
  Task: N/A
  Level: Information
  Opcode: Info
  Keyword: N/A
  User: N/A
  User Name: N/A
  Computer: DESKTOP-OGCJR0S
  Description: 
The bootmgr spent 0 ms waiting for user input.

Event[660]:
  Log Name: System
  Source: Microsoft-Windows-Power-Troubleshooter
  Date: 2017-06-26T08:07:06.412
  Event ID: 1
  Task: N/A
  Level: Information
  Opcode: Info
  Keyword: N/A
  User: S-1-5-19
  User Name: NT AUTHORITY\LOCAL SERVICE
  Computer: DESKTOP-OGCJR0S
  Description: 
The system has returned from a low power state.

Sleep Time: ?2017?-?06?-?26T05:20:53.718980000Z
Wake Time: ?2017?-?06?-?26T13:07:05.042246800Z

Wake Source: Unknown

Event[661]:
  Log Name: System
  Source: Microsoft-Windows-Winlogon
  Date: 2017-06-26T08:07:09.613
  Event ID: 7001
  Task: N/A
  Level: Information
  Opcode: Info
  Keyword: N/A
  User: S-1-5-18
  User Name: NT AUTHORITY\SYSTEM
  Computer: DESKTOP-OGCJR0S
  Description: 
User Logon Notification for Customer Experience Improvement Program

Event[662]:
  Log Name: System
  Source: Service Control Manager
  Date: 2017-06-26T08:09:23.882
  Event ID: 7040
  Task: N/A
  Level: Information
  Opcode: N/A
  Keyword: Classic
  User: S-1-5-18
  User Name: NT AUTHORITY\SYSTEM
  Computer: DESKTOP-OGCJR0S
  Description: 
The start type of the Background Intelligent Transfer Service service was changed from auto start to demand start.

Event[663]:
  Log Name: System
  Source: Service Control Manager
  Date: 2017-06-26T08:10:03.917
  Event ID: 7040
  Task: N/A
  Level: Information
  Opcode: N/A
  Keyword: Classic
  User: S-1-5-18
  User Name: NT AUTHORITY\SYSTEM
  Computer: DESKTOP-OGCJR0S
  Description: 
The start type of the Background Intelligent Transfer Service service was changed from demand start to auto start.

Event[664]:
  Log Name: System
  Source: Service Control Manager
  Date: 2017-06-26T08:12:06.077
  Event ID: 7040
  Task: N/A
  Level: Information
  Opcode: N/A
  Keyword: Classic
  User: S-1-5-18
  User Name: NT AUTHORITY\SYSTEM
  Computer: DESKTOP-OGCJR0S
  Description: 
The start type of the Background Intelligent Transfer Service service was changed from auto start to demand start.

Event[665]:
  Log Name: System
  Source: Microsoft-Windows-DistributedCOM
  Date: 2017-06-26T08:16:19.569
  Event ID: 10016
  Task: N/A
  Level: Error
  Opcode: Info
  Keyword: Classic
  User: S-1-5-18
  User Name: NT AUTHORITY\SYSTEM
  Computer: DESKTOP-OGCJR0S
  Description: 
The application-specific permission settings do not grant Local Activation permission for the COM Server application with CLSID 
{D63B10C5-BB46-4990-A94F-E40B9D520160}
 and APPID 
{9CA88EE3-ACB7-47C8-AFC4-AB702511C276}
 to the user NT AUTHORITY\SYSTEM SID (S-1-5-18) from address LocalHost (Using LRPC) running in the application container Unavailable SID (Unavailable). This security permission can be modified using the Component Services administrative tool.

Event[666]:
  Log Name: System
  Source: Service Control Manager
  Date: 2017-06-26T08:17:36.944
  Event ID: 7040
  Task: N/A
  Level: Information
  Opcode: N/A
  Keyword: Classic
  User: S-1-5-18
  User Name: NT AUTHORITY\SYSTEM
  Computer: DESKTOP-OGCJR0S
  Description: 
The start type of the Background Intelligent Transfer Service service was changed from demand start to auto start.

Event[667]:
