  Log Name: System
  Source: Microsoft-Windows-Kernel-General
  Date: 2017-06-22T09:44:21.918
  Event ID: 16
  Task: N/A
  Level: Information
  Opcode: Info
  Keyword: N/A
  User: S-1-5-18
  User Name: NT AUTHORITY\SYSTEM
  Computer: DESKTOP-OGCJR0S
  Description: 
The access history in hive \??\C:\ProgramData\Microsoft\Windows\AppRepository\Packages\Microsoft.WindowsSoundRecorder_10.1702.301.0_x64__8wekyb3d8bbwe\ActivationStore.dat was cleared updating 0 keys and creating 0 modified pages.

Event[225]:
  Log Name: System
  Source: Microsoft-Windows-Kernel-General
  Date: 2017-06-22T09:44:22.996
  Event ID: 16
  Task: N/A
  Level: Information
  Opcode: Info
  Keyword: N/A
  User: S-1-5-18
  User Name: NT AUTHORITY\SYSTEM
  Computer: DESKTOP-OGCJR0S
  Description: 
The access history in hive \??\C:\ProgramData\Microsoft\Windows\AppRepository\Packages\Microsoft.WindowsStore_11701.1001.87.0_x64__8wekyb3d8bbwe\ActivationStore.dat was cleared updating 0 keys and creating 0 modified pages.

Event[226]:
  Log Name: System
  Source: Microsoft-Windows-Kernel-General
  Date: 2017-06-22T09:44:24.231
  Event ID: 16
  Task: N/A
  Level: Information
  Opcode: Info
  Keyword: N/A
  User: S-1-5-18
  User Name: NT AUTHORITY\SYSTEM
  Computer: DESKTOP-OGCJR0S
  Description: 
The access history in hive \??\C:\ProgramData\Microsoft\Windows\AppRepository\Packages\Microsoft.XboxApp_25.25.13009.0_x64__8wekyb3d8bbwe\ActivationStore.dat was cleared updating 0 keys and creating 0 modified pages.

Event[227]:
  Log Name: System
  Source: Microsoft-Windows-Kernel-General
  Date: 2017-06-22T09:44:24.524
  Event ID: 16
  Task: N/A
  Level: Information
  Opcode: Info
  Keyword: N/A
  User: S-1-5-18
  User Name: NT AUTHORITY\SYSTEM
  Computer: DESKTOP-OGCJR0S
  Description: 
The access history in hive \??\C:\ProgramData\Microsoft\Windows\AppRepository\Packages\Microsoft.XboxGameOverlay_1.15.2003.0_x64__8wekyb3d8bbwe\ActivationStore.dat was cleared updating 0 keys and creating 0 modified pages.

Event[228]:
  Log Name: System
  Source: Microsoft-Windows-Kernel-General
  Date: 2017-06-22T09:44:24.782
  Event ID: 16
  Task: N/A
  Level: Information
  Opcode: Info
  Keyword: N/A
  User: S-1-5-18
  User Name: NT AUTHORITY\SYSTEM
  Computer: DESKTOP-OGCJR0S
  Description: 
The access history in hive \??\C:\ProgramData\Microsoft\Windows\AppRepository\Packages\Microsoft.XboxSpeechToTextOverlay_1.14.2002.0_x64__8wekyb3d8bbwe\ActivationStore.dat was cleared updating 0 keys and creating 0 modified pages.

Event[229]:
  Log Name: System
  Source: Microsoft-Windows-Kernel-General
  Date: 2017-06-22T09:44:26.011
  Event ID: 16
  Task: N/A
  Level: Information
  Opcode: Info
  Keyword: N/A
  User: S-1-5-18
  User Name: NT AUTHORITY\SYSTEM
  Computer: DESKTOP-OGCJR0S
  Description: 
The access history in hive \??\C:\ProgramData\Microsoft\Windows\AppRepository\Packages\Microsoft.ZuneMusic_10.16112.11621.0_x64__8wekyb3d8bbwe\ActivationStore.dat was cleared updating 0 keys and creating 0 modified pages.

Event[230]:
  Log Name: System
  Source: Microsoft-Windows-Kernel-General
  Date: 2017-06-22T09:44:27.101
  Event ID: 16
  Task: N/A
  Level: Information
  Opcode: Info
  Keyword: N/A
  User: S-1-5-18
  User Name: NT AUTHORITY\SYSTEM
  Computer: DESKTOP-OGCJR0S
  Description: 
The access history in hive \??\C:\ProgramData\Microsoft\Windows\AppRepository\Packages\Microsoft.ZuneVideo_10.16112.11601.0_x64__8wekyb3d8bbwe\ActivationStore.dat was cleared updating 0 keys and creating 0 modified pages.

Event[231]:
  Log Name: System
  Source: Microsoft-Windows-Kernel-General
  Date: 2017-06-22T09:44:27.402
  Event ID: 16
  Task: N/A
  Level: Information
  Opcode: Info
  Keyword: N/A
  User: S-1-5-18
  User Name: NT AUTHORITY\SYSTEM
  Computer: DESKTOP-OGCJR0S
  Description: 
The access history in hive \??\C:\ProgramData\Microsoft\Windows\AppRepository\Packages\Microsoft.DesktopAppInstaller_1.0.10332.0_x64__8wekyb3d8bbwe\ActivationStore.dat was cleared updating 0 keys and creating 0 modified pages.

Event[232]:
  Log Name: System
  Source: Microsoft-Windows-Kernel-General
  Date: 2017-06-22T09:44:27.677
  Event ID: 16
  Task: N/A
  Level: Information
  Opcode: Info
  Keyword: N/A
  User: S-1-5-18
  User Name: NT AUTHORITY\SYSTEM
  Computer: DESKTOP-OGCJR0S
  Description: 
The access history in hive \??\C:\ProgramData\Microsoft\Windows\AppRepository\Packages\Microsoft.MicrosoftStickyNotes_1.8.0.0_x64__8wekyb3d8bbwe\ActivationStore.dat was cleared updating 0 keys and creating 0 modified pages.

Event[233]:
  Log Name: System
  Source: Microsoft-Windows-Kernel-General
  Date: 2017-06-22T09:44:27.984
  Event ID: 16
  Task: N/A
  Level: Information
  Opcode: Info
  Keyword: N/A
  User: S-1-5-18
  User Name: NT AUTHORITY\SYSTEM
  Computer: DESKTOP-OGCJR0S
  Description: 
The access history in hive \??\C:\ProgramData\Microsoft\Windows\AppRepository\Packages\Microsoft.3DBuilder_14.1.1302.0_x64__8wekyb3d8bbwe\ActivationStore.dat was cleared updating 0 keys and creating 0 modified pages.

Event[234]:
  Log Name: System
  Source: Microsoft-Windows-Kernel-General
  Date: 2017-06-22T09:44:28.266
  Event ID: 16
  Task: N/A
  Level: Information
  Opcode: Info
  Keyword: N/A
  User: S-1-5-18
  User Name: NT AUTHORITY\SYSTEM
  Computer: DESKTOP-OGCJR0S
  Description: 
The access history in hive \??\C:\ProgramData\Microsoft\Windows\AppRepository\Packages\Microsoft.WindowsMaps_5.1705.1391.0_x64__8wekyb3d8bbwe\ActivationStore.dat was cleared updating 0 keys and creating 0 modified pages.

Event[235]:
  Log Name: System
  Source: Microsoft-Windows-Kernel-General
  Date: 2017-06-22T09:44:28.587
  Event ID: 16
  Task: N/A
  Level: Information
  Opcode: Info
  Keyword: N/A
  User: S-1-5-18
  User Name: NT AUTHORITY\SYSTEM
  Computer: DESKTOP-OGCJR0S
  Description: 
The access history in hive \??\C:\ProgramData\Microsoft\Windows\AppRepository\Packages\Microsoft.ZuneMusic_10.17042.14111.0_x64__8wekyb3d8bbwe\ActivationStore.dat was cleared updating 0 keys and creating 0 modified pages.

Event[236]:
  Log Name: System
  Source: Microsoft-Windows-Kernel-General
  Date: 2017-06-22T09:44:28.891
  Event ID: 16
  Task: N/A
  Level: Information
  Opcode: Info
  Keyword: N/A
  User: S-1-5-18
  User Name: NT AUTHORITY\SYSTEM
  Computer: DESKTOP-OGCJR0S
  Description: 
The access history in hive \??\C:\ProgramData\Microsoft\Windows\AppRepository\Packages\Microsoft.ZuneVideo_10.17042.14211.0_x64__8wekyb3d8bbwe\ActivationStore.dat was cleared updating 0 keys and creating 0 modified pages.

Event[237]:
  Log Name: System
  Source: Microsoft-Windows-Kernel-General
  Date: 2017-06-22T09:44:29.462
  Event ID: 16
  Task: N/A
  Level: Information
  Opcode: Info
  Keyword: N/A
  User: S-1-5-18
  User Name: NT AUTHORITY\SYSTEM
  Computer: DESKTOP-OGCJR0S
  Description: 
The access history in hive \??\C:\ProgramData\Microsoft\Windows\AppRepository\Packages\Microsoft.People_10.2.1451.0_x64__8wekyb3d8bbwe\ActivationStore.dat was cleared updating 0 keys and creating 0 modified pages.

Event[238]:
  Log Name: System
  Source: Microsoft-Windows-Kernel-General
  Date: 2017-06-22T09:44:29.785
  Event ID: 16
  Task: N/A
  Level: Information
  Opcode: Info
  Keyword: N/A
  User: S-1-5-18
  User Name: NT AUTHORITY\SYSTEM
  Computer: DESKTOP-OGCJR0S
  Description: 
The access history in hive \??\C:\ProgramData\Microsoft\Windows\AppRepository\Packages\Microsoft.WindowsFeedbackHub_1.1704.1603.0_x64__8wekyb3d8bbwe\ActivationStore.dat was cleared updating 0 keys and creating 0 modified pages.

Event[239]:
  Log Name: System
  Source: Microsoft-Windows-Kernel-General
  Date: 2017-06-22T09:44:30.172
  Event ID: 16
  Task: N/A
  Level: Information
  Opcode: Info
  Keyword: N/A
  User: S-1-5-18
  User Name: NT AUTHORITY\SYSTEM
  Computer: DESKTOP-OGCJR0S
  Description: 
The access history in hive \??\C:\ProgramData\Microsoft\Windows\AppRepository\Packages\microsoft.windowscommunicationsapps_17.8241.40785.0_x64__8wekyb3d8bbwe\ActivationStore.dat was cleared updating 0 keys and creating 0 modified pages.

Event[240]:
  Log Name: System
  Source: Microsoft-Windows-Kernel-General
  Date: 2017-06-22T09:44:30.604
  Event ID: 16
  Task: N/A
  Level: Information
  Opcode: Info
  Keyword: N/A
  User: S-1-5-18
  User Name: NT AUTHORITY\SYSTEM
  Computer: DESKTOP-OGCJR0S
  Description: 
The access history in hive \??\C:\ProgramData\Microsoft\Windows\AppRepository\Packages\Microsoft.Office.OneNote_17.8269.57641.0_x64__8wekyb3d8bbwe\ActivationStore.dat was cleared updating 0 keys and creating 0 modified pages.

Event[241]:
  Log Name: System
  Source: Microsoft-Windows-Kernel-General
  Date: 2017-06-22T09:44:31.028
  Event ID: 16
  Task: N/A
  Level: Information
  Opcode: Info
  Keyword: N/A
  User: S-1-5-18
  User Name: NT AUTHORITY\SYSTEM
  Computer: DESKTOP-OGCJR0S
  Description: 
The access history in hive \??\C:\ProgramData\Microsoft\Windows\AppRepository\Packages\Microsoft.Windows.Photos_2017.18062.12990.0_x64__8wekyb3d8bbwe\ActivationStore.dat was cleared updating 0 keys and creating 0 modified pages.

Event[242]:
  Log Name: System
  Source: Microsoft-Windows-Kernel-General
  Date: 2017-06-22T09:44:31.462
  Event ID: 16
  Task: N/A
  Level: Information
  Opcode: Info
  Keyword: N/A
  User: S-1-5-18
  User Name: NT AUTHORITY\SYSTEM
  Computer: DESKTOP-OGCJR0S
  Description: 
The access history in hive \??\C:\ProgramData\Microsoft\Windows\AppRepository\Packages\Microsoft.WindowsStore_11705.1001.21.0_x64__8wekyb3d8bbwe\ActivationStore.dat was cleared updating 0 keys and creating 0 modified pages.

Event[243]:
  Log Name: System
  Source: Microsoft-Windows-WinRM
  Date: 2017-06-22T09:44:32.488
  Event ID: 10142
  Task: N/A
  Level: Error
  Opcode: Info
  Keyword: Classic
  User: N/A
  User Name: N/A
  Computer: DESKTOP-OGCJR0S
  Description: 
The WinRM service cannot migrate the listener with Address * and Transport HTTP. A listener that has the same Address and Transport configuration already exists.

Event[244]:
  Log Name: System
  Source: Microsoft-Windows-HttpEvent
  Date: 2017-06-22T09:44:32.488
  Event ID: 15008
  Task: N/A
  Level: Information
  Opcode: N/A
  Keyword: Classic
  User: N/A
  User Name: N/A
  Computer: DESKTOP-OGCJR0S
  Description: 
Reservation for namespace identified by URL prefix http://+:5985/wsman/ was successfully deleted.

Event[245]:
  Log Name: System
  Source: Microsoft-Windows-HttpEvent
  Date: 2017-06-22T09:44:32.488
  Event ID: 15007
  Task: N/A
  Level: Information
  Opcode: N/A
  Keyword: Classic
  User: N/A
  User Name: N/A
  Computer: DESKTOP-OGCJR0S
  Description: 
Reservation for namespace identified by URL prefix http://+:5985/wsman/ was successfully added.

Event[246]:
  Log Name: System
  Source: Microsoft-Windows-Kernel-General
  Date: 2017-06-22T09:44:34.438
  Event ID: 16
  Task: N/A
  Level: Information
  Opcode: Info
  Keyword: N/A
  User: S-1-5-18
  User Name: NT AUTHORITY\SYSTEM
  Computer: DESKTOP-OGCJR0S
  Description: 
The access history in hive \??\C:\ProgramData\Microsoft\Provisioning\Microsoft-Desktop-Provisioning-Sequence.dat was cleared updating 0 keys and creating 0 modified pages.

Event[247]:
  Log Name: System
  Source: Microsoft-Windows-UserModePowerService
  Date: 2017-06-22T09:44:37.336
  Event ID: 22
  Task: N/A
  Level: Information
  Opcode: Info
  Keyword: N/A
  User: S-1-5-18
  User Name: NT AUTHORITY\SYSTEM
  Computer: DESKTOP-OGCJR0S
  Description: 
Reapply power settings upon completion of the provisioning engine's turn 1

Event[248]:
  Log Name: System
  Source: Microsoft-Windows-FilterManager
  Date: 2017-06-22T09:44:57.872
  Event ID: 6
  Task: N/A
  Level: Information
  Opcode: Info
  Keyword: N/A
  User: S-1-5-18
  User Name: NT AUTHORITY\SYSTEM
  Computer: DESKTOP-OGCJR0S
  Description: 
File System Filter 'WdFilter' (10.0, ?2102?-?10?-?04T11:25:01.000000000Z) has successfully loaded and registered with Filter Manager.

Event[249]:
  Log Name: System
  Source: NETLOGON
  Date: 2017-06-22T09:45:15.972
  Event ID: 3095
  Task: N/A
  Level: Error
  Opcode: Info
  Keyword: Classic
  User: N/A
  User Name: N/A
  Computer: DESKTOP-OGCJR0S
  Description: 
This computer is configured as a member of a workgroup, not as a member of a domain. The Netlogon service does not need to run in this configuration.

Event[250]:
  Log Name: System
  Source: Service Control Manager
  Date: 2017-06-22T09:45:20.082
  Event ID: 7024
  Task: N/A
  Level: Error
  Opcode: N/A
  Keyword: Classic
  User: N/A
  User Name: N/A
  Computer: DESKTOP-OGCJR0S
  Description: 
The BranchCache service terminated with the following service-specific error: 
This program is blocked by group policy. For more information, contact your system administrator.

Event[251]:
  Log Name: System
  Source: Microsoft-Windows-DNS-Client
  Date: 2017-06-22T09:45:43.443
  Event ID: 1014
  Task: N/A
  Level: Warning
  Opcode: Info
  Keyword: N/A
  User: S-1-5-20
  User Name: NT AUTHORITY\NETWORK SERVICE
  Computer: DESKTOP-OGCJR0S
  Description: 
Name resolution for the name wpad timed out after none of the configured DNS servers responded.

Event[252]:
  Log Name: System
  Source: Microsoft-Windows-Kernel-General
  Date: 2017-06-22T09:46:05.114
  Event ID: 16
  Task: N/A
  Level: Information
  Opcode: Info
  Keyword: N/A
  User: S-1-5-18
  User Name: NT AUTHORITY\SYSTEM
  Computer: DESKTOP-OGCJR0S
  Description: 
The access history in hive \??\C:\ProgramData\Microsoft\Windows\AppRepository\Packages\Microsoft.3DBuilder_13.0.10349.0_x64__8wekyb3d8bbwe\ActivationStore.dat was cleared updating 0 keys and creating 0 modified pages.

Event[253]:
  Log Name: System
  Source: Microsoft-Windows-Kernel-General
  Date: 2017-06-22T09:46:05.645
  Event ID: 16
  Task: N/A
  Level: Information
  Opcode: Info
  Keyword: N/A
  User: S-1-5-18
  User Name: NT AUTHORITY\SYSTEM
  Computer: DESKTOP-OGCJR0S
  Description: 
The access history in hive \??\C:\ProgramData\Microsoft\Windows\AppRepository\Packages\Microsoft.DesktopAppInstaller_1.0.10252.0_x64__8wekyb3d8bbwe\ActivationStore.dat was cleared updating 0 keys and creating 0 modified pages.

Event[254]:
  Log Name: System
  Source: Microsoft-Windows-Kernel-General
  Date: 2017-06-22T09:46:07.221
  Event ID: 16
  Task: N/A
  Level: Information
  Opcode: Info
  Keyword: N/A
  User: S-1-5-18
  User Name: NT AUTHORITY\SYSTEM
  Computer: DESKTOP-OGCJR0S
  Description: 
The access history in hive \??\C:\ProgramData\Microsoft\Windows\AppRepository\Packages\Microsoft.MicrosoftStickyNotes_1.4.101.0_x64__8wekyb3d8bbwe\ActivationStore.dat was cleared updating 0 keys and creating 0 modified pages.

Event[255]:
  Log Name: System
  Source: Microsoft-Windows-Kernel-General
  Date: 2017-06-22T09:46:07.611
  Event ID: 16
  Task: N/A
  Level: Information
  Opcode: Info
  Keyword: N/A
  User: S-1-5-18
  User Name: NT AUTHORITY\SYSTEM
  Computer: DESKTOP-OGCJR0S
  Description: 
The access history in hive \??\C:\ProgramData\Microsoft\Windows\AppRepository\Packages\Microsoft.Office.OneNote_17.7668.58071.0_x64__8wekyb3d8bbwe\ActivationStore.dat was cleared updating 0 keys and creating 0 modified pages.

Event[256]:
  Log Name: System
  Source: Microsoft-Windows-Kernel-General
  Date: 2017-06-22T09:46:08.075
  Event ID: 16
  Task: N/A
  Level: Information
  Opcode: Info
  Keyword: N/A
  User: S-1-5-18
  User Name: NT AUTHORITY\SYSTEM
  Computer: DESKTOP-OGCJR0S
  Description: 
The access history in hive \??\C:\ProgramData\Microsoft\Windows\AppRepository\Packages\Microsoft.People_10.1.10531.0_x64__8wekyb3d8bbwe\ActivationStore.dat was cleared updating 0 keys and creating 0 modified pages.

Event[257]:
  Log Name: System
  Source: Microsoft-Windows-Kernel-General
  Date: 2017-06-22T09:46:08.532
  Event ID: 16
  Task: N/A
  Level: Information
  Opcode: Info
  Keyword: N/A
  User: S-1-5-18
  User Name: NT AUTHORITY\SYSTEM
  Computer: DESKTOP-OGCJR0S
  Description: 
The access history in hive \??\C:\ProgramData\Microsoft\Windows\AppRepository\Packages\Microsoft.Windows.Photos_16.511.8780.0_x64__8wekyb3d8bbwe\ActivationStore.dat was cleared updating 0 keys and creating 0 modified pages.

Event[258]:
  Log Name: System
  Source: Microsoft-Windows-Kernel-General
  Date: 2017-06-22T09:46:09.088
  Event ID: 16
  Task: N/A
  Level: Information
  Opcode: Info
  Keyword: N/A
  User: S-1-5-18
  User Name: NT AUTHORITY\SYSTEM
  Computer: DESKTOP-OGCJR0S
  Description: 
The access history in hive \??\C:\ProgramData\Microsoft\Windows\AppRepository\Packages\microsoft.windowscommunicationsapps_17.7906.42257.0_x64__8wekyb3d8bbwe\ActivationStore.dat was cleared updating 0 keys and creating 0 modified pages.

Event[259]:
  Log Name: System
  Source: Microsoft-Windows-Kernel-General
  Date: 2017-06-22T09:46:09.503
  Event ID: 16
  Task: N/A
  Level: Information
  Opcode: Info
  Keyword: N/A
  User: S-1-5-18
  User Name: NT AUTHORITY\SYSTEM
  Computer: DESKTOP-OGCJR0S
  Description: 
The access history in hive \??\C:\ProgramData\Microsoft\Windows\AppRepository\Packages\Microsoft.WindowsFeedbackHub_1.1612.10312.0_x64__8wekyb3d8bbwe\ActivationStore.dat was cleared updating 0 keys and creating 0 modified pages.

Event[260]:
  Log Name: System
  Source: Microsoft-Windows-Kernel-General
  Date: 2017-06-22T09:46:09.917
  Event ID: 16
  Task: N/A
  Level: Information
  Opcode: Info
  Keyword: N/A
  User: S-1-5-18
  User Name: NT AUTHORITY\SYSTEM
  Computer: DESKTOP-OGCJR0S
  Description: 
The access history in hive \??\C:\ProgramData\Microsoft\Windows\AppRepository\Packages\Microsoft.WindowsMaps_5.1611.10393.0_x64__8wekyb3d8bbwe\ActivationStore.dat was cleared updating 0 keys and creating 0 modified pages.

Event[261]:
  Log Name: System
  Source: Microsoft-Windows-Kernel-General
  Date: 2017-06-22T09:46:10.386
  Event ID: 16
  Task: N/A
  Level: Information
  Opcode: Info
  Keyword: N/A
  User: S-1-5-18
  User Name: NT AUTHORITY\SYSTEM
  Computer: DESKTOP-OGCJR0S
  Description: 
The access history in hive \??\C:\ProgramData\Microsoft\Windows\AppRepository\Packages\Microsoft.WindowsStore_11701.1001.87.0_x64__8wekyb3d8bbwe\ActivationStore.dat was cleared updating 0 keys and creating 0 modified pages.

Event[262]:
  Log Name: System
  Source: Microsoft-Windows-Kernel-General
  Date: 2017-06-22T09:46:10.767
  Event ID: 16
  Task: N/A
  Level: Information
  Opcode: Info
  Keyword: N/A
  User: S-1-5-18
  User Name: NT AUTHORITY\SYSTEM
  Computer: DESKTOP-OGCJR0S
  Description: 
The access history in hive \??\C:\ProgramData\Microsoft\Windows\AppRepository\Packages\Microsoft.ZuneMusic_10.16112.11621.0_x64__8wekyb3d8bbwe\ActivationStore.dat was cleared updating 0 keys and creating 0 modified pages.

Event[263]:
  Log Name: System
  Source: Microsoft-Windows-Kernel-General
  Date: 2017-06-22T09:46:11.137
  Event ID: 16
  Task: N/A
  Level: Information
  Opcode: Info
  Keyword: N/A
  User: S-1-5-18
  User Name: NT AUTHORITY\SYSTEM
  Computer: DESKTOP-OGCJR0S
  Description: 
The access history in hive \??\C:\ProgramData\Microsoft\Windows\AppRepository\Packages\Microsoft.ZuneVideo_10.16112.11601.0_x64__8wekyb3d8bbwe\ActivationStore.dat was cleared updating 0 keys and creating 0 modified pages.

Event[264]:
  Log Name: System
  Source: Microsoft-Windows-GroupPolicy
  Date: 2017-06-22T09:46:12.301
  Event ID: 1500
  Task: N/A
  Level: Information
  Opcode: Start
  Keyword: N/A
  User: S-1-5-18
  User Name: NT AUTHORITY\SYSTEM
  Computer: DESKTOP-OGCJR0S
  Description: 
The Group Policy settings for the computer were processed successfully. There were no changes detected since the last successful processing of Group Policy.

Event[265]:
  Log Name: System
  Source: Service Control Manager
  Date: 2017-06-22T09:46:33.210
  Event ID: 7040
  Task: N/A
  Level: Information
  Opcode: N/A
  Keyword: Classic
  User: S-1-5-18
  User Name: NT AUTHORITY\SYSTEM
  Computer: DESKTOP-OGCJR0S
  Description: 
The start type of the Background Intelligent Transfer Service service was changed from auto start to demand start.

Event[266]:
  Log Name: System
  Source: Lfsvc
  Date: 2017-06-22T09:52:32.033
  Event ID: 1
  Task: N/A
  Level: Information
  Opcode: Info
  Keyword: Classic
  User: N/A
  User Name: N/A
  Computer: DESKTOP-OGCJR0S
  Description: 
Geolocation positioning is enabled.

Event[267]:
  Log Name: System
  Source: Microsoft-Windows-Kernel-Power
  Date: 2017-06-22T10:12:41.401
  Event ID: 42
  Task: N/A
  Level: Information
  Opcode: Info
  Keyword: N/A
  User: N/A
  User Name: N/A
  Computer: DESKTOP-OGCJR0S
  Description: 
The system is entering sleep.

Sleep Reason: System Idle

Event[268]:
  Log Name: System
  Source: Microsoft-Windows-Kernel-Power
  Date: 2017-06-22T10:12:42.495
  Event ID: 107
  Task: N/A
  Level: Information
  Opcode: Info
  Keyword: N/A
  User: N/A
  User Name: N/A
  Computer: DESKTOP-OGCJR0S
  Description: 
The system has resumed from sleep.

Event[269]:
  Log Name: System
  Source: Microsoft-Windows-Kernel-Power
  Date: 2017-06-22T10:12:42.495
  Event ID: 137
  Task: N/A
  Level: Error
  Opcode: Info
  Keyword: N/A
  User: N/A
  User Name: N/A
  Computer: DESKTOP-OGCJR0S
  Description: 
The system firmware has changed the processor's memory type range registers (MTRRs) across a sleep state transition (S4). This can result in reduced resume performance.

Event[270]:
  Log Name: System
  Source: Microsoft-Windows-Kernel-General
  Date: 2017-06-22T10:19:50.500
  Event ID: 1
  Task: N/A
  Level: Information
  Opcode: Info
  Keyword: Time
  User: N/A
  User Name: N/A
  Computer: DESKTOP-OGCJR0S
  Description: 
The system time has changed to ?2017?-?06?-?22T15:19:50.500000000Z from ?2017?-?06?-?22T15:12:42.495278500Z.

Change Reason: System time synchronized with the hardware clock.

Event[271]:
  Log Name: System
  Source: Microsoft-Windows-Kernel-Power
  Date: 2017-06-22T10:19:50.521
  Event ID: 131
  Task: N/A
  Level: Information
  Opcode: Info
  Keyword: N/A
  User: N/A
  User Name: N/A
  Computer: DESKTOP-OGCJR0S
  Description: 
Firmware S3 times. ResumeCount: 0, FullResume: 0, AverageResume: 0

Event[272]:
  Log Name: System
  Source: Microsoft-Windows-DNS-Client
  Date: 2017-06-22T10:19:53.514
  Event ID: 1014
  Task: N/A
  Level: Warning
  Opcode: Info
  Keyword: N/A
  User: S-1-5-20
  User Name: NT AUTHORITY\NETWORK SERVICE
  Computer: DESKTOP-OGCJR0S
  Description: 
Name resolution for the name wpad timed out after none of the configured DNS servers responded.

Event[273]:
  Log Name: System
  Source: Microsoft-Windows-Power-Troubleshooter
  Date: 2017-06-22T10:19:56.369
  Event ID: 1
  Task: N/A
  Level: Information
  Opcode: Info
  Keyword: N/A
  User: S-1-5-19
  User Name: NT AUTHORITY\LOCAL SERVICE
  Computer: DESKTOP-OGCJR0S
  Description: 
The system has returned from a low power state.

Sleep Time: ?2017?-?06?-?22T15:12:41.248121700Z
Wake Time: ?2017?-?06?-?22T15:19:51.770573200Z

Wake Source: Power Button

Event[274]:
  Log Name: System
  Source: Microsoft-Windows-Winlogon
  Date: 2017-06-22T10:20:00.982
  Event ID: 7001
  Task: N/A
  Level: Information
  Opcode: Info
  Keyword: N/A
  User: S-1-5-18
  User Name: NT AUTHORITY\SYSTEM
  Computer: DESKTOP-OGCJR0S
  Description: 
User Logon Notification for Customer Experience Improvement Program

Event[275]:
  Log Name: System
  Source: Microsoft-Windows-GroupPolicy
  Date: 2017-06-22T10:20:01.183
  Event ID: 1500
  Task: N/A
  Level: Information
  Opcode: Start
  Keyword: N/A
  User: S-1-5-18
  User Name: NT AUTHORITY\SYSTEM
  Computer: DESKTOP-OGCJR0S
  Description: 
The Group Policy settings for the computer were processed successfully. There were no changes detected since the last successful processing of Group Policy.

Event[276]:
  Log Name: System
  Source: Microsoft-Windows-GroupPolicy
  Date: 2017-06-22T10:20:01.376
  Event ID: 1501
  Task: N/A
  Level: Information
  Opcode: Start
  Keyword: N/A
  User: S-1-5-21-3654634270-3195840133-2774193163-1001
  User Name: DESKTOP-OGCJR0S\joshu
  Computer: DESKTOP-OGCJR0S
  Description: 
The Group Policy settings for the user were processed successfully. There were no changes detected since the last successful processing of Group Policy.

Event[277]:
  Log Name: System
  Source: Microsoft-Windows-Kernel-General
  Date: 2017-06-22T10:20:02.654
  Event ID: 16
  Task: N/A
  Level: Information
  Opcode: Info
  Keyword: N/A
  User: S-1-5-21-3654634270-3195840133-2774193163-1001
  User Name: DESKTOP-OGCJR0S\joshu
  Computer: DESKTOP-OGCJR0S
  Description: 
The access history in hive \??\C:\Users\joshu\AppData\Local\Packages\Microsoft.Windows.CloudExperienceHost_cw5n1h2txyewy\Settings\settings.dat was cleared updating 3 keys and creating 1 modified pages.

Event[278]:
  Log Name: System
  Source: Microsoft-Windows-Kernel-General
  Date: 2017-06-22T10:20:04.304
  Event ID: 16
  Task: N/A
  Level: Information
  Opcode: Info
  Keyword: N/A
  User: S-1-5-21-3654634270-3195840133-2774193163-1001
  User Name: DESKTOP-OGCJR0S\joshu
  Computer: DESKTOP-OGCJR0S
  Description: 
The access history in hive \??\C:\Users\joshu\AppData\Local\Packages\Microsoft.Windows.ShellExperienceHost_cw5n1h2txyewy\Settings\settings.dat was cleared updating 6 keys and creating 2 modified pages.

Event[279]:
  Log Name: System
  Source: Microsoft-Windows-Kernel-General
  Date: 2017-06-22T10:20:05.319
  Event ID: 16
  Task: N/A
  Level: Information
  Opcode: Info
  Keyword: N/A
  User: S-1-5-21-3654634270-3195840133-2774193163-1001
  User Name: DESKTOP-OGCJR0S\joshu
  Computer: DESKTOP-OGCJR0S
  Description: 
The access history in hive \??\C:\Users\joshu\AppData\Local\Packages\Microsoft.Windows.Cortana_cw5n1h2txyewy\Settings\settings.dat was cleared updating 94 keys and creating 16 modified pages.

Event[280]:
  Log Name: System
  Source: Microsoft-Windows-DistributedCOM
  Date: 2017-06-22T10:21:27.003
  Event ID: 10001
  Task: N/A
  Level: Error
  Opcode: Info
  Keyword: Classic
  User: S-1-5-21-3654634270-3195840133-2774193163-1001
  User Name: DESKTOP-OGCJR0S\joshu
  Computer: DESKTOP-OGCJR0S
  Description: 
Unable to start a DCOM Server: Microsoft.Windows.Cortana_1.8.12.15063_neutral_neutral_cw5n1h2txyewy!CortanaUI.AppXjytc7c0yvwb8n3cw0r82k4364sd1s7bv.mca as Unavailable/Unavailable. The error:
"31"
Happened while starting this command:
"C:\WINDOWS\system32\backgroundTaskHost.exe" -ServerName:CortanaUI.AppXy7vb4pc2dr3kc93kfc509b1d0arkfb2x.mca

Event[281]:
  Log Name: System
  Source: Microsoft-Windows-DistributedCOM
  Date: 2017-06-22T10:21:27.284
  Event ID: 10001
  Task: N/A
  Level: Error
  Opcode: Info
  Keyword: Classic
  User: S-1-5-21-3654634270-3195840133-2774193163-1001
  User Name: DESKTOP-OGCJR0S\joshu
  Computer: DESKTOP-OGCJR0S
  Description: 
Unable to start a DCOM Server: Microsoft.Windows.Cortana_1.8.12.15063_neutral_neutral_cw5n1h2txyewy!CortanaUI.AppX8z5q44mt1b9k6x2nkjj0bkr2e1ac0dxy.mca as Unavailable/Unavailable. The error:
"31"
Happened while starting this command:
"C:\WINDOWS\system32\backgroundTaskHost.exe" -ServerName:CortanaUI.AppXy7vb4pc2dr3kc93kfc509b1d0arkfb2x.mca

Event[282]:
  Log Name: System
  Source: Microsoft-Windows-Kernel-General
  Date: 2017-06-22T10:21:27.333
  Event ID: 16
  Task: N/A
  Level: Information
  Opcode: Info
  Keyword: N/A
  User: S-1-5-21-3654634270-3195840133-2774193163-1001
  User Name: DESKTOP-OGCJR0S\joshu
  Computer: DESKTOP-OGCJR0S
  Description: 
The access history in hive \??\C:\Users\joshu\AppData\Local\Packages\Microsoft.SkypeApp_kzf8qxf38zg5c\Settings\settings.dat was cleared updating 11 keys and creating 2 modified pages.

Event[283]:
  Log Name: System
  Source: Microsoft-Windows-DistributedCOM
  Date: 2017-06-22T10:21:27.347
  Event ID: 10001
  Task: N/A
  Level: Error
  Opcode: Info
  Keyword: Classic
  User: S-1-5-21-3654634270-3195840133-2774193163-1001
  User Name: DESKTOP-OGCJR0S\joshu
  Computer: DESKTOP-OGCJR0S
  Description: 
Unable to start a DCOM Server: Microsoft.Windows.Cortana_1.8.12.15063_neutral_neutral_cw5n1h2txyewy!CortanaUI.AppXd83zmv32qpfkr8ck529dmvphfy0gxdk2.mca as Unavailable/Unavailable. The error:
"31"
Happened while starting this command:
"C:\WINDOWS\system32\backgroundTaskHost.exe" -ServerName:CortanaUI.AppXy7vb4pc2dr3kc93kfc509b1d0arkfb2x.mca

Event[284]:
  Log Name: System
  Source: Microsoft-Windows-DistributedCOM
  Date: 2017-06-22T10:21:27.347
  Event ID: 10001
  Task: N/A
  Level: Error
  Opcode: Info
  Keyword: Classic
  User: S-1-5-21-3654634270-3195840133-2774193163-1001
  User Name: DESKTOP-OGCJR0S\joshu
  Computer: DESKTOP-OGCJR0S
  Description: 
Unable to start a DCOM Server: Microsoft.Windows.Cortana_1.8.12.15063_neutral_neutral_cw5n1h2txyewy!CortanaUI.AppXtpp90jhw9p0njjb85kvhxpppgrqfp117.mca as Unavailable/Unavailable. The error:
"31"
Happened while starting this command:
"C:\WINDOWS\system32\backgroundTaskHost.exe" -ServerName:CortanaUI.AppXy7vb4pc2dr3kc93kfc509b1d0arkfb2x.mca

Event[285]:
  Log Name: System
  Source: Microsoft-Windows-DistributedCOM
  Date: 2017-06-22T10:21:27.347
  Event ID: 10001
  Task: N/A
  Level: Error
  Opcode: Info
  Keyword: Classic
  User: S-1-5-21-3654634270-3195840133-2774193163-1001
  User Name: DESKTOP-OGCJR0S\joshu
  Computer: DESKTOP-OGCJR0S
  Description: 
Unable to start a DCOM Server: Microsoft.Windows.Cortana_1.8.12.15063_neutral_neutral_cw5n1h2txyewy!CortanaUI.AppXtdesqccawf41z63vw1a3qjnzz2xtexgv.mca as Unavailable/Unavailable. The error:
"31"
Happened while starting this command:
"C:\WINDOWS\system32\backgroundTaskHost.exe" -ServerName:CortanaUI.AppXy7vb4pc2dr3kc93kfc509b1d0arkfb2x.mca

Event[286]:
  Log Name: System
  Source: Microsoft-Windows-DistributedCOM
  Date: 2017-06-22T10:21:27.362
  Event ID: 10001
  Task: N/A
  Level: Error
  Opcode: Info
  Keyword: Classic
  User: S-1-5-21-3654634270-3195840133-2774193163-1001
  User Name: DESKTOP-OGCJR0S\joshu
  Computer: DESKTOP-OGCJR0S
  Description: 
Unable to start a DCOM Server: Microsoft.Windows.Cortana_1.8.12.15063_neutral_neutral_cw5n1h2txyewy!CortanaUI.AppX7g6j8enbgfgf1t15yx40msgc684ay3k5.mca as Unavailable/Unavailable. The error:
"31"
Happened while starting this command:
"C:\WINDOWS\system32\backgroundTaskHost.exe" -ServerName:CortanaUI.AppXy7vb4pc2dr3kc93kfc509b1d0arkfb2x.mca

Event[287]:
  Log Name: System
  Source: Microsoft-Windows-DistributedCOM
  Date: 2017-06-22T10:21:27.362
  Event ID: 10001
  Task: N/A
  Level: Error
  Opcode: Info
  Keyword: Classic
  User: S-1-5-21-3654634270-3195840133-2774193163-1001
  User Name: DESKTOP-OGCJR0S\joshu
  Computer: DESKTOP-OGCJR0S
  Description: 
Unable to start a DCOM Server: Microsoft.Windows.Cortana_1.8.12.15063_neutral_neutral_cw5n1h2txyewy!CortanaUI.AppXv10pzw7gdgcvvk5tn6zk80hbaekm7g3d.mca as Unavailable/Unavailable. The error:
"31"
Happened while starting this command:
"C:\WINDOWS\system32\backgroundTaskHost.exe" -ServerName:CortanaUI.AppXy7vb4pc2dr3kc93kfc509b1d0arkfb2x.mca

Event[288]:
  Log Name: System
  Source: Microsoft-Windows-DistributedCOM
  Date: 2017-06-22T10:21:27.362
  Event ID: 10001
  Task: N/A
  Level: Error
  Opcode: Info
  Keyword: Classic
  User: S-1-5-21-3654634270-3195840133-2774193163-1001
  User Name: DESKTOP-OGCJR0S\joshu
  Computer: DESKTOP-OGCJR0S
  Description: 
Unable to start a DCOM Server: Microsoft.Windows.Cortana_1.8.12.15063_neutral_neutral_cw5n1h2txyewy!CortanaUI.AppXs99ny7m73wgcae47qmfazn1gg5djgt35.mca as Unavailable/Unavailable. The error:
"31"
Happened while starting this command:
"C:\WINDOWS\system32\backgroundTaskHost.exe" -ServerName:CortanaUI.AppXy7vb4pc2dr3kc93kfc509b1d0arkfb2x.mca

Event[289]:
  Log Name: System
  Source: Microsoft-Windows-DistributedCOM
  Date: 2017-06-22T10:21:27.378
  Event ID: 10001
  Task: N/A
  Level: Error
  Opcode: Info
  Keyword: Classic
  User: S-1-5-21-3654634270-3195840133-2774193163-1001
  User Name: DESKTOP-OGCJR0S\joshu
  Computer: DESKTOP-OGCJR0S
  Description: 
Unable to start a DCOM Server: Microsoft.Windows.Cortana_1.8.12.15063_neutral_neutral_cw5n1h2txyewy!CortanaUI.AppXjxtspbn4351hrtx8tc95e89kaz3h2f1f.mca as Unavailable/Unavailable. The error:
"31"
Happened while starting this command:
"C:\WINDOWS\system32\backgroundTaskHost.exe" -ServerName:CortanaUI.AppXy7vb4pc2dr3kc93kfc509b1d0arkfb2x.mca

Event[290]:
  Log Name: System
  Source: Microsoft-Windows-DistributedCOM
  Date: 2017-06-22T10:21:27.378
  Event ID: 10001
  Task: N/A
  Level: Error
  Opcode: Info
  Keyword: Classic
  User: S-1-5-21-3654634270-3195840133-2774193163-1001
  User Name: DESKTOP-OGCJR0S\joshu
  Computer: DESKTOP-OGCJR0S
  Description: 
Unable to start a DCOM Server: Microsoft.Windows.Cortana_1.8.12.15063_neutral_neutral_cw5n1h2txyewy!CortanaUI.AppXh05qhzwyd4yeaq9jgw6n6sezbfeca60d.mca as Unavailable/Unavailable. The error:
"31"
Happened while starting this command:
"C:\WINDOWS\system32\backgroundTaskHost.exe" -ServerName:CortanaUI.AppXy7vb4pc2dr3kc93kfc509b1d0arkfb2x.mca

Event[291]:
  Log Name: System
  Source: Microsoft-Windows-DistributedCOM
  Date: 2017-06-22T10:21:27.394
  Event ID: 10001
  Task: N/A
  Level: Error
  Opcode: Info
  Keyword: Classic
  User: S-1-5-21-3654634270-3195840133-2774193163-1001
  User Name: DESKTOP-OGCJR0S\joshu
  Computer: DESKTOP-OGCJR0S
  Description: 
Unable to start a DCOM Server: Microsoft.Windows.Cortana_1.8.12.15063_neutral_neutral_cw5n1h2txyewy!CortanaUI.AppXtpp90jhw9p0njjb85kvhxpppgrqfp117.mca as Unavailable/Unavailable. The error:
"31"
Happened while starting this command:
"C:\WINDOWS\system32\backgroundTaskHost.exe" -ServerName:CortanaUI.AppXy7vb4pc2dr3kc93kfc509b1d0arkfb2x.mca

Event[292]:
  Log Name: System
  Source: Microsoft-Windows-DistributedCOM
  Date: 2017-06-22T10:21:27.394
  Event ID: 10001
  Task: N/A
  Level: Error
  Opcode: Info
  Keyword: Classic
  User: S-1-5-21-3654634270-3195840133-2774193163-1001
  User Name: DESKTOP-OGCJR0S\joshu
  Computer: DESKTOP-OGCJR0S
  Description: 
Unable to start a DCOM Server: Microsoft.Windows.Cortana_1.8.12.15063_neutral_neutral_cw5n1h2txyewy!CortanaUI.AppXx19q0gyvntjc9d3jsjsfaertqgy617se.mca as Unavailable/Unavailable. The error:
"31"
Happened while starting this command:
"C:\WINDOWS\system32\backgroundTaskHost.exe" -ServerName:CortanaUI.AppXy7vb4pc2dr3kc93kfc509b1d0arkfb2x.mca

Event[293]:
  Log Name: System
  Source: Microsoft-Windows-DistributedCOM
  Date: 2017-06-22T10:21:27.409
  Event ID: 10001
  Task: N/A
  Level: Error
  Opcode: Info
  Keyword: Classic
  User: S-1-5-21-3654634270-3195840133-2774193163-1001
  User Name: DESKTOP-OGCJR0S\joshu
  Computer: DESKTOP-OGCJR0S
  Description: 
Unable to start a DCOM Server: Microsoft.Windows.Cortana_1.8.12.15063_neutral_neutral_cw5n1h2txyewy!CortanaUI.AppX1g2fzdjyfpzhgqwsaajfp6hm53qh64kg.mca as Unavailable/Unavailable. The error:
"31"
Happened while starting this command:
"C:\WINDOWS\system32\backgroundTaskHost.exe" -ServerName:CortanaUI.AppXy7vb4pc2dr3kc93kfc509b1d0arkfb2x.mca

Event[294]:
  Log Name: System
  Source: Microsoft-Windows-DistributedCOM
  Date: 2017-06-22T10:21:27.409
  Event ID: 10001
  Task: N/A
  Level: Error
  Opcode: Info
  Keyword: Classic
  User: S-1-5-21-3654634270-3195840133-2774193163-1001
  User Name: DESKTOP-OGCJR0S\joshu
  Computer: DESKTOP-OGCJR0S
  Description: 
Unable to start a DCOM Server: Microsoft.Windows.Cortana_1.8.12.15063_neutral_neutral_cw5n1h2txyewy!CortanaUI.AppX66vvx0wsdb34y1dm8b872ypnaj4fqty0.mca as Unavailable/Unavailable. The error:
"31"
Happened while starting this command:
"C:\WINDOWS\system32\backgroundTaskHost.exe" -ServerName:CortanaUI.AppXy7vb4pc2dr3kc93kfc509b1d0arkfb2x.mca

Event[295]:
  Log Name: System
  Source: Microsoft-Windows-DistributedCOM
  Date: 2017-06-22T10:21:27.472
  Event ID: 10001
  Task: N/A
  Level: Error
  Opcode: Info
  Keyword: Classic
  User: S-1-5-21-3654634270-3195840133-2774193163-1001
  User Name: DESKTOP-OGCJR0S\joshu
  Computer: DESKTOP-OGCJR0S
  Description: 
Unable to start a DCOM Server: Microsoft.Windows.Cortana_1.8.12.15063_neutral_neutral_cw5n1h2txyewy!CortanaUI.AppXd4tad4d57t4wtdbnnmb8v2xtzym8c1n8.mca as Unavailable/Unavailable. The error:
"31"
Happened while starting this command:
"C:\WINDOWS\system32\backgroundTaskHost.exe" -ServerName:CortanaUI.AppXy7vb4pc2dr3kc93kfc509b1d0arkfb2x.mca

Event[296]:
  Log Name: System
  Source: Microsoft-Windows-DistributedCOM
  Date: 2017-06-22T10:21:27.503
  Event ID: 10001
  Task: N/A
  Level: Error
  Opcode: Info
  Keyword: Classic
  User: S-1-5-21-3654634270-3195840133-2774193163-1001
  User Name: DESKTOP-OGCJR0S\joshu
  Computer: DESKTOP-OGCJR0S
  Description: 
Unable to start a DCOM Server: Microsoft.Windows.Cortana_1.8.12.15063_neutral_neutral_cw5n1h2txyewy!CortanaUI.AppXx19q0gyvntjc9d3jsjsfaertqgy617se.mca as Unavailable/Unavailable. The error:
"31"
Happened while starting this command:
"C:\WINDOWS\system32\backgroundTaskHost.exe" -ServerName:CortanaUI.AppXy7vb4pc2dr3kc93kfc509b1d0arkfb2x.mca

Event[297]:
  Log Name: System
  Source: Microsoft-Windows-Kernel-General
  Date: 2017-06-22T10:21:29.318
  Event ID: 16
  Task: N/A
  Level: Information
  Opcode: Info
  Keyword: N/A
  User: S-1-5-21-3654634270-3195840133-2774193163-1001
  User Name: DESKTOP-OGCJR0S\joshu
  Computer: DESKTOP-OGCJR0S
  Description: 
The access history in hive \??\C:\Users\joshu\AppData\Local\Packages\microsoft.windows.photos_8wekyb3d8bbwe\Settings\settings.dat was cleared updating 20 keys and creating 4 modified pages.

Event[298]:
  Log Name: System
  Source: Microsoft-Windows-Kernel-General
  Date: 2017-06-22T10:21:29.624
  Event ID: 16
  Task: N/A
  Level: Information
  Opcode: Info
  Keyword: N/A
  User: S-1-5-21-3654634270-3195840133-2774193163-1001
  User Name: DESKTOP-OGCJR0S\joshu
  Computer: DESKTOP-OGCJR0S
  Description: 
The access history in hive \??\C:\Users\joshu\AppData\Local\Packages\microsoft.windowsstore_8wekyb3d8bbwe\Settings\settings.dat was cleared updating 11 keys and creating 2 modified pages.

Event[299]:
  Log Name: System
  Source: Microsoft-Windows-DNS-Client
  Date: 2017-06-22T10:21:52.225
  Event ID: 1014
  Task: N/A
  Level: Warning
  Opcode: Info
  Keyword: N/A
  User: S-1-5-20
  User Name: NT AUTHORITY\NETWORK SERVICE
  Computer: DESKTOP-OGCJR0S
  Description: 
Name resolution for the name whrpbbb timed out after none of the configured DNS servers responded.

Event[300]:
  Log Name: System
  Source: Service Control Manager
  Date: 2017-06-22T10:22:22.230
  Event ID: 7040
  Task: N/A
  Level: Information
  Opcode: N/A
  Keyword: Classic
  User: S-1-5-18
  User Name: NT AUTHORITY\SYSTEM
  Computer: DESKTOP-OGCJR0S
  Description: 
The start type of the Background Intelligent Transfer Service service was changed from demand start to auto start.

Event[301]:
  Log Name: System
  Source: Service Control Manager
  Date: 2017-06-22T10:24:24.324
  Event ID: 7040
  Task: N/A
  Level: Information
  Opcode: N/A
  Keyword: Classic
  User: S-1-5-18
  User Name: NT AUTHORITY\SYSTEM
  Computer: DESKTOP-OGCJR0S
  Description: 
The start type of the Background Intelligent Transfer Service service was changed from auto start to demand start.

Event[302]:
  Log Name: System
  Source: Service Control Manager
  Date: 2017-06-22T10:29:57.932
  Event ID: 7040
  Task: N/A
  Level: Information
  Opcode: N/A
  Keyword: Classic
  User: S-1-5-18
  User Name: NT AUTHORITY\SYSTEM
  Computer: DESKTOP-OGCJR0S
  Description: 
The start type of the Background Intelligent Transfer Service service was changed from demand start to auto start.

Event[303]:
  Log Name: System
  Source: User32
  Date: 2017-06-22T10:29:59.151
  Event ID: 1074
  Task: N/A
  Level: Information
  Opcode: N/A
  Keyword: Classic
  User: S-1-5-21-3654634270-3195840133-2774193163-1001
  User Name: DESKTOP-OGCJR0S\joshu
  Computer: DESKTOP-OGCJR0S
  Description: 
The process C:\Windows\System32\RuntimeBroker.exe (DESKTOP-OGCJR0S) has initiated the power off of computer DESKTOP-OGCJR0S on behalf of user DESKTOP-OGCJR0S\joshu for the following reason: Other (Unplanned)
 Reason Code: 0x0
 Shutdown Type: power off
 Comment: 

Event[304]:
  Log Name: System
  Source: Microsoft-Windows-DistributedCOM
  Date: 2017-06-22T10:30:00.108
  Event ID: 10010
  Task: N/A
  Level: Error
  Opcode: Info
  Keyword: Classic
  User: S-1-5-18
  User Name: NT AUTHORITY\SYSTEM
  Computer: DESKTOP-OGCJR0S
  Description: 
The server {A463FCB9-6B1C-4E0D-A80B-A2CA7999E25D} did not register with DCOM within the required timeout.

Event[305]:
  Log Name: System
  Source: Microsoft-Windows-DistributedCOM
  Date: 2017-06-22T10:30:00.293
  Event ID: 10010
  Task: N/A
  Level: Error
  Opcode: Info
  Keyword: Classic
  User: S-1-5-18
  User Name: NT AUTHORITY\SYSTEM
  Computer: DESKTOP-OGCJR0S
  Description: 
The server {A463FCB9-6B1C-4E0D-A80B-A2CA7999E25D} did not register with DCOM within the required timeout.

Event[306]:
  Log Name: System
  Source: Microsoft-Windows-DistributedCOM
  Date: 2017-06-22T10:30:00.293
  Event ID: 10010
  Task: N/A
  Level: Error
  Opcode: Info
  Keyword: Classic
  User: S-1-5-18
  User Name: NT AUTHORITY\SYSTEM
  Computer: DESKTOP-OGCJR0S
  Description: 
The server {A463FCB9-6B1C-4E0D-A80B-A2CA7999E25D} did not register with DCOM within the required timeout.

Event[307]:
  Log Name: System
  Source: Microsoft-Windows-DistributedCOM
  Date: 2017-06-22T10:30:00.308
  Event ID: 10010
  Task: N/A
  Level: Error
  Opcode: Info
  Keyword: Classic
  User: S-1-5-18
  User Name: NT AUTHORITY\SYSTEM
  Computer: DESKTOP-OGCJR0S
  Description: 
The server {A463FCB9-6B1C-4E0D-A80B-A2CA7999E25D} did not register with DCOM within the required timeout.

Event[308]:
  Log Name: System
  Source: Microsoft-Windows-DistributedCOM
  Date: 2017-06-22T10:30:05.485
  Event ID: 10010
  Task: N/A
  Level: Error
  Opcode: Info
  Keyword: Classic
  User: S-1-5-18
  User Name: NT AUTHORITY\SYSTEM
  Computer: DESKTOP-OGCJR0S
  Description: 
The server {A463FCB9-6B1C-4E0D-A80B-A2CA7999E25D} did not register with DCOM within the required timeout.

Event[309]:
  Log Name: System
  Source: Microsoft-Windows-DistributedCOM
  Date: 2017-06-22T10:30:05.657
  Event ID: 10010
  Task: N/A
  Level: Error
  Opcode: Info
  Keyword: Classic
  User: S-1-5-18
  User Name: NT AUTHORITY\SYSTEM
  Computer: DESKTOP-OGCJR0S
  Description: 
The server {A463FCB9-6B1C-4E0D-A80B-A2CA7999E25D} did not register with DCOM within the required timeout.

Event[310]:
  Log Name: System
  Source: Microsoft-Windows-DistributedCOM
  Date: 2017-06-22T10:30:05.672
  Event ID: 10010
  Task: N/A
  Level: Error
  Opcode: Info
  Keyword: Classic
  User: S-1-5-18
  User Name: NT AUTHORITY\SYSTEM
  Computer: DESKTOP-OGCJR0S
  Description: 
The server {A463FCB9-6B1C-4E0D-A80B-A2CA7999E25D} did not register with DCOM within the required timeout.

Event[311]:
  Log Name: System
  Source: Microsoft-Windows-DistributedCOM
  Date: 2017-06-22T10:30:05.672
  Event ID: 10010
  Task: N/A
  Level: Error
  Opcode: Info
  Keyword: Classic
  User: S-1-5-18
  User Name: NT AUTHORITY\SYSTEM
  Computer: DESKTOP-OGCJR0S
  Description: 
The server {A463FCB9-6B1C-4E0D-A80B-A2CA7999E25D} did not register with DCOM within the required timeout.

Event[312]:
  Log Name: System
  Source: Microsoft-Windows-Winlogon
  Date: 2017-06-22T10:30:06.140
  Event ID: 7002
  Task: N/A
  Level: Information
  Opcode: Info
  Keyword: N/A
  User: S-1-5-18
  User Name: NT AUTHORITY\SYSTEM
  Computer: DESKTOP-OGCJR0S
  Description: 
User Logoff Notification for Customer Experience Improvement Program

Event[313]:
  Log Name: System
  Source: Microsoft-Windows-Kernel-Power
  Date: 2017-06-22T10:30:08.313
  Event ID: 42
  Task: N/A
  Level: Information
  Opcode: Info
  Keyword: N/A
  User: N/A
  User Name: N/A
  Computer: DESKTOP-OGCJR0S
  Description: 
The system is entering sleep.

Sleep Reason: Application API

Event[314]:
  Log Name: System
  Source: EventLog
  Date: 2017-06-22T14:42:17.686
  Event ID: 6013
  Task: N/A
  Level: Information
  Opcode: N/A
  Keyword: Classic
  User: N/A
  User Name: N/A
  Computer: DESKTOP-OGCJR0S
  Description: 
The system uptime is 18008 seconds.

Event[315]:
  Log Name: System
  Source: Microsoft-Windows-Kernel-Power
  Date: 2017-06-22T10:30:09.759
  Event ID: 107
  Task: N/A
  Level: Information
  Opcode: Info
  Keyword: N/A
  User: N/A
  User Name: N/A
  Computer: DESKTOP-OGCJR0S
  Description: 
The system has resumed from sleep.

Event[316]:
  Log Name: System
  Source: Microsoft-Windows-Kernel-General
  Date: 2017-06-22T14:42:17.499
  Event ID: 1
  Task: N/A
  Level: Information
  Opcode: Info
  Keyword: Time
  User: N/A
  User Name: N/A
  Computer: DESKTOP-OGCJR0S
  Description: 
The system time has changed to ?2017?-?06?-?22T19:42:17.500000000Z from ?2017?-?06?-?22T15:30:09.759648700Z.

Change Reason: System time synchronized with the hardware clock.

Event[317]:
  Log Name: System
  Source: Microsoft-Windows-Kernel-Boot
  Date: 2017-06-22T14:42:18.079
  Event ID: 30
  Task: N/A
  Level: Information
  Opcode: Info
  Keyword: N/A
  User: N/A
  User Name: N/A
  Computer: DESKTOP-OGCJR0S
  Description: 
The firmware reported boot metrics.

Event[318]:
  Log Name: System
  Source: Microsoft-Windows-Kernel-Boot
  Date: 2017-06-22T14:42:18.079
  Event ID: 25
  Task: N/A
  Level: Information
  Opcode: Info
  Keyword: N/A
  User: N/A
  User Name: N/A
  Computer: DESKTOP-OGCJR0S
  Description: 
The boot menu policy was 0x1.

Event[319]:
  Log Name: System
  Source: Microsoft-Windows-Kernel-Boot
  Date: 2017-06-22T14:42:18.079
  Event ID: 27
  Task: N/A
  Level: Information
  Opcode: Info
  Keyword: N/A
  User: N/A
  User Name: N/A
  Computer: DESKTOP-OGCJR0S
  Description: 
The boot type was 0x1.

Event[320]:
  Log Name: System
  Source: Microsoft-Windows-Kernel-Boot
  Date: 2017-06-22T14:42:18.079
  Event ID: 18
  Task: N/A
  Level: Information
  Opcode: Info
  Keyword: N/A
  User: N/A
  User Name: N/A
  Computer: DESKTOP-OGCJR0S
  Description: 
There are 0x1 boot options on this system.

Event[321]:
  Log Name: System
  Source: Microsoft-Windows-Kernel-Boot
  Date: 2017-06-22T14:42:18.079
  Event ID: 32
  Task: N/A
  Level: Information
  Opcode: Info
  Keyword: N/A
  User: N/A
  User Name: N/A
  Computer: DESKTOP-OGCJR0S
  Description: 
The bootmgr spent 0 ms waiting for user input.

Event[322]:
  Log Name: System
  Source: Microsoft-Windows-Power-Troubleshooter
  Date: 2017-06-22T14:42:20.071
  Event ID: 1
  Task: N/A
  Level: Information
  Opcode: Info
  Keyword: N/A
  User: S-1-5-19
  User Name: NT AUTHORITY\LOCAL SERVICE
  Computer: DESKTOP-OGCJR0S
  Description: 
The system has returned from a low power state.

Sleep Time: ?2017?-?06?-?22T15:30:07.720785100Z
Wake Time: ?2017?-?06?-?22T19:42:18.724145800Z

Wake Source: Unknown

Event[323]:
  Log Name: System
  Source: Microsoft-Windows-Winlogon
  Date: 2017-06-22T14:42:23.389
  Event ID: 7001
  Task: N/A
  Level: Information
  Opcode: Info
  Keyword: N/A
  User: S-1-5-18
  User Name: NT AUTHORITY\SYSTEM
  Computer: DESKTOP-OGCJR0S
  Description: 
User Logon Notification for Customer Experience Improvement Program

Event[324]:
  Log Name: System
  Source: Microsoft-Windows-DNS-Client
  Date: 2017-06-22T14:42:23.656
  Event ID: 1014
  Task: N/A
  Level: Warning
  Opcode: Info
  Keyword: N/A
  User: S-1-5-20
  User Name: NT AUTHORITY\NETWORK SERVICE
  Computer: DESKTOP-OGCJR0S
  Description: 
Name resolution for the name wpad timed out after none of the configured DNS servers responded.

Event[325]:
  Log Name: System
  Source: Microsoft-Windows-DNS-Client
  Date: 2017-06-22T14:42:25.937
  Event ID: 1014
  Task: N/A
  Level: Warning
  Opcode: Info
  Keyword: N/A
  User: S-1-5-20
  User Name: NT AUTHORITY\NETWORK SERVICE
  Computer: DESKTOP-OGCJR0S
  Description: 
Name resolution for the name wpad timed out after none of the configured DNS servers responded.

Event[326]:
  Log Name: System
  Source: Microsoft-Windows-Kernel-General
  Date: 2017-06-22T14:42:55.196
  Event ID: 16
  Task: N/A
  Level: Information
  Opcode: Info
  Keyword: N/A
  User: S-1-5-21-3654634270-3195840133-2774193163-1001
  User Name: DESKTOP-OGCJR0S\joshu
  Computer: DESKTOP-OGCJR0S
  Description: 
The access history in hive \??\C:\Users\joshu\AppData\Local\Packages\1527c705-839a-4832-9118-54d4Bd6a0c89_cw5n1h2txyewy\Settings\settings.dat was cleared updating 3 keys and creating 1 modified pages.

Event[327]:
  Log Name: System
  Source: Microsoft-Windows-Kernel-General
  Date: 2017-06-22T14:42:56.247
  Event ID: 16
  Task: N/A
  Level: Information
  Opcode: Info
  Keyword: N/A
  User: S-1-5-21-3654634270-3195840133-2774193163-1001
  User Name: DESKTOP-OGCJR0S\joshu
  Computer: DESKTOP-OGCJR0S
  Description: 
The access history in hive \??\C:\Users\joshu\AppData\Local\Packages\c5e2524a-ea46-4f67-841f-6a9465d9d515_cw5n1h2txyewy\Settings\settings.dat was cleared updating 3 keys and creating 1 modified pages.

Event[328]:
  Log Name: System
  Source: Microsoft-Windows-Kernel-General
  Date: 2017-06-22T14:42:57.226
  Event ID: 16
  Task: N/A
  Level: Information
  Opcode: Info
  Keyword: N/A
  User: S-1-5-21-3654634270-3195840133-2774193163-1001
  User Name: DESKTOP-OGCJR0S\joshu
  Computer: DESKTOP-OGCJR0S
  Description: 
The access history in hive \??\C:\Users\joshu\AppData\Local\Packages\CortanaListenUIApp_cw5n1h2txyewy\Settings\settings.dat was cleared updating 3 keys and creating 1 modified pages.

Event[329]:
  Log Name: System
  Source: Microsoft-Windows-Kernel-General
  Date: 2017-06-22T14:42:58.203
  Event ID: 16
  Task: N/A
  Level: Information
  Opcode: Info
  Keyword: N/A
  User: S-1-5-21-3654634270-3195840133-2774193163-1001
  User Name: DESKTOP-OGCJR0S\joshu
  Computer: DESKTOP-OGCJR0S
  Description: 
The access history in hive \??\C:\Users\joshu\AppData\Local\Packages\DesktopLearning_cw5n1h2txyewy\Settings\settings.dat was cleared updating 3 keys and creating 1 modified pages.

Event[330]:
