  Log Name: System
  Source: Lfsvc
  Date: 2017-07-27T17:36:04.911
  Event ID: 1
  Task: N/A
  Level: Information
  Opcode: Info
  Keyword: Classic
  User: N/A
  User Name: N/A
  Computer: DESKTOP-OGCJR0S
  Description: 
Geolocation positioning is enabled.

Event[2258]:
  Log Name: System
  Source: Microsoft-Windows-DistributedCOM
  Date: 2017-07-27T17:36:10.995
  Event ID: 10016
  Task: N/A
  Level: Error
  Opcode: Info
  Keyword: Classic
  User: S-1-5-21-3654634270-3195840133-2774193163-1001
  User Name: DESKTOP-OGCJR0S\joshu
  Computer: DESKTOP-OGCJR0S
  Description: 
The machine-default permission settings do not grant Local Activation permission for the COM Server application with CLSID 
{C2F03A33-21F5-47FA-B4BB-156362A2F239}
 and APPID 
{316CDED5-E4AE-4B15-9113-7055D84DCC97}
 to the user DESKTOP-OGCJR0S\joshu SID (S-1-5-21-3654634270-3195840133-2774193163-1001) from address LocalHost (Using LRPC) running in the application container Microsoft.Windows.Cortana_1.8.12.15063_neutral_neutral_cw5n1h2txyewy SID (S-1-15-2-1861897761-1695161497-2927542615-642690995-327840285-2659745135-2630312742). This security permission can be modified using the Component Services administrative tool.

Event[2259]:
  Log Name: System
  Source: Microsoft-Windows-DistributedCOM
  Date: 2017-07-27T17:36:11.089
  Event ID: 10016
  Task: N/A
  Level: Error
  Opcode: Info
  Keyword: Classic
  User: S-1-5-21-3654634270-3195840133-2774193163-1001
  User Name: DESKTOP-OGCJR0S\joshu
  Computer: DESKTOP-OGCJR0S
  Description: 
The machine-default permission settings do not grant Local Activation permission for the COM Server application with CLSID 
{C2F03A33-21F5-47FA-B4BB-156362A2F239}
 and APPID 
{316CDED5-E4AE-4B15-9113-7055D84DCC97}
 to the user DESKTOP-OGCJR0S\joshu SID (S-1-5-21-3654634270-3195840133-2774193163-1001) from address LocalHost (Using LRPC) running in the application container Microsoft.Windows.Cortana_1.8.12.15063_neutral_neutral_cw5n1h2txyewy SID (S-1-15-2-1861897761-1695161497-2927542615-642690995-327840285-2659745135-2630312742). This security permission can be modified using the Component Services administrative tool.

Event[2260]:
  Log Name: System
  Source: Microsoft-Windows-WindowsUpdateClient
  Date: 2017-07-27T17:39:21.196
  Event ID: 44
  Task: Windows Update Agent
  Level: Information
  Opcode: Download
  Keyword: Download,Started
  User: S-1-5-18
  User Name: NT AUTHORITY\SYSTEM
  Computer: DESKTOP-OGCJR0S
  Description: 
Windows Update started downloading an update.

Event[2261]:
  Log Name: System
  Source: Microsoft-Windows-WindowsUpdateClient
  Date: 2017-07-27T17:39:26.207
  Event ID: 43
  Task: Windows Update Agent
  Level: Information
  Opcode: Installation
  Keyword: Installation,Started
  User: S-1-5-18
  User Name: NT AUTHORITY\SYSTEM
  Computer: DESKTOP-OGCJR0S
  Description: 
Installation Started: Windows has started installing the following update: Definition Update for Windows Defender - KB2267602 (Definition 1.249.324.0)

Event[2262]:
  Log Name: System
  Source: Microsoft-Windows-WindowsUpdateClient
  Date: 2017-07-27T17:39:34.442
  Event ID: 19
  Task: Windows Update Agent
  Level: Information
  Opcode: Installation
  Keyword: Installation,Success
  User: S-1-5-18
  User Name: NT AUTHORITY\SYSTEM
  Computer: DESKTOP-OGCJR0S
  Description: 
Installation Successful: Windows successfully installed the following update: Definition Update for Windows Defender - KB2267602 (Definition 1.249.324.0)

Event[2263]:
  Log Name: System
  Source: Service Control Manager
  Date: 2017-07-27T17:40:54.004
  Event ID: 7040
  Task: N/A
  Level: Information
  Opcode: N/A
  Keyword: Classic
  User: S-1-5-18
  User Name: NT AUTHORITY\SYSTEM
  Computer: DESKTOP-OGCJR0S
  Description: 
The start type of the Background Intelligent Transfer Service service was changed from auto start to demand start.

Event[2264]:
  Log Name: System
  Source: Service Control Manager
  Date: 2017-07-27T17:47:03.029
  Event ID: 7045
  Task: N/A
  Level: Information
  Opcode: N/A
  Keyword: Classic
  User: S-1-5-18
  User Name: NT AUTHORITY\SYSTEM
  Computer: DESKTOP-OGCJR0S
  Description: 
A service was installed in the system.

Service Name:  MpKslcb990ccf
Service File Name:  C:\ProgramData\Microsoft\Windows Defender\Definition Updates\{7344C64C-70A2-48D9-ACFD-AE2149FC8257}\MpKslcb990ccf.sys
Service Type:  kernel mode driver
Service Start Type:  system start
Service Account:  

Event[2265]:
  Log Name: System
  Source: Microsoft-Windows-DNS-Client
  Date: 2017-07-27T17:47:21.508
  Event ID: 1014
  Task: N/A
  Level: Warning
  Opcode: Info
  Keyword: N/A
  User: S-1-5-20
  User Name: NT AUTHORITY\NETWORK SERVICE
  Computer: DESKTOP-OGCJR0S
  Description: 
Name resolution for the name wpad timed out after none of the configured DNS servers responded.

Event[2266]:
  Log Name: System
  Source: Service Control Manager
  Date: 2017-07-28T01:38:22.341
  Event ID: 7040
  Task: N/A
  Level: Information
  Opcode: N/A
  Keyword: Classic
  User: S-1-5-18
  User Name: NT AUTHORITY\SYSTEM
  Computer: DESKTOP-OGCJR0S
  Description: 
The start type of the Background Intelligent Transfer Service service was changed from demand start to auto start.

Event[2267]:
  Log Name: System
  Source: Service Control Manager
  Date: 2017-07-28T01:40:24.543
  Event ID: 7040
  Task: N/A
  Level: Information
  Opcode: N/A
  Keyword: Classic
  User: S-1-5-18
  User Name: NT AUTHORITY\SYSTEM
  Computer: DESKTOP-OGCJR0S
  Description: 
The start type of the Background Intelligent Transfer Service service was changed from auto start to demand start.

Event[2268]:
  Log Name: System
  Source: Service Control Manager
  Date: 2017-07-28T01:43:37.099
  Event ID: 7040
  Task: N/A
  Level: Information
  Opcode: N/A
  Keyword: Classic
  User: S-1-5-18
  User Name: NT AUTHORITY\SYSTEM
  Computer: DESKTOP-OGCJR0S
  Description: 
The start type of the Background Intelligent Transfer Service service was changed from demand start to auto start.

Event[2269]:
  Log Name: System
  Source: User32
  Date: 2017-07-28T01:43:38.400
  Event ID: 1074
  Task: N/A
  Level: Information
  Opcode: N/A
  Keyword: Classic
  User: S-1-5-21-3654634270-3195840133-2774193163-1001
  User Name: DESKTOP-OGCJR0S\joshu
  Computer: DESKTOP-OGCJR0S
  Description: 
The process C:\Windows\System32\RuntimeBroker.exe (DESKTOP-OGCJR0S) has initiated the power off of computer DESKTOP-OGCJR0S on behalf of user DESKTOP-OGCJR0S\joshu for the following reason: Other (Unplanned)
 Reason Code: 0x0
 Shutdown Type: power off
 Comment: 

Event[2270]:
  Log Name: System
  Source: Microsoft-Windows-Winlogon
  Date: 2017-07-28T01:43:40.136
  Event ID: 7002
  Task: N/A
  Level: Information
  Opcode: Info
  Keyword: N/A
  User: S-1-5-18
  User Name: NT AUTHORITY\SYSTEM
  Computer: DESKTOP-OGCJR0S
  Description: 
User Logoff Notification for Customer Experience Improvement Program

Event[2271]:
  Log Name: System
  Source: Microsoft-Windows-Kernel-General
  Date: 2017-07-28T01:43:41.215
  Event ID: 16
  Task: N/A
  Level: Information
  Opcode: Info
  Keyword: N/A
  User: S-1-5-18
  User Name: NT AUTHORITY\SYSTEM
  Computer: DESKTOP-OGCJR0S
  Description: 
The access history in hive \??\C:\ProgramData\Microsoft\Provisioning\Microsoft-Desktop-Provisioning-Sequence.dat was cleared updating 0 keys and creating 0 modified pages.

Event[2272]:
  Log Name: System
  Source: Microsoft-Windows-Kernel-Power
  Date: 2017-07-28T01:43:52.626
  Event ID: 42
  Task: N/A
  Level: Information
  Opcode: Info
  Keyword: N/A
  User: N/A
  User Name: N/A
  Computer: DESKTOP-OGCJR0S
  Description: 
The system is entering sleep.

Sleep Reason: Application API

Event[2273]:
  Log Name: System
  Source: Microsoft-Windows-Kernel-General
  Date: 2017-07-28T01:43:53.053
  Event ID: 1
  Task: N/A
  Level: Information
  Opcode: Info
  Keyword: Time
  User: N/A
  User Name: N/A
  Computer: DESKTOP-OGCJR0S
  Description: 
The system time has changed to ?2017?-?07?-?28T06:43:51.500000000Z from ?2017?-?07?-?28T06:43:53.053670600Z.

Change Reason: System time synchronized with the hardware clock.

Event[2274]:
  Log Name: System
  Source: Microsoft-Windows-Kernel-Power
  Date: 2017-07-28T01:43:53.977
  Event ID: 107
  Task: N/A
  Level: Information
  Opcode: Info
  Keyword: N/A
  User: N/A
  User Name: N/A
  Computer: DESKTOP-OGCJR0S
  Description: 
The system has resumed from sleep.

Event[2275]:
  Log Name: System
  Source: Microsoft-Windows-Kernel-General
  Date: 2017-07-28T10:06:25.499
  Event ID: 1
  Task: N/A
  Level: Information
  Opcode: Info
  Keyword: Time
  User: N/A
  User Name: N/A
  Computer: DESKTOP-OGCJR0S
  Description: 
The system time has changed to ?2017?-?07?-?28T15:06:25.500000000Z from ?2017?-?07?-?28T06:43:53.978130400Z.

Change Reason: System time synchronized with the hardware clock.

Event[2276]:
  Log Name: System
  Source: Microsoft-Windows-Kernel-Boot
  Date: 2017-07-28T10:06:26.531
  Event ID: 30
  Task: N/A
  Level: Information
  Opcode: Info
  Keyword: N/A
  User: N/A
  User Name: N/A
  Computer: DESKTOP-OGCJR0S
  Description: 
The firmware reported boot metrics.

Event[2277]:
  Log Name: System
  Source: Microsoft-Windows-Kernel-Boot
  Date: 2017-07-28T10:06:26.531
  Event ID: 25
  Task: N/A
  Level: Information
  Opcode: Info
  Keyword: N/A
  User: N/A
  User Name: N/A
  Computer: DESKTOP-OGCJR0S
  Description: 
The boot menu policy was 0x1.

Event[2278]:
  Log Name: System
  Source: Microsoft-Windows-Kernel-Boot
  Date: 2017-07-28T10:06:26.531
  Event ID: 27
  Task: N/A
  Level: Information
  Opcode: Info
  Keyword: N/A
  User: N/A
  User Name: N/A
  Computer: DESKTOP-OGCJR0S
  Description: 
The boot type was 0x1.

Event[2279]:
  Log Name: System
  Source: Microsoft-Windows-Kernel-Boot
  Date: 2017-07-28T10:06:26.531
  Event ID: 18
  Task: N/A
  Level: Information
  Opcode: Info
  Keyword: N/A
  User: N/A
  User Name: N/A
  Computer: DESKTOP-OGCJR0S
  Description: 
There are 0x1 boot options on this system.

Event[2280]:
  Log Name: System
  Source: Microsoft-Windows-Kernel-Boot
  Date: 2017-07-28T10:06:26.531
  Event ID: 32
  Task: N/A
  Level: Information
  Opcode: Info
  Keyword: N/A
  User: N/A
  User Name: N/A
  Computer: DESKTOP-OGCJR0S
  Description: 
The bootmgr spent 0 ms waiting for user input.

Event[2281]:
  Log Name: System
  Source: Microsoft-Windows-Power-Troubleshooter
  Date: 2017-07-28T10:06:28.533
  Event ID: 1
  Task: N/A
  Level: Information
  Opcode: Info
  Keyword: N/A
  User: S-1-5-19
  User Name: NT AUTHORITY\LOCAL SERVICE
  Computer: DESKTOP-OGCJR0S
  Description: 
The system has returned from a low power state.

Sleep Time: ?2017?-?07?-?28T06:43:41.677321000Z
Wake Time: ?2017?-?07?-?28T15:06:27.167215600Z

Wake Source: Unknown

Event[2282]:
  Log Name: System
  Source: Microsoft-Windows-DNS-Client
  Date: 2017-07-28T10:06:31.727
  Event ID: 1014
  Task: N/A
  Level: Warning
  Opcode: Info
  Keyword: N/A
  User: S-1-5-20
  User Name: NT AUTHORITY\NETWORK SERVICE
  Computer: DESKTOP-OGCJR0S
  Description: 
Name resolution for the name wpad timed out after none of the configured DNS servers responded.

Event[2283]:
  Log Name: System
  Source: Microsoft-Windows-Winlogon
  Date: 2017-07-28T10:06:32.223
  Event ID: 7001
  Task: N/A
  Level: Information
  Opcode: Info
  Keyword: N/A
  User: S-1-5-18
  User Name: NT AUTHORITY\SYSTEM
  Computer: DESKTOP-OGCJR0S
  Description: 
User Logon Notification for Customer Experience Improvement Program

Event[2284]:
  Log Name: System
  Source: Service Control Manager
  Date: 2017-07-28T10:08:11.507
  Event ID: 7040
  Task: N/A
  Level: Information
  Opcode: N/A
  Keyword: Classic
  User: S-1-5-18
  User Name: NT AUTHORITY\SYSTEM
  Computer: DESKTOP-OGCJR0S
  Description: 
The start type of the Background Intelligent Transfer Service service was changed from auto start to demand start.

Event[2285]:
  Log Name: System
  Source: Microsoft-Windows-Kernel-General
  Date: 2017-07-28T11:58:47.721
  Event ID: 12
  Task: N/A
  Level: Information
  Opcode: Info
  Keyword: N/A
  User: S-1-5-18
  User Name: NT AUTHORITY\SYSTEM
  Computer: DESKTOP-OGCJR0S
  Description: 
The operating system started at system time ?2017?-?07?-?28T16:58:47.488769000Z.

Event[2286]:
  Log Name: System
  Source: Microsoft-Windows-Kernel-Boot
  Date: 2017-07-28T11:58:47.721
  Event ID: 153
  Task: N/A
  Level: Information
  Opcode: Info
  Keyword: N/A
  User: S-1-5-18
  User Name: NT AUTHORITY\SYSTEM
  Computer: DESKTOP-OGCJR0S
  Description: 
Virtualization-based security (policies: 0) is disabled.

Event[2287]:
  Log Name: System
  Source: Microsoft-Windows-Kernel-Boot
  Date: 2017-07-28T11:58:47.721
  Event ID: 20
  Task: N/A
  Level: Information
  Opcode: Info
  Keyword: N/A
  User: S-1-5-18
  User Name: NT AUTHORITY\SYSTEM
  Computer: DESKTOP-OGCJR0S
  Description: 
The last shutdown's success status was false. The last boot's success status was true.

Event[2288]:
  Log Name: System
  Source: Microsoft-Windows-Kernel-Boot
  Date: 2017-07-28T11:58:47.721
  Event ID: 27
  Task: N/A
  Level: Information
  Opcode: Info
  Keyword: N/A
  User: S-1-5-18
  User Name: NT AUTHORITY\SYSTEM
  Computer: DESKTOP-OGCJR0S
  Description: 
The boot type was 0x0.

Event[2289]:
  Log Name: System
  Source: Microsoft-Windows-Kernel-Boot
  Date: 2017-07-28T11:58:47.721
  Event ID: 25
  Task: N/A
  Level: Information
  Opcode: Info
  Keyword: N/A
  User: S-1-5-18
  User Name: NT AUTHORITY\SYSTEM
  Computer: DESKTOP-OGCJR0S
  Description: 
The boot menu policy was 0x1.

Event[2290]:
  Log Name: System
  Source: Microsoft-Windows-Kernel-Boot
  Date: 2017-07-28T11:58:47.721
  Event ID: 18
  Task: N/A
  Level: Information
  Opcode: Info
  Keyword: N/A
  User: S-1-5-18
  User Name: NT AUTHORITY\SYSTEM
  Computer: DESKTOP-OGCJR0S
  Description: 
There are 0x1 boot options on this system.

Event[2291]:
  Log Name: System
  Source: Microsoft-Windows-Kernel-Boot
  Date: 2017-07-28T11:58:47.721
  Event ID: 32
  Task: N/A
  Level: Information
  Opcode: Info
  Keyword: N/A
  User: S-1-5-18
  User Name: NT AUTHORITY\SYSTEM
  Computer: DESKTOP-OGCJR0S
  Description: 
The bootmgr spent 0 ms waiting for user input.

Event[2292]:
  Log Name: System
  Source: Microsoft-Windows-Kernel-Boot
  Date: 2017-07-28T11:58:47.722
  Event ID: 30
  Task: N/A
  Level: Information
  Opcode: Info
  Keyword: N/A
  User: S-1-5-18
  User Name: NT AUTHORITY\SYSTEM
  Computer: DESKTOP-OGCJR0S
  Description: 
The firmware reported boot metrics.

Event[2293]:
  Log Name: System
  Source: EventLog
  Date: 2017-07-28T11:59:03.513
  Event ID: 6008
  Task: N/A
  Level: Error
  Opcode: N/A
  Keyword: Classic
  User: N/A
  User Name: N/A
  Computer: DESKTOP-OGCJR0S
  Description: 
The previous system shutdown at 11:18:25 AM on ?7/?28/?2017 was unexpected.

Event[2294]:
  Log Name: System
  Source: EventLog
  Date: 2017-07-28T11:59:03.513
  Event ID: 6009
  Task: N/A
  Level: Information
  Opcode: N/A
  Keyword: Classic
  User: N/A
  User Name: N/A
  Computer: DESKTOP-OGCJR0S
  Description: 
Microsoft (R) Windows (R) 10.00. 15063  Multiprocessor Free.

Event[2295]:
  Log Name: System
  Source: EventLog
  Date: 2017-07-28T11:59:03.513
  Event ID: 6005
  Task: N/A
  Level: Information
  Opcode: N/A
  Keyword: Classic
  User: N/A
  User Name: N/A
  Computer: DESKTOP-OGCJR0S
  Description: 
The Event log service was started.

Event[2296]:
  Log Name: System
  Source: EventLog
  Date: 2017-07-28T11:59:03.513
  Event ID: 6013
  Task: N/A
  Level: Information
  Opcode: N/A
  Keyword: Classic
  User: N/A
  User Name: N/A
  Computer: DESKTOP-OGCJR0S
  Description: 
The system uptime is 16 seconds.

Event[2297]:
  Log Name: System
  Source: Microsoft-Windows-FilterManager
  Date: 2017-07-28T11:58:48.065
  Event ID: 6
  Task: N/A
  Level: Information
  Opcode: Info
  Keyword: N/A
  User: S-1-5-18
  User Name: NT AUTHORITY\SYSTEM
  Computer: DESKTOP-OGCJR0S
  Description: 
File System Filter 'FileInfo' (10.0, ?2042?-?06?-?30T09:43:32.000000000Z) has successfully loaded and registered with Filter Manager.

Event[2298]:
  Log Name: System
  Source: Microsoft-Windows-FilterManager
  Date: 2017-07-28T11:58:48.066
  Event ID: 6
  Task: N/A
  Level: Information
  Opcode: Info
  Keyword: N/A
  User: S-1-5-18
  User Name: NT AUTHORITY\SYSTEM
  Computer: DESKTOP-OGCJR0S
  Description: 
File System Filter 'Wof' (10.0, ?1974?-?03?-?11T17:47:45.000000000Z) has successfully loaded and registered with Filter Manager.

Event[2299]:
  Log Name: System
  Source: Microsoft-Windows-FilterManager
  Date: 2017-07-28T11:58:48.067
  Event ID: 6
  Task: N/A
  Level: Information
  Opcode: Info
  Keyword: N/A
  User: S-1-5-18
  User Name: NT AUTHORITY\SYSTEM
  Computer: DESKTOP-OGCJR0S
  Description: 
File System Filter 'WdFilter' (10.0, ?2102?-?10?-?04T11:25:01.000000000Z) has successfully loaded and registered with Filter Manager.

Event[2300]:
  Log Name: System
  Source: Microsoft-Windows-Ntfs
  Date: 2017-07-28T11:58:48.811
  Event ID: 98
  Task: N/A
  Level: Information
  Opcode: Info
  Keyword: N/A
  User: S-1-5-18
  User Name: NT AUTHORITY\SYSTEM
  Computer: DESKTOP-OGCJR0S
  Description: 
Volume C: (\Device\HarddiskVolume3) is healthy.  No action is needed.

Event[2301]:
  Log Name: System
  Source: Microsoft-Windows-FilterManager
  Date: 2017-07-28T11:58:48.940
  Event ID: 6
  Task: N/A
  Level: Information
  Opcode: Info
  Keyword: N/A
  User: S-1-5-18
  User Name: NT AUTHORITY\SYSTEM
  Computer: DESKTOP-OGCJR0S
  Description: 
File System Filter 'FileCrypt' (10.0, ?2030?-?05?-?28T03:10:59.000000000Z) has successfully loaded and registered with Filter Manager.

Event[2302]:
  Log Name: System
  Source: Microsoft-Windows-FilterManager
  Date: 2017-07-28T11:58:49.017
  Event ID: 6
  Task: N/A
  Level: Information
  Opcode: Info
  Keyword: N/A
  User: S-1-5-18
  User Name: NT AUTHORITY\SYSTEM
  Computer: DESKTOP-OGCJR0S
  Description: 
File System Filter 'npsvctrig' (10.0, ?2097?-?07?-?25T05:18:05.000000000Z) has successfully loaded and registered with Filter Manager.

Event[2303]:
  Log Name: System
  Source: Microsoft-Windows-Kernel-Power
  Date: 2017-07-28T11:58:49.041
  Event ID: 41
  Task: N/A
  Level: Critical
  Opcode: Info
  Keyword: N/A
  User: S-1-5-18
  User Name: NT AUTHORITY\SYSTEM
  Computer: DESKTOP-OGCJR0S
  Description: 
The system has rebooted without cleanly shutting down first. This error could be caused if the system stopped responding, crashed, or lost power unexpectedly.

Event[2304]:
  Log Name: System
  Source: Microsoft-Windows-Kernel-Power
  Date: 2017-07-28T11:58:49.042
  Event ID: 172
  Task: N/A
  Level: Information
  Opcode: Info
  Keyword: N/A
  User: S-1-5-18
  User Name: NT AUTHORITY\SYSTEM
  Computer: DESKTOP-OGCJR0S
  Description: 
Connectivity state in standby: Disconnected, Reason: NIC compliance

Event[2305]:
  Log Name: System
  Source: Microsoft-Windows-Ntfs
  Date: 2017-07-28T11:58:49.205
  Event ID: 98
  Task: N/A
  Level: Information
  Opcode: Info
  Keyword: N/A
  User: S-1-5-18
  User Name: NT AUTHORITY\SYSTEM
  Computer: DESKTOP-OGCJR0S
  Description: 
Volume D: (\Device\HarddiskVolume1) is healthy.  No action is needed.

Event[2306]:
  Log Name: System
  Source: Microsoft-Windows-Ntfs
  Date: 2017-07-28T11:58:49.701
  Event ID: 98
  Task: N/A
  Level: Information
  Opcode: Info
  Keyword: N/A
  User: S-1-5-18
  User Name: NT AUTHORITY\SYSTEM
  Computer: DESKTOP-OGCJR0S
  Description: 
Volume E: (\Device\HarddiskVolume2) is healthy.  No action is needed.

Event[2307]:
  Log Name: System
  Source: Microsoft-Windows-Ntfs
  Date: 2017-07-28T11:58:49.842
  Event ID: 98
  Task: N/A
  Level: Information
  Opcode: Info
  Keyword: N/A
  User: S-1-5-18
  User Name: NT AUTHORITY\SYSTEM
  Computer: DESKTOP-OGCJR0S
  Description: 
Volume \\?\Volume{ee9c746c-0000-0000-0000-801c3a000000} (\Device\HarddiskVolume4) is healthy.  No action is needed.

Event[2308]:
  Log Name: System
  Source: Microsoft-Windows-Kernel-Processor-Power
  Date: 2017-07-28T11:58:50.093
  Event ID: 55
  Task: N/A
  Level: Information
  Opcode: Info
  Keyword: N/A
  User: S-1-5-18
  User Name: NT AUTHORITY\SYSTEM
  Computer: DESKTOP-OGCJR0S
  Description: 
Processor 0 in group 0 exposes the following power management capabilities:

Idle state type: ACPI Idle (C) States (2 state(s))

Performance state type: ACPI Performance (P) / Throttle (T) States
Nominal Frequency (MHz): 3500
Maximum performance percentage: 100
Minimum performance percentage: 40
Minimum throttle percentage: 40

Event[2309]:
  Log Name: System
  Source: Microsoft-Windows-Kernel-Processor-Power
  Date: 2017-07-28T11:58:50.094
  Event ID: 55
  Task: N/A
  Level: Information
  Opcode: Info
  Keyword: N/A
  User: S-1-5-18
  User Name: NT AUTHORITY\SYSTEM
  Computer: DESKTOP-OGCJR0S
  Description: 
Processor 1 in group 0 exposes the following power management capabilities:

Idle state type: ACPI Idle (C) States (2 state(s))

Performance state type: ACPI Performance (P) / Throttle (T) States
Nominal Frequency (MHz): 3500
Maximum performance percentage: 100
Minimum performance percentage: 40
Minimum throttle percentage: 40

Event[2310]:
  Log Name: System
  Source: Microsoft-Windows-Kernel-Processor-Power
  Date: 2017-07-28T11:58:50.094
  Event ID: 55
  Task: N/A
  Level: Information
  Opcode: Info
  Keyword: N/A
  User: S-1-5-18
  User Name: NT AUTHORITY\SYSTEM
  Computer: DESKTOP-OGCJR0S
  Description: 
Processor 2 in group 0 exposes the following power management capabilities:

Idle state type: ACPI Idle (C) States (2 state(s))

Performance state type: ACPI Performance (P) / Throttle (T) States
Nominal Frequency (MHz): 3500
Maximum performance percentage: 100
Minimum performance percentage: 40
Minimum throttle percentage: 40

Event[2311]:
  Log Name: System
  Source: Microsoft-Windows-Kernel-Processor-Power
  Date: 2017-07-28T11:58:50.094
  Event ID: 55
  Task: N/A
  Level: Information
  Opcode: Info
  Keyword: N/A
  User: S-1-5-18
  User Name: NT AUTHORITY\SYSTEM
  Computer: DESKTOP-OGCJR0S
  Description: 
Processor 3 in group 0 exposes the following power management capabilities:

Idle state type: ACPI Idle (C) States (2 state(s))

Performance state type: ACPI Performance (P) / Throttle (T) States
Nominal Frequency (MHz): 3500
Maximum performance percentage: 100
Minimum performance percentage: 40
Minimum throttle percentage: 40

Event[2312]:
  Log Name: System
  Source: Microsoft-Windows-Kernel-Processor-Power
  Date: 2017-07-28T11:58:50.095
  Event ID: 55
  Task: N/A
  Level: Information
  Opcode: Info
  Keyword: N/A
  User: S-1-5-18
  User Name: NT AUTHORITY\SYSTEM
  Computer: DESKTOP-OGCJR0S
  Description: 
Processor 4 in group 0 exposes the following power management capabilities:

Idle state type: ACPI Idle (C) States (2 state(s))

Performance state type: ACPI Performance (P) / Throttle (T) States
Nominal Frequency (MHz): 3500
Maximum performance percentage: 100
Minimum performance percentage: 40
Minimum throttle percentage: 40

Event[2313]:
  Log Name: System
  Source: Microsoft-Windows-Kernel-Processor-Power
  Date: 2017-07-28T11:58:50.095
  Event ID: 55
  Task: N/A
  Level: Information
  Opcode: Info
  Keyword: N/A
  User: S-1-5-18
  User Name: NT AUTHORITY\SYSTEM
  Computer: DESKTOP-OGCJR0S
  Description: 
Processor 5 in group 0 exposes the following power management capabilities:

Idle state type: ACPI Idle (C) States (2 state(s))

Performance state type: ACPI Performance (P) / Throttle (T) States
Nominal Frequency (MHz): 3500
Maximum performance percentage: 100
Minimum performance percentage: 40
Minimum throttle percentage: 40

Event[2314]:
  Log Name: System
  Source: Microsoft-Windows-Ntfs
  Date: 2017-07-28T11:58:59.733
  Event ID: 98
  Task: N/A
  Level: Information
  Opcode: Info
  Keyword: N/A
  User: S-1-5-18
  User Name: NT AUTHORITY\SYSTEM
  Computer: DESKTOP-OGCJR0S
  Description: 
Volume \\?\Volume{826cc08c-0000-0000-0000-100000000000} (\Device\HarddiskVolume5) is healthy.  No action is needed.

Event[2315]:
  Log Name: System
  Source: Microsoft-Windows-Wininit
  Date: 2017-07-28T11:59:02.549
  Event ID: 14
  Task: N/A
  Level: Information
  Opcode: Info
  Keyword: N/A
  User: S-1-5-18
  User Name: NT AUTHORITY\SYSTEM
  Computer: DESKTOP-OGCJR0S
  Description: 
Credential Guard (LsaIso.exe) configuration: 0x0, 0

Event[2316]:
  Log Name: System
  Source: Microsoft-Windows-Directory-Services-SAM
  Date: 2017-07-28T11:59:02.696
  Event ID: 16962
  Task: N/A
  Level: Information
  Opcode: Info
  Keyword: N/A
  User: S-1-5-18
  User Name: NT AUTHORITY\SYSTEM
  Computer: DESKTOP-OGCJR0S
  Description: 
Remote calls to the SAM database are being restricted using the default security descriptor: O:SYG:SYD:(A;;RC;;;BA).
For more information please see http://go.microsoft.com/fwlink/?LinkId=787651.

Event[2317]:
  Log Name: System
  Source: Microsoft-Windows-FilterManager
  Date: 2017-07-28T11:59:03.460
  Event ID: 6
  Task: N/A
  Level: Information
  Opcode: Info
  Keyword: N/A
  User: S-1-5-18
  User Name: NT AUTHORITY\SYSTEM
  Computer: DESKTOP-OGCJR0S
  Description: 
File System Filter 'wcifs' (10.0, ?2079?-?07?-?15T13:50:57.000000000Z) has successfully loaded and registered with Filter Manager.

Event[2318]:
  Log Name: System
  Source: Microsoft-Windows-FilterManager
  Date: 2017-07-28T11:59:03.523
  Event ID: 6
  Task: N/A
  Level: Information
  Opcode: Info
  Keyword: N/A
  User: S-1-5-18
  User Name: NT AUTHORITY\SYSTEM
  Computer: DESKTOP-OGCJR0S
  Description: 
File System Filter 'luafv' (10.0, ?2037?-?06?-?08T04:55:59.000000000Z) has successfully loaded and registered with Filter Manager.

Event[2319]:
  Log Name: System
  Source: Service Control Manager
  Date: 2017-07-28T11:59:03.513
  Event ID: 7000
  Task: N/A
  Level: Error
  Opcode: N/A
  Keyword: Classic
  User: N/A
  User Name: N/A
  Computer: DESKTOP-OGCJR0S
  Description: 
The CldFlt service failed to start due to the following error: 
The request is not supported.

Event[2320]:
  Log Name: System
  Source: Microsoft-Windows-FilterManager
  Date: 2017-07-28T11:59:03.531
  Event ID: 6
  Task: N/A
  Level: Information
  Opcode: Info
  Keyword: N/A
  User: S-1-5-18
  User Name: NT AUTHORITY\SYSTEM
  Computer: DESKTOP-OGCJR0S
  Description: 
File System Filter 'storqosflt' (10.0, ?2015?-?12?-?17T22:36:27.000000000Z) has successfully loaded and registered with Filter Manager.

Event[2321]:
  Log Name: System
  Source: Microsoft-Windows-Dhcp-Client
  Date: 2017-07-28T11:59:03.565
  Event ID: 50036
  Task: Service State Event
  Level: Information
  Opcode: ServiceStart
  Keyword: N/A
  User: S-1-5-19
  User Name: NT AUTHORITY\LOCAL SERVICE
  Computer: DESKTOP-OGCJR0S
  Description: 
DHCPv4 client service is started

Event[2322]:
  Log Name: System
  Source: Microsoft-Windows-Dhcp-Client
  Date: 2017-07-28T11:59:03.566
  Event ID: 50103
  Task: Service State Event
  Level: Information
  Opcode: ServiceShutdown
  Keyword: N/A
  User: S-1-5-19
  User Name: NT AUTHORITY\LOCAL SERVICE
  Computer: DESKTOP-OGCJR0S
  Description: 
DHCPv4 client registered for shutdown notification

Event[2323]:
  Log Name: System
  Source: Microsoft-Windows-DHCPv6-Client
  Date: 2017-07-28T11:59:03.584
  Event ID: 51046
  Task: Service State Event
  Level: Information
  Opcode: ServiceStart
  Keyword: N/A
  User: S-1-5-19
  User Name: NT AUTHORITY\LOCAL SERVICE
  Computer: DESKTOP-OGCJR0S
  Description: 
DHCPv6 client service is started

Event[2324]:
  Log Name: System
  Source: Tcpip
  Date: 2017-07-28T11:59:03.982
  Event ID: 4291
  Task: N/A
  Level: Warning
  Opcode: N/A
  Keyword: Classic
  User: N/A
  User Name: N/A
  Computer: DESKTOP-OGCJR0S
  Description: 
The network adapter with hardware address 00-21-2F-36-D8-2D has indicated packet coalescing capability without indicating support for one or more prerequisite receive filter capabilities (IPv6 0x00000000).

Event[2325]:
  Log Name: System
  Source: Tcpip
  Date: 2017-07-28T11:59:03.982
  Event ID: 4291
  Task: N/A
  Level: Warning
  Opcode: N/A
  Keyword: Classic
  User: N/A
  User Name: N/A
  Computer: DESKTOP-OGCJR0S
  Description: 
The network adapter with hardware address 00-21-2F-36-D8-2D has indicated packet coalescing capability without indicating support for one or more prerequisite receive filter capabilities (IPv4 0x00000000).

Event[2326]:
  Log Name: System
  Source: Microsoft-Windows-WLAN-AutoConfig
  Date: 2017-07-28T11:59:04.526
  Event ID: 4000
  Task: N/A
  Level: Information
  Opcode: Start
  Keyword: N/A
  User: S-1-5-18
  User Name: NT AUTHORITY\SYSTEM
  Computer: DESKTOP-OGCJR0S
  Description: 
WLAN AutoConfig service has successfully started.


Event[2327]:
  Log Name: System
  Source: Service Control Manager
  Date: 2017-07-28T11:59:04.794
  Event ID: 7026
  Task: N/A
  Level: Information
  Opcode: N/A
  Keyword: Classic
  User: N/A
  User Name: N/A
  Computer: DESKTOP-OGCJR0S
  Description: 
The following boot-start or system-start driver(s) did not load: 
dam

Event[2328]:
  Log Name: System
  Source: Microsoft-Windows-Winlogon
  Date: 2017-07-28T11:59:09.654
  Event ID: 7001
  Task: N/A
  Level: Information
  Opcode: Info
  Keyword: N/A
  User: S-1-5-18
  User Name: NT AUTHORITY\SYSTEM
  Computer: DESKTOP-OGCJR0S
  Description: 
User Logon Notification for Customer Experience Improvement Program

Event[2329]:
  Log Name: System
  Source: Lfsvc
  Date: 2017-07-28T11:59:12.586
  Event ID: 1
  Task: N/A
  Level: Information
  Opcode: Info
  Keyword: Classic
  User: N/A
  User Name: N/A
  Computer: DESKTOP-OGCJR0S
  Description: 
Geolocation positioning is enabled.

Event[2330]:
  Log Name: System
  Source: Lfsvc
  Date: 2017-07-28T11:59:12.586
  Event ID: 1
  Task: N/A
  Level: Information
  Opcode: Info
  Keyword: Classic
  User: N/A
  User Name: N/A
  Computer: DESKTOP-OGCJR0S
  Description: 
Geolocation positioning is enabled.

Event[2331]:
  Log Name: System
  Source: Microsoft-Windows-DistributedCOM
  Date: 2017-07-28T11:59:19.940
  Event ID: 10016
  Task: N/A
  Level: Error
  Opcode: Info
  Keyword: Classic
  User: S-1-5-21-3654634270-3195840133-2774193163-1001
  User Name: DESKTOP-OGCJR0S\joshu
  Computer: DESKTOP-OGCJR0S
  Description: 
The machine-default permission settings do not grant Local Activation permission for the COM Server application with CLSID 
{C2F03A33-21F5-47FA-B4BB-156362A2F239}
 and APPID 
{316CDED5-E4AE-4B15-9113-7055D84DCC97}
 to the user DESKTOP-OGCJR0S\joshu SID (S-1-5-21-3654634270-3195840133-2774193163-1001) from address LocalHost (Using LRPC) running in the application container Microsoft.Windows.Cortana_1.8.12.15063_neutral_neutral_cw5n1h2txyewy SID (S-1-15-2-1861897761-1695161497-2927542615-642690995-327840285-2659745135-2630312742). This security permission can be modified using the Component Services administrative tool.

Event[2332]:
  Log Name: System
  Source: Microsoft-Windows-DistributedCOM
  Date: 2017-07-28T11:59:20.010
  Event ID: 10016
  Task: N/A
  Level: Error
  Opcode: Info
  Keyword: Classic
  User: S-1-5-21-3654634270-3195840133-2774193163-1001
  User Name: DESKTOP-OGCJR0S\joshu
  Computer: DESKTOP-OGCJR0S
  Description: 
The machine-default permission settings do not grant Local Activation permission for the COM Server application with CLSID 
{C2F03A33-21F5-47FA-B4BB-156362A2F239}
 and APPID 
{316CDED5-E4AE-4B15-9113-7055D84DCC97}
 to the user DESKTOP-OGCJR0S\joshu SID (S-1-5-21-3654634270-3195840133-2774193163-1001) from address LocalHost (Using LRPC) running in the application container Microsoft.Windows.Cortana_1.8.12.15063_neutral_neutral_cw5n1h2txyewy SID (S-1-15-2-1861897761-1695161497-2927542615-642690995-327840285-2659745135-2630312742). This security permission can be modified using the Component Services administrative tool.

Event[2333]:
  Log Name: System
  Source: EventLog
  Date: 2017-07-28T12:00:00.524
  Event ID: 6013
  Task: N/A
  Level: Information
  Opcode: N/A
  Keyword: Classic
  User: N/A
  User Name: N/A
  Computer: DESKTOP-OGCJR0S
  Description: 
The system uptime is 73 seconds.

Event[2334]:
  Log Name: System
  Source: Service Control Manager
  Date: 2017-07-28T12:00:04.201
  Event ID: 7040
  Task: N/A
  Level: Information
  Opcode: N/A
  Keyword: Classic
  User: S-1-5-18
  User Name: NT AUTHORITY\SYSTEM
  Computer: DESKTOP-OGCJR0S
  Description: 
The start type of the Background Intelligent Transfer Service service was changed from demand start to auto start.

Event[2335]:
  Log Name: System
  Source: Service Control Manager
  Date: 2017-07-28T12:04:02.786
  Event ID: 7040
  Task: N/A
  Level: Information
  Opcode: N/A
  Keyword: Classic
  User: S-1-5-18
  User Name: NT AUTHORITY\SYSTEM
  Computer: DESKTOP-OGCJR0S
  Description: 
The start type of the Background Intelligent Transfer Service service was changed from auto start to demand start.

Event[2336]:
  Log Name: System
  Source: Service Control Manager
  Date: 2017-07-28T12:04:04.213
  Event ID: 7040
  Task: N/A
  Level: Information
  Opcode: N/A
  Keyword: Classic
  User: S-1-5-18
  User Name: NT AUTHORITY\SYSTEM
  Computer: DESKTOP-OGCJR0S
  Description: 
The start type of the Background Intelligent Transfer Service service was changed from demand start to auto start.

Event[2337]:
  Log Name: System
  Source: Microsoft-Windows-WindowsUpdateClient
  Date: 2017-07-28T12:04:31.044
  Event ID: 44
  Task: Windows Update Agent
  Level: Information
  Opcode: Download
  Keyword: Download,Started
  User: S-1-5-18
  User Name: NT AUTHORITY\SYSTEM
  Computer: DESKTOP-OGCJR0S
  Description: 
Windows Update started downloading an update.

Event[2338]:
  Log Name: System
  Source: Microsoft-Windows-WindowsUpdateClient
  Date: 2017-07-28T12:04:36.053
  Event ID: 43
  Task: Windows Update Agent
  Level: Information
  Opcode: Installation
  Keyword: Installation,Started
  User: S-1-5-18
  User Name: NT AUTHORITY\SYSTEM
  Computer: DESKTOP-OGCJR0S
  Description: 
Installation Started: Windows has started installing the following update: Definition Update for Windows Defender - KB2267602 (Definition 1.249.367.0)

Event[2339]:
  Log Name: System
  Source: Microsoft-Windows-WindowsUpdateClient
  Date: 2017-07-28T12:04:46.361
  Event ID: 19
  Task: Windows Update Agent
  Level: Information
  Opcode: Installation
  Keyword: Installation,Success
  User: S-1-5-18
  User Name: NT AUTHORITY\SYSTEM
  Computer: DESKTOP-OGCJR0S
  Description: 
Installation Successful: Windows successfully installed the following update: Definition Update for Windows Defender - KB2267602 (Definition 1.249.367.0)

Event[2340]:
  Log Name: System
  Source: Microsoft-Windows-DNS-Client
  Date: 2017-07-28T12:05:50.219
  Event ID: 1014
  Task: N/A
  Level: Warning
  Opcode: Info
  Keyword: N/A
  User: S-1-5-20
  User Name: NT AUTHORITY\NETWORK SERVICE
  Computer: DESKTOP-OGCJR0S
  Description: 
Name resolution for the name wpad timed out after none of the configured DNS servers responded.

Event[2341]:
  Log Name: System
  Source: Service Control Manager
  Date: 2017-07-28T12:06:06.820
  Event ID: 7040
  Task: N/A
  Level: Information
  Opcode: N/A
  Keyword: Classic
  User: S-1-5-18
  User Name: NT AUTHORITY\SYSTEM
  Computer: DESKTOP-OGCJR0S
  Description: 
The start type of the Background Intelligent Transfer Service service was changed from auto start to demand start.

Event[2342]:
  Log Name: System
  Source: Service Control Manager
  Date: 2017-07-28T12:10:13.150
  Event ID: 7045
  Task: N/A
  Level: Information
  Opcode: N/A
  Keyword: Classic
  User: S-1-5-18
  User Name: NT AUTHORITY\SYSTEM
  Computer: DESKTOP-OGCJR0S
  Description: 
A service was installed in the system.

Service Name:  MpKsl570f0111
Service File Name:  C:\ProgramData\Microsoft\Windows Defender\Definition Updates\{31502764-4691-4453-A7CB-1DDF818B5D08}\MpKsl570f0111.sys
Service Type:  kernel mode driver
Service Start Type:  system start
Service Account:  

Event[2343]:
  Log Name: System
  Source: Microsoft-Windows-Kernel-General
  Date: 2017-07-28T13:11:38.120
  Event ID: 16
  Task: N/A
  Level: Information
  Opcode: Info
  Keyword: N/A
  User: S-1-5-18
  User Name: NT AUTHORITY\SYSTEM
  Computer: DESKTOP-OGCJR0S
  Description: 
The access history in hive \SystemRoot\System32\config\DRIVERS was cleared updating 1029 keys and creating 96 modified pages.

Event[2344]:
  Log Name: System
  Source: Microsoft-Windows-Kernel-General
  Date: 2017-07-28T13:17:07.717
  Event ID: 12
  Task: N/A
  Level: Information
  Opcode: Info
  Keyword: N/A
  User: S-1-5-18
  User Name: NT AUTHORITY\SYSTEM
  Computer: DESKTOP-OGCJR0S
  Description: 
The operating system started at system time ?2017?-?07?-?28T18:17:07.488558600Z.

Event[2345]:
  Log Name: System
  Source: Microsoft-Windows-Kernel-Boot
  Date: 2017-07-28T13:17:07.717
  Event ID: 153
  Task: N/A
  Level: Information
  Opcode: Info
  Keyword: N/A
  User: S-1-5-18
  User Name: NT AUTHORITY\SYSTEM
  Computer: DESKTOP-OGCJR0S
  Description: 
Virtualization-based security (policies: 0) is disabled.

Event[2346]:
  Log Name: System
  Source: Microsoft-Windows-Kernel-Boot
  Date: 2017-07-28T13:17:07.717
  Event ID: 20
  Task: N/A
  Level: Information
  Opcode: Info
  Keyword: N/A
  User: S-1-5-18
  User Name: NT AUTHORITY\SYSTEM
  Computer: DESKTOP-OGCJR0S
  Description: 
The last shutdown's success status was false. The last boot's success status was true.

Event[2347]:
  Log Name: System
  Source: Microsoft-Windows-Kernel-Boot
  Date: 2017-07-28T13:17:07.717
  Event ID: 27
  Task: N/A
  Level: Information
  Opcode: Info
  Keyword: N/A
  User: S-1-5-18
  User Name: NT AUTHORITY\SYSTEM
  Computer: DESKTOP-OGCJR0S
  Description: 
The boot type was 0x0.

Event[2348]:
  Log Name: System
  Source: Microsoft-Windows-Kernel-Boot
  Date: 2017-07-28T13:17:07.717
  Event ID: 25
  Task: N/A
  Level: Information
  Opcode: Info
  Keyword: N/A
  User: S-1-5-18
  User Name: NT AUTHORITY\SYSTEM
  Computer: DESKTOP-OGCJR0S
  Description: 
The boot menu policy was 0x1.

Event[2349]:
  Log Name: System
  Source: Microsoft-Windows-Kernel-Boot
  Date: 2017-07-28T13:17:07.718
  Event ID: 18
  Task: N/A
  Level: Information
  Opcode: Info
  Keyword: N/A
  User: S-1-5-18
  User Name: NT AUTHORITY\SYSTEM
  Computer: DESKTOP-OGCJR0S
  Description: 
There are 0x1 boot options on this system.

Event[2350]:
  Log Name: System
  Source: Microsoft-Windows-Kernel-Boot
  Date: 2017-07-28T13:17:07.718
  Event ID: 32
  Task: N/A
  Level: Information
  Opcode: Info
  Keyword: N/A
  User: S-1-5-18
  User Name: NT AUTHORITY\SYSTEM
  Computer: DESKTOP-OGCJR0S
  Description: 
The bootmgr spent 0 ms waiting for user input.

Event[2351]:
  Log Name: System
  Source: Microsoft-Windows-Kernel-Boot
  Date: 2017-07-28T13:17:07.718
  Event ID: 30
  Task: N/A
  Level: Information
  Opcode: Info
  Keyword: N/A
  User: S-1-5-18
  User Name: NT AUTHORITY\SYSTEM
  Computer: DESKTOP-OGCJR0S
  Description: 
The firmware reported boot metrics.

Event[2352]:
  Log Name: System
  Source: EventLog
  Date: 2017-07-28T13:17:21.206
  Event ID: 6008
  Task: N/A
  Level: Error
  Opcode: N/A
  Keyword: Classic
  User: N/A
  User Name: N/A
  Computer: DESKTOP-OGCJR0S
  Description: 
The previous system shutdown at 12:39:03 PM on ?7/?28/?2017 was unexpected.

Event[2353]:
  Log Name: System
  Source: EventLog
  Date: 2017-07-28T13:17:21.206
  Event ID: 6009
  Task: N/A
  Level: Information
  Opcode: N/A
  Keyword: Classic
  User: N/A
  User Name: N/A
  Computer: DESKTOP-OGCJR0S
  Description: 
Microsoft (R) Windows (R) 10.00. 15063  Multiprocessor Free.

Event[2354]:
  Log Name: System
  Source: EventLog
  Date: 2017-07-28T13:17:21.206
  Event ID: 6005
  Task: N/A
  Level: Information
  Opcode: N/A
  Keyword: Classic
  User: N/A
  User Name: N/A
  Computer: DESKTOP-OGCJR0S
  Description: 
The Event log service was started.

Event[2355]:
  Log Name: System
  Source: EventLog
  Date: 2017-07-28T13:17:21.206
  Event ID: 6013
  Task: N/A
  Level: Information
  Opcode: N/A
  Keyword: Classic
  User: N/A
  User Name: N/A
  Computer: DESKTOP-OGCJR0S
  Description: 
The system uptime is 13 seconds.

Event[2356]:
  Log Name: System
  Source: Microsoft-Windows-FilterManager
  Date: 2017-07-28T13:17:08.073
  Event ID: 6
  Task: N/A
  Level: Information
  Opcode: Info
  Keyword: N/A
  User: S-1-5-18
  User Name: NT AUTHORITY\SYSTEM
  Computer: DESKTOP-OGCJR0S
  Description: 
File System Filter 'FileInfo' (10.0, ?2042?-?06?-?30T09:43:32.000000000Z) has successfully loaded and registered with Filter Manager.

Event[2357]:
  Log Name: System
  Source: Microsoft-Windows-FilterManager
  Date: 2017-07-28T13:17:08.073
  Event ID: 6
  Task: N/A
  Level: Information
  Opcode: Info
  Keyword: N/A
  User: S-1-5-18
  User Name: NT AUTHORITY\SYSTEM
  Computer: DESKTOP-OGCJR0S
  Description: 
File System Filter 'Wof' (10.0, ?1974?-?03?-?11T17:47:45.000000000Z) has successfully loaded and registered with Filter Manager.

Event[2358]:
  Log Name: System
  Source: Microsoft-Windows-FilterManager
  Date: 2017-07-28T13:17:08.074
  Event ID: 6
  Task: N/A
  Level: Information
  Opcode: Info
  Keyword: N/A
  User: S-1-5-18
  User Name: NT AUTHORITY\SYSTEM
  Computer: DESKTOP-OGCJR0S
  Description: 
File System Filter 'WdFilter' (10.0, ?2102?-?10?-?04T11:25:01.000000000Z) has successfully loaded and registered with Filter Manager.

Event[2359]:
  Log Name: System
  Source: Microsoft-Windows-Ntfs
  Date: 2017-07-28T13:17:08.825
  Event ID: 98
  Task: N/A
  Level: Information
  Opcode: Info
  Keyword: N/A
  User: S-1-5-18
  User Name: NT AUTHORITY\SYSTEM
  Computer: DESKTOP-OGCJR0S
  Description: 
Volume C: (\Device\HarddiskVolume3) is healthy.  No action is needed.

Event[2360]:
  Log Name: System
  Source: Microsoft-Windows-FilterManager
  Date: 2017-07-28T13:17:08.954
  Event ID: 6
  Task: N/A
  Level: Information
  Opcode: Info
  Keyword: N/A
  User: S-1-5-18
  User Name: NT AUTHORITY\SYSTEM
  Computer: DESKTOP-OGCJR0S
  Description: 
File System Filter 'FileCrypt' (10.0, ?2030?-?05?-?28T03:10:59.000000000Z) has successfully loaded and registered with Filter Manager.

Event[2361]:
  Log Name: System
  Source: Microsoft-Windows-FilterManager
  Date: 2017-07-28T13:17:09.033
  Event ID: 6
  Task: N/A
  Level: Information
  Opcode: Info
  Keyword: N/A
  User: S-1-5-18
  User Name: NT AUTHORITY\SYSTEM
  Computer: DESKTOP-OGCJR0S
  Description: 
File System Filter 'npsvctrig' (10.0, ?2097?-?07?-?25T05:18:05.000000000Z) has successfully loaded and registered with Filter Manager.

Event[2362]:
  Log Name: System
  Source: Microsoft-Windows-Kernel-Power
  Date: 2017-07-28T13:17:09.058
  Event ID: 41
  Task: N/A
  Level: Critical
  Opcode: Info
  Keyword: N/A
  User: S-1-5-18
  User Name: NT AUTHORITY\SYSTEM
  Computer: DESKTOP-OGCJR0S
  Description: 
The system has rebooted without cleanly shutting down first. This error could be caused if the system stopped responding, crashed, or lost power unexpectedly.

Event[2363]:
  Log Name: System
  Source: Microsoft-Windows-Kernel-Power
  Date: 2017-07-28T13:17:09.058
  Event ID: 172
  Task: N/A
  Level: Information
  Opcode: Info
  Keyword: N/A
  User: S-1-5-18
  User Name: NT AUTHORITY\SYSTEM
  Computer: DESKTOP-OGCJR0S
  Description: 
Connectivity state in standby: Disconnected, Reason: NIC compliance

Event[2364]:
  Log Name: System
  Source: Microsoft-Windows-Ntfs
  Date: 2017-07-28T13:17:09.212
  Event ID: 98
  Task: N/A
  Level: Information
  Opcode: Info
  Keyword: N/A
  User: S-1-5-18
  User Name: NT AUTHORITY\SYSTEM
  Computer: DESKTOP-OGCJR0S
  Description: 
Volume D: (\Device\HarddiskVolume1) is healthy.  No action is needed.

Event[2365]:
  Log Name: System
  Source: Microsoft-Windows-Ntfs
  Date: 2017-07-28T13:17:09.691
  Event ID: 98
  Task: N/A
  Level: Information
  Opcode: Info
  Keyword: N/A
  User: S-1-5-18
  User Name: NT AUTHORITY\SYSTEM
  Computer: DESKTOP-OGCJR0S
  Description: 
Volume E: (\Device\HarddiskVolume2) is healthy.  No action is needed.

Event[2366]:
  Log Name: System
  Source: Microsoft-Windows-Ntfs
  Date: 2017-07-28T13:17:09.808
  Event ID: 98
  Task: N/A
  Level: Information
  Opcode: Info
  Keyword: N/A
  User: S-1-5-18
  User Name: NT AUTHORITY\SYSTEM
  Computer: DESKTOP-OGCJR0S
  Description: 
Volume \\?\Volume{ee9c746c-0000-0000-0000-801c3a000000} (\Device\HarddiskVolume4) is healthy.  No action is needed.

Event[2367]:
  Log Name: System
  Source: Microsoft-Windows-Kernel-Processor-Power
  Date: 2017-07-28T13:17:10.126
  Event ID: 55
  Task: N/A
  Level: Information
  Opcode: Info
  Keyword: N/A
  User: S-1-5-18
  User Name: NT AUTHORITY\SYSTEM
  Computer: DESKTOP-OGCJR0S
  Description: 
Processor 0 in group 0 exposes the following power management capabilities:

Idle state type: ACPI Idle (C) States (2 state(s))

Performance state type: ACPI Performance (P) / Throttle (T) States
Nominal Frequency (MHz): 3500
Maximum performance percentage: 100
Minimum performance percentage: 40
Minimum throttle percentage: 40

Event[2368]:
  Log Name: System
  Source: Microsoft-Windows-Kernel-Processor-Power
  Date: 2017-07-28T13:17:10.126
  Event ID: 55
  Task: N/A
  Level: Information
  Opcode: Info
  Keyword: N/A
  User: S-1-5-18
  User Name: NT AUTHORITY\SYSTEM
  Computer: DESKTOP-OGCJR0S
  Description: 
Processor 1 in group 0 exposes the following power management capabilities:

Idle state type: ACPI Idle (C) States (2 state(s))

Performance state type: ACPI Performance (P) / Throttle (T) States
Nominal Frequency (MHz): 3500
Maximum performance percentage: 100
Minimum performance percentage: 40
Minimum throttle percentage: 40

Event[2369]:
  Log Name: System
  Source: Microsoft-Windows-Kernel-Processor-Power
  Date: 2017-07-28T13:17:10.127
  Event ID: 55
  Task: N/A
  Level: Information
  Opcode: Info
  Keyword: N/A
  User: S-1-5-18
  User Name: NT AUTHORITY\SYSTEM
  Computer: DESKTOP-OGCJR0S
  Description: 
Processor 2 in group 0 exposes the following power management capabilities:

Idle state type: ACPI Idle (C) States (2 state(s))

Performance state type: ACPI Performance (P) / Throttle (T) States
Nominal Frequency (MHz): 3500
Maximum performance percentage: 100
Minimum performance percentage: 40
Minimum throttle percentage: 40

Event[2370]:
  Log Name: System
  Source: Microsoft-Windows-Kernel-Processor-Power
  Date: 2017-07-28T13:17:10.127
  Event ID: 55
  Task: N/A
  Level: Information
  Opcode: Info
  Keyword: N/A
  User: S-1-5-18
  User Name: NT AUTHORITY\SYSTEM
  Computer: DESKTOP-OGCJR0S
  Description: 
Processor 3 in group 0 exposes the following power management capabilities:

Idle state type: ACPI Idle (C) States (2 state(s))

Performance state type: ACPI Performance (P) / Throttle (T) States
Nominal Frequency (MHz): 3500
Maximum performance percentage: 100
Minimum performance percentage: 40
Minimum throttle percentage: 40

Event[2371]:
  Log Name: System
  Source: Microsoft-Windows-Kernel-Processor-Power
  Date: 2017-07-28T13:17:10.128
  Event ID: 55
  Task: N/A
  Level: Information
  Opcode: Info
  Keyword: N/A
  User: S-1-5-18
  User Name: NT AUTHORITY\SYSTEM
  Computer: DESKTOP-OGCJR0S
  Description: 
Processor 4 in group 0 exposes the following power management capabilities:

Idle state type: ACPI Idle (C) States (2 state(s))

Performance state type: ACPI Performance (P) / Throttle (T) States
Nominal Frequency (MHz): 3500
Maximum performance percentage: 100
Minimum performance percentage: 40
Minimum throttle percentage: 40

Event[2372]:
  Log Name: System
  Source: Microsoft-Windows-Kernel-Processor-Power
  Date: 2017-07-28T13:17:10.128
  Event ID: 55
  Task: N/A
  Level: Information
  Opcode: Info
  Keyword: N/A
  User: S-1-5-18
  User Name: NT AUTHORITY\SYSTEM
  Computer: DESKTOP-OGCJR0S
  Description: 
Processor 5 in group 0 exposes the following power management capabilities:

Idle state type: ACPI Idle (C) States (2 state(s))

Performance state type: ACPI Performance (P) / Throttle (T) States
Nominal Frequency (MHz): 3500
Maximum performance percentage: 100
Minimum performance percentage: 40
Minimum throttle percentage: 40

Event[2373]:
  Log Name: System
  Source: Microsoft-Windows-Ntfs
  Date: 2017-07-28T13:17:17.679
  Event ID: 98
  Task: N/A
  Level: Information
  Opcode: Info
  Keyword: N/A
  User: S-1-5-18
  User Name: NT AUTHORITY\SYSTEM
  Computer: DESKTOP-OGCJR0S
  Description: 
Volume \\?\Volume{826cc08c-0000-0000-0000-100000000000} (\Device\HarddiskVolume5) is healthy.  No action is needed.

Event[2374]:
  Log Name: System
  Source: Microsoft-Windows-Kernel-General
  Date: 2017-07-28T13:17:17.823
  Event ID: 16
  Task: N/A
  Level: Information
  Opcode: Info
  Keyword: N/A
  User: S-1-5-18
  User Name: NT AUTHORITY\SYSTEM
  Computer: DESKTOP-OGCJR0S
  Description: 
The access history in hive \Device\HarddiskVolume5\Boot\BCD was cleared updating 54 keys and creating 11 modified pages.

Event[2375]:
  Log Name: System
  Source: Microsoft-Windows-Wininit
  Date: 2017-07-28T13:17:20.299
  Event ID: 14
  Task: N/A
  Level: Information
  Opcode: Info
  Keyword: N/A
  User: S-1-5-18
  User Name: NT AUTHORITY\SYSTEM
  Computer: DESKTOP-OGCJR0S
  Description: 
Credential Guard (LsaIso.exe) configuration: 0x0, 0

Event[2376]:
  Log Name: System
  Source: Microsoft-Windows-Directory-Services-SAM
  Date: 2017-07-28T13:17:20.450
  Event ID: 16962
  Task: N/A
  Level: Information
  Opcode: Info
  Keyword: N/A
  User: S-1-5-18
  User Name: NT AUTHORITY\SYSTEM
  Computer: DESKTOP-OGCJR0S
  Description: 
Remote calls to the SAM database are being restricted using the default security descriptor: O:SYG:SYD:(A;;RC;;;BA).
For more information please see http://go.microsoft.com/fwlink/?LinkId=787651.

Event[2377]:
  Log Name: System
  Source: Microsoft-Windows-FilterManager
  Date: 2017-07-28T13:17:21.135
  Event ID: 6
  Task: N/A
  Level: Information
  Opcode: Info
  Keyword: N/A
  User: S-1-5-18
  User Name: NT AUTHORITY\SYSTEM
  Computer: DESKTOP-OGCJR0S
  Description: 
File System Filter 'wcifs' (10.0, ?2079?-?07?-?15T13:50:57.000000000Z) has successfully loaded and registered with Filter Manager.

Event[2378]:
