  Log Name: System
  Source: Microsoft-Windows-Time-Service
  Date: 2017-07-14T17:32:28.194
  Event ID: 37
  Task: N/A
  Level: Information
  Opcode: Info
  Keyword: N/A
  User: S-1-5-19
  User Name: NT AUTHORITY\LOCAL SERVICE
  Computer: DESKTOP-OGCJR0S
  Description: 
The time provider NtpClient is currently receiving valid time data from time.windows.com,0x9 (ntp.m|0x9|0.0.0.0:123->13.65.245.138:123).

Event[1695]:
  Log Name: System
  Source: Microsoft-Windows-Kernel-General
  Date: 2017-07-14T17:32:35.200
  Event ID: 16
  Task: N/A
  Level: Information
  Opcode: Info
  Keyword: N/A
  User: S-1-5-21-3654634270-3195840133-2774193163-1001
  User Name: DESKTOP-OGCJR0S\joshu
  Computer: DESKTOP-OGCJR0S
  Description: 
The access history in hive \??\C:\Users\joshu\AppData\Local\Packages\Microsoft.Windows.Photos_8wekyb3d8bbwe\Settings\settings.dat was cleared updating 22 keys and creating 4 modified pages.

Event[1696]:
  Log Name: System
  Source: Microsoft-Windows-Kernel-General
  Date: 2017-07-14T17:32:44.935
  Event ID: 1
  Task: N/A
  Level: Information
  Opcode: Info
  Keyword: Time
  User: S-1-5-19
  User Name: NT AUTHORITY\LOCAL SERVICE
  Computer: DESKTOP-OGCJR0S
  Description: 
The system time has changed to ?2017?-?07?-?14T22:32:44.935429100Z from ?2017?-?07?-?14T22:32:42.656840000Z.

Change Reason: An application or system component changed the time.

Event[1697]:
  Log Name: System
  Source: Microsoft-Windows-Time-Service
  Date: 2017-07-14T17:32:44.942
  Event ID: 35
  Task: N/A
  Level: Information
  Opcode: Info
  Keyword: N/A
  User: S-1-5-19
  User Name: NT AUTHORITY\LOCAL SERVICE
  Computer: DESKTOP-OGCJR0S
  Description: 
The time service is now synchronizing the system time with the time source time.windows.com,0x9 (ntp.m|0x9|0.0.0.0:123->13.65.245.138:123).

Event[1698]:
  Log Name: System
  Source: Microsoft-Windows-Kernel-General
  Date: 2017-07-14T17:32:49.459
  Event ID: 1
  Task: N/A
  Level: Information
  Opcode: Info
  Keyword: Time
  User: S-1-5-19
  User Name: NT AUTHORITY\LOCAL SERVICE
  Computer: DESKTOP-OGCJR0S
  Description: 
The system time has changed to ?2017?-?07?-?14T22:32:49.459000000Z from ?2017?-?07?-?14T22:32:49.460972500Z.

Change Reason: An application or system component changed the time.

Event[1699]:
  Log Name: System
  Source: Microsoft-Windows-Kernel-General
  Date: 2017-07-14T17:32:49.458
  Event ID: 1
  Task: N/A
  Level: Information
  Opcode: Info
  Keyword: Time
  User: S-1-5-19
  User Name: NT AUTHORITY\LOCAL SERVICE
  Computer: DESKTOP-OGCJR0S
  Description: 
The system time has changed to ?2017?-?07?-?14T22:32:49.459000000Z from ?2017?-?07?-?14T22:32:49.460623100Z.

Change Reason: An application or system component changed the time.

Event[1700]:
  Log Name: System
  Source: Microsoft-Windows-UserModePowerService
  Date: 2017-07-14T17:32:51.008
  Event ID: 22
  Task: N/A
  Level: Information
  Opcode: Info
  Keyword: N/A
  User: S-1-5-18
  User Name: NT AUTHORITY\SYSTEM
  Computer: DESKTOP-OGCJR0S
  Description: 
Reapply power settings upon completion of the provisioning engine's turn 5

Event[1701]:
  Log Name: System
  Source: Microsoft-Windows-Kernel-General
  Date: 2017-07-14T17:33:16.552
  Event ID: 15
  Task: N/A
  Level: Information
  Opcode: Info
  Keyword: N/A
  User: S-1-5-21-3654634270-3195840133-2774193163-1001
  User Name: DESKTOP-OGCJR0S\joshu
  Computer: DESKTOP-OGCJR0S
  Description: 
Hive \??\C:\Windows\System32\config\components was reorganized with a starting size of 38670336 bytes and an ending size of 37244928 bytes.

Event[1702]:
  Log Name: System
  Source: Microsoft-Windows-Kernel-General
  Date: 2017-07-14T17:37:58.292
  Event ID: 15
  Task: N/A
  Level: Information
  Opcode: Info
  Keyword: N/A
  User: S-1-5-18
  User Name: NT AUTHORITY\SYSTEM
  Computer: DESKTOP-OGCJR0S
  Description: 
Hive \??\GLOBALROOT\Device\HarddiskVolumeShadowCopy4\WINDOWS\System32\config\SYSTEM was reorganized with a starting size of 12525568 bytes and an ending size of 12509184 bytes.

Event[1703]:
  Log Name: System
  Source: Microsoft-Windows-Kernel-General
  Date: 2017-07-14T17:37:58.297
  Event ID: 11
  Task: N/A
  Level: Information
  Opcode: Info
  Keyword: N/A
  User: S-1-5-18
  User Name: NT AUTHORITY\SYSTEM
  Computer: DESKTOP-OGCJR0S
  Description: 
TxR init phase for hive \??\GLOBALROOT\Device\HarddiskVolumeShadowCopy4\WINDOWS\System32\config\SYSTEM (TM: {F9EDFA6D-675F-11E7-B43D-D43D7EF6AF9E}, RM: {F9EDFA6C-675F-11E7-B43D-D43D7EF6AF9E}) finished with result=0xC00000A2 (Internal code=7).

Event[1704]:
  Log Name: System
  Source: Microsoft-Windows-Kernel-General
  Date: 2017-07-14T17:37:58.434
  Event ID: 16
  Task: N/A
  Level: Information
  Opcode: Info
  Keyword: N/A
  User: S-1-5-18
  User Name: NT AUTHORITY\SYSTEM
  Computer: DESKTOP-OGCJR0S
  Description: 
The access history in hive \??\GLOBALROOT\Device\HarddiskVolumeShadowCopy4\WINDOWS\System32\config\DRIVERS was cleared updating 1029 keys and creating 106 modified pages.

Event[1705]:
  Log Name: System
  Source: Microsoft-Windows-Kernel-General
  Date: 2017-07-14T17:37:58.434
  Event ID: 11
  Task: N/A
  Level: Information
  Opcode: Info
  Keyword: N/A
  User: S-1-5-18
  User Name: NT AUTHORITY\SYSTEM
  Computer: DESKTOP-OGCJR0S
  Description: 
TxR init phase for hive \??\GLOBALROOT\Device\HarddiskVolumeShadowCopy4\WINDOWS\System32\config\DRIVERS (TM: {F9EDFA6F-675F-11E7-B43D-D43D7EF6AF9E}, RM: {F9EDFA6E-675F-11E7-B43D-D43D7EF6AF9E}) finished with result=0xC00000A2 (Internal code=7).

Event[1706]:
  Log Name: System
  Source: Microsoft-Windows-Kernel-General
  Date: 2017-07-14T17:38:02.955
  Event ID: 15
  Task: N/A
  Level: Information
  Opcode: Info
  Keyword: N/A
  User: S-1-5-18
  User Name: NT AUTHORITY\SYSTEM
  Computer: DESKTOP-OGCJR0S
  Description: 
Hive \??\Volume{ee9c746c-0000-0000-0000-100000000000}\System Volume Information\SPP\SppCbsHiveStore\{cd42efe1-f6f1-427c-b004-033192c625a4}{9C0E3D58-CCCA-46B0-A964-963F7630B351} was reorganized with a starting size of 12525568 bytes and an ending size of 12509184 bytes.

Event[1707]:
  Log Name: System
  Source: Microsoft-Windows-Kernel-General
  Date: 2017-07-14T17:38:03.341
  Event ID: 16
  Task: N/A
  Level: Information
  Opcode: Info
  Keyword: N/A
  User: S-1-5-18
  User Name: NT AUTHORITY\SYSTEM
  Computer: DESKTOP-OGCJR0S
  Description: 
The access history in hive \??\Volume{ee9c746c-0000-0000-0000-100000000000}\System Volume Information\SPP\SppCbsHiveStore\{cd42efe1-f6f1-427c-b004-033192c625a4}{95EB5BB6-EEA0-4597-8974-C6E2E4B79494} was cleared updating 65 keys and creating 7 modified pages.

Event[1708]:
  Log Name: System
  Source: Microsoft-Windows-Kernel-General
  Date: 2017-07-14T17:38:03.547
  Event ID: 16
  Task: N/A
  Level: Information
  Opcode: Info
  Keyword: N/A
  User: S-1-5-18
  User Name: NT AUTHORITY\SYSTEM
  Computer: DESKTOP-OGCJR0S
  Description: 
The access history in hive \??\Volume{ee9c746c-0000-0000-0000-100000000000}\System Volume Information\SPP\SppCbsHiveStore\{cd42efe1-f6f1-427c-b004-033192c625a4}{0AE3EE59-4D6C-4754-A106-3FD2FC2AF2CD} was cleared updating 79 keys and creating 6 modified pages.

Event[1709]:
  Log Name: System
  Source: Microsoft-Windows-Kernel-General
  Date: 2017-07-14T17:38:04.761
  Event ID: 16
  Task: N/A
  Level: Information
  Opcode: Info
  Keyword: N/A
  User: S-1-5-18
  User Name: NT AUTHORITY\SYSTEM
  Computer: DESKTOP-OGCJR0S
  Description: 
The access history in hive \??\Volume{ee9c746c-0000-0000-0000-100000000000}\System Volume Information\SPP\SppCbsHiveStore\{cd42efe1-f6f1-427c-b004-033192c625a4}{C1AD1750-988F-408E-94CC-FC7633BC5354} was cleared updating 71561 keys and creating 8637 modified pages.

Event[1710]:
  Log Name: System
  Source: Microsoft-Windows-Kernel-General
  Date: 2017-07-14T17:38:05.496
  Event ID: 16
  Task: N/A
  Level: Information
  Opcode: Info
  Keyword: N/A
  User: S-1-5-18
  User Name: NT AUTHORITY\SYSTEM
  Computer: DESKTOP-OGCJR0S
  Description: 
The access history in hive \??\Volume{ee9c746c-0000-0000-0000-100000000000}\System Volume Information\SPP\SppCbsHiveStore\{cd42efe1-f6f1-427c-b004-033192c625a4}{8C26581B-8639-4E2E-9EA7-668AF9E6E393} was cleared updating 261 keys and creating 32 modified pages.

Event[1711]:
  Log Name: System
  Source: Microsoft-Windows-Kernel-General
  Date: 2017-07-14T17:38:09.112
  Event ID: 15
  Task: N/A
  Level: Information
  Opcode: Info
  Keyword: N/A
  User: S-1-5-18
  User Name: NT AUTHORITY\SYSTEM
  Computer: DESKTOP-OGCJR0S
  Description: 
Hive \??\Volume{ee9c746c-0000-0000-0000-100000000000}\System Volume Information\SPP\SppCbsHiveStore\{cd42efe1-f6f1-427c-b004-033192c625a4}{721AEBF6-F067-4ABF-AB54-183253827FD8} was reorganized with a starting size of 70291456 bytes and an ending size of 70000640 bytes.

Event[1712]:
  Log Name: System
  Source: Microsoft-Windows-Winlogon
  Date: 2017-07-14T17:53:43.145
  Event ID: 7002
  Task: N/A
  Level: Information
  Opcode: Info
  Keyword: N/A
  User: S-1-5-18
  User Name: NT AUTHORITY\SYSTEM
  Computer: DESKTOP-OGCJR0S
  Description: 
User Logoff Notification for Customer Experience Improvement Program

Event[1713]:
  Log Name: System
  Source: Microsoft-Windows-Kernel-Power
  Date: 2017-07-14T17:53:44.955
  Event ID: 42
  Task: N/A
  Level: Information
  Opcode: Info
  Keyword: N/A
  User: N/A
  User Name: N/A
  Computer: DESKTOP-OGCJR0S
  Description: 
The system is entering sleep.

Sleep Reason: Application API

Event[1714]:
  Log Name: System
  Source: EventLog
  Date: 2017-07-15T14:52:52.919
  Event ID: 6013
  Task: N/A
  Level: Information
  Opcode: N/A
  Keyword: Classic
  User: N/A
  User Name: N/A
  Computer: DESKTOP-OGCJR0S
  Description: 
The system uptime is 252927 seconds.

Event[1715]:
  Log Name: System
  Source: Microsoft-Windows-Kernel-Power
  Date: 2017-07-14T17:53:46.356
  Event ID: 107
  Task: N/A
  Level: Information
  Opcode: Info
  Keyword: N/A
  User: N/A
  User Name: N/A
  Computer: DESKTOP-OGCJR0S
  Description: 
The system has resumed from sleep.

Event[1716]:
  Log Name: System
  Source: Microsoft-Windows-Kernel-General
  Date: 2017-07-15T14:52:52.499
  Event ID: 1
  Task: N/A
  Level: Information
  Opcode: Info
  Keyword: Time
  User: N/A
  User Name: N/A
  Computer: DESKTOP-OGCJR0S
  Description: 
The system time has changed to ?2017?-?07?-?15T19:52:52.500000000Z from ?2017?-?07?-?14T22:53:46.356462100Z.

Change Reason: System time synchronized with the hardware clock.

Event[1717]:
  Log Name: System
  Source: Microsoft-Windows-Kernel-Boot
  Date: 2017-07-15T14:52:53.205
  Event ID: 30
  Task: N/A
  Level: Information
  Opcode: Info
  Keyword: N/A
  User: N/A
  User Name: N/A
  Computer: DESKTOP-OGCJR0S
  Description: 
The firmware reported boot metrics.

Event[1718]:
  Log Name: System
  Source: Microsoft-Windows-Kernel-Boot
  Date: 2017-07-15T14:52:53.206
  Event ID: 25
  Task: N/A
  Level: Information
  Opcode: Info
  Keyword: N/A
  User: N/A
  User Name: N/A
  Computer: DESKTOP-OGCJR0S
  Description: 
The boot menu policy was 0x1.

Event[1719]:
  Log Name: System
  Source: Microsoft-Windows-Kernel-Boot
  Date: 2017-07-15T14:52:53.206
  Event ID: 27
  Task: N/A
  Level: Information
  Opcode: Info
  Keyword: N/A
  User: N/A
  User Name: N/A
  Computer: DESKTOP-OGCJR0S
  Description: 
The boot type was 0x1.

Event[1720]:
  Log Name: System
  Source: Microsoft-Windows-Kernel-Boot
  Date: 2017-07-15T14:52:53.206
  Event ID: 18
  Task: N/A
  Level: Information
  Opcode: Info
  Keyword: N/A
  User: N/A
  User Name: N/A
  Computer: DESKTOP-OGCJR0S
  Description: 
There are 0x1 boot options on this system.

Event[1721]:
  Log Name: System
  Source: Microsoft-Windows-Kernel-Boot
  Date: 2017-07-15T14:52:53.206
  Event ID: 32
  Task: N/A
  Level: Information
  Opcode: Info
  Keyword: N/A
  User: N/A
  User Name: N/A
  Computer: DESKTOP-OGCJR0S
  Description: 
The bootmgr spent 0 ms waiting for user input.

Event[1722]:
  Log Name: System
  Source: Microsoft-Windows-Power-Troubleshooter
  Date: 2017-07-15T14:52:55.206
  Event ID: 1
  Task: N/A
  Level: Information
  Opcode: Info
  Keyword: N/A
  User: S-1-5-19
  User Name: NT AUTHORITY\LOCAL SERVICE
  Computer: DESKTOP-OGCJR0S
  Description: 
The system has returned from a low power state.

Sleep Time: ?2017?-?07?-?14T22:53:44.774461700Z
Wake Time: ?2017?-?07?-?15T19:52:53.839080900Z

Wake Source: Unknown

Event[1723]:
  Log Name: System
  Source: Microsoft-Windows-DNS-Client
  Date: 2017-07-15T14:52:58.663
  Event ID: 1014
  Task: N/A
  Level: Warning
  Opcode: Info
  Keyword: N/A
  User: S-1-5-20
  User Name: NT AUTHORITY\NETWORK SERVICE
  Computer: DESKTOP-OGCJR0S
  Description: 
Name resolution for the name wpad timed out after none of the configured DNS servers responded.

Event[1724]:
  Log Name: System
  Source: Microsoft-Windows-Winlogon
  Date: 2017-07-15T14:53:42.388
  Event ID: 7001
  Task: N/A
  Level: Information
  Opcode: Info
  Keyword: N/A
  User: S-1-5-18
  User Name: NT AUTHORITY\SYSTEM
  Computer: DESKTOP-OGCJR0S
  Description: 
User Logon Notification for Customer Experience Improvement Program

Event[1725]:
  Log Name: System
  Source: Microsoft-Windows-Kernel-General
  Date: 2017-07-15T14:53:48.984
  Event ID: 16
  Task: N/A
  Level: Information
  Opcode: Info
  Keyword: N/A
  User: S-1-5-21-3654634270-3195840133-2774193163-1001
  User Name: DESKTOP-OGCJR0S\joshu
  Computer: DESKTOP-OGCJR0S
  Description: 
The access history in hive \??\C:\Users\joshu\AppData\Local\Packages\Microsoft.MicrosoftSolitaireCollection_8wekyb3d8bbwe\Settings\settings.dat was cleared updating 4 keys and creating 1 modified pages.

Event[1726]:
  Log Name: System
  Source: Service Control Manager
  Date: 2017-07-15T14:57:53.877
  Event ID: 7040
  Task: N/A
  Level: Information
  Opcode: N/A
  Keyword: Classic
  User: S-1-5-18
  User Name: NT AUTHORITY\SYSTEM
  Computer: DESKTOP-OGCJR0S
  Description: 
The start type of the Background Intelligent Transfer Service service was changed from auto start to demand start.

Event[1727]:
  Log Name: System
  Source: Microsoft-Windows-WindowsUpdateClient
  Date: 2017-07-15T16:45:08.980
  Event ID: 44
  Task: Windows Update Agent
  Level: Information
  Opcode: Download
  Keyword: Download,Started
  User: S-1-5-18
  User Name: NT AUTHORITY\SYSTEM
  Computer: DESKTOP-OGCJR0S
  Description: 
Windows Update started downloading an update.

Event[1728]:
  Log Name: System
  Source: Microsoft-Windows-WindowsUpdateClient
  Date: 2017-07-15T16:45:14.927
  Event ID: 43
  Task: Windows Update Agent
  Level: Information
  Opcode: Installation
  Keyword: Installation,Started
  User: S-1-5-18
  User Name: NT AUTHORITY\SYSTEM
  Computer: DESKTOP-OGCJR0S
  Description: 
Installation Started: Windows has started installing the following update: Definition Update for Windows Defender - KB2267602 (Definition 1.247.935.0)

Event[1729]:
  Log Name: System
  Source: Service Control Manager
  Date: 2017-07-15T16:45:21.809
  Event ID: 7045
  Task: N/A
  Level: Information
  Opcode: N/A
  Keyword: Classic
  User: S-1-5-18
  User Name: NT AUTHORITY\SYSTEM
  Computer: DESKTOP-OGCJR0S
  Description: 
A service was installed in the system.

Service Name:  MpKsl5f9b6ff1
Service File Name:  C:\ProgramData\Microsoft\Windows Defender\Definition Updates\{3539F094-123B-448A-8FE6-1C880F0C057E}\MpKsl5f9b6ff1.sys
Service Type:  kernel mode driver
Service Start Type:  system start
Service Account:  

Event[1730]:
  Log Name: System
  Source: Microsoft-Windows-WindowsUpdateClient
  Date: 2017-07-15T16:45:23.655
  Event ID: 19
  Task: Windows Update Agent
  Level: Information
  Opcode: Installation
  Keyword: Installation,Success
  User: S-1-5-18
  User Name: NT AUTHORITY\SYSTEM
  Computer: DESKTOP-OGCJR0S
  Description: 
Installation Successful: Windows successfully installed the following update: Definition Update for Windows Defender - KB2267602 (Definition 1.247.935.0)

Event[1731]:
  Log Name: System
  Source: Service Control Manager
  Date: 2017-07-15T16:56:30.750
  Event ID: 7040
  Task: N/A
  Level: Information
  Opcode: N/A
  Keyword: Classic
  User: S-1-5-18
  User Name: NT AUTHORITY\SYSTEM
  Computer: DESKTOP-OGCJR0S
  Description: 
The start type of the Background Intelligent Transfer Service service was changed from demand start to auto start.

Event[1732]:
  Log Name: System
  Source: Service Control Manager
  Date: 2017-07-15T16:58:33.431
  Event ID: 7040
  Task: N/A
  Level: Information
  Opcode: N/A
  Keyword: Classic
  User: S-1-5-18
  User Name: NT AUTHORITY\SYSTEM
  Computer: DESKTOP-OGCJR0S
  Description: 
The start type of the Background Intelligent Transfer Service service was changed from auto start to demand start.

Event[1733]:
  Log Name: System
  Source: Microsoft-Windows-Kernel-Power
  Date: 2017-07-15T17:33:16.905
  Event ID: 109
  Task: N/A
  Level: Information
  Opcode: Info
  Keyword: N/A
  User: S-1-5-18
  User Name: NT AUTHORITY\SYSTEM
  Computer: DESKTOP-OGCJR0S
  Description: 
The kernel power manager has initiated a shutdown transition.

Shutdown Reason: Button or Lid

Event[1734]:
  Log Name: System
  Source: Microsoft-Windows-Winlogon
  Date: 2017-07-15T17:33:18.605
  Event ID: 7002
  Task: N/A
  Level: Information
  Opcode: Info
  Keyword: N/A
  User: S-1-5-18
  User Name: NT AUTHORITY\SYSTEM
  Computer: DESKTOP-OGCJR0S
  Description: 
User Logoff Notification for Customer Experience Improvement Program

Event[1735]:
  Log Name: System
  Source: Microsoft-Windows-Kernel-General
  Date: 2017-07-15T17:33:19.631
  Event ID: 16
  Task: N/A
  Level: Information
  Opcode: Info
  Keyword: N/A
  User: S-1-5-18
  User Name: NT AUTHORITY\SYSTEM
  Computer: DESKTOP-OGCJR0S
  Description: 
The access history in hive \??\C:\ProgramData\Microsoft\Provisioning\Microsoft-Desktop-Provisioning-Sequence.dat was cleared updating 0 keys and creating 0 modified pages.

Event[1736]:
  Log Name: System
  Source: Microsoft-Windows-Kernel-Power
  Date: 2017-07-15T17:33:31.291
  Event ID: 42
  Task: N/A
  Level: Information
  Opcode: Info
  Keyword: N/A
  User: N/A
  User Name: N/A
  Computer: DESKTOP-OGCJR0S
  Description: 
The system is entering sleep.

Sleep Reason: Application API

Event[1737]:
  Log Name: System
  Source: Microsoft-Windows-Kernel-Power
  Date: 2017-07-15T17:33:32.571
  Event ID: 107
  Task: N/A
  Level: Information
  Opcode: Info
  Keyword: N/A
  User: N/A
  User Name: N/A
  Computer: DESKTOP-OGCJR0S
  Description: 
The system has resumed from sleep.

Event[1738]:
  Log Name: System
  Source: Microsoft-Windows-Kernel-General
  Date: 2017-07-15T20:04:25.499
  Event ID: 1
  Task: N/A
  Level: Information
  Opcode: Info
  Keyword: Time
  User: N/A
  User Name: N/A
  Computer: DESKTOP-OGCJR0S
  Description: 
The system time has changed to ?2017?-?07?-?16T01:04:25.500000000Z from ?2017?-?07?-?15T22:33:32.572033400Z.

Change Reason: System time synchronized with the hardware clock.

Event[1739]:
  Log Name: System
  Source: Microsoft-Windows-Kernel-Boot
  Date: 2017-07-15T20:04:26.086
  Event ID: 30
  Task: N/A
  Level: Information
  Opcode: Info
  Keyword: N/A
  User: N/A
  User Name: N/A
  Computer: DESKTOP-OGCJR0S
  Description: 
The firmware reported boot metrics.

Event[1740]:
  Log Name: System
  Source: Microsoft-Windows-Kernel-Boot
  Date: 2017-07-15T20:04:26.086
  Event ID: 25
  Task: N/A
  Level: Information
  Opcode: Info
  Keyword: N/A
  User: N/A
  User Name: N/A
  Computer: DESKTOP-OGCJR0S
  Description: 
The boot menu policy was 0x1.

Event[1741]:
  Log Name: System
  Source: Microsoft-Windows-Kernel-Boot
  Date: 2017-07-15T20:04:26.086
  Event ID: 27
  Task: N/A
  Level: Information
  Opcode: Info
  Keyword: N/A
  User: N/A
  User Name: N/A
  Computer: DESKTOP-OGCJR0S
  Description: 
The boot type was 0x1.

Event[1742]:
  Log Name: System
  Source: Microsoft-Windows-Kernel-Boot
  Date: 2017-07-15T20:04:26.086
  Event ID: 18
  Task: N/A
  Level: Information
  Opcode: Info
  Keyword: N/A
  User: N/A
  User Name: N/A
  Computer: DESKTOP-OGCJR0S
  Description: 
There are 0x1 boot options on this system.

Event[1743]:
  Log Name: System
  Source: Microsoft-Windows-Kernel-Boot
  Date: 2017-07-15T20:04:26.086
  Event ID: 32
  Task: N/A
  Level: Information
  Opcode: Info
  Keyword: N/A
  User: N/A
  User Name: N/A
  Computer: DESKTOP-OGCJR0S
  Description: 
The bootmgr spent 0 ms waiting for user input.

Event[1744]:
  Log Name: System
  Source: Microsoft-Windows-Power-Troubleshooter
  Date: 2017-07-15T20:04:28.089
  Event ID: 1
  Task: N/A
  Level: Information
  Opcode: Info
  Keyword: N/A
  User: S-1-5-19
  User Name: NT AUTHORITY\LOCAL SERVICE
  Computer: DESKTOP-OGCJR0S
  Description: 
The system has returned from a low power state.

Sleep Time: ?2017?-?07?-?15T22:33:20.171225000Z
Wake Time: ?2017?-?07?-?16T01:04:26.748742400Z

Wake Source: Unknown

Event[1745]:
  Log Name: System
  Source: Microsoft-Windows-DNS-Client
  Date: 2017-07-15T20:04:28.788
  Event ID: 1014
  Task: N/A
  Level: Warning
  Opcode: Info
  Keyword: N/A
  User: S-1-5-20
  User Name: NT AUTHORITY\NETWORK SERVICE
  Computer: DESKTOP-OGCJR0S
  Description: 
Name resolution for the name wpad timed out after none of the configured DNS servers responded.

Event[1746]:
  Log Name: System
  Source: Microsoft-Windows-Winlogon
  Date: 2017-07-15T20:05:11.695
  Event ID: 7001
  Task: N/A
  Level: Information
  Opcode: Info
  Keyword: N/A
  User: S-1-5-18
  User Name: NT AUTHORITY\SYSTEM
  Computer: DESKTOP-OGCJR0S
  Description: 
User Logon Notification for Customer Experience Improvement Program

Event[1747]:
  Log Name: System
  Source: Service Control Manager
  Date: 2017-07-15T20:05:25.384
  Event ID: 7040
  Task: N/A
  Level: Information
  Opcode: N/A
  Keyword: Classic
  User: S-1-5-18
  User Name: NT AUTHORITY\SYSTEM
  Computer: DESKTOP-OGCJR0S
  Description: 
The start type of the Background Intelligent Transfer Service service was changed from demand start to auto start.

Event[1748]:
  Log Name: System
  Source: Service Control Manager
  Date: 2017-07-15T20:07:28.342
  Event ID: 7040
  Task: N/A
  Level: Information
  Opcode: N/A
  Keyword: Classic
  User: S-1-5-18
  User Name: NT AUTHORITY\SYSTEM
  Computer: DESKTOP-OGCJR0S
  Description: 
The start type of the Background Intelligent Transfer Service service was changed from auto start to demand start.

Event[1749]:
  Log Name: System
  Source: Microsoft-Windows-Kernel-General
  Date: 2017-07-15T20:53:55.649
  Event ID: 16
  Task: N/A
  Level: Information
  Opcode: Info
  Keyword: N/A
  User: S-1-5-18
  User Name: NT AUTHORITY\SYSTEM
  Computer: DESKTOP-OGCJR0S
  Description: 
The access history in hive \??\C:\ProgramData\Microsoft\Provisioning\Microsoft-Desktop-Provisioning-Sequence.dat was cleared updating 0 keys and creating 0 modified pages.

Event[1750]:
  Log Name: System
  Source: Microsoft-Windows-Time-Service
  Date: 2017-07-15T20:53:56.545
  Event ID: 158
  Task: N/A
  Level: Information
  Opcode: Info
  Keyword: N/A
  User: S-1-5-19
  User Name: NT AUTHORITY\LOCAL SERVICE
  Computer: DESKTOP-OGCJR0S
  Description: 
The time provider 'VMICTimeProvider' has indicated that the current hardware and operating environment is not supported and has stopped. This behavior is expected for VMICTimeProvider on non-HyperV-guest environments. This may be the expected behavior for the current provider in the current operating environment as well.

Event[1751]:
  Log Name: System
  Source: Microsoft-Windows-Time-Service
  Date: 2017-07-15T20:53:58.118
  Event ID: 37
  Task: N/A
  Level: Information
  Opcode: Info
  Keyword: N/A
  User: S-1-5-19
  User Name: NT AUTHORITY\LOCAL SERVICE
  Computer: DESKTOP-OGCJR0S
  Description: 
The time provider NtpClient is currently receiving valid time data from time.windows.com,0x9 (ntp.m|0x9|0.0.0.0:123->13.65.245.138:123).

Event[1752]:
  Log Name: System
  Source: Microsoft-Windows-UserModePowerService
  Date: 2017-07-15T20:54:10.881
  Event ID: 22
  Task: N/A
  Level: Information
  Opcode: Info
  Keyword: N/A
  User: S-1-5-18
  User Name: NT AUTHORITY\SYSTEM
  Computer: DESKTOP-OGCJR0S
  Description: 
Reapply power settings upon completion of the provisioning engine's turn 5

Event[1753]:
  Log Name: System
  Source: Microsoft-Windows-Kernel-General
  Date: 2017-07-15T20:54:11.091
  Event ID: 16
  Task: N/A
  Level: Information
  Opcode: Info
  Keyword: N/A
  User: S-1-5-21-3654634270-3195840133-2774193163-1001
  User Name: DESKTOP-OGCJR0S\joshu
  Computer: DESKTOP-OGCJR0S
  Description: 
The access history in hive \??\C:\Users\joshu\AppData\Local\Packages\1527c705-839a-4832-9118-54d4bd6a0c89_cw5n1h2txyewy\Settings\settings.dat was cleared updating 2 keys and creating 1 modified pages.

Event[1754]:
  Log Name: System
  Source: Microsoft-Windows-Kernel-General
  Date: 2017-07-15T20:54:11.160
  Event ID: 16
  Task: N/A
  Level: Information
  Opcode: Info
  Keyword: N/A
  User: S-1-5-21-3654634270-3195840133-2774193163-1001
  User Name: DESKTOP-OGCJR0S\joshu
  Computer: DESKTOP-OGCJR0S
  Description: 
The access history in hive \??\C:\Users\joshu\AppData\Local\Packages\c5e2524a-ea46-4f67-841f-6a9465d9d515_cw5n1h2txyewy\Settings\settings.dat was cleared updating 2 keys and creating 1 modified pages.

Event[1755]:
  Log Name: System
  Source: Microsoft-Windows-Kernel-General
  Date: 2017-07-15T20:54:11.192
  Event ID: 16
  Task: N/A
  Level: Information
  Opcode: Info
  Keyword: N/A
  User: S-1-5-21-3654634270-3195840133-2774193163-1001
  User Name: DESKTOP-OGCJR0S\joshu
  Computer: DESKTOP-OGCJR0S
  Description: 
The access history in hive \??\C:\Users\joshu\AppData\Local\Packages\cortanalistenuiapp_cw5n1h2txyewy\Settings\settings.dat was cleared updating 2 keys and creating 1 modified pages.

Event[1756]:
  Log Name: System
  Source: Microsoft-Windows-Kernel-General
  Date: 2017-07-15T20:54:11.225
  Event ID: 16
  Task: N/A
  Level: Information
  Opcode: Info
  Keyword: N/A
  User: S-1-5-21-3654634270-3195840133-2774193163-1001
  User Name: DESKTOP-OGCJR0S\joshu
  Computer: DESKTOP-OGCJR0S
  Description: 
The access history in hive \??\C:\Users\joshu\AppData\Local\Packages\desktoplearning_cw5n1h2txyewy\Settings\settings.dat was cleared updating 2 keys and creating 1 modified pages.

Event[1757]:
  Log Name: System
  Source: Microsoft-Windows-Kernel-General
  Date: 2017-07-15T20:54:11.256
  Event ID: 16
  Task: N/A
  Level: Information
  Opcode: Info
  Keyword: N/A
  User: S-1-5-21-3654634270-3195840133-2774193163-1001
  User Name: DESKTOP-OGCJR0S\joshu
  Computer: DESKTOP-OGCJR0S
  Description: 
The access history in hive \??\C:\Users\joshu\AppData\Local\Packages\desktopview_cw5n1h2txyewy\Settings\settings.dat was cleared updating 2 keys and creating 1 modified pages.

Event[1758]:
  Log Name: System
  Source: Microsoft-Windows-Kernel-General
  Date: 2017-07-15T20:54:11.315
  Event ID: 16
  Task: N/A
  Level: Information
  Opcode: Info
  Keyword: N/A
  User: S-1-5-21-3654634270-3195840133-2774193163-1001
  User Name: DESKTOP-OGCJR0S\joshu
  Computer: DESKTOP-OGCJR0S
  Description: 
The access history in hive \??\C:\Users\joshu\AppData\Local\Packages\e2a4f912-2574-4a75-9bb0-0d023378592b_cw5n1h2txyewy\Settings\settings.dat was cleared updating 2 keys and creating 1 modified pages.

Event[1759]:
  Log Name: System
  Source: Microsoft-Windows-Kernel-General
  Date: 2017-07-15T20:54:11.347
  Event ID: 16
  Task: N/A
  Level: Information
  Opcode: Info
  Keyword: N/A
  User: S-1-5-21-3654634270-3195840133-2774193163-1001
  User Name: DESKTOP-OGCJR0S\joshu
  Computer: DESKTOP-OGCJR0S
  Description: 
The access history in hive \??\C:\Users\joshu\AppData\Local\Packages\environmentsapp_cw5n1h2txyewy\Settings\settings.dat was cleared updating 2 keys and creating 1 modified pages.

Event[1760]:
  Log Name: System
  Source: Microsoft-Windows-Kernel-General
  Date: 2017-07-15T20:54:11.378
  Event ID: 16
  Task: N/A
  Level: Information
  Opcode: Info
  Keyword: N/A
  User: S-1-5-21-3654634270-3195840133-2774193163-1001
  User Name: DESKTOP-OGCJR0S\joshu
  Computer: DESKTOP-OGCJR0S
  Description: 
The access history in hive \??\C:\Users\joshu\AppData\Local\Packages\holocamera_cw5n1h2txyewy\Settings\settings.dat was cleared updating 2 keys and creating 1 modified pages.

Event[1761]:
  Log Name: System
  Source: Microsoft-Windows-Kernel-General
  Date: 2017-07-15T20:54:11.409
  Event ID: 16
  Task: N/A
  Level: Information
  Opcode: Info
  Keyword: N/A
  User: S-1-5-21-3654634270-3195840133-2774193163-1001
  User Name: DESKTOP-OGCJR0S\joshu
  Computer: DESKTOP-OGCJR0S
  Description: 
The access history in hive \??\C:\Users\joshu\AppData\Local\Packages\holoitemplayerapp_cw5n1h2txyewy\Settings\settings.dat was cleared updating 2 keys and creating 1 modified pages.

Event[1762]:
  Log Name: System
  Source: Microsoft-Windows-Kernel-General
  Date: 2017-07-15T20:54:11.460
  Event ID: 16
  Task: N/A
  Level: Information
  Opcode: Info
  Keyword: N/A
  User: S-1-5-21-3654634270-3195840133-2774193163-1001
  User Name: DESKTOP-OGCJR0S\joshu
  Computer: DESKTOP-OGCJR0S
  Description: 
The access history in hive \??\C:\Users\joshu\AppData\Local\Packages\holoshell_cw5n1h2txyewy\Settings\settings.dat was cleared updating 2 keys and creating 1 modified pages.

Event[1763]:
  Log Name: System
  Source: Microsoft-Windows-Kernel-General
  Date: 2017-07-15T20:54:11.510
  Event ID: 16
  Task: N/A
  Level: Information
  Opcode: Info
  Keyword: N/A
  User: S-1-5-21-3654634270-3195840133-2774193163-1001
  User Name: DESKTOP-OGCJR0S\joshu
  Computer: DESKTOP-OGCJR0S
  Description: 
The access history in hive \??\C:\Users\joshu\AppData\Local\Packages\microsoft.3dbuilder_8wekyb3d8bbwe\Settings\settings.dat was cleared updating 2 keys and creating 1 modified pages.

Event[1764]:
  Log Name: System
  Source: Microsoft-Windows-Kernel-General
  Date: 2017-07-15T20:54:11.562
  Event ID: 16
  Task: N/A
  Level: Information
  Opcode: Info
  Keyword: N/A
  User: S-1-5-21-3654634270-3195840133-2774193163-1001
  User Name: DESKTOP-OGCJR0S\joshu
  Computer: DESKTOP-OGCJR0S
  Description: 
The access history in hive \??\C:\Users\joshu\AppData\Local\Packages\microsoft.aad.brokerplugin_cw5n1h2txyewy\Settings\settings.dat was cleared updating 5 keys and creating 1 modified pages.

Event[1765]:
  Log Name: System
  Source: Microsoft-Windows-Kernel-General
  Date: 2017-07-15T20:54:11.593
  Event ID: 16
  Task: N/A
  Level: Information
  Opcode: Info
  Keyword: N/A
  User: S-1-5-21-3654634270-3195840133-2774193163-1001
  User Name: DESKTOP-OGCJR0S\joshu
  Computer: DESKTOP-OGCJR0S
  Description: 
The access history in hive \??\C:\Users\joshu\AppData\Local\Packages\microsoft.accountscontrol_cw5n1h2txyewy\Settings\settings.dat was cleared updating 2 keys and creating 1 modified pages.

Event[1766]:
  Log Name: System
  Source: Microsoft-Windows-Kernel-General
  Date: 2017-07-15T20:54:11.624
  Event ID: 16
  Task: N/A
  Level: Information
  Opcode: Info
  Keyword: N/A
  User: S-1-5-21-3654634270-3195840133-2774193163-1001
  User Name: DESKTOP-OGCJR0S\joshu
  Computer: DESKTOP-OGCJR0S
  Description: 
The access history in hive \??\C:\Users\joshu\AppData\Local\Packages\microsoft.bingnews_8wekyb3d8bbwe\Settings\settings.dat was cleared updating 2 keys and creating 1 modified pages.

Event[1767]:
  Log Name: System
  Source: Microsoft-Windows-Kernel-General
  Date: 2017-07-15T20:54:11.659
  Event ID: 16
  Task: N/A
  Level: Information
  Opcode: Info
  Keyword: N/A
  User: S-1-5-21-3654634270-3195840133-2774193163-1001
  User Name: DESKTOP-OGCJR0S\joshu
  Computer: DESKTOP-OGCJR0S
  Description: 
The access history in hive \??\C:\Users\joshu\AppData\Local\Packages\microsoft.bingweather_8wekyb3d8bbwe\Settings\settings.dat was cleared updating 2 keys and creating 1 modified pages.

Event[1768]:
  Log Name: System
  Source: Microsoft-Windows-Kernel-General
  Date: 2017-07-15T20:54:11.690
  Event ID: 16
  Task: N/A
  Level: Information
  Opcode: Info
  Keyword: N/A
  User: S-1-5-21-3654634270-3195840133-2774193163-1001
  User Name: DESKTOP-OGCJR0S\joshu
  Computer: DESKTOP-OGCJR0S
  Description: 
The access history in hive \??\C:\Users\joshu\AppData\Local\Packages\microsoft.bioenrollment_cw5n1h2txyewy\Settings\settings.dat was cleared updating 2 keys and creating 1 modified pages.

Event[1769]:
  Log Name: System
  Source: Microsoft-Windows-Kernel-General
  Date: 2017-07-15T20:54:11.721
  Event ID: 16
  Task: N/A
  Level: Information
  Opcode: Info
  Keyword: N/A
  User: S-1-5-21-3654634270-3195840133-2774193163-1001
  User Name: DESKTOP-OGCJR0S\joshu
  Computer: DESKTOP-OGCJR0S
  Description: 
The access history in hive \??\C:\Users\joshu\AppData\Local\Packages\microsoft.creddialoghost_cw5n1h2txyewy\Settings\settings.dat was cleared updating 2 keys and creating 1 modified pages.

Event[1770]:
  Log Name: System
  Source: Microsoft-Windows-Kernel-General
  Date: 2017-07-15T20:54:11.752
  Event ID: 16
  Task: N/A
  Level: Information
  Opcode: Info
  Keyword: N/A
  User: S-1-5-21-3654634270-3195840133-2774193163-1001
  User Name: DESKTOP-OGCJR0S\joshu
  Computer: DESKTOP-OGCJR0S
  Description: 
The access history in hive \??\C:\Users\joshu\AppData\Local\Packages\microsoft.desktopappinstaller_8wekyb3d8bbwe\Settings\settings.dat was cleared updating 2 keys and creating 1 modified pages.

Event[1771]:
  Log Name: System
  Source: Microsoft-Windows-Kernel-General
  Date: 2017-07-15T20:54:11.783
  Event ID: 16
  Task: N/A
  Level: Information
  Opcode: Info
  Keyword: N/A
  User: S-1-5-21-3654634270-3195840133-2774193163-1001
  User Name: DESKTOP-OGCJR0S\joshu
  Computer: DESKTOP-OGCJR0S
  Description: 
The access history in hive \??\C:\Users\joshu\AppData\Local\Packages\microsoft.getstarted_8wekyb3d8bbwe\Settings\settings.dat was cleared updating 2 keys and creating 1 modified pages.

Event[1772]:
  Log Name: System
  Source: Microsoft-Windows-Kernel-General
  Date: 2017-07-15T20:54:11.815
  Event ID: 16
  Task: N/A
  Level: Information
  Opcode: Info
  Keyword: N/A
  User: S-1-5-21-3654634270-3195840133-2774193163-1001
  User Name: DESKTOP-OGCJR0S\joshu
  Computer: DESKTOP-OGCJR0S
  Description: 
The access history in hive \??\C:\Users\joshu\AppData\Local\Packages\microsoft.lockapp_cw5n1h2txyewy\Settings\settings.dat was cleared updating 2 keys and creating 1 modified pages.

Event[1773]:
  Log Name: System
  Source: Microsoft-Windows-Kernel-General
  Date: 2017-07-15T20:54:11.852
  Event ID: 16
  Task: N/A
  Level: Information
  Opcode: Info
  Keyword: N/A
  User: S-1-5-21-3654634270-3195840133-2774193163-1001
  User Name: DESKTOP-OGCJR0S\joshu
  Computer: DESKTOP-OGCJR0S
  Description: 
The access history in hive \??\C:\Users\joshu\AppData\Local\Packages\microsoft.messaging_8wekyb3d8bbwe\Settings\settings.dat was cleared updating 2 keys and creating 1 modified pages.

Event[1774]:
  Log Name: System
  Source: Microsoft-Windows-Kernel-General
  Date: 2017-07-15T20:54:11.884
  Event ID: 16
  Task: N/A
  Level: Information
  Opcode: Info
  Keyword: N/A
  User: S-1-5-21-3654634270-3195840133-2774193163-1001
  User Name: DESKTOP-OGCJR0S\joshu
  Computer: DESKTOP-OGCJR0S
  Description: 
The access history in hive \??\C:\Users\joshu\AppData\Local\Packages\microsoft.microsoft3dviewer_8wekyb3d8bbwe\Settings\settings.dat was cleared updating 2 keys and creating 1 modified pages.

Event[1775]:
  Log Name: System
  Source: Microsoft-Windows-Kernel-General
  Date: 2017-07-15T20:54:11.915
  Event ID: 16
  Task: N/A
  Level: Information
  Opcode: Info
  Keyword: N/A
  User: S-1-5-21-3654634270-3195840133-2774193163-1001
  User Name: DESKTOP-OGCJR0S\joshu
  Computer: DESKTOP-OGCJR0S
  Description: 
The access history in hive \??\C:\Users\joshu\AppData\Local\Packages\microsoft.microsoftedge_8wekyb3d8bbwe\Settings\settings.dat was cleared updating 2 keys and creating 1 modified pages.

Event[1776]:
  Log Name: System
  Source: Microsoft-Windows-Kernel-General
  Date: 2017-07-15T20:54:11.948
  Event ID: 16
  Task: N/A
  Level: Information
  Opcode: Info
  Keyword: N/A
  User: S-1-5-21-3654634270-3195840133-2774193163-1001
  User Name: DESKTOP-OGCJR0S\joshu
  Computer: DESKTOP-OGCJR0S
  Description: 
The access history in hive \??\C:\Users\joshu\AppData\Local\Packages\microsoft.microsoftofficehub_8wekyb3d8bbwe\Settings\settings.dat was cleared updating 48 keys and creating 6 modified pages.

Event[1777]:
  Log Name: System
  Source: Microsoft-Windows-Kernel-General
  Date: 2017-07-15T20:54:12.011
  Event ID: 16
  Task: N/A
  Level: Information
  Opcode: Info
  Keyword: N/A
  User: S-1-5-21-3654634270-3195840133-2774193163-1001
  User Name: DESKTOP-OGCJR0S\joshu
  Computer: DESKTOP-OGCJR0S
  Description: 
The access history in hive \??\C:\Users\joshu\AppData\Local\Packages\microsoft.microsoftstickynotes_8wekyb3d8bbwe\Settings\settings.dat was cleared updating 2 keys and creating 1 modified pages.

Event[1778]:
  Log Name: System
  Source: Microsoft-Windows-Kernel-General
  Date: 2017-07-15T20:54:12.046
  Event ID: 16
  Task: N/A
  Level: Information
  Opcode: Info
  Keyword: N/A
  User: S-1-5-21-3654634270-3195840133-2774193163-1001
  User Name: DESKTOP-OGCJR0S\joshu
  Computer: DESKTOP-OGCJR0S
  Description: 
The access history in hive \??\C:\Users\joshu\AppData\Local\Packages\microsoft.mspaint_8wekyb3d8bbwe\Settings\settings.dat was cleared updating 2 keys and creating 1 modified pages.

Event[1779]:
  Log Name: System
  Source: Microsoft-Windows-Kernel-General
  Date: 2017-07-15T20:54:12.077
  Event ID: 16
  Task: N/A
  Level: Information
  Opcode: Info
  Keyword: N/A
  User: S-1-5-21-3654634270-3195840133-2774193163-1001
  User Name: DESKTOP-OGCJR0S\joshu
  Computer: DESKTOP-OGCJR0S
  Description: 
The access history in hive \??\C:\Users\joshu\AppData\Local\Packages\microsoft.office.onenote_8wekyb3d8bbwe\Settings\settings.dat was cleared updating 2 keys and creating 1 modified pages.

Event[1780]:
  Log Name: System
  Source: Microsoft-Windows-Kernel-General
  Date: 2017-07-15T20:54:12.108
  Event ID: 16
  Task: N/A
  Level: Information
  Opcode: Info
  Keyword: N/A
  User: S-1-5-21-3654634270-3195840133-2774193163-1001
  User Name: DESKTOP-OGCJR0S\joshu
  Computer: DESKTOP-OGCJR0S
  Description: 
The access history in hive \??\C:\Users\joshu\AppData\Local\Packages\microsoft.oneconnect_8wekyb3d8bbwe\Settings\settings.dat was cleared updating 2 keys and creating 1 modified pages.

Event[1781]:
  Log Name: System
  Source: Microsoft-Windows-Kernel-General
  Date: 2017-07-15T20:54:12.163
  Event ID: 16
  Task: N/A
  Level: Information
  Opcode: Info
  Keyword: N/A
  User: S-1-5-21-3654634270-3195840133-2774193163-1001
  User Name: DESKTOP-OGCJR0S\joshu
  Computer: DESKTOP-OGCJR0S
  Description: 
The access history in hive \??\C:\Users\joshu\AppData\Local\Packages\microsoft.people_8wekyb3d8bbwe\Settings\settings.dat was cleared updating 2 keys and creating 1 modified pages.

Event[1782]:
  Log Name: System
  Source: Microsoft-Windows-Kernel-General
  Date: 2017-07-15T20:54:12.201
  Event ID: 16
  Task: N/A
  Level: Information
  Opcode: Info
  Keyword: N/A
  User: S-1-5-21-3654634270-3195840133-2774193163-1001
  User Name: DESKTOP-OGCJR0S\joshu
  Computer: DESKTOP-OGCJR0S
  Description: 
The access history in hive \??\C:\Users\joshu\AppData\Local\Packages\microsoft.ppiprojection_cw5n1h2txyewy\Settings\settings.dat was cleared updating 2 keys and creating 1 modified pages.

Event[1783]:
  Log Name: System
  Source: Microsoft-Windows-Kernel-General
  Date: 2017-07-15T20:54:12.233
  Event ID: 16
  Task: N/A
  Level: Information
  Opcode: Info
  Keyword: N/A
  User: S-1-5-21-3654634270-3195840133-2774193163-1001
  User Name: DESKTOP-OGCJR0S\joshu
  Computer: DESKTOP-OGCJR0S
  Description: 
The access history in hive \??\C:\Users\joshu\AppData\Local\Packages\microsoft.reader_8wekyb3d8bbwe\Settings\settings.dat was cleared updating 3 keys and creating 1 modified pages.

Event[1784]:
  Log Name: System
  Source: Microsoft-Windows-Kernel-General
  Date: 2017-07-15T20:54:12.320
  Event ID: 16
  Task: N/A
  Level: Information
  Opcode: Info
  Keyword: N/A
  User: S-1-5-21-3654634270-3195840133-2774193163-1001
  User Name: DESKTOP-OGCJR0S\joshu
  Computer: DESKTOP-OGCJR0S
  Description: 
The access history in hive \??\C:\Users\joshu\AppData\Local\Packages\microsoft.storepurchaseapp_8wekyb3d8bbwe\Settings\settings.dat was cleared updating 3 keys and creating 1 modified pages.

Event[1785]:
  Log Name: System
  Source: Microsoft-Windows-Kernel-General
  Date: 2017-07-15T20:54:12.351
  Event ID: 16
  Task: N/A
  Level: Information
  Opcode: Info
  Keyword: N/A
  User: S-1-5-21-3654634270-3195840133-2774193163-1001
  User Name: DESKTOP-OGCJR0S\joshu
  Computer: DESKTOP-OGCJR0S
  Description: 
The access history in hive \??\C:\Users\joshu\AppData\Local\Packages\microsoft.wallet_8wekyb3d8bbwe\Settings\settings.dat was cleared updating 2 keys and creating 1 modified pages.

Event[1786]:
  Log Name: System
  Source: Microsoft-Windows-Kernel-General
  Date: 2017-07-15T20:54:12.387
  Event ID: 16
  Task: N/A
  Level: Information
  Opcode: Info
  Keyword: N/A
  User: S-1-5-21-3654634270-3195840133-2774193163-1001
  User Name: DESKTOP-OGCJR0S\joshu
  Computer: DESKTOP-OGCJR0S
  Description: 
The access history in hive \??\C:\Users\joshu\AppData\Local\Packages\microsoft.windows.apprep.chxapp_cw5n1h2txyewy\Settings\settings.dat was cleared updating 2 keys and creating 1 modified pages.

Event[1787]:
  Log Name: System
  Source: Microsoft-Windows-Kernel-General
  Date: 2017-07-15T20:54:12.443
  Event ID: 16
  Task: N/A
  Level: Information
  Opcode: Info
  Keyword: N/A
  User: S-1-5-21-3654634270-3195840133-2774193163-1001
  User Name: DESKTOP-OGCJR0S\joshu
  Computer: DESKTOP-OGCJR0S
  Description: 
The access history in hive \??\C:\Users\joshu\AppData\Local\Packages\microsoft.windows.assignedaccesslockapp_cw5n1h2txyewy\Settings\settings.dat was cleared updating 2 keys and creating 1 modified pages.

Event[1788]:
  Log Name: System
  Source: Microsoft-Windows-Kernel-General
  Date: 2017-07-15T20:54:12.558
  Event ID: 16
  Task: N/A
  Level: Information
  Opcode: Info
  Keyword: N/A
  User: S-1-5-21-3654634270-3195840133-2774193163-1001
  User Name: DESKTOP-OGCJR0S\joshu
  Computer: DESKTOP-OGCJR0S
  Description: 
The access history in hive \??\C:\Users\joshu\AppData\Local\Packages\microsoft.windows.holographicfirstrun_cw5n1h2txyewy\Settings\settings.dat was cleared updating 2 keys and creating 1 modified pages.

Event[1789]:
  Log Name: System
  Source: Microsoft-Windows-Time-Service
  Date: 2017-07-15T20:54:12.584
  Event ID: 35
  Task: N/A
  Level: Information
  Opcode: Info
  Keyword: N/A
  User: S-1-5-19
  User Name: NT AUTHORITY\LOCAL SERVICE
  Computer: DESKTOP-OGCJR0S
  Description: 
The time service is now synchronizing the system time with the time source time.windows.com,0x9 (ntp.m|0x9|0.0.0.0:123->13.65.245.138:123).

Event[1790]:
  Log Name: System
  Source: Microsoft-Windows-Kernel-General
  Date: 2017-07-15T20:54:12.583
  Event ID: 1
  Task: N/A
  Level: Information
  Opcode: Info
  Keyword: Time
  User: S-1-5-19
  User Name: NT AUTHORITY\LOCAL SERVICE
  Computer: DESKTOP-OGCJR0S
  Description: 
The system time has changed to ?2017?-?07?-?16T01:54:12.584000000Z from ?2017?-?07?-?16T01:54:12.584860300Z.

Change Reason: An application or system component changed the time.

Event[1791]:
  Log Name: System
  Source: Microsoft-Windows-Kernel-General
  Date: 2017-07-15T20:54:12.627
  Event ID: 16
  Task: N/A
  Level: Information
  Opcode: Info
  Keyword: N/A
  User: S-1-5-21-3654634270-3195840133-2774193163-1001
  User Name: DESKTOP-OGCJR0S\joshu
  Computer: DESKTOP-OGCJR0S
  Description: 
The access history in hive \??\C:\Users\joshu\AppData\Local\Packages\microsoft.windows.modalsharepickerhost_cw5n1h2txyewy\Settings\settings.dat was cleared updating 2 keys and creating 1 modified pages.

Event[1792]:
  Log Name: System
  Source: Microsoft-Windows-Kernel-General
  Date: 2017-07-15T20:54:12.657
  Event ID: 16
  Task: N/A
  Level: Information
  Opcode: Info
  Keyword: N/A
  User: S-1-5-21-3654634270-3195840133-2774193163-1001
  User Name: DESKTOP-OGCJR0S\joshu
  Computer: DESKTOP-OGCJR0S
  Description: 
The access history in hive \??\C:\Users\joshu\AppData\Local\Packages\microsoft.windows.oobenetworkcaptiveportal_cw5n1h2txyewy\Settings\settings.dat was cleared updating 2 keys and creating 1 modified pages.

Event[1793]:
  Log Name: System
  Source: Microsoft-Windows-Kernel-General
  Date: 2017-07-15T20:54:12.688
  Event ID: 16
  Task: N/A
  Level: Information
  Opcode: Info
  Keyword: N/A
  User: S-1-5-21-3654634270-3195840133-2774193163-1001
  User Name: DESKTOP-OGCJR0S\joshu
  Computer: DESKTOP-OGCJR0S
  Description: 
The access history in hive \??\C:\Users\joshu\AppData\Local\Packages\microsoft.windows.oobenetworkconnectionflow_cw5n1h2txyewy\Settings\settings.dat was cleared updating 2 keys and creating 1 modified pages.

Event[1794]:
  Log Name: System
  Source: Microsoft-Windows-Kernel-General
  Date: 2017-07-15T20:54:12.780
  Event ID: 16
  Task: N/A
  Level: Information
  Opcode: Info
  Keyword: N/A
  User: S-1-5-21-3654634270-3195840133-2774193163-1001
  User Name: DESKTOP-OGCJR0S\joshu
  Computer: DESKTOP-OGCJR0S
  Description: 
The access history in hive \??\C:\Users\joshu\AppData\Local\Packages\microsoft.windows.parentalcontrols_cw5n1h2txyewy\Settings\settings.dat was cleared updating 2 keys and creating 1 modified pages.

Event[1795]:
  Log Name: System
  Source: Microsoft-Windows-Kernel-General
  Date: 2017-07-15T20:54:12.816
  Event ID: 16
  Task: N/A
  Level: Information
  Opcode: Info
  Keyword: N/A
  User: S-1-5-21-3654634270-3195840133-2774193163-1001
  User Name: DESKTOP-OGCJR0S\joshu
  Computer: DESKTOP-OGCJR0S
  Description: 
The access history in hive \??\C:\Users\joshu\AppData\Local\Packages\microsoft.windows.sechealthui_cw5n1h2txyewy\Settings\settings.dat was cleared updating 2 keys and creating 1 modified pages.

Event[1796]:
  Log Name: System
  Source: Microsoft-Windows-Kernel-General
  Date: 2017-07-15T20:54:12.884
  Event ID: 16
  Task: N/A
  Level: Information
  Opcode: Info
  Keyword: N/A
  User: S-1-5-21-3654634270-3195840133-2774193163-1001
  User Name: DESKTOP-OGCJR0S\joshu
  Computer: DESKTOP-OGCJR0S
  Description: 
The access history in hive \??\C:\Users\joshu\AppData\Local\Packages\microsoft.windows.secondarytileexperience_cw5n1h2txyewy\Settings\settings.dat was cleared updating 2 keys and creating 1 modified pages.

Event[1797]:
  Log Name: System
  Source: Microsoft-Windows-Kernel-General
  Date: 2017-07-15T20:54:12.915
  Event ID: 16
  Task: N/A
  Level: Information
  Opcode: Info
  Keyword: N/A
  User: S-1-5-21-3654634270-3195840133-2774193163-1001
  User Name: DESKTOP-OGCJR0S\joshu
  Computer: DESKTOP-OGCJR0S
  Description: 
The access history in hive \??\C:\Users\joshu\AppData\Local\Packages\microsoft.windows.secureassessmentbrowser_cw5n1h2txyewy\Settings\settings.dat was cleared updating 2 keys and creating 1 modified pages.

Event[1798]:
  Log Name: System
  Source: Microsoft-Windows-Kernel-General
  Date: 2017-07-15T20:54:12.993
  Event ID: 16
  Task: N/A
  Level: Information
  Opcode: Info
  Keyword: N/A
  User: S-1-5-21-3654634270-3195840133-2774193163-1001
  User Name: DESKTOP-OGCJR0S\joshu
  Computer: DESKTOP-OGCJR0S
  Description: 
The access history in hive \??\C:\Users\joshu\AppData\Local\Packages\microsoft.windows.windowpicker_cw5n1h2txyewy\Settings\settings.dat was cleared updating 2 keys and creating 1 modified pages.

Event[1799]:
  Log Name: System
  Source: Microsoft-Windows-Kernel-General
  Date: 2017-07-15T20:54:13.062
  Event ID: 16
  Task: N/A
  Level: Information
  Opcode: Info
  Keyword: N/A
  User: S-1-5-21-3654634270-3195840133-2774193163-1001
  User Name: DESKTOP-OGCJR0S\joshu
  Computer: DESKTOP-OGCJR0S
  Description: 
The access history in hive \??\C:\Users\joshu\AppData\Local\Packages\microsoft.windowsalarms_8wekyb3d8bbwe\Settings\settings.dat was cleared updating 2 keys and creating 1 modified pages.

Event[1800]:
  Log Name: System
  Source: Microsoft-Windows-Kernel-General
  Date: 2017-07-15T20:54:13.095
  Event ID: 16
  Task: N/A
  Level: Information
  Opcode: Info
  Keyword: N/A
  User: S-1-5-21-3654634270-3195840133-2774193163-1001
  User Name: DESKTOP-OGCJR0S\joshu
  Computer: DESKTOP-OGCJR0S
  Description: 
The access history in hive \??\C:\Users\joshu\AppData\Local\Packages\microsoft.windowscalculator_8wekyb3d8bbwe\Settings\settings.dat was cleared updating 2 keys and creating 1 modified pages.

Event[1801]:
  Log Name: System
  Source: Microsoft-Windows-Kernel-General
  Date: 2017-07-15T20:54:13.163
  Event ID: 16
  Task: N/A
  Level: Information
  Opcode: Info
  Keyword: N/A
  User: S-1-5-21-3654634270-3195840133-2774193163-1001
  User Name: DESKTOP-OGCJR0S\joshu
  Computer: DESKTOP-OGCJR0S
  Description: 
The access history in hive \??\C:\Users\joshu\AppData\Local\Packages\microsoft.windowscamera_8wekyb3d8bbwe\Settings\settings.dat was cleared updating 2 keys and creating 1 modified pages.

Event[1802]:
  Log Name: System
  Source: Microsoft-Windows-Kernel-General
  Date: 2017-07-15T20:54:13.350
  Event ID: 16
  Task: N/A
  Level: Information
  Opcode: Info
  Keyword: N/A
  User: S-1-5-21-3654634270-3195840133-2774193163-1001
  User Name: DESKTOP-OGCJR0S\joshu
  Computer: DESKTOP-OGCJR0S
  Description: 
The access history in hive \??\C:\Users\joshu\AppData\Local\Packages\microsoft.windowsfeedbackhub_8wekyb3d8bbwe\Settings\settings.dat was cleared updating 2 keys and creating 1 modified pages.

Event[1803]:
