  Log Name: System
  Source: Service Control Manager
  Date: 2017-07-12T16:37:38.943
  Event ID: 7000
  Task: N/A
  Level: Error
  Opcode: N/A
  Keyword: Classic
  User: N/A
  User Name: N/A
  Computer: DESKTOP-OGCJR0S
  Description: 
The CldFlt service failed to start due to the following error: 
The request is not supported.

Event[1576]:
  Log Name: System
  Source: Microsoft-Windows-FilterManager
  Date: 2017-07-12T16:37:38.958
  Event ID: 6
  Task: N/A
  Level: Information
  Opcode: Info
  Keyword: N/A
  User: S-1-5-18
  User Name: NT AUTHORITY\SYSTEM
  Computer: DESKTOP-OGCJR0S
  Description: 
File System Filter 'storqosflt' (10.0, ?2015?-?12?-?17T22:36:27.000000000Z) has successfully loaded and registered with Filter Manager.

Event[1577]:
  Log Name: System
  Source: Microsoft-Windows-Dhcp-Client
  Date: 2017-07-12T16:37:38.979
  Event ID: 50036
  Task: Service State Event
  Level: Information
  Opcode: ServiceStart
  Keyword: N/A
  User: S-1-5-19
  User Name: NT AUTHORITY\LOCAL SERVICE
  Computer: DESKTOP-OGCJR0S
  Description: 
DHCPv4 client service is started

Event[1578]:
  Log Name: System
  Source: Microsoft-Windows-Dhcp-Client
  Date: 2017-07-12T16:37:38.980
  Event ID: 50103
  Task: Service State Event
  Level: Information
  Opcode: ServiceShutdown
  Keyword: N/A
  User: S-1-5-19
  User Name: NT AUTHORITY\LOCAL SERVICE
  Computer: DESKTOP-OGCJR0S
  Description: 
DHCPv4 client registered for shutdown notification

Event[1579]:
  Log Name: System
  Source: Microsoft-Windows-DHCPv6-Client
  Date: 2017-07-12T16:37:38.991
  Event ID: 51046
  Task: Service State Event
  Level: Information
  Opcode: ServiceStart
  Keyword: N/A
  User: S-1-5-19
  User Name: NT AUTHORITY\LOCAL SERVICE
  Computer: DESKTOP-OGCJR0S
  Description: 
DHCPv6 client service is started

Event[1580]:
  Log Name: System
  Source: Microsoft-Windows-Kernel-General
  Date: 2017-07-12T16:37:39.418
  Event ID: 16
  Task: N/A
  Level: Information
  Opcode: Info
  Keyword: N/A
  User: S-1-5-18
  User Name: NT AUTHORITY\SYSTEM
  Computer: DESKTOP-OGCJR0S
  Description: 
The access history in hive \SystemRoot\System32\Config\bbimigrate\BBI was cleared updating 1 keys and creating 1 modified pages.

Event[1581]:
  Log Name: System
  Source: Tcpip
  Date: 2017-07-12T16:37:39.568
  Event ID: 4291
  Task: N/A
  Level: Warning
  Opcode: N/A
  Keyword: Classic
  User: N/A
  User Name: N/A
  Computer: DESKTOP-OGCJR0S
  Description: 
The network adapter with hardware address 00-21-2F-36-D8-2D has indicated packet coalescing capability without indicating support for one or more prerequisite receive filter capabilities (IPv4 0x00000000).

Event[1582]:
  Log Name: System
  Source: Tcpip
  Date: 2017-07-12T16:37:39.568
  Event ID: 4291
  Task: N/A
  Level: Warning
  Opcode: N/A
  Keyword: Classic
  User: N/A
  User Name: N/A
  Computer: DESKTOP-OGCJR0S
  Description: 
The network adapter with hardware address 00-21-2F-36-D8-2D has indicated packet coalescing capability without indicating support for one or more prerequisite receive filter capabilities (IPv6 0x00000000).

Event[1583]:
  Log Name: System
  Source: Microsoft-Windows-WLAN-AutoConfig
  Date: 2017-07-12T16:37:39.931
  Event ID: 4000
  Task: N/A
  Level: Information
  Opcode: Start
  Keyword: N/A
  User: S-1-5-18
  User Name: NT AUTHORITY\SYSTEM
  Computer: DESKTOP-OGCJR0S
  Description: 
WLAN AutoConfig service has successfully started.


Event[1584]:
  Log Name: System
  Source: Service Control Manager
  Date: 2017-07-12T16:37:41.287
  Event ID: 7026
  Task: N/A
  Level: Information
  Opcode: N/A
  Keyword: Classic
  User: N/A
  User Name: N/A
  Computer: DESKTOP-OGCJR0S
  Description: 
The following boot-start or system-start driver(s) did not load: 
dam

Event[1585]:
  Log Name: System
  Source: Microsoft-Windows-Kernel-General
  Date: 2017-07-12T16:37:41.641
  Event ID: 16
  Task: N/A
  Level: Information
  Opcode: Info
  Keyword: N/A
  User: S-1-5-18
  User Name: NT AUTHORITY\SYSTEM
  Computer: DESKTOP-OGCJR0S
  Description: 
The access history in hive \??\C:\WINDOWS\AppCompat\Programs\Amcache.hve was cleared updating 1890 keys and creating 422 modified pages.

Event[1586]:
  Log Name: System
  Source: Microsoft-Windows-Kernel-General
  Date: 2017-07-12T16:37:43.955
  Event ID: 16
  Task: N/A
  Level: Information
  Opcode: Info
  Keyword: N/A
  User: S-1-5-18
  User Name: NT AUTHORITY\SYSTEM
  Computer: DESKTOP-OGCJR0S
  Description: 
The access history in hive \??\C:\Users\Default\NTUSER.DAT was cleared updating 632 keys and creating 41 modified pages.

Event[1587]:
  Log Name: System
  Source: Microsoft-Windows-Winlogon
  Date: 2017-07-12T16:39:36.747
  Event ID: 7001
  Task: N/A
  Level: Information
  Opcode: Info
  Keyword: N/A
  User: S-1-5-18
  User Name: NT AUTHORITY\SYSTEM
  Computer: DESKTOP-OGCJR0S
  Description: 
User Logon Notification for Customer Experience Improvement Program

Event[1588]:
  Log Name: System
  Source: Lfsvc
  Date: 2017-07-12T16:39:41.444
  Event ID: 1
  Task: N/A
  Level: Information
  Opcode: Info
  Keyword: Classic
  User: N/A
  User Name: N/A
  Computer: DESKTOP-OGCJR0S
  Description: 
Geolocation positioning is enabled.

Event[1589]:
  Log Name: System
  Source: Microsoft-Windows-WindowsUpdateClient
  Date: 2017-07-12T16:40:29.552
  Event ID: 19
  Task: Windows Update Agent
  Level: Information
  Opcode: Installation
  Keyword: Installation,Success
  User: S-1-5-18
  User Name: NT AUTHORITY\SYSTEM
  Computer: DESKTOP-OGCJR0S
  Description: 
Installation Successful: Windows successfully installed the following update: 2017-07 Cumulative Update for Windows 10 Version 1703 for x64-based Systems (KB4025342)

Event[1590]:
  Log Name: System
  Source: Service Control Manager
  Date: 2017-07-12T16:42:11.066
  Event ID: 7040
  Task: N/A
  Level: Information
  Opcode: N/A
  Keyword: Classic
  User: S-1-5-18
  User Name: NT AUTHORITY\SYSTEM
  Computer: DESKTOP-OGCJR0S
  Description: 
The start type of the Background Intelligent Transfer Service service was changed from auto start to demand start.

Event[1591]:
  Log Name: System
  Source: Microsoft-Windows-WindowsUpdateClient
  Date: 2017-07-12T16:44:51.922
  Event ID: 44
  Task: Windows Update Agent
  Level: Information
  Opcode: Download
  Keyword: Download,Started
  User: S-1-5-18
  User Name: NT AUTHORITY\SYSTEM
  Computer: DESKTOP-OGCJR0S
  Description: 
Windows Update started downloading an update.

Event[1592]:
  Log Name: System
  Source: Microsoft-Windows-WindowsUpdateClient
  Date: 2017-07-12T16:44:51.922
  Event ID: 44
  Task: Windows Update Agent
  Level: Information
  Opcode: Download
  Keyword: Download,Started
  User: S-1-5-18
  User Name: NT AUTHORITY\SYSTEM
  Computer: DESKTOP-OGCJR0S
  Description: 
Windows Update started downloading an update.

Event[1593]:
  Log Name: System
  Source: Microsoft-Windows-Kernel-General
  Date: 2017-07-12T16:45:01.712
  Event ID: 16
  Task: N/A
  Level: Information
  Opcode: Info
  Keyword: N/A
  User: S-1-5-18
  User Name: NT AUTHORITY\SYSTEM
  Computer: DESKTOP-OGCJR0S
  Description: 
The access history in hive \??\C:\ProgramData\Microsoft\Windows\AppRepository\Packages\Microsoft.MSPaint_2.1707.1017.0_x64__8wekyb3d8bbwe\ActivationStore.dat was cleared updating 0 keys and creating 0 modified pages.

Event[1594]:
  Log Name: System
  Source: Microsoft-Windows-WindowsUpdateClient
  Date: 2017-07-12T16:45:07.049
  Event ID: 43
  Task: Windows Update Agent
  Level: Information
  Opcode: Installation
  Keyword: Installation,Started
  User: S-1-5-18
  User Name: NT AUTHORITY\SYSTEM
  Computer: DESKTOP-OGCJR0S
  Description: 
Installation Started: Windows has started installing the following update: Paint 3D

Event[1595]:
  Log Name: System
  Source: Microsoft-Windows-WindowsUpdateClient
  Date: 2017-07-12T16:45:07.049
  Event ID: 19
  Task: Windows Update Agent
  Level: Information
  Opcode: Installation
  Keyword: Installation,Success
  User: S-1-5-18
  User Name: NT AUTHORITY\SYSTEM
  Computer: DESKTOP-OGCJR0S
  Description: 
Installation Successful: Windows successfully installed the following update: Paint 3D

Event[1596]:
  Log Name: System
  Source: Microsoft-Windows-Kernel-General
  Date: 2017-07-12T16:45:09.318
  Event ID: 16
  Task: N/A
  Level: Information
  Opcode: Info
  Keyword: N/A
  User: S-1-5-18
  User Name: NT AUTHORITY\SYSTEM
  Computer: DESKTOP-OGCJR0S
  Description: 
The access history in hive \??\C:\ProgramData\Microsoft\Windows\AppRepository\Packages\microsoft.windowscommunicationsapps_17.8241.41225.0_x64__8wekyb3d8bbwe\ActivationStore.dat was cleared updating 0 keys and creating 0 modified pages.

Event[1597]:
  Log Name: System
  Source: Microsoft-Windows-WindowsUpdateClient
  Date: 2017-07-12T16:45:14.749
  Event ID: 43
  Task: Windows Update Agent
  Level: Information
  Opcode: Installation
  Keyword: Installation,Started
  User: S-1-5-18
  User Name: NT AUTHORITY\SYSTEM
  Computer: DESKTOP-OGCJR0S
  Description: 
Installation Started: Windows has started installing the following update: Mail and Calendar

Event[1598]:
  Log Name: System
  Source: Microsoft-Windows-WindowsUpdateClient
  Date: 2017-07-12T16:45:14.749
  Event ID: 19
  Task: Windows Update Agent
  Level: Information
  Opcode: Installation
  Keyword: Installation,Success
  User: S-1-5-18
  User Name: NT AUTHORITY\SYSTEM
  Computer: DESKTOP-OGCJR0S
  Description: 
Installation Successful: Windows successfully installed the following update: Mail and Calendar

Event[1599]:
  Log Name: System
  Source: Service Control Manager
  Date: 2017-07-12T16:45:39.802
  Event ID: 7040
  Task: N/A
  Level: Information
  Opcode: N/A
  Keyword: Classic
  User: S-1-5-18
  User Name: NT AUTHORITY\SYSTEM
  Computer: DESKTOP-OGCJR0S
  Description: 
The start type of the Background Intelligent Transfer Service service was changed from demand start to auto start.

Event[1600]:
  Log Name: System
  Source: Microsoft-Windows-WindowsUpdateClient
  Date: 2017-07-12T16:46:40.971
  Event ID: 44
  Task: Windows Update Agent
  Level: Information
  Opcode: Download
  Keyword: Download,Started
  User: S-1-5-18
  User Name: NT AUTHORITY\SYSTEM
  Computer: DESKTOP-OGCJR0S
  Description: 
Windows Update started downloading an update.

Event[1601]:
  Log Name: System
  Source: Microsoft-Windows-WindowsUpdateClient
  Date: 2017-07-12T16:46:40.971
  Event ID: 43
  Task: Windows Update Agent
  Level: Information
  Opcode: Installation
  Keyword: Installation,Started
  User: S-1-5-18
  User Name: NT AUTHORITY\SYSTEM
  Computer: DESKTOP-OGCJR0S
  Description: 
Installation Started: Windows has started installing the following update: Definition Update for Windows Defender - KB2267602 (Definition 1.247.823.0)

Event[1602]:
  Log Name: System
  Source: Microsoft-Windows-WindowsUpdateClient
  Date: 2017-07-12T16:46:52.964
  Event ID: 19
  Task: Windows Update Agent
  Level: Information
  Opcode: Installation
  Keyword: Installation,Success
  User: S-1-5-18
  User Name: NT AUTHORITY\SYSTEM
  Computer: DESKTOP-OGCJR0S
  Description: 
Installation Successful: Windows successfully installed the following update: Definition Update for Windows Defender - KB2267602 (Definition 1.247.823.0)

Event[1603]:
  Log Name: System
  Source: Microsoft-Windows-WindowsUpdateClient
  Date: 2017-07-12T16:46:58.285
  Event ID: 44
  Task: Windows Update Agent
  Level: Information
  Opcode: Download
  Keyword: Download,Started
  User: S-1-5-18
  User Name: NT AUTHORITY\SYSTEM
  Computer: DESKTOP-OGCJR0S
  Description: 
Windows Update started downloading an update.

Event[1604]:
  Log Name: System
  Source: Service Control Manager
  Date: 2017-07-12T16:46:59.398
  Event ID: 7040
  Task: N/A
  Level: Information
  Opcode: N/A
  Keyword: Classic
  User: S-1-5-18
  User Name: NT AUTHORITY\SYSTEM
  Computer: DESKTOP-OGCJR0S
  Description: 
The start type of the Windows Modules Installer service was changed from demand start to auto start.

Event[1605]:
  Log Name: System
  Source: Service Control Manager
  Date: 2017-07-12T16:47:01.546
  Event ID: 7040
  Task: N/A
  Level: Information
  Opcode: N/A
  Keyword: Classic
  User: S-1-5-18
  User Name: NT AUTHORITY\SYSTEM
  Computer: DESKTOP-OGCJR0S
  Description: 
The start type of the Windows Modules Installer service was changed from auto start to demand start.

Event[1606]:
  Log Name: System
  Source: Microsoft-Windows-WindowsUpdateClient
  Date: 2017-07-12T16:47:03.648
  Event ID: 43
  Task: Windows Update Agent
  Level: Information
  Opcode: Installation
  Keyword: Installation,Started
  User: S-1-5-18
  User Name: NT AUTHORITY\SYSTEM
  Computer: DESKTOP-OGCJR0S
  Description: 
Installation Started: Windows has started installing the following update: 2017-07 Security Update for Adobe Flash Player for Windows 10 Version 1703 for x64-based Systems (KB4025376)

Event[1607]:
  Log Name: System
  Source: Microsoft-Windows-WindowsUpdateClient
  Date: 2017-07-12T16:47:03.648
  Event ID: 19
  Task: Windows Update Agent
  Level: Information
  Opcode: Installation
  Keyword: Installation,Success
  User: S-1-5-18
  User Name: NT AUTHORITY\SYSTEM
  Computer: DESKTOP-OGCJR0S
  Description: 
Installation Successful: Windows successfully installed the following update: 2017-07 Security Update for Adobe Flash Player for Windows 10 Version 1703 for x64-based Systems (KB4025376)

Event[1608]:
  Log Name: System
  Source: Service Control Manager
  Date: 2017-07-12T16:47:42.335
  Event ID: 7040
  Task: N/A
  Level: Information
  Opcode: N/A
  Keyword: Classic
  User: S-1-5-18
  User Name: NT AUTHORITY\SYSTEM
  Computer: DESKTOP-OGCJR0S
  Description: 
The start type of the Background Intelligent Transfer Service service was changed from auto start to demand start.

Event[1609]:
  Log Name: System
  Source: Service Control Manager
  Date: 2017-07-12T16:48:46.852
  Event ID: 7045
  Task: N/A
  Level: Information
  Opcode: N/A
  Keyword: Classic
  User: S-1-5-18
  User Name: NT AUTHORITY\SYSTEM
  Computer: DESKTOP-OGCJR0S
  Description: 
A service was installed in the system.

Service Name:  MpKsld509501f
Service File Name:  C:\ProgramData\Microsoft\Windows Defender\Definition Updates\{6F2CBE49-083A-4876-AECF-68335FB9B7E7}\MpKsld509501f.sys
Service Type:  kernel mode driver
Service Start Type:  system start
Service Account:  

Event[1610]:
  Log Name: System
  Source: Service Control Manager
  Date: 2017-07-12T17:13:57.460
  Event ID: 7040
  Task: N/A
  Level: Information
  Opcode: N/A
  Keyword: Classic
  User: S-1-5-18
  User Name: NT AUTHORITY\SYSTEM
  Computer: DESKTOP-OGCJR0S
  Description: 
The start type of the Background Intelligent Transfer Service service was changed from demand start to auto start.

Event[1611]:
  Log Name: System
  Source: Microsoft-Windows-Time-Service
  Date: 2017-07-12T18:47:46.379
  Event ID: 158
  Task: N/A
  Level: Information
  Opcode: Info
  Keyword: N/A
  User: S-1-5-19
  User Name: NT AUTHORITY\LOCAL SERVICE
  Computer: DESKTOP-OGCJR0S
  Description: 
The time provider 'VMICTimeProvider' has indicated that the current hardware and operating environment is not supported and has stopped. This behavior is expected for VMICTimeProvider on non-HyperV-guest environments. This may be the expected behavior for the current provider in the current operating environment as well.

Event[1612]:
  Log Name: System
  Source: Microsoft-Windows-Time-Service
  Date: 2017-07-12T18:47:47.956
  Event ID: 37
  Task: N/A
  Level: Information
  Opcode: Info
  Keyword: N/A
  User: S-1-5-19
  User Name: NT AUTHORITY\LOCAL SERVICE
  Computer: DESKTOP-OGCJR0S
  Description: 
The time provider NtpClient is currently receiving valid time data from time.windows.com,0x9 (ntp.m|0x9|0.0.0.0:123->13.65.245.138:123).

Event[1613]:
  Log Name: System
  Source: Microsoft-Windows-Time-Service
  Date: 2017-07-12T18:48:02.417
  Event ID: 35
  Task: N/A
  Level: Information
  Opcode: Info
  Keyword: N/A
  User: S-1-5-19
  User Name: NT AUTHORITY\LOCAL SERVICE
  Computer: DESKTOP-OGCJR0S
  Description: 
The time service is now synchronizing the system time with the time source time.windows.com,0x9 (ntp.m|0x9|0.0.0.0:123->13.65.245.138:123).

Event[1614]:
  Log Name: System
  Source: Microsoft-Windows-Kernel-General
  Date: 2017-07-12T18:48:02.416
  Event ID: 1
  Task: N/A
  Level: Information
  Opcode: Info
  Keyword: Time
  User: S-1-5-19
  User Name: NT AUTHORITY\LOCAL SERVICE
  Computer: DESKTOP-OGCJR0S
  Description: 
The system time has changed to ?2017?-?07?-?12T23:48:02.417000000Z from ?2017?-?07?-?12T23:48:02.417738400Z.

Change Reason: An application or system component changed the time.

Event[1615]:
  Log Name: System
  Source: Microsoft-Windows-Kernel-General
  Date: 2017-07-12T18:48:06.832
  Event ID: 16
  Task: N/A
  Level: Information
  Opcode: Info
  Keyword: N/A
  User: S-1-5-18
  User Name: NT AUTHORITY\SYSTEM
  Computer: DESKTOP-OGCJR0S
  Description: 
The access history in hive \??\C:\ProgramData\Microsoft\Provisioning\Microsoft-Desktop-Provisioning-Sequence.dat was cleared updating 0 keys and creating 0 modified pages.

Event[1616]:
  Log Name: System
  Source: Microsoft-Windows-UserModePowerService
  Date: 2017-07-12T18:48:08.979
  Event ID: 22
  Task: N/A
  Level: Information
  Opcode: Info
  Keyword: N/A
  User: S-1-5-18
  User Name: NT AUTHORITY\SYSTEM
  Computer: DESKTOP-OGCJR0S
  Description: 
Reapply power settings upon completion of the provisioning engine's turn 5

Event[1617]:
  Log Name: System
  Source: Service Control Manager
  Date: 2017-07-12T18:48:32.491
  Event ID: 7040
  Task: N/A
  Level: Information
  Opcode: N/A
  Keyword: Classic
  User: S-1-5-18
  User Name: NT AUTHORITY\SYSTEM
  Computer: DESKTOP-OGCJR0S
  Description: 
The start type of the Windows Modules Installer service was changed from demand start to auto start.

Event[1618]:
  Log Name: System
  Source: Service Control Manager
  Date: 2017-07-12T19:13:07.430
  Event ID: 7040
  Task: N/A
  Level: Information
  Opcode: N/A
  Keyword: Classic
  User: S-1-5-18
  User Name: NT AUTHORITY\SYSTEM
  Computer: DESKTOP-OGCJR0S
  Description: 
The start type of the Windows Modules Installer service was changed from auto start to demand start.

Event[1619]:
  Log Name: System
  Source: User32
  Date: 2017-07-12T22:21:20.809
  Event ID: 1074
  Task: N/A
  Level: Information
  Opcode: N/A
  Keyword: Classic
  User: S-1-5-21-3654634270-3195840133-2774193163-1001
  User Name: DESKTOP-OGCJR0S\joshu
  Computer: DESKTOP-OGCJR0S
  Description: 
The process C:\Windows\System32\RuntimeBroker.exe (DESKTOP-OGCJR0S) has initiated the power off of computer DESKTOP-OGCJR0S on behalf of user DESKTOP-OGCJR0S\joshu for the following reason: Other (Unplanned)
 Reason Code: 0x0
 Shutdown Type: power off
 Comment: 

Event[1620]:
  Log Name: System
  Source: Microsoft-Windows-Winlogon
  Date: 2017-07-12T22:21:22.570
  Event ID: 7002
  Task: N/A
  Level: Information
  Opcode: Info
  Keyword: N/A
  User: S-1-5-18
  User Name: NT AUTHORITY\SYSTEM
  Computer: DESKTOP-OGCJR0S
  Description: 
User Logoff Notification for Customer Experience Improvement Program

Event[1621]:
  Log Name: System
  Source: Microsoft-Windows-Kernel-Power
  Date: 2017-07-12T22:21:30.571
  Event ID: 42
  Task: N/A
  Level: Information
  Opcode: Info
  Keyword: N/A
  User: N/A
  User Name: N/A
  Computer: DESKTOP-OGCJR0S
  Description: 
The system is entering sleep.

Sleep Reason: Application API

Event[1622]:
  Log Name: System
  Source: EventLog
  Date: 2017-07-13T16:55:40.701
  Event ID: 6013
  Task: N/A
  Level: Information
  Opcode: N/A
  Keyword: Classic
  User: N/A
  User Name: N/A
  Computer: DESKTOP-OGCJR0S
  Description: 
The system uptime is 87497 seconds.

Event[1623]:
  Log Name: System
  Source: Microsoft-Windows-Kernel-Power
  Date: 2017-07-12T22:21:36.406
  Event ID: 107
  Task: N/A
  Level: Information
  Opcode: Info
  Keyword: N/A
  User: N/A
  User Name: N/A
  Computer: DESKTOP-OGCJR0S
  Description: 
The system has resumed from sleep.

Event[1624]:
  Log Name: System
  Source: Microsoft-Windows-Kernel-General
  Date: 2017-07-13T16:55:40.499
  Event ID: 1
  Task: N/A
  Level: Information
  Opcode: Info
  Keyword: Time
  User: N/A
  User Name: N/A
  Computer: DESKTOP-OGCJR0S
  Description: 
The system time has changed to ?2017?-?07?-?13T21:55:40.500000000Z from ?2017?-?07?-?13T03:21:36.407571900Z.

Change Reason: System time synchronized with the hardware clock.

Event[1625]:
  Log Name: System
  Source: Microsoft-Windows-Kernel-Boot
  Date: 2017-07-13T16:55:41.511
  Event ID: 30
  Task: N/A
  Level: Information
  Opcode: Info
  Keyword: N/A
  User: N/A
  User Name: N/A
  Computer: DESKTOP-OGCJR0S
  Description: 
The firmware reported boot metrics.

Event[1626]:
  Log Name: System
  Source: Microsoft-Windows-Kernel-Boot
  Date: 2017-07-13T16:55:41.511
  Event ID: 25
  Task: N/A
  Level: Information
  Opcode: Info
  Keyword: N/A
  User: N/A
  User Name: N/A
  Computer: DESKTOP-OGCJR0S
  Description: 
The boot menu policy was 0x1.

Event[1627]:
  Log Name: System
  Source: Microsoft-Windows-Kernel-Boot
  Date: 2017-07-13T16:55:41.511
  Event ID: 27
  Task: N/A
  Level: Information
  Opcode: Info
  Keyword: N/A
  User: N/A
  User Name: N/A
  Computer: DESKTOP-OGCJR0S
  Description: 
The boot type was 0x1.

Event[1628]:
  Log Name: System
  Source: Microsoft-Windows-Kernel-Boot
  Date: 2017-07-13T16:55:41.511
  Event ID: 18
  Task: N/A
  Level: Information
  Opcode: Info
  Keyword: N/A
  User: N/A
  User Name: N/A
  Computer: DESKTOP-OGCJR0S
  Description: 
There are 0x1 boot options on this system.

Event[1629]:
  Log Name: System
  Source: Microsoft-Windows-Kernel-Boot
  Date: 2017-07-13T16:55:41.511
  Event ID: 32
  Task: N/A
  Level: Information
  Opcode: Info
  Keyword: N/A
  User: N/A
  User Name: N/A
  Computer: DESKTOP-OGCJR0S
  Description: 
The bootmgr spent 0 ms waiting for user input.

Event[1630]:
  Log Name: System
  Source: Microsoft-Windows-Kernel-General
  Date: 2017-07-13T16:55:42.178
  Event ID: 16
  Task: N/A
  Level: Information
  Opcode: Info
  Keyword: N/A
  User: S-1-5-18
  User Name: NT AUTHORITY\SYSTEM
  Computer: DESKTOP-OGCJR0S
  Description: 
The access history in hive \Device\HarddiskVolume5\Boot\BCD was cleared updating 132 keys and creating 12 modified pages.

Event[1631]:
  Log Name: System
  Source: Microsoft-Windows-DNS-Client
  Date: 2017-07-13T16:55:42.677
  Event ID: 1014
  Task: N/A
  Level: Warning
  Opcode: Info
  Keyword: N/A
  User: S-1-5-20
  User Name: NT AUTHORITY\NETWORK SERVICE
  Computer: DESKTOP-OGCJR0S
  Description: 
Name resolution for the name wpad timed out after none of the configured DNS servers responded.

Event[1632]:
  Log Name: System
  Source: Microsoft-Windows-Power-Troubleshooter
  Date: 2017-07-13T16:55:43.519
  Event ID: 1
  Task: N/A
  Level: Information
  Opcode: Info
  Keyword: N/A
  User: S-1-5-19
  User Name: NT AUTHORITY\LOCAL SERVICE
  Computer: DESKTOP-OGCJR0S
  Description: 
The system has returned from a low power state.

Sleep Time: ?2017?-?07?-?13T03:21:24.189780700Z
Wake Time: ?2017?-?07?-?13T21:55:42.151737500Z

Wake Source: Unknown

Event[1633]:
  Log Name: System
  Source: Microsoft-Windows-Winlogon
  Date: 2017-07-13T16:56:14.678
  Event ID: 7001
  Task: N/A
  Level: Information
  Opcode: Info
  Keyword: N/A
  User: S-1-5-18
  User Name: NT AUTHORITY\SYSTEM
  Computer: DESKTOP-OGCJR0S
  Description: 
User Logon Notification for Customer Experience Improvement Program

Event[1634]:
  Log Name: System
  Source: Microsoft-Windows-Kernel-General
  Date: 2017-07-13T16:56:14.709
  Event ID: 16
  Task: N/A
  Level: Information
  Opcode: Info
  Keyword: N/A
  User: S-1-5-18
  User Name: NT AUTHORITY\SYSTEM
  Computer: DESKTOP-OGCJR0S
  Description: 
The access history in hive \??\C:\Users\joshu\ntuser.dat was cleared updating 3106 keys and creating 429 modified pages.

Event[1635]:
  Log Name: System
  Source: Microsoft-Windows-Kernel-General
  Date: 2017-07-13T16:56:14.747
  Event ID: 16
  Task: N/A
  Level: Information
  Opcode: Info
  Keyword: N/A
  User: S-1-5-18
  User Name: NT AUTHORITY\SYSTEM
  Computer: DESKTOP-OGCJR0S
  Description: 
The access history in hive \??\C:\Users\joshu\AppData\Local\Microsoft\Windows\UsrClass.dat was cleared updating 3307 keys and creating 528 modified pages.

Event[1636]:
  Log Name: System
  Source: Microsoft-Windows-Kernel-General
  Date: 2017-07-13T16:56:15.926
  Event ID: 16
  Task: N/A
  Level: Information
  Opcode: Info
  Keyword: N/A
  User: S-1-5-21-3654634270-3195840133-2774193163-1001
  User Name: DESKTOP-OGCJR0S\joshu
  Computer: DESKTOP-OGCJR0S
  Description: 
The access history in hive \??\C:\Users\joshu\AppData\Local\Packages\Microsoft.Windows.Cortana_cw5n1h2txyewy\Settings\settings.dat was cleared updating 107 keys and creating 22 modified pages.

Event[1637]:
  Log Name: System
  Source: Microsoft-Windows-Kernel-General
  Date: 2017-07-13T16:56:16.038
  Event ID: 16
  Task: N/A
  Level: Information
  Opcode: Info
  Keyword: N/A
  User: S-1-5-21-3654634270-3195840133-2774193163-1001
  User Name: DESKTOP-OGCJR0S\joshu
  Computer: DESKTOP-OGCJR0S
  Description: 
The access history in hive \??\C:\Users\joshu\AppData\Local\Packages\Microsoft.Windows.ShellExperienceHost_cw5n1h2txyewy\Settings\settings.dat was cleared updating 4 keys and creating 2 modified pages.

Event[1638]:
  Log Name: System
  Source: Microsoft-Windows-Kernel-General
  Date: 2017-07-13T16:56:18.833
  Event ID: 16
  Task: N/A
  Level: Information
  Opcode: Info
  Keyword: N/A
  User: S-1-5-21-3654634270-3195840133-2774193163-1001
  User Name: DESKTOP-OGCJR0S\joshu
  Computer: DESKTOP-OGCJR0S
  Description: 
The access history in hive \??\C:\Users\joshu\AppData\Local\Packages\Microsoft.Windows.ContentDeliveryManager_cw5n1h2txyewy\Settings\settings.dat was cleared updating 243 keys and creating 46 modified pages.

Event[1639]:
  Log Name: System
  Source: Microsoft-Windows-DistributedCOM
  Date: 2017-07-13T16:56:19.187
  Event ID: 10016
  Task: N/A
  Level: Error
  Opcode: Info
  Keyword: Classic
  User: S-1-5-21-3654634270-3195840133-2774193163-1001
  User Name: DESKTOP-OGCJR0S\joshu
  Computer: DESKTOP-OGCJR0S
  Description: 
The machine-default permission settings do not grant Local Activation permission for the COM Server application with CLSID 
{C2F03A33-21F5-47FA-B4BB-156362A2F239}
 and APPID 
{316CDED5-E4AE-4B15-9113-7055D84DCC97}
 to the user DESKTOP-OGCJR0S\joshu SID (S-1-5-21-3654634270-3195840133-2774193163-1001) from address LocalHost (Using LRPC) running in the application container Microsoft.Windows.Cortana_1.8.12.15063_neutral_neutral_cw5n1h2txyewy SID (S-1-15-2-1861897761-1695161497-2927542615-642690995-327840285-2659745135-2630312742). This security permission can be modified using the Component Services administrative tool.

Event[1640]:
  Log Name: System
  Source: Microsoft-Windows-DistributedCOM
  Date: 2017-07-13T16:56:19.219
  Event ID: 10016
  Task: N/A
  Level: Error
  Opcode: Info
  Keyword: Classic
  User: S-1-5-21-3654634270-3195840133-2774193163-1001
  User Name: DESKTOP-OGCJR0S\joshu
  Computer: DESKTOP-OGCJR0S
  Description: 
The machine-default permission settings do not grant Local Activation permission for the COM Server application with CLSID 
{C2F03A33-21F5-47FA-B4BB-156362A2F239}
 and APPID 
{316CDED5-E4AE-4B15-9113-7055D84DCC97}
 to the user DESKTOP-OGCJR0S\joshu SID (S-1-5-21-3654634270-3195840133-2774193163-1001) from address LocalHost (Using LRPC) running in the application container Microsoft.Windows.Cortana_1.8.12.15063_neutral_neutral_cw5n1h2txyewy SID (S-1-15-2-1861897761-1695161497-2927542615-642690995-327840285-2659745135-2630312742). This security permission can be modified using the Component Services administrative tool.

Event[1641]:
  Log Name: System
  Source: Microsoft-Windows-Kernel-General
  Date: 2017-07-13T16:56:20.365
  Event ID: 16
  Task: N/A
  Level: Information
  Opcode: Info
  Keyword: N/A
  User: S-1-5-21-3654634270-3195840133-2774193163-1001
  User Name: DESKTOP-OGCJR0S\joshu
  Computer: DESKTOP-OGCJR0S
  Description: 
The access history in hive \??\C:\Users\joshu\AppData\Local\Packages\Microsoft.SkypeApp_kzf8qxf38zg5c\Settings\settings.dat was cleared updating 11 keys and creating 2 modified pages.

Event[1642]:
  Log Name: System
  Source: Microsoft-Windows-Kernel-General
  Date: 2017-07-13T16:56:21.057
  Event ID: 16
  Task: N/A
  Level: Information
  Opcode: Info
  Keyword: N/A
  User: S-1-5-21-3654634270-3195840133-2774193163-1001
  User Name: DESKTOP-OGCJR0S\joshu
  Computer: DESKTOP-OGCJR0S
  Description: 
The access history in hive \??\C:\Users\joshu\AppData\Local\Packages\Microsoft.Windows.CloudExperienceHost_cw5n1h2txyewy\Settings\settings.dat was cleared updating 3 keys and creating 1 modified pages.

Event[1643]:
  Log Name: System
  Source: Microsoft-Windows-Kernel-General
  Date: 2017-07-13T16:56:21.596
  Event ID: 16
  Task: N/A
  Level: Information
  Opcode: Info
  Keyword: N/A
  User: S-1-5-21-3654634270-3195840133-2774193163-1001
  User Name: DESKTOP-OGCJR0S\joshu
  Computer: DESKTOP-OGCJR0S
  Description: 
The access history in hive \??\C:\Users\joshu\AppData\Local\Packages\Microsoft.WindowsStore_8wekyb3d8bbwe\Settings\settings.dat was cleared updating 19 keys and creating 2 modified pages.

Event[1644]:
  Log Name: System
  Source: Service Control Manager
  Date: 2017-07-13T16:58:30.589
  Event ID: 7040
  Task: N/A
  Level: Information
  Opcode: N/A
  Keyword: Classic
  User: S-1-5-18
  User Name: NT AUTHORITY\SYSTEM
  Computer: DESKTOP-OGCJR0S
  Description: 
The start type of the Background Intelligent Transfer Service service was changed from auto start to demand start.

Event[1645]:
  Log Name: System
  Source: Service Control Manager
  Date: 2017-07-13T16:58:41.098
  Event ID: 7040
  Task: N/A
  Level: Information
  Opcode: N/A
  Keyword: Classic
  User: S-1-5-18
  User Name: NT AUTHORITY\SYSTEM
  Computer: DESKTOP-OGCJR0S
  Description: 
The start type of the Background Intelligent Transfer Service service was changed from demand start to auto start.

Event[1646]:
  Log Name: System
  Source: Microsoft-Windows-WindowsUpdateClient
  Date: 2017-07-13T16:59:30.721
  Event ID: 44
  Task: Windows Update Agent
  Level: Information
  Opcode: Download
  Keyword: Download,Started
  User: S-1-5-18
  User Name: NT AUTHORITY\SYSTEM
  Computer: DESKTOP-OGCJR0S
  Description: 
Windows Update started downloading an update.

Event[1647]:
  Log Name: System
  Source: Microsoft-Windows-WindowsUpdateClient
  Date: 2017-07-13T16:59:30.721
  Event ID: 44
  Task: Windows Update Agent
  Level: Information
  Opcode: Download
  Keyword: Download,Started
  User: S-1-5-18
  User Name: NT AUTHORITY\SYSTEM
  Computer: DESKTOP-OGCJR0S
  Description: 
Windows Update started downloading an update.

Event[1648]:
  Log Name: System
  Source: Microsoft-Windows-WindowsUpdateClient
  Date: 2017-07-13T16:59:48.190
  Event ID: 44
  Task: Windows Update Agent
  Level: Information
  Opcode: Download
  Keyword: Download,Started
  User: S-1-5-18
  User Name: NT AUTHORITY\SYSTEM
  Computer: DESKTOP-OGCJR0S
  Description: 
Windows Update started downloading an update.

Event[1649]:
  Log Name: System
  Source: Microsoft-Windows-Kernel-General
  Date: 2017-07-13T16:59:51.241
  Event ID: 16
  Task: N/A
  Level: Information
  Opcode: Info
  Keyword: N/A
  User: S-1-5-18
  User Name: NT AUTHORITY\SYSTEM
  Computer: DESKTOP-OGCJR0S
  Description: 
The access history in hive \??\C:\ProgramData\Microsoft\Windows\AppRepository\Packages\Microsoft.XboxApp_30.31.1001.0_x64__8wekyb3d8bbwe\ActivationStore.dat was cleared updating 0 keys and creating 0 modified pages.

Event[1650]:
  Log Name: System
  Source: Microsoft-Windows-WindowsUpdateClient
  Date: 2017-07-13T16:59:53.664
  Event ID: 43
  Task: Windows Update Agent
  Level: Information
  Opcode: Installation
  Keyword: Installation,Started
  User: S-1-5-18
  User Name: NT AUTHORITY\SYSTEM
  Computer: DESKTOP-OGCJR0S
  Description: 
Installation Started: Windows has started installing the following update: Xbox

Event[1651]:
  Log Name: System
  Source: Microsoft-Windows-WindowsUpdateClient
  Date: 2017-07-13T16:59:53.664
  Event ID: 43
  Task: Windows Update Agent
  Level: Information
  Opcode: Installation
  Keyword: Installation,Started
  User: S-1-5-18
  User Name: NT AUTHORITY\SYSTEM
  Computer: DESKTOP-OGCJR0S
  Description: 
Installation Started: Windows has started installing the following update: Definition Update for Windows Defender - KB2267602 (Definition 1.247.865.0)

Event[1652]:
  Log Name: System
  Source: Microsoft-Windows-WindowsUpdateClient
  Date: 2017-07-13T16:59:53.664
  Event ID: 19
  Task: Windows Update Agent
  Level: Information
  Opcode: Installation
  Keyword: Installation,Success
  User: S-1-5-18
  User Name: NT AUTHORITY\SYSTEM
  Computer: DESKTOP-OGCJR0S
  Description: 
Installation Successful: Windows successfully installed the following update: Xbox

Event[1653]:
  Log Name: System
  Source: Service Control Manager
  Date: 2017-07-13T17:00:08.067
  Event ID: 7045
  Task: N/A
  Level: Information
  Opcode: N/A
  Keyword: Classic
  User: S-1-5-18
  User Name: NT AUTHORITY\SYSTEM
  Computer: DESKTOP-OGCJR0S
  Description: 
A service was installed in the system.

Service Name:  MpKslf3b5935c
Service File Name:  C:\ProgramData\Microsoft\Windows Defender\Definition Updates\{47ABA2BD-BC5B-415C-96E4-AB7E15C59516}\MpKslf3b5935c.sys
Service Type:  kernel mode driver
Service Start Type:  system start
Service Account:  

Event[1654]:
  Log Name: System
  Source: Microsoft-Windows-WindowsUpdateClient
  Date: 2017-07-13T17:00:08.686
  Event ID: 19
  Task: Windows Update Agent
  Level: Information
  Opcode: Installation
  Keyword: Installation,Success
  User: S-1-5-18
  User Name: NT AUTHORITY\SYSTEM
  Computer: DESKTOP-OGCJR0S
  Description: 
Installation Successful: Windows successfully installed the following update: Definition Update for Windows Defender - KB2267602 (Definition 1.247.865.0)

Event[1655]:
  Log Name: System
  Source: Service Control Manager
  Date: 2017-07-13T17:00:43.615
  Event ID: 7040
  Task: N/A
  Level: Information
  Opcode: N/A
  Keyword: Classic
  User: S-1-5-18
  User Name: NT AUTHORITY\SYSTEM
  Computer: DESKTOP-OGCJR0S
  Description: 
The start type of the Background Intelligent Transfer Service service was changed from auto start to demand start.

Event[1656]:
  Log Name: System
  Source: Microsoft-Windows-Kernel-General
  Date: 2017-07-13T17:01:59.393
  Event ID: 15
  Task: N/A
  Level: Information
  Opcode: Info
  Keyword: N/A
  User: S-1-5-18
  User Name: NT AUTHORITY\SYSTEM
  Computer: DESKTOP-OGCJR0S
  Description: 
Hive \SystemRoot\System32\config\DRIVERS was reorganized with a starting size of 5468160 bytes and an ending size of 5451776 bytes.

Event[1657]:
  Log Name: System
  Source: Microsoft-Windows-Kernel-General
  Date: 2017-07-13T17:02:01.861
  Event ID: 16
  Task: N/A
  Level: Information
  Opcode: Info
  Keyword: N/A
  User: S-1-5-18
  User Name: NT AUTHORITY\SYSTEM
  Computer: DESKTOP-OGCJR0S
  Description: 
The access history in hive \??\C:\ProgramData\Microsoft\Windows\AppRepository\Packages\Microsoft.ZuneMusic_10.17054.15411.0_x64__8wekyb3d8bbwe\ActivationStore.dat was cleared updating 0 keys and creating 0 modified pages.

Event[1658]:
  Log Name: System
  Source: Microsoft-Windows-WindowsUpdateClient
  Date: 2017-07-13T17:02:07.634
  Event ID: 43
  Task: Windows Update Agent
  Level: Information
  Opcode: Installation
  Keyword: Installation,Started
  User: S-1-5-18
  User Name: NT AUTHORITY\SYSTEM
  Computer: DESKTOP-OGCJR0S
  Description: 
Installation Started: Windows has started installing the following update: Groove Music

Event[1659]:
  Log Name: System
  Source: Microsoft-Windows-WindowsUpdateClient
  Date: 2017-07-13T17:02:07.634
  Event ID: 19
  Task: Windows Update Agent
  Level: Information
  Opcode: Installation
  Keyword: Installation,Success
  User: S-1-5-18
  User Name: NT AUTHORITY\SYSTEM
  Computer: DESKTOP-OGCJR0S
  Description: 
Installation Successful: Windows successfully installed the following update: Groove Music

Event[1660]:
  Log Name: System
  Source: Microsoft-Windows-Kernel-General
  Date: 2017-07-13T17:26:42.564
  Event ID: 16
  Task: N/A
  Level: Information
  Opcode: Info
  Keyword: N/A
  User: S-1-5-21-3654634270-3195840133-2774193163-1001
  User Name: DESKTOP-OGCJR0S\joshu
  Computer: DESKTOP-OGCJR0S
  Description: 
The access history in hive \??\C:\Users\joshu\AppData\Local\Packages\microsoft.windowscommunicationsapps_8wekyb3d8bbwe\Settings\settings.dat was cleared updating 60 keys and creating 10 modified pages.

Event[1661]:
  Log Name: System
  Source: Service Control Manager
  Date: 2017-07-13T18:40:37.432
  Event ID: 7040
  Task: N/A
  Level: Information
  Opcode: N/A
  Keyword: Classic
  User: S-1-5-18
  User Name: NT AUTHORITY\SYSTEM
  Computer: DESKTOP-OGCJR0S
  Description: 
The start type of the Background Intelligent Transfer Service service was changed from demand start to auto start.

Event[1662]:
  Log Name: System
  Source: Microsoft-Windows-DNS-Client
  Date: 2017-07-13T19:17:11.889
  Event ID: 1014
  Task: N/A
  Level: Warning
  Opcode: Info
  Keyword: N/A
  User: S-1-5-20
  User Name: NT AUTHORITY\NETWORK SERVICE
  Computer: DESKTOP-OGCJR0S
  Description: 
Name resolution for the name wpad timed out after none of the configured DNS servers responded.

Event[1663]:
  Log Name: System
  Source: Microsoft-Windows-Winlogon
  Date: 2017-07-14T02:00:20.217
  Event ID: 7002
  Task: N/A
  Level: Information
  Opcode: Info
  Keyword: N/A
  User: S-1-5-18
  User Name: NT AUTHORITY\SYSTEM
  Computer: DESKTOP-OGCJR0S
  Description: 
User Logoff Notification for Customer Experience Improvement Program

Event[1664]:
  Log Name: System
  Source: Microsoft-Windows-Kernel-General
  Date: 2017-07-14T02:00:21.065
  Event ID: 16
  Task: N/A
  Level: Information
  Opcode: Info
  Keyword: N/A
  User: S-1-5-18
  User Name: NT AUTHORITY\SYSTEM
  Computer: DESKTOP-OGCJR0S
  Description: 
The access history in hive \??\C:\ProgramData\Microsoft\Provisioning\Microsoft-Desktop-Provisioning-Sequence.dat was cleared updating 0 keys and creating 0 modified pages.

Event[1665]:
  Log Name: System
  Source: Microsoft-Windows-Kernel-Power
  Date: 2017-07-14T02:00:32.986
  Event ID: 42
  Task: N/A
  Level: Information
  Opcode: Info
  Keyword: N/A
  User: N/A
  User Name: N/A
  Computer: DESKTOP-OGCJR0S
  Description: 
The system is entering sleep.

Sleep Reason: Application API

Event[1666]:
  Log Name: System
  Source: Microsoft-Windows-Kernel-General
  Date: 2017-07-14T02:00:33.373
  Event ID: 1
  Task: N/A
  Level: Information
  Opcode: Info
  Keyword: Time
  User: N/A
  User Name: N/A
  Computer: DESKTOP-OGCJR0S
  Description: 
The system time has changed to ?2017?-?07?-?14T07:00:31.500000000Z from ?2017?-?07?-?14T07:00:33.373200800Z.

Change Reason: System time synchronized with the hardware clock.

Event[1667]:
  Log Name: System
  Source: EventLog
  Date: 2017-07-14T15:42:04.702
  Event ID: 6013
  Task: N/A
  Level: Information
  Opcode: N/A
  Keyword: Classic
  User: N/A
  User Name: N/A
  Computer: DESKTOP-OGCJR0S
  Description: 
The system uptime is 169481 seconds.

Event[1668]:
  Log Name: System
  Source: Microsoft-Windows-Kernel-Power
  Date: 2017-07-14T02:00:34.295
  Event ID: 107
  Task: N/A
  Level: Information
  Opcode: Info
  Keyword: N/A
  User: N/A
  User Name: N/A
  Computer: DESKTOP-OGCJR0S
  Description: 
The system has resumed from sleep.

Event[1669]:
  Log Name: System
  Source: Microsoft-Windows-Kernel-General
  Date: 2017-07-14T15:42:04.499
  Event ID: 1
  Task: N/A
  Level: Information
  Opcode: Info
  Keyword: Time
  User: N/A
  User Name: N/A
  Computer: DESKTOP-OGCJR0S
  Description: 
The system time has changed to ?2017?-?07?-?14T20:42:04.500000000Z from ?2017?-?07?-?14T07:00:34.296278800Z.

Change Reason: System time synchronized with the hardware clock.

Event[1670]:
  Log Name: System
  Source: Microsoft-Windows-Kernel-Boot
  Date: 2017-07-14T15:42:05.088
  Event ID: 30
  Task: N/A
  Level: Information
  Opcode: Info
  Keyword: N/A
  User: N/A
  User Name: N/A
  Computer: DESKTOP-OGCJR0S
  Description: 
The firmware reported boot metrics.

Event[1671]:
  Log Name: System
  Source: Microsoft-Windows-Kernel-Boot
  Date: 2017-07-14T15:42:05.088
  Event ID: 25
  Task: N/A
  Level: Information
  Opcode: Info
  Keyword: N/A
  User: N/A
  User Name: N/A
  Computer: DESKTOP-OGCJR0S
  Description: 
The boot menu policy was 0x1.

Event[1672]:
  Log Name: System
  Source: Microsoft-Windows-Kernel-Boot
  Date: 2017-07-14T15:42:05.088
  Event ID: 27
  Task: N/A
  Level: Information
  Opcode: Info
  Keyword: N/A
  User: N/A
  User Name: N/A
  Computer: DESKTOP-OGCJR0S
  Description: 
The boot type was 0x1.

Event[1673]:
  Log Name: System
  Source: Microsoft-Windows-Kernel-Boot
  Date: 2017-07-14T15:42:05.088
  Event ID: 18
  Task: N/A
  Level: Information
  Opcode: Info
  Keyword: N/A
  User: N/A
  User Name: N/A
  Computer: DESKTOP-OGCJR0S
  Description: 
There are 0x1 boot options on this system.

Event[1674]:
  Log Name: System
  Source: Microsoft-Windows-Kernel-Boot
  Date: 2017-07-14T15:42:05.088
  Event ID: 32
  Task: N/A
  Level: Information
  Opcode: Info
  Keyword: N/A
  User: N/A
  User Name: N/A
  Computer: DESKTOP-OGCJR0S
  Description: 
The bootmgr spent 0 ms waiting for user input.

Event[1675]:
  Log Name: System
  Source: Microsoft-Windows-Power-Troubleshooter
  Date: 2017-07-14T15:42:07.089
  Event ID: 1
  Task: N/A
  Level: Information
  Opcode: Info
  Keyword: N/A
  User: S-1-5-19
  User Name: NT AUTHORITY\LOCAL SERVICE
  Computer: DESKTOP-OGCJR0S
  Description: 
The system has returned from a low power state.

Sleep Time: ?2017?-?07?-?14T07:00:21.799530600Z
Wake Time: ?2017?-?07?-?14T20:42:06.136208400Z

Wake Source: Unknown

Event[1676]:
  Log Name: System
  Source: Microsoft-Windows-DNS-Client
  Date: 2017-07-14T15:42:07.321
  Event ID: 1014
  Task: N/A
  Level: Warning
  Opcode: Info
  Keyword: N/A
  User: S-1-5-20
  User Name: NT AUTHORITY\NETWORK SERVICE
  Computer: DESKTOP-OGCJR0S
  Description: 
Name resolution for the name wpad timed out after none of the configured DNS servers responded.

Event[1677]:
  Log Name: System
  Source: Microsoft-Windows-Winlogon
  Date: 2017-07-14T15:42:13.767
  Event ID: 7001
  Task: N/A
  Level: Information
  Opcode: Info
  Keyword: N/A
  User: S-1-5-18
  User Name: NT AUTHORITY\SYSTEM
  Computer: DESKTOP-OGCJR0S
  Description: 
User Logon Notification for Customer Experience Improvement Program

Event[1678]:
  Log Name: System
  Source: Service Control Manager
  Date: 2017-07-14T15:44:27.810
  Event ID: 7040
  Task: N/A
  Level: Information
  Opcode: N/A
  Keyword: Classic
  User: S-1-5-18
  User Name: NT AUTHORITY\SYSTEM
  Computer: DESKTOP-OGCJR0S
  Description: 
The start type of the Background Intelligent Transfer Service service was changed from auto start to demand start.

Event[1679]:
  Log Name: System
  Source: Microsoft-Windows-WindowsUpdateClient
  Date: 2017-07-14T15:45:17.001
  Event ID: 44
  Task: Windows Update Agent
  Level: Information
  Opcode: Download
  Keyword: Download,Started
  User: S-1-5-18
  User Name: NT AUTHORITY\SYSTEM
  Computer: DESKTOP-OGCJR0S
  Description: 
Windows Update started downloading an update.

Event[1680]:
  Log Name: System
  Source: Microsoft-Windows-WindowsUpdateClient
  Date: 2017-07-14T15:45:17.001
  Event ID: 44
  Task: Windows Update Agent
  Level: Information
  Opcode: Download
  Keyword: Download,Started
  User: S-1-5-18
  User Name: NT AUTHORITY\SYSTEM
  Computer: DESKTOP-OGCJR0S
  Description: 
Windows Update started downloading an update.

Event[1681]:
  Log Name: System
  Source: Microsoft-Windows-Kernel-General
  Date: 2017-07-14T15:45:23.208
  Event ID: 16
  Task: N/A
  Level: Information
  Opcode: Info
  Keyword: N/A
  User: S-1-5-18
  User Name: NT AUTHORITY\SYSTEM
  Computer: DESKTOP-OGCJR0S
  Description: 
The access history in hive \??\C:\ProgramData\Microsoft\Windows\AppRepository\Packages\Microsoft.XboxGameOverlay_1.19.11001.0_x64__8wekyb3d8bbwe\ActivationStore.dat was cleared updating 0 keys and creating 0 modified pages.

Event[1682]:
  Log Name: System
  Source: Microsoft-Windows-WindowsUpdateClient
  Date: 2017-07-14T15:45:29.425
  Event ID: 43
  Task: Windows Update Agent
  Level: Information
  Opcode: Installation
  Keyword: Installation,Started
  User: S-1-5-18
  User Name: NT AUTHORITY\SYSTEM
  Computer: DESKTOP-OGCJR0S
  Description: 
Installation Started: Windows has started installing the following update: Xbox Game bar

Event[1683]:
  Log Name: System
  Source: Microsoft-Windows-WindowsUpdateClient
  Date: 2017-07-14T15:45:29.425
  Event ID: 19
  Task: Windows Update Agent
  Level: Information
  Opcode: Installation
  Keyword: Installation,Success
  User: S-1-5-18
  User Name: NT AUTHORITY\SYSTEM
  Computer: DESKTOP-OGCJR0S
  Description: 
Installation Successful: Windows successfully installed the following update: Xbox Game bar

Event[1684]:
  Log Name: System
  Source: Microsoft-Windows-Kernel-General
  Date: 2017-07-14T15:45:40.297
  Event ID: 16
  Task: N/A
  Level: Information
  Opcode: Info
  Keyword: N/A
  User: S-1-5-18
  User Name: NT AUTHORITY\SYSTEM
  Computer: DESKTOP-OGCJR0S
  Description: 
The access history in hive \??\C:\ProgramData\Microsoft\Windows\AppRepository\Packages\Microsoft.Office.OneNote_17.8366.57581.0_x64__8wekyb3d8bbwe\ActivationStore.dat was cleared updating 0 keys and creating 0 modified pages.

Event[1685]:
  Log Name: System
  Source: Microsoft-Windows-WindowsUpdateClient
  Date: 2017-07-14T15:45:45.706
  Event ID: 43
  Task: Windows Update Agent
  Level: Information
  Opcode: Installation
  Keyword: Installation,Started
  User: S-1-5-18
  User Name: NT AUTHORITY\SYSTEM
  Computer: DESKTOP-OGCJR0S
  Description: 
Installation Started: Windows has started installing the following update: OneNote

Event[1686]:
  Log Name: System
  Source: Microsoft-Windows-WindowsUpdateClient
  Date: 2017-07-14T15:45:45.706
  Event ID: 19
  Task: Windows Update Agent
  Level: Information
  Opcode: Installation
  Keyword: Installation,Success
  User: S-1-5-18
  User Name: NT AUTHORITY\SYSTEM
  Computer: DESKTOP-OGCJR0S
  Description: 
Installation Successful: Windows successfully installed the following update: OneNote

Event[1687]:
  Log Name: System
  Source: Service Control Manager
  Date: 2017-07-14T16:12:55.312
  Event ID: 7040
  Task: N/A
  Level: Information
  Opcode: N/A
  Keyword: Classic
  User: S-1-5-18
  User Name: NT AUTHORITY\SYSTEM
  Computer: DESKTOP-OGCJR0S
  Description: 
The start type of the Background Intelligent Transfer Service service was changed from demand start to auto start.

Event[1688]:
  Log Name: System
  Source: Microsoft-Windows-WindowsUpdateClient
  Date: 2017-07-14T17:26:03.651
  Event ID: 44
  Task: Windows Update Agent
  Level: Information
  Opcode: Download
  Keyword: Download,Started
  User: S-1-5-18
  User Name: NT AUTHORITY\SYSTEM
  Computer: DESKTOP-OGCJR0S
  Description: 
Windows Update started downloading an update.

Event[1689]:
  Log Name: System
  Source: Microsoft-Windows-WindowsUpdateClient
  Date: 2017-07-14T17:26:11.306
  Event ID: 43
  Task: Windows Update Agent
  Level: Information
  Opcode: Installation
  Keyword: Installation,Started
  User: S-1-5-18
  User Name: NT AUTHORITY\SYSTEM
  Computer: DESKTOP-OGCJR0S
  Description: 
Installation Started: Windows has started installing the following update: Definition Update for Windows Defender - KB2267602 (Definition 1.247.913.0)

Event[1690]:
  Log Name: System
  Source: Microsoft-Windows-WindowsUpdateClient
  Date: 2017-07-14T17:26:20.959
  Event ID: 19
  Task: Windows Update Agent
  Level: Information
  Opcode: Installation
  Keyword: Installation,Success
  User: S-1-5-18
  User Name: NT AUTHORITY\SYSTEM
  Computer: DESKTOP-OGCJR0S
  Description: 
Installation Successful: Windows successfully installed the following update: Definition Update for Windows Defender - KB2267602 (Definition 1.247.913.0)

Event[1691]:
  Log Name: System
  Source: Service Control Manager
  Date: 2017-07-14T17:26:21.161
  Event ID: 7045
  Task: N/A
  Level: Information
  Opcode: N/A
  Keyword: Classic
  User: S-1-5-18
  User Name: NT AUTHORITY\SYSTEM
  Computer: DESKTOP-OGCJR0S
  Description: 
A service was installed in the system.

Service Name:  MpKsl758bdb38
Service File Name:  C:\ProgramData\Microsoft\Windows Defender\Definition Updates\{9A36072B-CD68-4667-9EC8-EB75C1CD30C2}\MpKsl758bdb38.sys
Service Type:  kernel mode driver
Service Start Type:  system start
Service Account:  

Event[1692]:
  Log Name: System
  Source: Microsoft-Windows-Kernel-General
  Date: 2017-07-14T17:32:25.626
  Event ID: 16
  Task: N/A
  Level: Information
  Opcode: Info
  Keyword: N/A
  User: S-1-5-18
  User Name: NT AUTHORITY\SYSTEM
  Computer: DESKTOP-OGCJR0S
  Description: 
The access history in hive \??\C:\ProgramData\Microsoft\Provisioning\Microsoft-Desktop-Provisioning-Sequence.dat was cleared updating 0 keys and creating 0 modified pages.

Event[1693]:
  Log Name: System
  Source: Microsoft-Windows-Time-Service
  Date: 2017-07-14T17:32:26.620
  Event ID: 158
  Task: N/A
  Level: Information
  Opcode: Info
  Keyword: N/A
  User: S-1-5-19
  User Name: NT AUTHORITY\LOCAL SERVICE
  Computer: DESKTOP-OGCJR0S
  Description: 
The time provider 'VMICTimeProvider' has indicated that the current hardware and operating environment is not supported and has stopped. This behavior is expected for VMICTimeProvider on non-HyperV-guest environments. This may be the expected behavior for the current provider in the current operating environment as well.

Event[1694]:
