  Log Name: System
  Source: Microsoft-Windows-Kernel-Boot
  Date: 2017-07-11T14:51:58.167
  Event ID: 18
  Task: N/A
  Level: Information
  Opcode: Info
  Keyword: N/A
  User: N/A
  User Name: N/A
  Computer: DESKTOP-OGCJR0S
  Description: 
There are 0x1 boot options on this system.

Event[1453]:
  Log Name: System
  Source: Microsoft-Windows-Kernel-Boot
  Date: 2017-07-11T14:51:58.167
  Event ID: 32
  Task: N/A
  Level: Information
  Opcode: Info
  Keyword: N/A
  User: N/A
  User Name: N/A
  Computer: DESKTOP-OGCJR0S
  Description: 
The bootmgr spent 0 ms waiting for user input.

Event[1454]:
  Log Name: System
  Source: Microsoft-Windows-DNS-Client
  Date: 2017-07-11T14:51:58.782
  Event ID: 1014
  Task: N/A
  Level: Warning
  Opcode: Info
  Keyword: N/A
  User: S-1-5-20
  User Name: NT AUTHORITY\NETWORK SERVICE
  Computer: DESKTOP-OGCJR0S
  Description: 
Name resolution for the name wpad timed out after none of the configured DNS servers responded.

Event[1455]:
  Log Name: System
  Source: Microsoft-Windows-Power-Troubleshooter
  Date: 2017-07-11T14:52:00.174
  Event ID: 1
  Task: N/A
  Level: Information
  Opcode: Info
  Keyword: N/A
  User: S-1-5-19
  User Name: NT AUTHORITY\LOCAL SERVICE
  Computer: DESKTOP-OGCJR0S
  Description: 
The system has returned from a low power state.

Sleep Time: ?2017?-?07?-?11T03:57:15.809789700Z
Wake Time: ?2017?-?07?-?11T19:51:58.807966100Z

Wake Source: Unknown

Event[1456]:
  Log Name: System
  Source: Microsoft-Windows-Winlogon
  Date: 2017-07-11T14:52:44.301
  Event ID: 7001
  Task: N/A
  Level: Information
  Opcode: Info
  Keyword: N/A
  User: S-1-5-18
  User Name: NT AUTHORITY\SYSTEM
  Computer: DESKTOP-OGCJR0S
  Description: 
User Logon Notification for Customer Experience Improvement Program

Event[1457]:
  Log Name: System
  Source: Microsoft-Windows-WindowsUpdateClient
  Date: 2017-07-11T14:55:17.657
  Event ID: 44
  Task: Windows Update Agent
  Level: Information
  Opcode: Download
  Keyword: Download,Started
  User: S-1-5-18
  User Name: NT AUTHORITY\SYSTEM
  Computer: DESKTOP-OGCJR0S
  Description: 
Windows Update started downloading an update.

Event[1458]:
  Log Name: System
  Source: Microsoft-Windows-WindowsUpdateClient
  Date: 2017-07-11T14:55:21.428
  Event ID: 44
  Task: Windows Update Agent
  Level: Information
  Opcode: Download
  Keyword: Download,Started
  User: S-1-5-18
  User Name: NT AUTHORITY\SYSTEM
  Computer: DESKTOP-OGCJR0S
  Description: 
Windows Update started downloading an update.

Event[1459]:
  Log Name: System
  Source: Microsoft-Windows-WindowsUpdateClient
  Date: 2017-07-11T14:55:29.677
  Event ID: 43
  Task: Windows Update Agent
  Level: Information
  Opcode: Installation
  Keyword: Installation,Started
  User: S-1-5-18
  User Name: NT AUTHORITY\SYSTEM
  Computer: DESKTOP-OGCJR0S
  Description: 
Installation Started: Windows has started installing the following update: Definition Update for Windows Defender - KB2267602 (Definition 1.247.765.0)

Event[1460]:
  Log Name: System
  Source: Microsoft-Windows-Kernel-General
  Date: 2017-07-11T14:55:34.076
  Event ID: 16
  Task: N/A
  Level: Information
  Opcode: Info
  Keyword: N/A
  User: S-1-5-18
  User Name: NT AUTHORITY\SYSTEM
  Computer: DESKTOP-OGCJR0S
  Description: 
The access history in hive \??\C:\ProgramData\Microsoft\Windows\AppRepository\Packages\34366PDFViewer.DocumentReaderEditor_1.19.0.1_neutral__paafd5e9n5y7a\ActivationStore.dat was cleared updating 0 keys and creating 0 modified pages.

Event[1461]:
  Log Name: System
  Source: Microsoft-Windows-WindowsUpdateClient
  Date: 2017-07-11T14:55:39.822
  Event ID: 43
  Task: Windows Update Agent
  Level: Information
  Opcode: Installation
  Keyword: Installation,Started
  User: S-1-5-18
  User Name: NT AUTHORITY\SYSTEM
  Computer: DESKTOP-OGCJR0S
  Description: 
Installation Started: Windows has started installing the following update: Document Reader & Editor

Event[1462]:
  Log Name: System
  Source: Microsoft-Windows-WindowsUpdateClient
  Date: 2017-07-11T14:55:39.822
  Event ID: 19
  Task: Windows Update Agent
  Level: Information
  Opcode: Installation
  Keyword: Installation,Success
  User: S-1-5-18
  User Name: NT AUTHORITY\SYSTEM
  Computer: DESKTOP-OGCJR0S
  Description: 
Installation Successful: Windows successfully installed the following update: Document Reader & Editor

Event[1463]:
  Log Name: System
  Source: Microsoft-Windows-WindowsUpdateClient
  Date: 2017-07-11T14:55:39.822
  Event ID: 19
  Task: Windows Update Agent
  Level: Information
  Opcode: Installation
  Keyword: Installation,Success
  User: S-1-5-18
  User Name: NT AUTHORITY\SYSTEM
  Computer: DESKTOP-OGCJR0S
  Description: 
Installation Successful: Windows successfully installed the following update: Definition Update for Windows Defender - KB2267602 (Definition 1.247.765.0)

Event[1464]:
  Log Name: System
  Source: Service Control Manager
  Date: 2017-07-11T14:55:42.666
  Event ID: 7045
  Task: N/A
  Level: Information
  Opcode: N/A
  Keyword: Classic
  User: S-1-5-18
  User Name: NT AUTHORITY\SYSTEM
  Computer: DESKTOP-OGCJR0S
  Description: 
A service was installed in the system.

Service Name:  MpKsl0bd54f52
Service File Name:  C:\ProgramData\Microsoft\Windows Defender\Definition Updates\{3F023C72-CE0D-4E45-9B0B-27E65870469B}\MpKsl0bd54f52.sys
Service Type:  kernel mode driver
Service Start Type:  system start
Service Account:  

Event[1465]:
  Log Name: System
  Source: Microsoft-Windows-WindowsUpdateClient
  Date: 2017-07-11T14:55:44.124
  Event ID: 44
  Task: Windows Update Agent
  Level: Information
  Opcode: Download
  Keyword: Download,Started
  User: S-1-5-18
  User Name: NT AUTHORITY\SYSTEM
  Computer: DESKTOP-OGCJR0S
  Description: 
Windows Update started downloading an update.

Event[1466]:
  Log Name: System
  Source: Microsoft-Windows-WindowsUpdateClient
  Date: 2017-07-11T14:55:44.124
  Event ID: 44
  Task: Windows Update Agent
  Level: Information
  Opcode: Download
  Keyword: Download,Started
  User: S-1-5-18
  User Name: NT AUTHORITY\SYSTEM
  Computer: DESKTOP-OGCJR0S
  Description: 
Windows Update started downloading an update.

Event[1467]:
  Log Name: System
  Source: Service Control Manager
  Date: 2017-07-11T14:55:53.676
  Event ID: 7040
  Task: N/A
  Level: Information
  Opcode: N/A
  Keyword: Classic
  User: S-1-5-18
  User Name: NT AUTHORITY\SYSTEM
  Computer: DESKTOP-OGCJR0S
  Description: 
The start type of the Windows Modules Installer service was changed from demand start to auto start.

Event[1468]:
  Log Name: System
  Source: Microsoft-Windows-Kernel-General
  Date: 2017-07-11T14:57:05.934
  Event ID: 15
  Task: N/A
  Level: Information
  Opcode: Info
  Keyword: N/A
  User: S-1-5-18
  User Name: NT AUTHORITY\SYSTEM
  Computer: DESKTOP-OGCJR0S
  Description: 
Hive \??\C:\WINDOWS\System32\SMI\Store\Machine\SCHEMA.DAT was reorganized with a starting size of 12476416 bytes and an ending size of 11771904 bytes.

Event[1469]:
  Log Name: System
  Source: Service Control Manager
  Date: 2017-07-11T14:57:30.382
  Event ID: 7040
  Task: N/A
  Level: Information
  Opcode: N/A
  Keyword: Classic
  User: S-1-5-18
  User Name: NT AUTHORITY\SYSTEM
  Computer: DESKTOP-OGCJR0S
  Description: 
The start type of the Windows Modules Installer service was changed from auto start to demand start.

Event[1470]:
  Log Name: System
  Source: Microsoft-Windows-WindowsUpdateClient
  Date: 2017-07-11T14:58:26.645
  Event ID: 44
  Task: Windows Update Agent
  Level: Information
  Opcode: Download
  Keyword: Download,Started
  User: S-1-5-18
  User Name: NT AUTHORITY\SYSTEM
  Computer: DESKTOP-OGCJR0S
  Description: 
Windows Update started downloading an update.

Event[1471]:
  Log Name: System
  Source: Microsoft-Windows-WindowsUpdateClient
  Date: 2017-07-11T14:58:26.645
  Event ID: 44
  Task: Windows Update Agent
  Level: Information
  Opcode: Download
  Keyword: Download,Started
  User: S-1-5-18
  User Name: NT AUTHORITY\SYSTEM
  Computer: DESKTOP-OGCJR0S
  Description: 
Windows Update started downloading an update.

Event[1472]:
  Log Name: System
  Source: Microsoft-Windows-Kernel-General
  Date: 2017-07-11T15:04:25.209
  Event ID: 16
  Task: N/A
  Level: Information
  Opcode: Info
  Keyword: N/A
  User: S-1-5-18
  User Name: NT AUTHORITY\SYSTEM
  Computer: DESKTOP-OGCJR0S
  Description: 
The access history in hive \??\C:\ProgramData\Microsoft\Provisioning\Microsoft-Desktop-Provisioning-Sequence.dat was cleared updating 0 keys and creating 0 modified pages.

Event[1473]:
  Log Name: System
  Source: Microsoft-Windows-Time-Service
  Date: 2017-07-11T15:04:26.305
  Event ID: 158
  Task: N/A
  Level: Information
  Opcode: Info
  Keyword: N/A
  User: S-1-5-19
  User Name: NT AUTHORITY\LOCAL SERVICE
  Computer: DESKTOP-OGCJR0S
  Description: 
The time provider 'VMICTimeProvider' has indicated that the current hardware and operating environment is not supported and has stopped. This behavior is expected for VMICTimeProvider on non-HyperV-guest environments. This may be the expected behavior for the current provider in the current operating environment as well.

Event[1474]:
  Log Name: System
  Source: Service Control Manager
  Date: 2017-07-11T15:04:26.325
  Event ID: 7040
  Task: N/A
  Level: Information
  Opcode: N/A
  Keyword: Classic
  User: S-1-5-18
  User Name: NT AUTHORITY\SYSTEM
  Computer: DESKTOP-OGCJR0S
  Description: 
The start type of the Windows Modules Installer service was changed from demand start to auto start.

Event[1475]:
  Log Name: System
  Source: Microsoft-Windows-Time-Service
  Date: 2017-07-11T15:04:27.879
  Event ID: 37
  Task: N/A
  Level: Information
  Opcode: Info
  Keyword: N/A
  User: S-1-5-19
  User Name: NT AUTHORITY\LOCAL SERVICE
  Computer: DESKTOP-OGCJR0S
  Description: 
The time provider NtpClient is currently receiving valid time data from time.windows.com,0x9 (ntp.m|0x9|0.0.0.0:123->13.65.245.138:123).

Event[1476]:
  Log Name: System
  Source: Microsoft-Windows-UserModePowerService
  Date: 2017-07-11T15:04:41.098
  Event ID: 22
  Task: N/A
  Level: Information
  Opcode: Info
  Keyword: N/A
  User: S-1-5-18
  User Name: NT AUTHORITY\SYSTEM
  Computer: DESKTOP-OGCJR0S
  Description: 
Reapply power settings upon completion of the provisioning engine's turn 5

Event[1477]:
  Log Name: System
  Source: Microsoft-Windows-Kernel-General
  Date: 2017-07-11T15:04:41.108
  Event ID: 16
  Task: N/A
  Level: Information
  Opcode: Info
  Keyword: N/A
  User: S-1-5-21-3654634270-3195840133-2774193163-1001
  User Name: DESKTOP-OGCJR0S\joshu
  Computer: DESKTOP-OGCJR0S
  Description: 
The access history in hive \??\C:\Users\joshu\AppData\Local\Packages\34366pdfviewer.documentreadereditor_paafd5e9n5y7a\Settings\settings.dat was cleared updating 3 keys and creating 1 modified pages.

Event[1478]:
  Log Name: System
  Source: Microsoft-Windows-Kernel-General
  Date: 2017-07-11T15:04:45.465
  Event ID: 1
  Task: N/A
  Level: Information
  Opcode: Info
  Keyword: Time
  User: S-1-5-19
  User Name: NT AUTHORITY\LOCAL SERVICE
  Computer: DESKTOP-OGCJR0S
  Description: 
The system time has changed to ?2017?-?07?-?11T20:04:45.465075900Z from ?2017?-?07?-?11T20:04:42.351307300Z.

Change Reason: An application or system component changed the time.

Event[1479]:
  Log Name: System
  Source: Microsoft-Windows-Time-Service
  Date: 2017-07-11T15:04:45.465
  Event ID: 35
  Task: N/A
  Level: Information
  Opcode: Info
  Keyword: N/A
  User: S-1-5-19
  User Name: NT AUTHORITY\LOCAL SERVICE
  Computer: DESKTOP-OGCJR0S
  Description: 
The time service is now synchronizing the system time with the time source time.windows.com,0x9 (ntp.m|0x9|0.0.0.0:123->13.65.245.138:123).

Event[1480]:
  Log Name: System
  Source: Microsoft-Windows-Kernel-General
  Date: 2017-07-11T15:04:45.465
  Event ID: 1
  Task: N/A
  Level: Information
  Opcode: Info
  Keyword: Time
  User: S-1-5-19
  User Name: NT AUTHORITY\LOCAL SERVICE
  Computer: DESKTOP-OGCJR0S
  Description: 
The system time has changed to ?2017?-?07?-?11T20:04:45.466000000Z from ?2017?-?07?-?11T20:04:45.466615100Z.

Change Reason: An application or system component changed the time.

Event[1481]:
  Log Name: System
  Source: Microsoft-Windows-Kernel-General
  Date: 2017-07-11T15:04:45.466
  Event ID: 1
  Task: N/A
  Level: Information
  Opcode: Info
  Keyword: Time
  User: S-1-5-19
  User Name: NT AUTHORITY\LOCAL SERVICE
  Computer: DESKTOP-OGCJR0S
  Description: 
The system time has changed to ?2017?-?07?-?11T20:04:45.466000000Z from ?2017?-?07?-?11T20:04:45.466197700Z.

Change Reason: An application or system component changed the time.

Event[1482]:
  Log Name: System
  Source: Microsoft-Windows-Kernel-General
  Date: 2017-07-11T15:04:46.781
  Event ID: 16
  Task: N/A
  Level: Information
  Opcode: Info
  Keyword: N/A
  User: S-1-5-18
  User Name: NT AUTHORITY\SYSTEM
  Computer: DESKTOP-OGCJR0S
  Description: 
The access history in hive \??\C:\ProgramData\Microsoft\Windows\AppRepository\Packages\Microsoft.XboxIdentityProvider_11.29.23003.0_x64__8wekyb3d8bbwe\ActivationStore.dat was cleared updating 0 keys and creating 0 modified pages.

Event[1483]:
  Log Name: System
  Source: Service Control Manager
  Date: 2017-07-11T15:04:50.198
  Event ID: 7040
  Task: N/A
  Level: Information
  Opcode: N/A
  Keyword: Classic
  User: S-1-5-18
  User Name: NT AUTHORITY\SYSTEM
  Computer: DESKTOP-OGCJR0S
  Description: 
The start type of the Windows Modules Installer service was changed from auto start to demand start.

Event[1484]:
  Log Name: System
  Source: Microsoft-Windows-WindowsUpdateClient
  Date: 2017-07-11T15:04:52.633
  Event ID: 43
  Task: Windows Update Agent
  Level: Information
  Opcode: Installation
  Keyword: Installation,Started
  User: S-1-5-18
  User Name: NT AUTHORITY\SYSTEM
  Computer: DESKTOP-OGCJR0S
  Description: 
Installation Started: Windows has started installing the following update: Xbox Identity Provider

Event[1485]:
  Log Name: System
  Source: Microsoft-Windows-WindowsUpdateClient
  Date: 2017-07-11T15:04:52.633
  Event ID: 19
  Task: Windows Update Agent
  Level: Information
  Opcode: Installation
  Keyword: Installation,Success
  User: S-1-5-18
  User Name: NT AUTHORITY\SYSTEM
  Computer: DESKTOP-OGCJR0S
  Description: 
Installation Successful: Windows successfully installed the following update: Xbox Identity Provider

Event[1486]:
  Log Name: System
  Source: Microsoft-Windows-Kernel-General
  Date: 2017-07-11T15:05:04.711
  Event ID: 16
  Task: N/A
  Level: Information
  Opcode: Info
  Keyword: N/A
  User: S-1-5-18
  User Name: NT AUTHORITY\SYSTEM
  Computer: DESKTOP-OGCJR0S
  Description: 
The access history in hive \??\C:\ProgramData\Microsoft\Windows\AppRepository\Packages\Microsoft.Windows.Photos_2017.18062.13720.0_x64__8wekyb3d8bbwe\ActivationStore.dat was cleared updating 0 keys and creating 0 modified pages.

Event[1487]:
  Log Name: System
  Source: Service Control Manager
  Date: 2017-07-11T15:05:05.966
  Event ID: 7040
  Task: N/A
  Level: Information
  Opcode: N/A
  Keyword: Classic
  User: S-1-5-18
  User Name: NT AUTHORITY\SYSTEM
  Computer: DESKTOP-OGCJR0S
  Description: 
The start type of the Windows Modules Installer service was changed from demand start to auto start.

Event[1488]:
  Log Name: System
  Source: Microsoft-Windows-WindowsUpdateClient
  Date: 2017-07-11T15:05:10.851
  Event ID: 43
  Task: Windows Update Agent
  Level: Information
  Opcode: Installation
  Keyword: Installation,Started
  User: S-1-5-18
  User Name: NT AUTHORITY\SYSTEM
  Computer: DESKTOP-OGCJR0S
  Description: 
Installation Started: Windows has started installing the following update: Microsoft Photos

Event[1489]:
  Log Name: System
  Source: Microsoft-Windows-WindowsUpdateClient
  Date: 2017-07-11T15:05:10.851
  Event ID: 19
  Task: Windows Update Agent
  Level: Information
  Opcode: Installation
  Keyword: Installation,Success
  User: S-1-5-18
  User Name: NT AUTHORITY\SYSTEM
  Computer: DESKTOP-OGCJR0S
  Description: 
Installation Successful: Windows successfully installed the following update: Microsoft Photos

Event[1490]:
  Log Name: System
  Source: Service Control Manager
  Date: 2017-07-11T15:05:21.839
  Event ID: 7040
  Task: N/A
  Level: Information
  Opcode: N/A
  Keyword: Classic
  User: S-1-5-18
  User Name: NT AUTHORITY\SYSTEM
  Computer: DESKTOP-OGCJR0S
  Description: 
The start type of the Windows Modules Installer service was changed from auto start to demand start.

Event[1491]:
  Log Name: System
  Source: Microsoft-Windows-Kernel-Power
  Date: 2017-07-11T15:14:41.518
  Event ID: 109
  Task: N/A
  Level: Information
  Opcode: Info
  Keyword: N/A
  User: S-1-5-18
  User Name: NT AUTHORITY\SYSTEM
  Computer: DESKTOP-OGCJR0S
  Description: 
The kernel power manager has initiated a shutdown transition.

Shutdown Reason: Button or Lid

Event[1492]:
  Log Name: System
  Source: Microsoft-Windows-GroupPolicy
  Date: 2017-07-11T15:14:41.934
  Event ID: 1501
  Task: N/A
  Level: Information
  Opcode: Start
  Keyword: N/A
  User: S-1-5-21-3654634270-3195840133-2774193163-1001
  User Name: DESKTOP-OGCJR0S\joshu
  Computer: DESKTOP-OGCJR0S
  Description: 
The Group Policy settings for the user were processed successfully. There were no changes detected since the last successful processing of Group Policy.

Event[1493]:
  Log Name: System
  Source: Microsoft-Windows-GroupPolicy
  Date: 2017-07-11T15:14:41.934
  Event ID: 1500
  Task: N/A
  Level: Information
  Opcode: Start
  Keyword: N/A
  User: S-1-5-18
  User Name: NT AUTHORITY\SYSTEM
  Computer: DESKTOP-OGCJR0S
  Description: 
The Group Policy settings for the computer were processed successfully. There were no changes detected since the last successful processing of Group Policy.

Event[1494]:
  Log Name: System
  Source: Microsoft-Windows-DistributedCOM
  Date: 2017-07-11T15:14:43.383
  Event ID: 10010
  Task: N/A
  Level: Error
  Opcode: Info
  Keyword: Classic
  User: S-1-5-21-3654634270-3195840133-2774193163-1001
  User Name: DESKTOP-OGCJR0S\joshu
  Computer: DESKTOP-OGCJR0S
  Description: 
The server {AB8902B4-09CA-4BB6-B78D-A8F59079A8D5} did not register with DCOM within the required timeout.

Event[1495]:
  Log Name: System
  Source: Microsoft-Windows-Winlogon
  Date: 2017-07-11T15:14:44.261
  Event ID: 7002
  Task: N/A
  Level: Information
  Opcode: Info
  Keyword: N/A
  User: S-1-5-18
  User Name: NT AUTHORITY\SYSTEM
  Computer: DESKTOP-OGCJR0S
  Description: 
User Logoff Notification for Customer Experience Improvement Program

Event[1496]:
  Log Name: System
  Source: Microsoft-Windows-Kernel-Power
  Date: 2017-07-11T15:14:46.525
  Event ID: 42
  Task: N/A
  Level: Information
  Opcode: Info
  Keyword: N/A
  User: N/A
  User Name: N/A
  Computer: DESKTOP-OGCJR0S
  Description: 
The system is entering sleep.

Sleep Reason: Application API

Event[1497]:
  Log Name: System
  Source: Microsoft-Windows-Kernel-Power
  Date: 2017-07-11T15:14:48.041
  Event ID: 107
  Task: N/A
  Level: Information
  Opcode: Info
  Keyword: N/A
  User: N/A
  User Name: N/A
  Computer: DESKTOP-OGCJR0S
  Description: 
The system has resumed from sleep.

Event[1498]:
  Log Name: System
  Source: Microsoft-Windows-Kernel-General
  Date: 2017-07-11T17:34:36.499
  Event ID: 1
  Task: N/A
  Level: Information
  Opcode: Info
  Keyword: Time
  User: N/A
  User Name: N/A
  Computer: DESKTOP-OGCJR0S
  Description: 
The system time has changed to ?2017?-?07?-?11T22:34:36.500000000Z from ?2017?-?07?-?11T20:14:48.041714000Z.

Change Reason: System time synchronized with the hardware clock.

Event[1499]:
  Log Name: System
  Source: Microsoft-Windows-Kernel-Boot
  Date: 2017-07-11T17:34:37.117
  Event ID: 30
  Task: N/A
  Level: Information
  Opcode: Info
  Keyword: N/A
  User: N/A
  User Name: N/A
  Computer: DESKTOP-OGCJR0S
  Description: 
The firmware reported boot metrics.

Event[1500]:
  Log Name: System
  Source: Microsoft-Windows-Kernel-Boot
  Date: 2017-07-11T17:34:37.117
  Event ID: 25
  Task: N/A
  Level: Information
  Opcode: Info
  Keyword: N/A
  User: N/A
  User Name: N/A
  Computer: DESKTOP-OGCJR0S
  Description: 
The boot menu policy was 0x1.

Event[1501]:
  Log Name: System
  Source: Microsoft-Windows-Kernel-Boot
  Date: 2017-07-11T17:34:37.117
  Event ID: 27
  Task: N/A
  Level: Information
  Opcode: Info
  Keyword: N/A
  User: N/A
  User Name: N/A
  Computer: DESKTOP-OGCJR0S
  Description: 
The boot type was 0x1.

Event[1502]:
  Log Name: System
  Source: Microsoft-Windows-Kernel-Boot
  Date: 2017-07-11T17:34:37.117
  Event ID: 18
  Task: N/A
  Level: Information
  Opcode: Info
  Keyword: N/A
  User: N/A
  User Name: N/A
  Computer: DESKTOP-OGCJR0S
  Description: 
There are 0x1 boot options on this system.

Event[1503]:
  Log Name: System
  Source: Microsoft-Windows-Kernel-Boot
  Date: 2017-07-11T17:34:37.117
  Event ID: 32
  Task: N/A
  Level: Information
  Opcode: Info
  Keyword: N/A
  User: N/A
  User Name: N/A
  Computer: DESKTOP-OGCJR0S
  Description: 
The bootmgr spent 0 ms waiting for user input.

Event[1504]:
  Log Name: System
  Source: Microsoft-Windows-Power-Troubleshooter
  Date: 2017-07-11T17:34:39.120
  Event ID: 1
  Task: N/A
  Level: Information
  Opcode: Info
  Keyword: N/A
  User: S-1-5-19
  User Name: NT AUTHORITY\LOCAL SERVICE
  Computer: DESKTOP-OGCJR0S
  Description: 
The system has returned from a low power state.

Sleep Time: ?2017?-?07?-?11T20:14:45.805965700Z
Wake Time: ?2017?-?07?-?11T22:34:38.136013400Z

Wake Source: Unknown

Event[1505]:
  Log Name: System
  Source: Microsoft-Windows-DNS-Client
  Date: 2017-07-11T17:34:40.244
  Event ID: 1014
  Task: N/A
  Level: Warning
  Opcode: Info
  Keyword: N/A
  User: S-1-5-20
  User Name: NT AUTHORITY\NETWORK SERVICE
  Computer: DESKTOP-OGCJR0S
  Description: 
Name resolution for the name wpad timed out after none of the configured DNS servers responded.

Event[1506]:
  Log Name: System
  Source: Microsoft-Windows-Winlogon
  Date: 2017-07-11T17:35:04.962
  Event ID: 7001
  Task: N/A
  Level: Information
  Opcode: Info
  Keyword: N/A
  User: S-1-5-18
  User Name: NT AUTHORITY\SYSTEM
  Computer: DESKTOP-OGCJR0S
  Description: 
User Logon Notification for Customer Experience Improvement Program

Event[1507]:
  Log Name: System
  Source: Microsoft-Windows-DNS-Client
  Date: 2017-07-11T17:35:19.537
  Event ID: 1014
  Task: N/A
  Level: Warning
  Opcode: Info
  Keyword: N/A
  User: S-1-5-20
  User Name: NT AUTHORITY\NETWORK SERVICE
  Computer: DESKTOP-OGCJR0S
  Description: 
Name resolution for the name wpad timed out after none of the configured DNS servers responded.

Event[1508]:
  Log Name: System
  Source: Service Control Manager
  Date: 2017-07-11T17:37:19.029
  Event ID: 7040
  Task: N/A
  Level: Information
  Opcode: N/A
  Keyword: Classic
  User: S-1-5-18
  User Name: NT AUTHORITY\SYSTEM
  Computer: DESKTOP-OGCJR0S
  Description: 
The start type of the Background Intelligent Transfer Service service was changed from auto start to demand start.

Event[1509]:
  Log Name: System
  Source: Service Control Manager
  Date: 2017-07-11T17:44:32.571
  Event ID: 7040
  Task: N/A
  Level: Information
  Opcode: N/A
  Keyword: Classic
  User: S-1-5-18
  User Name: NT AUTHORITY\SYSTEM
  Computer: DESKTOP-OGCJR0S
  Description: 
The start type of the Windows Modules Installer service was changed from demand start to auto start.

Event[1510]:
  Log Name: System
  Source: Service Control Manager
  Date: 2017-07-11T17:45:27.406
  Event ID: 7040
  Task: N/A
  Level: Information
  Opcode: N/A
  Keyword: Classic
  User: S-1-5-18
  User Name: NT AUTHORITY\SYSTEM
  Computer: DESKTOP-OGCJR0S
  Description: 
The start type of the Windows Modules Installer service was changed from auto start to demand start.

Event[1511]:
  Log Name: System
  Source: Microsoft-Windows-Ntfs
  Date: 2017-07-11T17:45:59.681
  Event ID: 98
  Task: N/A
  Level: Information
  Opcode: Info
  Keyword: N/A
  User: S-1-5-18
  User Name: NT AUTHORITY\SYSTEM
  Computer: DESKTOP-OGCJR0S
  Description: 
Volume ?? (\Device\HarddiskVolumeShadowCopy4) is healthy.  No action is needed.

Event[1512]:
  Log Name: System
  Source: Microsoft-Windows-WindowsUpdateClient
  Date: 2017-07-11T17:46:03.834
  Event ID: 43
  Task: Windows Update Agent
  Level: Information
  Opcode: Installation
  Keyword: Installation,Started
  User: S-1-5-18
  User Name: NT AUTHORITY\SYSTEM
  Computer: DESKTOP-OGCJR0S
  Description: 
Installation Started: Windows has started installing the following update: Windows Malicious Software Removal Tool for Windows 8, 8.1, 10 and Windows Server 2012, 2012 R2, 2016 x64 Edition - July 2017 (KB890830)

Event[1513]:
  Log Name: System
  Source: Service Control Manager
  Date: 2017-07-11T17:47:08.930
  Event ID: 7040
  Task: N/A
  Level: Information
  Opcode: N/A
  Keyword: Classic
  User: S-1-5-18
  User Name: NT AUTHORITY\SYSTEM
  Computer: DESKTOP-OGCJR0S
  Description: 
The start type of the Windows Modules Installer service was changed from demand start to auto start.

Event[1514]:
  Log Name: System
  Source: Microsoft-Windows-WindowsUpdateClient
  Date: 2017-07-11T17:47:11.097
  Event ID: 19
  Task: Windows Update Agent
  Level: Information
  Opcode: Installation
  Keyword: Installation,Success
  User: S-1-5-18
  User Name: NT AUTHORITY\SYSTEM
  Computer: DESKTOP-OGCJR0S
  Description: 
Installation Successful: Windows successfully installed the following update: Windows Malicious Software Removal Tool for Windows 8, 8.1, 10 and Windows Server 2012, 2012 R2, 2016 x64 Edition - July 2017 (KB890830)

Event[1515]:
  Log Name: System
  Source: Microsoft-Windows-WindowsUpdateClient
  Date: 2017-07-11T17:47:11.097
  Event ID: 43
  Task: Windows Update Agent
  Level: Information
  Opcode: Installation
  Keyword: Installation,Started
  User: S-1-5-18
  User Name: NT AUTHORITY\SYSTEM
  Computer: DESKTOP-OGCJR0S
  Description: 
Installation Started: Windows has started installing the following update: 2017-07 Cumulative Update for Windows 10 Version 1703 for x64-based Systems (KB4025342)

Event[1516]:
  Log Name: System
  Source: Service Control Manager
  Date: 2017-07-11T18:24:39.150
  Event ID: 7040
  Task: N/A
  Level: Information
  Opcode: N/A
  Keyword: Classic
  User: S-1-5-18
  User Name: NT AUTHORITY\SYSTEM
  Computer: DESKTOP-OGCJR0S
  Description: 
The start type of the Background Intelligent Transfer Service service was changed from demand start to auto start.

Event[1517]:
  Log Name: System
  Source: Microsoft-Windows-WindowsUpdateClient
  Date: 2017-07-11T22:18:00.230
  Event ID: 44
  Task: Windows Update Agent
  Level: Information
  Opcode: Download
  Keyword: Download,Started
  User: S-1-5-18
  User Name: NT AUTHORITY\SYSTEM
  Computer: DESKTOP-OGCJR0S
  Description: 
Windows Update started downloading an update.

Event[1518]:
  Log Name: System
  Source: Microsoft-Windows-WindowsUpdateClient
  Date: 2017-07-11T22:18:00.230
  Event ID: 43
  Task: Windows Update Agent
  Level: Information
  Opcode: Installation
  Keyword: Installation,Started
  User: S-1-5-18
  User Name: NT AUTHORITY\SYSTEM
  Computer: DESKTOP-OGCJR0S
  Description: 
Installation Started: Windows has started installing the following update: Definition Update for Windows Defender - KB2267602 (Definition 1.247.785.0)

Event[1519]:
  Log Name: System
  Source: Microsoft-Windows-WindowsUpdateClient
  Date: 2017-07-11T22:18:10.928
  Event ID: 19
  Task: Windows Update Agent
  Level: Information
  Opcode: Installation
  Keyword: Installation,Success
  User: S-1-5-18
  User Name: NT AUTHORITY\SYSTEM
  Computer: DESKTOP-OGCJR0S
  Description: 
Installation Successful: Windows successfully installed the following update: Definition Update for Windows Defender - KB2267602 (Definition 1.247.785.0)

Event[1520]:
  Log Name: System
  Source: Service Control Manager
  Date: 2017-07-11T22:18:16.476
  Event ID: 7045
  Task: N/A
  Level: Information
  Opcode: N/A
  Keyword: Classic
  User: S-1-5-18
  User Name: NT AUTHORITY\SYSTEM
  Computer: DESKTOP-OGCJR0S
  Description: 
A service was installed in the system.

Service Name:  MpKslfa7fc354
Service File Name:  C:\ProgramData\Microsoft\Windows Defender\Definition Updates\{859B6A6A-E5BA-45C1-AEE2-6403864E757B}\MpKslfa7fc354.sys
Service Type:  kernel mode driver
Service Start Type:  system start
Service Account:  

Event[1521]:
  Log Name: System
  Source: Microsoft-Windows-GroupPolicy
  Date: 2017-07-12T01:32:03.982
  Event ID: 1500
  Task: N/A
  Level: Information
  Opcode: Start
  Keyword: N/A
  User: S-1-5-18
  User Name: NT AUTHORITY\SYSTEM
  Computer: DESKTOP-OGCJR0S
  Description: 
The Group Policy settings for the computer were processed successfully. There were no changes detected since the last successful processing of Group Policy.

Event[1522]:
  Log Name: System
  Source: Microsoft-Windows-GroupPolicy
  Date: 2017-07-12T01:32:03.982
  Event ID: 1501
  Task: N/A
  Level: Information
  Opcode: Start
  Keyword: N/A
  User: S-1-5-21-3654634270-3195840133-2774193163-1001
  User Name: DESKTOP-OGCJR0S\joshu
  Computer: DESKTOP-OGCJR0S
  Description: 
The Group Policy settings for the user were processed successfully. There were no changes detected since the last successful processing of Group Policy.

Event[1523]:
  Log Name: System
  Source: Microsoft-Windows-Winlogon
  Date: 2017-07-12T01:32:04.089
  Event ID: 7002
  Task: N/A
  Level: Information
  Opcode: Info
  Keyword: N/A
  User: S-1-5-18
  User Name: NT AUTHORITY\SYSTEM
  Computer: DESKTOP-OGCJR0S
  Description: 
User Logoff Notification for Customer Experience Improvement Program

Event[1524]:
  Log Name: System
  Source: EventLog
  Date: 2017-07-12T01:33:08.755
  Event ID: 6006
  Task: N/A
  Level: Information
  Opcode: N/A
  Keyword: Classic
  User: N/A
  User Name: N/A
  Computer: DESKTOP-OGCJR0S
  Description: 
The Event log service was stopped.

Event[1525]:
  Log Name: System
  Source: Microsoft-Windows-Dhcp-Client
  Date: 2017-07-12T01:33:08.715
  Event ID: 50104
  Task: Service State Event
  Level: Information
  Opcode: ServiceShutdown
  Keyword: N/A
  User: S-1-5-19
  User Name: NT AUTHORITY\LOCAL SERVICE
  Computer: DESKTOP-OGCJR0S
  Description: 
DHCPv4 client received shutdown notification

Event[1526]:
  Log Name: System
  Source: Microsoft-Windows-DHCPv6-Client
  Date: 2017-07-12T01:33:08.717
  Event ID: 51047
  Task: Service State Event
  Level: Information
  Opcode: ServiceStop
  Keyword: N/A
  User: S-1-5-19
  User Name: NT AUTHORITY\LOCAL SERVICE
  Computer: DESKTOP-OGCJR0S
  Description: 
DHCPv6 client service is stopped. ShutDown Flag value is 1

Event[1527]:
  Log Name: System
  Source: Microsoft-Windows-DHCPv6-Client
  Date: 2017-07-12T01:33:08.717
  Event ID: 51057
  Task: Service State Event
  Level: Information
  Opcode: ServiceStopWithRefCount
  Keyword: N/A
  User: S-1-5-19
  User Name: NT AUTHORITY\LOCAL SERVICE
  Computer: DESKTOP-OGCJR0S
  Description: 
DHCPv6 client service stop is almost done.DHCP Context Ref count is 1

Event[1528]:
  Log Name: System
  Source: Microsoft-Windows-DHCPv6-Client
  Date: 2017-07-12T01:33:08.718
  Event ID: 51057
  Task: Service State Event
  Level: Information
  Opcode: ServiceStopWithRefCount
  Keyword: N/A
  User: S-1-5-19
  User Name: NT AUTHORITY\LOCAL SERVICE
  Computer: DESKTOP-OGCJR0S
  Description: 
DHCPv6 client service stop is almost done.DHCP Context Ref count is 2

Event[1529]:
  Log Name: System
  Source: Microsoft-Windows-Dhcp-Client
  Date: 2017-07-12T01:33:08.723
  Event ID: 50105
  Task: Service State Event
  Level: Information
  Opcode: ServiceShutdown
  Keyword: N/A
  User: S-1-5-19
  User Name: NT AUTHORITY\LOCAL SERVICE
  Computer: DESKTOP-OGCJR0S
  Description: 
DHCPv4 client ProcessDHCPRequestForever received TERMINATE_EVENT

Event[1530]:
  Log Name: System
  Source: Microsoft-Windows-Dhcp-Client
  Date: 2017-07-12T01:33:08.723
  Event ID: 50106
  Task: Service State Event
  Level: Information
  Opcode: ServiceShutdown
  Keyword: N/A
  User: S-1-5-19
  User Name: NT AUTHORITY\LOCAL SERVICE
  Computer: DESKTOP-OGCJR0S
  Description: 
DHCPv4 is waiting on DHCPv6 service to stop

Event[1531]:
  Log Name: System
  Source: Microsoft-Windows-Dhcp-Client
  Date: 2017-07-12T01:33:08.729
  Event ID: 50037
  Task: Service State Event
  Level: Information
  Opcode: ServiceStop
  Keyword: N/A
  User: S-1-5-19
  User Name: NT AUTHORITY\LOCAL SERVICE
  Computer: DESKTOP-OGCJR0S
  Description: 
DHCPv4 client service is stopped. ShutDown Flag value is 1

Event[1532]:
  Log Name: System
  Source: EventLog
  Date: 2017-07-12T16:37:38.912
  Event ID: 6009
  Task: N/A
  Level: Information
  Opcode: N/A
  Keyword: Classic
  User: N/A
  User Name: N/A
  Computer: DESKTOP-OGCJR0S
  Description: 
Microsoft (R) Windows (R) 10.00. 15063  Multiprocessor Free.

Event[1533]:
  Log Name: System
  Source: EventLog
  Date: 2017-07-12T16:37:38.912
  Event ID: 6005
  Task: N/A
  Level: Information
  Opcode: N/A
  Keyword: Classic
  User: N/A
  User Name: N/A
  Computer: DESKTOP-OGCJR0S
  Description: 
The Event log service was started.

Event[1534]:
  Log Name: System
  Source: EventLog
  Date: 2017-07-12T16:37:38.912
  Event ID: 6013
  Task: N/A
  Level: Information
  Opcode: N/A
  Keyword: Classic
  User: N/A
  User Name: N/A
  Computer: DESKTOP-OGCJR0S
  Description: 
The system uptime is 15 seconds.

Event[1535]:
  Log Name: System
  Source: Microsoft-Windows-WLAN-AutoConfig
  Date: 2017-07-12T01:33:09.383
  Event ID: 4001
  Task: N/A
  Level: Information
  Opcode: Stop
  Keyword: N/A
  User: S-1-5-18
  User Name: NT AUTHORITY\SYSTEM
  Computer: DESKTOP-OGCJR0S
  Description: 
WLAN AutoConfig service has successfully stopped.


Event[1536]:
  Log Name: System
  Source: Microsoft-Windows-Kernel-Power
  Date: 2017-07-12T01:33:09.928
  Event ID: 109
  Task: N/A
  Level: Information
  Opcode: Info
  Keyword: N/A
  User: N/A
  User Name: N/A
  Computer: DESKTOP-OGCJR0S
  Description: 
The kernel power manager has initiated a shutdown transition.

Shutdown Reason: Kernel API

Event[1537]:
  Log Name: System
  Source: Microsoft-Windows-Kernel-Power
  Date: 2017-07-12T01:33:09.928
  Event ID: 109
  Task: N/A
  Level: Information
  Opcode: Info
  Keyword: N/A
  User: N/A
  User Name: N/A
  Computer: DESKTOP-OGCJR0S
  Description: 
The kernel power manager has initiated a shutdown transition.

Shutdown Reason: Kernel API

Event[1538]:
  Log Name: System
  Source: Microsoft-Windows-Kernel-General
  Date: 2017-07-12T01:33:21.086
  Event ID: 13
  Task: N/A
  Level: Information
  Opcode: Info
  Keyword: N/A
  User: N/A
  User Name: N/A
  Computer: DESKTOP-OGCJR0S
  Description: 
The operating system is shutting down at system time ?2017?-?07?-?12T06:33:21.086661100Z.

Event[1539]:
  Log Name: System
  Source: Microsoft-Windows-Kernel-General
  Date: 2017-07-12T16:37:23.894
  Event ID: 12
  Task: N/A
  Level: Information
  Opcode: Info
  Keyword: N/A
  User: S-1-5-18
  User Name: NT AUTHORITY\SYSTEM
  Computer: DESKTOP-OGCJR0S
  Description: 
The operating system started at system time ?2017?-?07?-?12T21:37:23.488752600Z.

Event[1540]:
  Log Name: System
  Source: Microsoft-Windows-Kernel-Boot
  Date: 2017-07-12T16:37:23.894
  Event ID: 153
  Task: N/A
  Level: Information
  Opcode: Info
  Keyword: N/A
  User: S-1-5-18
  User Name: NT AUTHORITY\SYSTEM
  Computer: DESKTOP-OGCJR0S
  Description: 
Virtualization-based security (policies: 0) is disabled.

Event[1541]:
  Log Name: System
  Source: Microsoft-Windows-Kernel-Boot
  Date: 2017-07-12T16:37:23.894
  Event ID: 20
  Task: N/A
  Level: Information
  Opcode: Info
  Keyword: N/A
  User: S-1-5-18
  User Name: NT AUTHORITY\SYSTEM
  Computer: DESKTOP-OGCJR0S
  Description: 
The last shutdown's success status was true. The last boot's success status was true.

Event[1542]:
  Log Name: System
  Source: Microsoft-Windows-Kernel-Boot
  Date: 2017-07-12T16:37:23.894
  Event ID: 27
  Task: N/A
  Level: Information
  Opcode: Info
  Keyword: N/A
  User: S-1-5-18
  User Name: NT AUTHORITY\SYSTEM
  Computer: DESKTOP-OGCJR0S
  Description: 
The boot type was 0x0.

Event[1543]:
  Log Name: System
  Source: Microsoft-Windows-Kernel-Boot
  Date: 2017-07-12T16:37:23.894
  Event ID: 25
  Task: N/A
  Level: Information
  Opcode: Info
  Keyword: N/A
  User: S-1-5-18
  User Name: NT AUTHORITY\SYSTEM
  Computer: DESKTOP-OGCJR0S
  Description: 
The boot menu policy was 0x1.

Event[1544]:
  Log Name: System
  Source: Microsoft-Windows-Kernel-Boot
  Date: 2017-07-12T16:37:23.894
  Event ID: 18
  Task: N/A
  Level: Information
  Opcode: Info
  Keyword: N/A
  User: S-1-5-18
  User Name: NT AUTHORITY\SYSTEM
  Computer: DESKTOP-OGCJR0S
  Description: 
There are 0x1 boot options on this system.

Event[1545]:
  Log Name: System
  Source: Microsoft-Windows-Kernel-Boot
  Date: 2017-07-12T16:37:23.894
  Event ID: 32
  Task: N/A
  Level: Information
  Opcode: Info
  Keyword: N/A
  User: S-1-5-18
  User Name: NT AUTHORITY\SYSTEM
  Computer: DESKTOP-OGCJR0S
  Description: 
The bootmgr spent 0 ms waiting for user input.

Event[1546]:
  Log Name: System
  Source: Microsoft-Windows-Kernel-Boot
  Date: 2017-07-12T16:37:23.894
  Event ID: 30
  Task: N/A
  Level: Information
  Opcode: Info
  Keyword: N/A
  User: S-1-5-18
  User Name: NT AUTHORITY\SYSTEM
  Computer: DESKTOP-OGCJR0S
  Description: 
The firmware reported boot metrics.

Event[1547]:
  Log Name: System
  Source: Microsoft-Windows-FilterManager
  Date: 2017-07-12T16:37:24.245
  Event ID: 6
  Task: N/A
  Level: Information
  Opcode: Info
  Keyword: N/A
  User: S-1-5-18
  User Name: NT AUTHORITY\SYSTEM
  Computer: DESKTOP-OGCJR0S
  Description: 
File System Filter 'FileInfo' (10.0, ?2042?-?06?-?30T09:43:32.000000000Z) has successfully loaded and registered with Filter Manager.

Event[1548]:
  Log Name: System
  Source: Microsoft-Windows-FilterManager
  Date: 2017-07-12T16:37:24.246
  Event ID: 6
  Task: N/A
  Level: Information
  Opcode: Info
  Keyword: N/A
  User: S-1-5-18
  User Name: NT AUTHORITY\SYSTEM
  Computer: DESKTOP-OGCJR0S
  Description: 
File System Filter 'Wof' (10.0, ?1974?-?03?-?11T17:47:45.000000000Z) has successfully loaded and registered with Filter Manager.

Event[1549]:
  Log Name: System
  Source: Microsoft-Windows-FilterManager
  Date: 2017-07-12T16:37:24.247
  Event ID: 6
  Task: N/A
  Level: Information
  Opcode: Info
  Keyword: N/A
  User: S-1-5-18
  User Name: NT AUTHORITY\SYSTEM
  Computer: DESKTOP-OGCJR0S
  Description: 
File System Filter 'WdFilter' (10.0, ?2102?-?10?-?04T11:25:01.000000000Z) has successfully loaded and registered with Filter Manager.

Event[1550]:
  Log Name: System
  Source: Microsoft-Windows-Ntfs
  Date: 2017-07-12T16:37:24.988
  Event ID: 98
  Task: N/A
  Level: Information
  Opcode: Info
  Keyword: N/A
  User: S-1-5-18
  User Name: NT AUTHORITY\SYSTEM
  Computer: DESKTOP-OGCJR0S
  Description: 
Volume C: (\Device\HarddiskVolume3) is healthy.  No action is needed.

Event[1551]:
  Log Name: System
  Source: Microsoft-Windows-FilterManager
  Date: 2017-07-12T16:37:25.057
  Event ID: 6
  Task: N/A
  Level: Information
  Opcode: Info
  Keyword: N/A
  User: S-1-5-18
  User Name: NT AUTHORITY\SYSTEM
  Computer: DESKTOP-OGCJR0S
  Description: 
File System Filter 'FileCrypt' (10.0, ?2030?-?05?-?28T03:10:59.000000000Z) has successfully loaded and registered with Filter Manager.

Event[1552]:
  Log Name: System
  Source: Microsoft-Windows-FilterManager
  Date: 2017-07-12T16:37:25.179
  Event ID: 6
  Task: N/A
  Level: Information
  Opcode: Info
  Keyword: N/A
  User: S-1-5-18
  User Name: NT AUTHORITY\SYSTEM
  Computer: DESKTOP-OGCJR0S
  Description: 
File System Filter 'npsvctrig' (10.0, ?2097?-?07?-?25T05:18:05.000000000Z) has successfully loaded and registered with Filter Manager.

Event[1553]:
  Log Name: System
  Source: Microsoft-Windows-Kernel-Power
  Date: 2017-07-12T16:37:25.227
  Event ID: 172
  Task: N/A
  Level: Information
  Opcode: Info
  Keyword: N/A
  User: S-1-5-18
  User Name: NT AUTHORITY\SYSTEM
  Computer: DESKTOP-OGCJR0S
  Description: 
Connectivity state in standby: Disconnected, Reason: NIC compliance

Event[1554]:
  Log Name: System
  Source: Microsoft-Windows-Ntfs
  Date: 2017-07-12T16:37:25.389
  Event ID: 98
  Task: N/A
  Level: Information
  Opcode: Info
  Keyword: N/A
  User: S-1-5-18
  User Name: NT AUTHORITY\SYSTEM
  Computer: DESKTOP-OGCJR0S
  Description: 
Volume D: (\Device\HarddiskVolume1) is healthy.  No action is needed.

Event[1555]:
  Log Name: System
  Source: Microsoft-Windows-Ntfs
  Date: 2017-07-12T16:37:25.943
  Event ID: 98
  Task: N/A
  Level: Information
  Opcode: Info
  Keyword: N/A
  User: S-1-5-18
  User Name: NT AUTHORITY\SYSTEM
  Computer: DESKTOP-OGCJR0S
  Description: 
Volume E: (\Device\HarddiskVolume2) is healthy.  No action is needed.

Event[1556]:
  Log Name: System
  Source: Microsoft-Windows-Ntfs
  Date: 2017-07-12T16:37:26.107
  Event ID: 98
  Task: N/A
  Level: Information
  Opcode: Info
  Keyword: N/A
  User: S-1-5-18
  User Name: NT AUTHORITY\SYSTEM
  Computer: DESKTOP-OGCJR0S
  Description: 
Volume \\?\Volume{ee9c746c-0000-0000-0000-801c3a000000} (\Device\HarddiskVolume4) is healthy.  No action is needed.

Event[1557]:
  Log Name: System
  Source: Microsoft-Windows-Kernel-Processor-Power
  Date: 2017-07-12T16:37:26.296
  Event ID: 55
  Task: N/A
  Level: Information
  Opcode: Info
  Keyword: N/A
  User: S-1-5-18
  User Name: NT AUTHORITY\SYSTEM
  Computer: DESKTOP-OGCJR0S
  Description: 
Processor 0 in group 0 exposes the following power management capabilities:

Idle state type: ACPI Idle (C) States (2 state(s))

Performance state type: ACPI Performance (P) / Throttle (T) States
Nominal Frequency (MHz): 3500
Maximum performance percentage: 100
Minimum performance percentage: 40
Minimum throttle percentage: 40

Event[1558]:
  Log Name: System
  Source: Microsoft-Windows-Kernel-Processor-Power
  Date: 2017-07-12T16:37:26.297
  Event ID: 55
  Task: N/A
  Level: Information
  Opcode: Info
  Keyword: N/A
  User: S-1-5-18
  User Name: NT AUTHORITY\SYSTEM
  Computer: DESKTOP-OGCJR0S
  Description: 
Processor 1 in group 0 exposes the following power management capabilities:

Idle state type: ACPI Idle (C) States (2 state(s))

Performance state type: ACPI Performance (P) / Throttle (T) States
Nominal Frequency (MHz): 3500
Maximum performance percentage: 100
Minimum performance percentage: 40
Minimum throttle percentage: 40

Event[1559]:
  Log Name: System
  Source: Microsoft-Windows-Kernel-Processor-Power
  Date: 2017-07-12T16:37:26.297
  Event ID: 55
  Task: N/A
  Level: Information
  Opcode: Info
  Keyword: N/A
  User: S-1-5-18
  User Name: NT AUTHORITY\SYSTEM
  Computer: DESKTOP-OGCJR0S
  Description: 
Processor 2 in group 0 exposes the following power management capabilities:

Idle state type: ACPI Idle (C) States (2 state(s))

Performance state type: ACPI Performance (P) / Throttle (T) States
Nominal Frequency (MHz): 3500
Maximum performance percentage: 100
Minimum performance percentage: 40
Minimum throttle percentage: 40

Event[1560]:
  Log Name: System
  Source: Microsoft-Windows-Kernel-Processor-Power
  Date: 2017-07-12T16:37:26.298
  Event ID: 55
  Task: N/A
  Level: Information
  Opcode: Info
  Keyword: N/A
  User: S-1-5-18
  User Name: NT AUTHORITY\SYSTEM
  Computer: DESKTOP-OGCJR0S
  Description: 
Processor 3 in group 0 exposes the following power management capabilities:

Idle state type: ACPI Idle (C) States (2 state(s))

Performance state type: ACPI Performance (P) / Throttle (T) States
Nominal Frequency (MHz): 3500
Maximum performance percentage: 100
Minimum performance percentage: 40
Minimum throttle percentage: 40

Event[1561]:
  Log Name: System
  Source: Microsoft-Windows-Kernel-Processor-Power
  Date: 2017-07-12T16:37:26.298
  Event ID: 55
  Task: N/A
  Level: Information
  Opcode: Info
  Keyword: N/A
  User: S-1-5-18
  User Name: NT AUTHORITY\SYSTEM
  Computer: DESKTOP-OGCJR0S
  Description: 
Processor 4 in group 0 exposes the following power management capabilities:

Idle state type: ACPI Idle (C) States (2 state(s))

Performance state type: ACPI Performance (P) / Throttle (T) States
Nominal Frequency (MHz): 3500
Maximum performance percentage: 100
Minimum performance percentage: 40
Minimum throttle percentage: 40

Event[1562]:
  Log Name: System
  Source: Microsoft-Windows-Kernel-Processor-Power
  Date: 2017-07-12T16:37:26.299
  Event ID: 55
  Task: N/A
  Level: Information
  Opcode: Info
  Keyword: N/A
  User: S-1-5-18
  User Name: NT AUTHORITY\SYSTEM
  Computer: DESKTOP-OGCJR0S
  Description: 
Processor 5 in group 0 exposes the following power management capabilities:

Idle state type: ACPI Idle (C) States (2 state(s))

Performance state type: ACPI Performance (P) / Throttle (T) States
Nominal Frequency (MHz): 3500
Maximum performance percentage: 100
Minimum performance percentage: 40
Minimum throttle percentage: 40

Event[1563]:
  Log Name: System
  Source: Microsoft-Windows-Ntfs
  Date: 2017-07-12T16:37:34.215
  Event ID: 98
  Task: N/A
  Level: Information
  Opcode: Info
  Keyword: N/A
  User: S-1-5-18
  User Name: NT AUTHORITY\SYSTEM
  Computer: DESKTOP-OGCJR0S
  Description: 
Volume \\?\Volume{826cc08c-0000-0000-0000-100000000000} (\Device\HarddiskVolume5) is healthy.  No action is needed.

Event[1564]:
  Log Name: System
  Source: Microsoft-Windows-Kernel-General
  Date: 2017-07-12T16:37:36.286
  Event ID: 15
  Task: N/A
  Level: Information
  Opcode: Info
  Keyword: N/A
  User: S-1-5-18
  User Name: NT AUTHORITY\SYSTEM
  Computer: DESKTOP-OGCJR0S
  Description: 
Hive \SystemRoot\System32\Config\SOFTWARE was reorganized with a starting size of 71553024 bytes and an ending size of 71254016 bytes.

Event[1565]:
  Log Name: System
  Source: Microsoft-Windows-Kernel-General
  Date: 2017-07-12T16:37:36.433
  Event ID: 16
  Task: N/A
  Level: Information
  Opcode: Info
  Keyword: N/A
  User: S-1-5-18
  User Name: NT AUTHORITY\SYSTEM
  Computer: DESKTOP-OGCJR0S
  Description: 
The access history in hive \SystemRoot\System32\Config\DEFAULT was cleared updating 262 keys and creating 32 modified pages.

Event[1566]:
  Log Name: System
  Source: Microsoft-Windows-Wininit
  Date: 2017-07-12T16:37:37.871
  Event ID: 14
  Task: N/A
  Level: Information
  Opcode: Info
  Keyword: N/A
  User: S-1-5-18
  User Name: NT AUTHORITY\SYSTEM
  Computer: DESKTOP-OGCJR0S
  Description: 
Credential Guard (LsaIso.exe) configuration: 0x0, 0

Event[1567]:
  Log Name: System
  Source: Microsoft-Windows-Kernel-General
  Date: 2017-07-12T16:37:37.904
  Event ID: 16
  Task: N/A
  Level: Information
  Opcode: Info
  Keyword: N/A
  User: S-1-5-18
  User Name: NT AUTHORITY\SYSTEM
  Computer: DESKTOP-OGCJR0S
  Description: 
The access history in hive \SystemRoot\System32\Config\SECURITY was cleared updating 79 keys and creating 6 modified pages.

Event[1568]:
  Log Name: System
  Source: Microsoft-Windows-Directory-Services-SAM
  Date: 2017-07-12T16:37:38.027
  Event ID: 16962
  Task: N/A
  Level: Information
  Opcode: Info
  Keyword: N/A
  User: S-1-5-18
  User Name: NT AUTHORITY\SYSTEM
  Computer: DESKTOP-OGCJR0S
  Description: 
Remote calls to the SAM database are being restricted using the default security descriptor: O:SYG:SYD:(A;;RC;;;BA).
For more information please see http://go.microsoft.com/fwlink/?LinkId=787651.

Event[1569]:
  Log Name: System
  Source: Microsoft-Windows-Kernel-General
  Date: 2017-07-12T16:37:38.029
  Event ID: 16
  Task: N/A
  Level: Information
  Opcode: Info
  Keyword: N/A
  User: S-1-5-18
  User Name: NT AUTHORITY\SYSTEM
  Computer: DESKTOP-OGCJR0S
  Description: 
The access history in hive \SystemRoot\System32\Config\SAM was cleared updating 65 keys and creating 7 modified pages.

Event[1570]:
  Log Name: System
  Source: Microsoft-Windows-Kernel-General
  Date: 2017-07-12T16:37:38.145
  Event ID: 16
  Task: N/A
  Level: Information
  Opcode: Info
  Keyword: N/A
  User: S-1-5-18
  User Name: NT AUTHORITY\SYSTEM
  Computer: DESKTOP-OGCJR0S
  Description: 
The access history in hive \??\C:\WINDOWS\ServiceProfiles\NetworkService\NTUSER.DAT was cleared updating 102 keys and creating 15 modified pages.

Event[1571]:
  Log Name: System
  Source: Microsoft-Windows-Kernel-General
  Date: 2017-07-12T16:37:38.751
  Event ID: 16
  Task: N/A
  Level: Information
  Opcode: Info
  Keyword: N/A
  User: S-1-5-18
  User Name: NT AUTHORITY\SYSTEM
  Computer: DESKTOP-OGCJR0S
  Description: 
The access history in hive \SystemRoot\System32\Config\BBI was cleared updating 1111 keys and creating 213 modified pages.

Event[1572]:
  Log Name: System
  Source: Microsoft-Windows-Kernel-General
  Date: 2017-07-12T16:37:38.794
  Event ID: 16
  Task: N/A
  Level: Information
  Opcode: Info
  Keyword: N/A
  User: S-1-5-18
  User Name: NT AUTHORITY\SYSTEM
  Computer: DESKTOP-OGCJR0S
  Description: 
The access history in hive \??\C:\WINDOWS\ServiceProfiles\LocalService\NTUSER.DAT was cleared updating 109 keys and creating 17 modified pages.

Event[1573]:
  Log Name: System
  Source: Microsoft-Windows-FilterManager
  Date: 2017-07-12T16:37:38.849
  Event ID: 6
  Task: N/A
  Level: Information
  Opcode: Info
  Keyword: N/A
  User: S-1-5-18
  User Name: NT AUTHORITY\SYSTEM
  Computer: DESKTOP-OGCJR0S
  Description: 
File System Filter 'wcifs' (10.0, ?2079?-?07?-?15T13:50:57.000000000Z) has successfully loaded and registered with Filter Manager.

Event[1574]:
  Log Name: System
  Source: Microsoft-Windows-FilterManager
  Date: 2017-07-12T16:37:38.939
  Event ID: 6
  Task: N/A
  Level: Information
  Opcode: Info
  Keyword: N/A
  User: S-1-5-18
  User Name: NT AUTHORITY\SYSTEM
  Computer: DESKTOP-OGCJR0S
  Description: 
File System Filter 'luafv' (10.0, ?2037?-?06?-?08T04:55:59.000000000Z) has successfully loaded and registered with Filter Manager.

Event[1575]:
