Event[0]:
  Log Name: System
  Source: Microsoft-Windows-Kernel-General
  Date: 2017-06-22T09:38:53.618
  Event ID: 12
  Task: N/A
  Level: Information
  Opcode: Info
  Keyword: N/A
  User: S-1-5-18
  User Name: NT AUTHORITY\SYSTEM
  Computer: DESKTOP-OGCJR0S
  Description: 
The operating system started at system time ?2017?-?06?-?22T14:38:53.493923400Z.

Event[1]:
  Log Name: System
  Source: EventLog
  Date: 2017-06-22T09:39:28.984
  Event ID: 6009
  Task: N/A
  Level: Information
  Opcode: N/A
  Keyword: Classic
  User: N/A
  User Name: N/A
  Computer: DESKTOP-OGCJR0S
  Description: 
Microsoft (R) Windows (R) 10.00. 15063  Multiprocessor Free.

Event[2]:
  Log Name: System
  Source: EventLog
  Date: 2017-06-22T09:39:28.984
  Event ID: 6005
  Task: N/A
  Level: Information
  Opcode: N/A
  Keyword: Classic
  User: N/A
  User Name: N/A
  Computer: DESKTOP-OGCJR0S
  Description: 
The Event log service was started.

Event[3]:
  Log Name: System
  Source: Microsoft-Windows-Kernel-Boot
  Date: 2017-06-22T09:38:53.618
  Event ID: 153
  Task: N/A
  Level: Information
  Opcode: Info
  Keyword: N/A
  User: S-1-5-18
  User Name: NT AUTHORITY\SYSTEM
  Computer: DESKTOP-OGCJR0S
  Description: 
Virtualization-based security (policies: 0) is disabled.

Event[4]:
  Log Name: System
  Source: Microsoft-Windows-Kernel-Boot
  Date: 2017-06-22T09:38:53.618
  Event ID: 27
  Task: N/A
  Level: Information
  Opcode: Info
  Keyword: N/A
  User: S-1-5-18
  User Name: NT AUTHORITY\SYSTEM
  Computer: DESKTOP-OGCJR0S
  Description: 
The boot type was 0x0.

Event[5]:
  Log Name: System
  Source: Microsoft-Windows-Kernel-Boot
  Date: 2017-06-22T09:38:53.618
  Event ID: 25
  Task: N/A
  Level: Information
  Opcode: Info
  Keyword: N/A
  User: S-1-5-18
  User Name: NT AUTHORITY\SYSTEM
  Computer: DESKTOP-OGCJR0S
  Description: 
The boot menu policy was 0x1.

Event[6]:
  Log Name: System
  Source: Microsoft-Windows-Kernel-Boot
  Date: 2017-06-22T09:38:53.618
  Event ID: 26
  Task: N/A
  Level: Information
  Opcode: Info
  Keyword: N/A
  User: S-1-5-18
  User Name: NT AUTHORITY\SYSTEM
  Computer: DESKTOP-OGCJR0S
  Description: 
A one-time boot sequence was used during this boot.

Event[7]:
  Log Name: System
  Source: Microsoft-Windows-Kernel-Boot
  Date: 2017-06-22T09:38:53.618
  Event ID: 32
  Task: N/A
  Level: Information
  Opcode: Info
  Keyword: N/A
  User: S-1-5-18
  User Name: NT AUTHORITY\SYSTEM
  Computer: DESKTOP-OGCJR0S
  Description: 
The bootmgr spent 0 ms waiting for user input.

Event[8]:
  Log Name: System
  Source: Microsoft-Windows-Kernel-Boot
  Date: 2017-06-22T09:38:53.618
  Event ID: 30
  Task: N/A
  Level: Information
  Opcode: Info
  Keyword: N/A
  User: S-1-5-18
  User Name: NT AUTHORITY\SYSTEM
  Computer: DESKTOP-OGCJR0S
  Description: 
The firmware reported boot metrics.

Event[9]:
  Log Name: System
  Source: Microsoft-Windows-FilterManager
  Date: 2017-06-22T09:38:54.292
  Event ID: 6
  Task: N/A
  Level: Information
  Opcode: Info
  Keyword: N/A
  User: S-1-5-18
  User Name: NT AUTHORITY\SYSTEM
  Computer: DESKTOP-OGCJR0S
  Description: 
File System Filter 'FileInfo' (10.0, ?2042?-?06?-?30T09:43:32.000000000Z) has successfully loaded and registered with Filter Manager.

Event[10]:
  Log Name: System
  Source: Microsoft-Windows-FilterManager
  Date: 2017-06-22T09:38:54.293
  Event ID: 6
  Task: N/A
  Level: Information
  Opcode: Info
  Keyword: N/A
  User: S-1-5-18
  User Name: NT AUTHORITY\SYSTEM
  Computer: DESKTOP-OGCJR0S
  Description: 
File System Filter 'Wof' (10.0, ?1974?-?03?-?11T17:47:45.000000000Z) has successfully loaded and registered with Filter Manager.

Event[11]:
  Log Name: System
  Source: Microsoft-Windows-Ntfs
  Date: 2017-06-22T09:38:55.153
  Event ID: 98
  Task: N/A
  Level: Information
  Opcode: Info
  Keyword: N/A
  User: S-1-5-18
  User Name: NT AUTHORITY\SYSTEM
  Computer: DESKTOP-OGCJR0S
  Description: 
Volume C: (\Device\HarddiskVolume3) is healthy.  No action is needed.

Event[12]:
  Log Name: System
  Source: Microsoft-Windows-FilterManager
  Date: 2017-06-22T09:38:55.193
  Event ID: 6
  Task: N/A
  Level: Information
  Opcode: Info
  Keyword: N/A
  User: S-1-5-18
  User Name: NT AUTHORITY\SYSTEM
  Computer: DESKTOP-OGCJR0S
  Description: 
File System Filter 'FileCrypt' (10.0, ?2030?-?05?-?28T03:10:59.000000000Z) has successfully loaded and registered with Filter Manager.

Event[13]:
  Log Name: System
  Source: Microsoft-Windows-FilterManager
  Date: 2017-06-22T09:38:55.338
  Event ID: 6
  Task: N/A
  Level: Information
  Opcode: Info
  Keyword: N/A
  User: S-1-5-18
  User Name: NT AUTHORITY\SYSTEM
  Computer: DESKTOP-OGCJR0S
  Description: 
File System Filter 'npsvctrig' (10.0, ?2097?-?07?-?25T05:18:05.000000000Z) has successfully loaded and registered with Filter Manager.

Event[14]:
  Log Name: System
  Source: Microsoft-Windows-Kernel-Power
  Date: 2017-06-22T09:38:55.387
  Event ID: 172
  Task: N/A
  Level: Information
  Opcode: Info
  Keyword: N/A
  User: S-1-5-18
  User Name: NT AUTHORITY\SYSTEM
  Computer: DESKTOP-OGCJR0S
  Description: 
Connectivity state in standby: Disconnected, Reason: NIC compliance

Event[15]:
  Log Name: System
  Source: Microsoft-Windows-Kernel-Processor-Power
  Date: 2017-06-22T09:38:55.807
  Event ID: 55
  Task: N/A
  Level: Information
  Opcode: Info
  Keyword: N/A
  User: S-1-5-18
  User Name: NT AUTHORITY\SYSTEM
  Computer: DESKTOP-OGCJR0S
  Description: 
Processor 0 in group 0 exposes the following power management capabilities:

Idle state type: ACPI Idle (C) States (2 state(s))

Performance state type: ACPI Performance (P) / Throttle (T) States
Nominal Frequency (MHz): 3500
Maximum performance percentage: 100
Minimum performance percentage: 40
Minimum throttle percentage: 40

Event[16]:
  Log Name: System
  Source: Microsoft-Windows-Kernel-Processor-Power
  Date: 2017-06-22T09:38:55.808
  Event ID: 55
  Task: N/A
  Level: Information
  Opcode: Info
  Keyword: N/A
  User: S-1-5-18
  User Name: NT AUTHORITY\SYSTEM
  Computer: DESKTOP-OGCJR0S
  Description: 
Processor 1 in group 0 exposes the following power management capabilities:

Idle state type: ACPI Idle (C) States (2 state(s))

Performance state type: ACPI Performance (P) / Throttle (T) States
Nominal Frequency (MHz): 3500
Maximum performance percentage: 100
Minimum performance percentage: 40
Minimum throttle percentage: 40

Event[17]:
  Log Name: System
  Source: Microsoft-Windows-Kernel-Processor-Power
  Date: 2017-06-22T09:38:55.808
  Event ID: 55
  Task: N/A
  Level: Information
  Opcode: Info
  Keyword: N/A
  User: S-1-5-18
  User Name: NT AUTHORITY\SYSTEM
  Computer: DESKTOP-OGCJR0S
  Description: 
Processor 2 in group 0 exposes the following power management capabilities:

Idle state type: ACPI Idle (C) States (2 state(s))

Performance state type: ACPI Performance (P) / Throttle (T) States
Nominal Frequency (MHz): 3500
Maximum performance percentage: 100
Minimum performance percentage: 40
Minimum throttle percentage: 40

Event[18]:
  Log Name: System
  Source: Microsoft-Windows-Kernel-Processor-Power
  Date: 2017-06-22T09:38:55.809
  Event ID: 55
  Task: N/A
  Level: Information
  Opcode: Info
  Keyword: N/A
  User: S-1-5-18
  User Name: NT AUTHORITY\SYSTEM
  Computer: DESKTOP-OGCJR0S
  Description: 
Processor 3 in group 0 exposes the following power management capabilities:

Idle state type: ACPI Idle (C) States (2 state(s))

Performance state type: ACPI Performance (P) / Throttle (T) States
Nominal Frequency (MHz): 3500
Maximum performance percentage: 100
Minimum performance percentage: 40
Minimum throttle percentage: 40

Event[19]:
  Log Name: System
  Source: Microsoft-Windows-Kernel-Processor-Power
  Date: 2017-06-22T09:38:55.809
  Event ID: 55
  Task: N/A
  Level: Information
  Opcode: Info
  Keyword: N/A
  User: S-1-5-18
  User Name: NT AUTHORITY\SYSTEM
  Computer: DESKTOP-OGCJR0S
  Description: 
Processor 4 in group 0 exposes the following power management capabilities:

Idle state type: ACPI Idle (C) States (2 state(s))

Performance state type: ACPI Performance (P) / Throttle (T) States
Nominal Frequency (MHz): 3500
Maximum performance percentage: 100
Minimum performance percentage: 40
Minimum throttle percentage: 40

Event[20]:
  Log Name: System
  Source: Microsoft-Windows-Kernel-Processor-Power
  Date: 2017-06-22T09:38:55.810
  Event ID: 55
  Task: N/A
  Level: Information
  Opcode: Info
  Keyword: N/A
  User: S-1-5-18
  User Name: NT AUTHORITY\SYSTEM
  Computer: DESKTOP-OGCJR0S
  Description: 
Processor 5 in group 0 exposes the following power management capabilities:

Idle state type: ACPI Idle (C) States (2 state(s))

Performance state type: ACPI Performance (P) / Throttle (T) States
Nominal Frequency (MHz): 3500
Maximum performance percentage: 100
Minimum performance percentage: 40
Minimum throttle percentage: 40

Event[21]:
  Log Name: System
  Source: Microsoft-Windows-Ntfs
  Date: 2017-06-22T09:38:55.898
  Event ID: 98
  Task: N/A
  Level: Information
  Opcode: Info
  Keyword: N/A
  User: S-1-5-18
  User Name: NT AUTHORITY\SYSTEM
  Computer: DESKTOP-OGCJR0S
  Description: 
Volume D: (\Device\HarddiskVolume1) is healthy.  No action is needed.

Event[22]:
  Log Name: System
  Source: Microsoft-Windows-Ntfs
  Date: 2017-06-22T09:38:56.386
  Event ID: 98
  Task: N/A
  Level: Information
  Opcode: Info
  Keyword: N/A
  User: S-1-5-18
  User Name: NT AUTHORITY\SYSTEM
  Computer: DESKTOP-OGCJR0S
  Description: 
Volume E: (\Device\HarddiskVolume2) is healthy.  No action is needed.

Event[23]:
  Log Name: System
  Source: Microsoft-Windows-Ntfs
  Date: 2017-06-22T09:38:56.519
  Event ID: 98
  Task: N/A
  Level: Information
  Opcode: Info
  Keyword: N/A
  User: S-1-5-18
  User Name: NT AUTHORITY\SYSTEM
  Computer: DESKTOP-OGCJR0S
  Description: 
Volume \\?\Volume{ee9c746c-0000-0000-0000-801c3a000000} (\Device\HarddiskVolume4) is healthy.  No action is needed.

Event[24]:
  Log Name: System
  Source: Microsoft-Windows-Ntfs
  Date: 2017-06-22T09:39:02.092
  Event ID: 98
  Task: N/A
  Level: Information
  Opcode: Info
  Keyword: N/A
  User: S-1-5-18
  User Name: NT AUTHORITY\SYSTEM
  Computer: DESKTOP-OGCJR0S
  Description: 
Volume \\?\Volume{826cc08c-0000-0000-0000-100000000000} (\Device\HarddiskVolume5) is healthy.  No action is needed.

Event[25]:
  Log Name: System
  Source: Microsoft-Windows-Kernel-General
  Date: 2017-06-22T09:39:02.412
  Event ID: 15
  Task: N/A
  Level: Information
  Opcode: Info
  Keyword: N/A
  User: S-1-5-18
  User Name: NT AUTHORITY\SYSTEM
  Computer: DESKTOP-OGCJR0S
  Description: 
Hive \SystemRoot\System32\config\DRIVERS was reorganized with a starting size of 5386240 bytes and an ending size of 5423104 bytes.

Event[26]:
  Log Name: System
  Source: Microsoft-Windows-Kernel-General
  Date: 2017-06-22T09:39:02.512
  Event ID: 16
  Task: N/A
  Level: Information
  Opcode: Info
  Keyword: N/A
  User: S-1-5-18
  User Name: NT AUTHORITY\SYSTEM
  Computer: DESKTOP-OGCJR0S
  Description: 
The access history in hive \Device\HarddiskVolume5\Boot\BCD was cleared updating 126 keys and creating 11 modified pages.

Event[27]:
  Log Name: System
  Source: Microsoft-Windows-Kernel-General
  Date: 2017-06-22T09:39:03.874
  Event ID: 15
  Task: N/A
  Level: Information
  Opcode: Info
  Keyword: N/A
  User: S-1-5-18
  User Name: NT AUTHORITY\SYSTEM
  Computer: DESKTOP-OGCJR0S
  Description: 
Hive \SystemRoot\System32\Config\SOFTWARE was reorganized with a starting size of 63545344 bytes and an ending size of 63746048 bytes.

Event[28]:
  Log Name: System
  Source: Microsoft-Windows-Kernel-General
  Date: 2017-06-22T09:39:03.913
  Event ID: 16
  Task: N/A
  Level: Information
  Opcode: Info
  Keyword: N/A
  User: S-1-5-18
  User Name: NT AUTHORITY\SYSTEM
  Computer: DESKTOP-OGCJR0S
  Description: 
The access history in hive \SystemRoot\System32\Config\DEFAULT was cleared updating 7 keys and creating 2 modified pages.

Event[29]:
  Log Name: System
  Source: Microsoft-Windows-Kernel-General
  Date: 2017-06-22T09:39:08.748
  Event ID: 16
  Task: N/A
  Level: Information
  Opcode: Info
  Keyword: N/A
  User: S-1-5-18
  User Name: NT AUTHORITY\SYSTEM
  Computer: DESKTOP-OGCJR0S
  Description: 
The access history in hive \??\C:\Users\Default\NTUSER.DAT was cleared updating 47 keys and creating 13 modified pages.

Event[30]:
  Log Name: System
  Source: Microsoft-Windows-Wininit
  Date: 2017-06-22T09:39:12.617
  Event ID: 14
  Task: N/A
  Level: Information
  Opcode: Info
  Keyword: N/A
  User: S-1-5-18
  User Name: NT AUTHORITY\SYSTEM
  Computer: DESKTOP-OGCJR0S
  Description: 
Credential Guard (LsaIso.exe) configuration: 0x0, 0

Event[31]:
  Log Name: System
  Source: Microsoft-Windows-Kernel-General
  Date: 2017-06-22T09:39:12.664
  Event ID: 16
  Task: N/A
  Level: Information
  Opcode: Info
  Keyword: N/A
  User: S-1-5-18
  User Name: NT AUTHORITY\SYSTEM
  Computer: DESKTOP-OGCJR0S
  Description: 
The access history in hive \SystemRoot\System32\Config\SECURITY was cleared updating 1 keys and creating 1 modified pages.

Event[32]:
  Log Name: System
  Source: Microsoft-Windows-Directory-Services-SAM
  Date: 2017-06-22T09:39:12.786
  Event ID: 16962
  Task: N/A
  Level: Information
  Opcode: Info
  Keyword: N/A
  User: S-1-5-18
  User Name: NT AUTHORITY\SYSTEM
  Computer: DESKTOP-OGCJR0S
  Description: 
Remote calls to the SAM database are being restricted using the default security descriptor: O:SYG:SYD:(A;;RC;;;BA).
For more information please see http://go.microsoft.com/fwlink/?LinkId=787651.

Event[33]:
  Log Name: System
  Source: Microsoft-Windows-Kernel-General
  Date: 2017-06-22T09:39:12.788
  Event ID: 16
  Task: N/A
  Level: Information
  Opcode: Info
  Keyword: N/A
  User: S-1-5-18
  User Name: NT AUTHORITY\SYSTEM
  Computer: DESKTOP-OGCJR0S
  Description: 
The access history in hive \SystemRoot\System32\Config\SAM was cleared updating 1 keys and creating 1 modified pages.

Event[34]:
  Log Name: System
  Source: Service Control Manager
  Date: 2017-06-22T09:39:13.827
  Event ID: 7040
  Task: N/A
  Level: Information
  Opcode: N/A
  Keyword: Classic
  User: S-1-5-18
  User Name: NT AUTHORITY\SYSTEM
  Computer: DESKTOP-OGCJR0S
  Description: 
The start type of the WlanSvc service was changed from demand start to auto start.

Event[35]:
  Log Name: System
  Source: Microsoft-Windows-WLAN-AutoConfig
  Date: 2017-06-22T09:39:14.438
  Event ID: 4000
  Task: N/A
  Level: Information
  Opcode: Start
  Keyword: N/A
  User: S-1-5-18
  User Name: NT AUTHORITY\SYSTEM
  Computer: DESKTOP-OGCJR0S
  Description: 
WLAN AutoConfig service has successfully started.


Event[36]:
  Log Name: System
  Source: Microsoft-Windows-SetupPlatform
  Date: 2017-06-22T09:39:27.499
  Event ID: 2005
  Task: Install Windows Task
  Level: Information
  Opcode: Info
  Keyword: N/A
  User: S-1-5-18
  User Name: NT AUTHORITY\SYSTEM
  Computer: DESKTOP-OGCJR0S
  Description: 
New Setup information

Event[37]:
  Log Name: System
  Source: Microsoft-Windows-Kernel-General
  Date: 2017-06-22T09:39:28.903
  Event ID: 16
  Task: N/A
  Level: Information
  Opcode: Info
  Keyword: N/A
  User: S-1-5-18
  User Name: NT AUTHORITY\SYSTEM
  Computer: DESKTOP-OGCJR0S
  Description: 
The access history in hive \SystemRoot\System32\Config\BBI was cleared updating 1 keys and creating 1 modified pages.

Event[38]:
  Log Name: System
  Source: Microsoft-Windows-FilterManager
  Date: 2017-06-22T09:39:28.928
  Event ID: 6
  Task: N/A
  Level: Information
  Opcode: Info
  Keyword: N/A
  User: S-1-5-18
  User Name: NT AUTHORITY\SYSTEM
  Computer: DESKTOP-OGCJR0S
  Description: 
File System Filter 'wcifs' (10.0, ?2088?-?07?-?28T22:04:59.000000000Z) has successfully loaded and registered with Filter Manager.

Event[39]:
  Log Name: System
  Source: Microsoft-Windows-FilterManager
  Date: 2017-06-22T09:39:28.955
  Event ID: 6
  Task: N/A
  Level: Information
  Opcode: Info
  Keyword: N/A
  User: S-1-5-18
  User Name: NT AUTHORITY\SYSTEM
  Computer: DESKTOP-OGCJR0S
  Description: 
File System Filter 'luafv' (10.0, ?2037?-?06?-?08T04:55:59.000000000Z) has successfully loaded and registered with Filter Manager.

Event[40]:
  Log Name: System
  Source: Service Control Manager
  Date: 2017-06-22T09:39:28.952
  Event ID: 7000
  Task: N/A
  Level: Error
  Opcode: N/A
  Keyword: Classic
  User: N/A
  User Name: N/A
  Computer: DESKTOP-OGCJR0S
  Description: 
The CldFlt service failed to start due to the following error: 
The request is not supported.

Event[41]:
  Log Name: System
  Source: Microsoft-Windows-FilterManager
  Date: 2017-06-22T09:39:28.961
  Event ID: 6
  Task: N/A
  Level: Information
  Opcode: Info
  Keyword: N/A
  User: S-1-5-18
  User Name: NT AUTHORITY\SYSTEM
  Computer: DESKTOP-OGCJR0S
  Description: 
File System Filter 'storqosflt' (10.0, ?2015?-?12?-?17T22:36:27.000000000Z) has successfully loaded and registered with Filter Manager.

Event[42]:
  Log Name: System
  Source: Microsoft-Windows-Dhcp-Client
  Date: 2017-06-22T09:39:29.146
  Event ID: 50036
  Task: Service State Event
  Level: Information
  Opcode: ServiceStart
  Keyword: N/A
  User: S-1-5-19
  User Name: NT AUTHORITY\LOCAL SERVICE
  Computer: DESKTOP-OGCJR0S
  Description: 
DHCPv4 client service is started

Event[43]:
  Log Name: System
  Source: Microsoft-Windows-Dhcp-Client
  Date: 2017-06-22T09:39:29.146
  Event ID: 50103
  Task: Service State Event
  Level: Information
  Opcode: ServiceShutdown
  Keyword: N/A
  User: S-1-5-19
  User Name: NT AUTHORITY\LOCAL SERVICE
  Computer: DESKTOP-OGCJR0S
  Description: 
DHCPv4 client registered for shutdown notification

Event[44]:
  Log Name: System
  Source: Microsoft-Windows-DHCPv6-Client
  Date: 2017-06-22T09:39:29.155
  Event ID: 51046
  Task: Service State Event
  Level: Information
  Opcode: ServiceStart
  Keyword: N/A
  User: S-1-5-19
  User Name: NT AUTHORITY\LOCAL SERVICE
  Computer: DESKTOP-OGCJR0S
  Description: 
DHCPv6 client service is started

Event[45]:
  Log Name: System
  Source: Microsoft-Windows-Kernel-General
  Date: 2017-06-22T09:39:29.612
  Event ID: 16
  Task: N/A
  Level: Information
  Opcode: Info
  Keyword: N/A
  User: S-1-5-18
  User Name: NT AUTHORITY\SYSTEM
  Computer: DESKTOP-OGCJR0S
  Description: 
The access history in hive \??\C:\WINDOWS\AppCompat\Programs\Amcache.hve was cleared updating 0 keys and creating 0 modified pages.

Event[46]:
  Log Name: System
  Source: Service Control Manager
  Date: 2017-06-22T09:39:29.640
  Event ID: 7023
  Task: N/A
  Level: Error
  Opcode: N/A
  Keyword: Classic
  User: N/A
  User Name: N/A
  Computer: DESKTOP-OGCJR0S
  Description: 
The iphlpsvc service terminated with the following error: 
The service cannot be started, either because it is disabled or because it has no enabled devices associated with it.

Event[47]:
  Log Name: System
  Source: Service Control Manager
  Date: 2017-06-22T09:39:32.249
  Event ID: 7026
  Task: N/A
  Level: Information
  Opcode: N/A
  Keyword: Classic
  User: N/A
  User Name: N/A
  Computer: DESKTOP-OGCJR0S
  Description: 
The following boot-start or system-start driver(s) did not load: 
CSC
dam

Event[48]:
  Log Name: System
  Source: Service Control Manager
  Date: 2017-06-22T09:39:33.109
  Event ID: 7045
  Task: N/A
  Level: Information
  Opcode: N/A
  Keyword: Classic
  User: S-1-5-18
  User Name: NT AUTHORITY\SYSTEM
  Computer: DESKTOP-OGCJR0S
  Description: 
A service was installed in the system.

Service Name:  Microsoft 1.1 UAA Function Driver for High Definition Audio Service
Service File Name:  \SystemRoot\system32\DRIVERS\HdAudio.sys
Service Type:  kernel mode driver
Service Start Type:  demand start
Service Account:  

Event[49]:
  Log Name: System
  Source: Microsoft-Windows-UserPnp
  Date: 2017-06-22T09:39:33.112
  Event ID: 20003
  Task: N/A
  Level: Information
  Opcode: Info
  Keyword: N/A
  User: S-1-5-18
  User Name: NT AUTHORITY\SYSTEM
  Computer: DESKTOP-OGCJR0S
  Description: 
Driver Management has concluded the process to add Service HdAudAddService for Device Instance ID HDAUDIO\FUNC_01&VEN_10EC&DEV_0892&SUBSYS_1462D693&REV_1003\4&7752DFF&0&0001 with the following status: 0.

Event[50]:
  Log Name: System
  Source: Microsoft-Windows-UserPnp
  Date: 2017-06-22T09:39:33.306
  Event ID: 20001
  Task: N/A
  Level: Information
  Opcode: Info
  Keyword: N/A
  User: S-1-5-18
  User Name: NT AUTHORITY\SYSTEM
  Computer: DESKTOP-OGCJR0S
  Description: 
Driver Management concluded the process to install driver hdaudio.inf_amd64_bafd539d04140276\hdaudio.inf for Device Instance ID HDAUDIO\FUNC_01&VEN_10EC&DEV_0892&SUBSYS_1462D693&REV_1003\4&7752DFF&0&0001 with the following status: 0x0.

Event[51]:
  Log Name: System
  Source: Microsoft-Windows-UserPnp
  Date: 2017-06-22T09:39:33.468
  Event ID: 20003
  Task: N/A
  Level: Information
  Opcode: Info
  Keyword: N/A
  User: S-1-5-18
  User Name: NT AUTHORITY\SYSTEM
  Computer: DESKTOP-OGCJR0S
  Description: 
Driver Management has concluded the process to add Service Serial for Device Instance ID ACPI\PNP0501\1 with the following status: 0.

Event[52]:
  Log Name: System
  Source: Microsoft-Windows-UserPnp
  Date: 2017-06-22T09:39:33.471
  Event ID: 20003
  Task: N/A
  Level: Information
  Opcode: Info
  Keyword: N/A
  User: S-1-5-18
  User Name: NT AUTHORITY\SYSTEM
  Computer: DESKTOP-OGCJR0S
  Description: 
Driver Management has concluded the process to add Service Serenum for Device Instance ID ACPI\PNP0501\1 with the following status: 0.

Event[53]:
  Log Name: System
  Source: Microsoft-Windows-UserPnp
  Date: 2017-06-22T09:39:33.499
  Event ID: 20001
  Task: N/A
  Level: Information
  Opcode: Info
  Keyword: N/A
  User: S-1-5-18
  User Name: NT AUTHORITY\SYSTEM
  Computer: DESKTOP-OGCJR0S
  Description: 
Driver Management concluded the process to install driver msports.inf_amd64_05d977a8d9cb7c99\msports.inf for Device Instance ID ACPI\PNP0501\1 with the following status: 0x0.

Event[54]:
  Log Name: System
  Source: Service Control Manager
  Date: 2017-06-22T09:39:45.312
  Event ID: 7045
  Task: N/A
  Level: Information
  Opcode: N/A
  Keyword: Classic
  User: S-1-5-18
  User Name: NT AUTHORITY\SYSTEM
  Computer: DESKTOP-OGCJR0S
  Description: 
A service was installed in the system.

Service Name:  nvlddmkm
Service File Name:  \SystemRoot\System32\DriverStore\FileRepository\nv_ref_pubwu.inf_amd64_f9309145156afb40\nvlddmkm.sys
Service Type:  kernel mode driver
Service Start Type:  demand start
Service Account:  

Event[55]:
  Log Name: System
  Source: Microsoft-Windows-UserPnp
  Date: 2017-06-22T09:39:45.315
  Event ID: 20003
  Task: N/A
  Level: Information
  Opcode: Info
  Keyword: N/A
  User: S-1-5-18
  User Name: NT AUTHORITY\SYSTEM
  Computer: DESKTOP-OGCJR0S
  Description: 
Driver Management has concluded the process to add Service nvlddmkm for Device Instance ID PCI\VEN_10DE&DEV_11C0&SUBSYS_28771462&REV_A1\4&DE2C59F&0&0010 with the following status: 0.

Event[56]:
  Log Name: System
  Source: Service Control Manager
  Date: 2017-06-22T09:39:47.503
  Event ID: 7045
  Task: N/A
  Level: Information
  Opcode: N/A
  Keyword: Classic
  User: S-1-5-18
  User Name: NT AUTHORITY\SYSTEM
  Computer: DESKTOP-OGCJR0S
  Description: 
A service was installed in the system.

Service Name:  NVIDIA Display Container LS
Service File Name:  "C:\Program Files\NVIDIA Corporation\Display.NvContainer\NVDisplay.Container.exe" -s NVDisplay.ContainerLocalSystem -f "C:\ProgramData\NVIDIA\NVDisplay.ContainerLocalSystem.log" -l 3 -d "C:\Program Files\NVIDIA Corporation\Display.NvContainer\plugins\LocalSystem" -r -p 30000
Service Type:  user mode service
Service Start Type:  auto start
Service Account:  LocalSystem

Event[57]:
  Log Name: System
  Source: Microsoft-Windows-UserPnp
  Date: 2017-06-22T09:39:53.333
  Event ID: 20001
  Task: N/A
  Level: Information
  Opcode: Info
  Keyword: N/A
  User: S-1-5-18
  User Name: NT AUTHORITY\SYSTEM
  Computer: DESKTOP-OGCJR0S
  Description: 
Driver Management concluded the process to install driver nv_ref_pubwu.inf_amd64_f9309145156afb40\nv_ref_pubwu.inf for Device Instance ID PCI\VEN_10DE&DEV_11C0&SUBSYS_28771462&REV_A1\4&DE2C59F&0&0010 with the following status: 0x0.

Event[58]:
  Log Name: System
  Source: Microsoft-Windows-UserPnp
  Date: 2017-06-22T09:39:53.529
  Event ID: 20001
  Task: N/A
  Level: Information
  Opcode: Info
  Keyword: N/A
  User: S-1-5-18
  User Name: NT AUTHORITY\SYSTEM
  Computer: DESKTOP-OGCJR0S
  Description: 
Driver Management concluded the process to install driver smbusamd.inf_amd64_a1f6e32f30c39b3d\smbusamd.inf for Device Instance ID PCI\VEN_1002&DEV_4385&SUBSYS_76931462&REV_42\3&11583659&0&A0 with the following status: 0x0.

Event[59]:
  Log Name: System
  Source: Service Control Manager
  Date: 2017-06-22T09:39:54.050
  Event ID: 7045
  Task: N/A
  Level: Information
  Opcode: N/A
  Keyword: Classic
  User: S-1-5-18
  User Name: NT AUTHORITY\SYSTEM
  Computer: DESKTOP-OGCJR0S
  Description: 
A service was installed in the system.

Service Name:  Service for NVIDIA High Definition Audio Driver
Service File Name:  \SystemRoot\system32\drivers\nvhda64v.sys
Service Type:  kernel mode driver
Service Start Type:  demand start
Service Account:  

Event[60]:
  Log Name: System
  Source: Microsoft-Windows-UserPnp
  Date: 2017-06-22T09:39:54.056
  Event ID: 20003
  Task: N/A
  Level: Information
  Opcode: Info
  Keyword: N/A
  User: S-1-5-18
  User Name: NT AUTHORITY\SYSTEM
  Computer: DESKTOP-OGCJR0S
  Description: 
Driver Management has concluded the process to add Service NVHDA for Device Instance ID HDAUDIO\FUNC_01&VEN_10DE&DEV_0041&SUBSYS_14622877&REV_1001\5&227B64AB&0&0001 with the following status: 0.

Event[61]:
  Log Name: System
  Source: Microsoft-Windows-UserPnp
  Date: 2017-06-22T09:39:54.539
  Event ID: 20001
  Task: N/A
  Level: Information
  Opcode: Info
  Keyword: N/A
  User: S-1-5-18
  User Name: NT AUTHORITY\SYSTEM
  Computer: DESKTOP-OGCJR0S
  Description: 
Driver Management concluded the process to install driver nvhda.inf_amd64_179715376f3cae4c\nvhda.inf for Device Instance ID HDAUDIO\FUNC_01&VEN_10DE&DEV_0041&SUBSYS_14622877&REV_1001\5&227B64AB&0&0001 with the following status: 0x0.

Event[62]:
  Log Name: System
  Source: Service Control Manager
  Date: 2017-06-22T09:39:54.894
  Event ID: 7045
  Task: N/A
  Level: Information
  Opcode: N/A
  Keyword: Classic
  User: S-1-5-18
  User Name: NT AUTHORITY\SYSTEM
  Computer: DESKTOP-OGCJR0S
  Description: 
A service was installed in the system.

Service Name:  Realtek RT640 NT Driver
Service File Name:  \SystemRoot\System32\drivers\rt640x64.sys
Service Type:  kernel mode driver
Service Start Type:  demand start
Service Account:  

Event[63]:
  Log Name: System
  Source: Microsoft-Windows-UserPnp
  Date: 2017-06-22T09:39:55.043
  Event ID: 20001
  Task: N/A
  Level: Information
  Opcode: Info
  Keyword: N/A
  User: S-1-5-18
  User Name: NT AUTHORITY\SYSTEM
  Computer: DESKTOP-OGCJR0S
  Description: 
Driver Management concluded the process to install driver rt640x64.inf_amd64_98de0ddb0966f29b\rt640x64.inf for Device Instance ID PCI\VEN_10EC&DEV_8168&SUBSYS_76931462&REV_06\4&2DDBB3B7&0&00A8 with the following status: 0x0.

Event[64]:
  Log Name: System
  Source: Service Control Manager
  Date: 2017-06-22T09:39:55.191
  Event ID: 7045
  Task: N/A
  Level: Information
  Opcode: N/A
  Keyword: Classic
  User: S-1-5-18
  User Name: NT AUTHORITY\SYSTEM
  Computer: DESKTOP-OGCJR0S
  Description: 
A service was installed in the system.

Service Name:  Microsoft Streaming Clock Proxy
Service File Name:  \SystemRoot\system32\DRIVERS\MSPCLOCK.sys
Service Type:  kernel mode driver
Service Start Type:  demand start
Service Account:  

Event[65]:
  Log Name: System
  Source: Microsoft-Windows-UserPnp
  Date: 2017-06-22T09:39:55.199
  Event ID: 20003
  Task: N/A
  Level: Information
  Opcode: Info
  Keyword: N/A
  User: S-1-5-18
  User Name: NT AUTHORITY\SYSTEM
  Computer: DESKTOP-OGCJR0S
  Description: 
Driver Management has concluded the process to add Service MSPCLOCK for Device Instance ID SW\{97EBAACC-95BD-11D0-A3EA-00A0C9223196}\{53172480-4791-11D0-A5D6-28DB04C10000} with the following status: 0.

Event[66]:
  Log Name: System
  Source: Microsoft-Windows-UserPnp
  Date: 2017-06-22T09:39:55.222
  Event ID: 20001
  Task: N/A
  Level: Information
  Opcode: Info
  Keyword: N/A
  User: S-1-5-18
  User Name: NT AUTHORITY\SYSTEM
  Computer: DESKTOP-OGCJR0S
  Description: 
Driver Management concluded the process to install driver ksfilter.inf_amd64_08c08773131a73d4\ksfilter.inf for Device Instance ID SW\{97EBAACC-95BD-11D0-A3EA-00A0C9223196}\{53172480-4791-11D0-A5D6-28DB04C10000} with the following status: 0x0.

Event[67]:
  Log Name: System
  Source: Service Control Manager
  Date: 2017-06-22T09:39:55.237
  Event ID: 7045
  Task: N/A
  Level: Information
  Opcode: N/A
  Keyword: Classic
  User: S-1-5-18
  User Name: NT AUTHORITY\SYSTEM
  Computer: DESKTOP-OGCJR0S
  Description: 
A service was installed in the system.

Service Name:  Microsoft Streaming Quality Manager Proxy
Service File Name:  \SystemRoot\system32\DRIVERS\MSPQM.sys
Service Type:  kernel mode driver
Service Start Type:  demand start
Service Account:  

Event[68]:
  Log Name: System
  Source: Microsoft-Windows-UserPnp
  Date: 2017-06-22T09:39:55.247
  Event ID: 20003
  Task: N/A
  Level: Information
  Opcode: Info
  Keyword: N/A
  User: S-1-5-18
  User Name: NT AUTHORITY\SYSTEM
  Computer: DESKTOP-OGCJR0S
  Description: 
Driver Management has concluded the process to add Service MSPQM for Device Instance ID SW\{DDF4358E-BB2C-11D0-A42F-00A0C9223196}\{97EBAACB-95BD-11D0-A3EA-00A0C9223196} with the following status: 0.

Event[69]:
  Log Name: System
  Source: Microsoft-Windows-UserPnp
  Date: 2017-06-22T09:39:55.270
  Event ID: 20001
  Task: N/A
  Level: Information
  Opcode: Info
  Keyword: N/A
  User: S-1-5-18
  User Name: NT AUTHORITY\SYSTEM
  Computer: DESKTOP-OGCJR0S
  Description: 
Driver Management concluded the process to install driver ksfilter.inf_amd64_08c08773131a73d4\ksfilter.inf for Device Instance ID SW\{DDF4358E-BB2C-11D0-A42F-00A0C9223196}\{97EBAACB-95BD-11D0-A3EA-00A0C9223196} with the following status: 0x0.

Event[70]:
  Log Name: System
  Source: Service Control Manager
  Date: 2017-06-22T09:39:55.347
  Event ID: 7045
  Task: N/A
  Level: Information
  Opcode: N/A
  Keyword: Classic
  User: S-1-5-18
  User Name: NT AUTHORITY\SYSTEM
  Computer: DESKTOP-OGCJR0S
  Description: 
A service was installed in the system.

Service Name:  Microsoft Streaming Service Proxy
Service File Name:  \SystemRoot\system32\DRIVERS\MSKSSRV.sys
Service Type:  kernel mode driver
Service Start Type:  demand start
Service Account:  

Event[71]:
  Log Name: System
  Source: Microsoft-Windows-UserPnp
  Date: 2017-06-22T09:39:55.358
  Event ID: 20003
  Task: N/A
  Level: Information
  Opcode: Info
  Keyword: N/A
  User: S-1-5-18
  User Name: NT AUTHORITY\SYSTEM
  Computer: DESKTOP-OGCJR0S
  Description: 
Driver Management has concluded the process to add Service MSKSSRV for Device Instance ID SW\{96E080C7-143C-11D1-B40F-00A0C9223196}\{3C0D501A-140B-11D1-B40F-00A0C9223196} with the following status: 0.

Event[72]:
  Log Name: System
  Source: Microsoft-Windows-UserPnp
  Date: 2017-06-22T09:39:55.382
  Event ID: 20001
  Task: N/A
  Level: Information
  Opcode: Info
  Keyword: N/A
  User: S-1-5-18
  User Name: NT AUTHORITY\SYSTEM
  Computer: DESKTOP-OGCJR0S
  Description: 
Driver Management concluded the process to install driver ksfilter.inf_amd64_08c08773131a73d4\ksfilter.inf for Device Instance ID SW\{96E080C7-143C-11D1-B40F-00A0C9223196}\{3C0D501A-140B-11D1-B40F-00A0C9223196} with the following status: 0x0.

Event[73]:
  Log Name: System
  Source: Service Control Manager
  Date: 2017-06-22T09:39:55.394
  Event ID: 7045
  Task: N/A
  Level: Information
  Opcode: N/A
  Keyword: Classic
  User: S-1-5-18
  User Name: NT AUTHORITY\SYSTEM
  Computer: DESKTOP-OGCJR0S
  Description: 
A service was installed in the system.

Service Name:  Microsoft Streaming Tee/Sink-to-Sink Converter
Service File Name:  \SystemRoot\system32\DRIVERS\MSTEE.sys
Service Type:  kernel mode driver
Service Start Type:  demand start
Service Account:  

Event[74]:
  Log Name: System
  Source: Microsoft-Windows-UserPnp
  Date: 2017-06-22T09:39:55.407
  Event ID: 20003
  Task: N/A
  Level: Information
  Opcode: Info
  Keyword: N/A
  User: S-1-5-18
  User Name: NT AUTHORITY\SYSTEM
  Computer: DESKTOP-OGCJR0S
  Description: 
Driver Management has concluded the process to add Service MSTEE for Device Instance ID SW\{CFD669F1-9BC2-11D0-8299-0000F822FE8A}\{CF1DDA2C-9743-11D0-A3EE-00A0C9223196} with the following status: 0.

Event[75]:
  Log Name: System
  Source: Microsoft-Windows-UserPnp
  Date: 2017-06-22T09:39:55.491
  Event ID: 20001
  Task: N/A
  Level: Information
  Opcode: Info
  Keyword: N/A
  User: S-1-5-18
  User Name: NT AUTHORITY\SYSTEM
  Computer: DESKTOP-OGCJR0S
  Description: 
Driver Management concluded the process to install driver ksfilter.inf_amd64_08c08773131a73d4\ksfilter.inf for Device Instance ID SW\{CFD669F1-9BC2-11D0-8299-0000F822FE8A}\{CF1DDA2C-9743-11D0-A3EE-00A0C9223196} with the following status: 0x0.

Event[76]:
  Log Name: System
  Source: Microsoft-Windows-UserPnp
  Date: 2017-06-22T09:39:55.516
  Event ID: 20003
  Task: N/A
  Level: Information
  Opcode: Info
  Keyword: N/A
  User: S-1-5-18
  User Name: NT AUTHORITY\SYSTEM
  Computer: DESKTOP-OGCJR0S
  Description: 
Driver Management has concluded the process to add Service MSTEE for Device Instance ID SW\{CFD669F1-9BC2-11D0-8299-0000F822FE8A}\{0A4252A0-7E70-11D0-A5D6-28DB04C10000} with the following status: 0.

Event[77]:
  Log Name: System
  Source: Microsoft-Windows-UserPnp
  Date: 2017-06-22T09:39:55.589
  Event ID: 20001
  Task: N/A
  Level: Information
  Opcode: Info
  Keyword: N/A
  User: S-1-5-18
  User Name: NT AUTHORITY\SYSTEM
  Computer: DESKTOP-OGCJR0S
  Description: 
Driver Management concluded the process to install driver ksfilter.inf_amd64_08c08773131a73d4\ksfilter.inf for Device Instance ID SW\{CFD669F1-9BC2-11D0-8299-0000F822FE8A}\{0A4252A0-7E70-11D0-A5D6-28DB04C10000} with the following status: 0x0.

Event[78]:
  Log Name: System
  Source: Service Control Manager
  Date: 2017-06-22T09:39:55.612
  Event ID: 7045
  Task: N/A
  Level: Information
  Opcode: N/A
  Keyword: Classic
  User: S-1-5-18
  User Name: NT AUTHORITY\SYSTEM
  Computer: DESKTOP-OGCJR0S
  Description: 
A service was installed in the system.

Service Name:  Microsoft Trusted Audio Drivers
Service File Name:  \SystemRoot\system32\DRIVERS\drmkaud.sys
Service Type:  kernel mode driver
Service Start Type:  demand start
Service Account:  

Event[79]:
  Log Name: System
  Source: Microsoft-Windows-UserPnp
  Date: 2017-06-22T09:39:55.620
  Event ID: 20003
  Task: N/A
  Level: Information
  Opcode: Info
  Keyword: N/A
  User: S-1-5-18
  User Name: NT AUTHORITY\SYSTEM
  Computer: DESKTOP-OGCJR0S
  Description: 
Driver Management has concluded the process to add Service drmkaud for Device Instance ID SW\{EEC12DB6-AD9C-4168-8658-B03DAEF417FE}\{ABD61E00-9350-47E2-A632-4438B90C6641} with the following status: 0.

Event[80]:
  Log Name: System
  Source: Microsoft-Windows-UserPnp
  Date: 2017-06-22T09:39:55.650
  Event ID: 20001
  Task: N/A
  Level: Information
  Opcode: Info
  Keyword: N/A
  User: S-1-5-18
  User Name: NT AUTHORITY\SYSTEM
  Computer: DESKTOP-OGCJR0S
  Description: 
Driver Management concluded the process to install driver wdmaudio.inf_amd64_b51edb2b9055d904\wdmaudio.inf for Device Instance ID SW\{EEC12DB6-AD9C-4168-8658-B03DAEF417FE}\{ABD61E00-9350-47E2-A632-4438B90C6641} with the following status: 0x0.

Event[81]:
  Log Name: System
  Source: Microsoft-Windows-UserPnp
  Date: 2017-06-22T09:39:55.671
  Event ID: 20001
  Task: N/A
  Level: Information
  Opcode: Info
  Keyword: N/A
  User: S-1-5-18
  User Name: NT AUTHORITY\SYSTEM
  Computer: DESKTOP-OGCJR0S
  Description: 
Driver Management concluded the process to install driver amdiov.inf_amd64_8baee52fbf99d558\amdiov.inf for Device Instance ID PCI\VEN_1002&DEV_5A23&SUBSYS_76931462&REV_00\3&11583659&0&02 with the following status: 0x0.

Event[82]:
  Log Name: System
  Source: Service Control Manager
  Date: 2017-06-22T09:39:55.800
  Event ID: 7045
  Task: N/A
  Level: Information
  Opcode: N/A
  Keyword: Classic
  User: S-1-5-18
  User Name: NT AUTHORITY\SYSTEM
  Computer: DESKTOP-OGCJR0S
  Description: 
A service was installed in the system.

Service Name:  Ralink 802.11n Extensible Wireless Driver
Service File Name:  \SystemRoot\System32\drivers\netr28x.sys
Service Type:  kernel mode driver
Service Start Type:  demand start
Service Account:  

Event[83]:
  Log Name: System
  Source: Microsoft-Windows-UserPnp
  Date: 2017-06-22T09:39:55.923
  Event ID: 20001
  Task: N/A
  Level: Information
  Opcode: Info
  Keyword: N/A
  User: S-1-5-18
  User Name: NT AUTHORITY\SYSTEM
  Computer: DESKTOP-OGCJR0S
  Description: 
Driver Management concluded the process to install driver netr28x.inf_amd64_72ff1ba7dcda290d\netr28x.inf for Device Instance ID PCI\VEN_1814&DEV_0701&SUBSYS_27601814&REV_00\4&1AF465A6&0&30A4 with the following status: 0x0.

Event[84]:
  Log Name: System
  Source: Microsoft-Windows-UserPnp
  Date: 2017-06-22T09:39:56.105
  Event ID: 20001
  Task: N/A
  Level: Information
  Opcode: Info
  Keyword: N/A
  User: S-1-5-18
  User Name: NT AUTHORITY\SYSTEM
  Computer: DESKTOP-OGCJR0S
  Description: 
Driver Management concluded the process to install driver e177fp.inf_amd64_2c11e4c4470f3ea2\e177fp.inf for Device Instance ID DISPLAY\DELA023\5&B50B343&0&UID4356 with the following status: 0x0.

Event[85]:
  Log Name: System
  Source: Microsoft-Windows-Kernel-General
  Date: 2017-06-22T09:39:57.666
  Event ID: 15
  Task: N/A
  Level: Information
  Opcode: Info
  Keyword: N/A
  User: S-1-5-18
  User Name: NT AUTHORITY\SYSTEM
  Computer: DESKTOP-OGCJR0S
  Description: 
Hive \??\C:\WINDOWS\System32\config\COMPONENTS was reorganized with a starting size of 33288192 bytes and an ending size of 33267712 bytes.

Event[86]:
  Log Name: System
  Source: Microsoft-Windows-Setup
  Date: 2017-06-22T09:39:57.950
  Event ID: 2004
  Task: OS information
  Level: Information
  Opcode: Info
  Keyword: N/A
  User: S-1-5-18
  User Name: NT AUTHORITY\SYSTEM
  Computer: DESKTOP-OGCJR0S
  Description: 
Successfully logged OS information

Event[87]:
  Log Name: System
  Source: Microsoft-Windows-Kernel-General
  Date: 2017-06-22T09:39:58.369
  Event ID: 15
  Task: N/A
  Level: Information
  Opcode: Info
  Keyword: N/A
  User: S-1-5-18
  User Name: NT AUTHORITY\SYSTEM
  Computer: DESKTOP-OGCJR0S
  Description: 
Hive \??\C:\WINDOWS\System32\SMI\Store\Machine\SCHEMA.DAT was reorganized with a starting size of 12640256 bytes and an ending size of 11776000 bytes.

Event[88]:
  Log Name: System
  Source: Microsoft-Windows-Kernel-General
  Date: 2017-06-22T09:39:58.437
  Event ID: 16
  Task: N/A
  Level: Information
  Opcode: Info
  Keyword: N/A
  User: S-1-5-18
  User Name: NT AUTHORITY\SYSTEM
  Computer: DESKTOP-OGCJR0S
  Description: 
The access history in hive \??\C:\WINDOWS\system32\config\elam was cleared updating 1 keys and creating 1 modified pages.

Event[89]:
  Log Name: System
  Source: Tcpip
  Date: 2017-06-22T09:39:58.531
  Event ID: 4291
  Task: N/A
  Level: Warning
  Opcode: N/A
  Keyword: Classic
  User: N/A
  User Name: N/A
  Computer: DESKTOP-OGCJR0S
  Description: 
The network adapter with hardware address 00-21-2F-36-D8-2D has indicated packet coalescing capability without indicating support for one or more prerequisite receive filter capabilities (IPv6 0x00000000).

Event[90]:
  Log Name: System
  Source: Tcpip
  Date: 2017-06-22T09:39:58.531
  Event ID: 4291
  Task: N/A
  Level: Warning
  Opcode: N/A
  Keyword: Classic
  User: N/A
  User Name: N/A
  Computer: DESKTOP-OGCJR0S
  Description: 
The network adapter with hardware address 00-21-2F-36-D8-2D has indicated packet coalescing capability without indicating support for one or more prerequisite receive filter capabilities (IPv4 0x00000000).

Event[91]:
  Log Name: System
  Source: Service Control Manager
  Date: 2017-06-22T09:39:58.562
  Event ID: 7045
  Task: N/A
  Level: Information
  Opcode: N/A
  Keyword: Classic
  User: S-1-5-18
  User Name: NT AUTHORITY\SYSTEM
  Computer: DESKTOP-OGCJR0S
  Description: 
A service was installed in the system.

Service Name:  Virtual WiFi Miniport Service
Service File Name:  \SystemRoot\System32\drivers\vwifimp.sys
Service Type:  kernel mode driver
Service Start Type:  demand start
Service Account:  

Event[92]:
  Log Name: System
  Source: Microsoft-Windows-UserPnp
  Date: 2017-06-22T09:39:58.590
  Event ID: 20001
  Task: N/A
  Level: Information
  Opcode: Info
  Keyword: N/A
  User: S-1-5-18
  User Name: NT AUTHORITY\SYSTEM
  Computer: DESKTOP-OGCJR0S
  Description: 
Driver Management concluded the process to install driver netvwifimp.inf_amd64_356b66ad47b23393\netvwifimp.inf for Device Instance ID {5D624F94-8850-40C3-A3FA-A4FD2080BAF3}\VWIFIMP_WFD\5&11480D99&0&11 with the following status: 0x0.

Event[93]:
  Log Name: System
  Source: Microsoft-Windows-Kernel-General
  Date: 2017-06-22T09:40:07.831
  Event ID: 16
  Task: N/A
  Level: Information
  Opcode: Info
  Keyword: N/A
  User: S-1-5-18
  User Name: NT AUTHORITY\SYSTEM
  Computer: DESKTOP-OGCJR0S
  Description: 
The access history in hive \??\C:\Windows.old\WINDOWS\system32\config\userdiff was cleared updating 1 keys and creating 1 modified pages.

Event[94]:
  Log Name: System
  Source: Microsoft-Windows-Kernel-General
  Date: 2017-06-22T09:40:07.905
  Event ID: 16
  Task: N/A
  Level: Information
  Opcode: Info
  Keyword: N/A
  User: S-1-5-18
  User Name: NT AUTHORITY\SYSTEM
  Computer: DESKTOP-OGCJR0S
  Description: 
The access history in hive \??\C:\Windows.old\Users\joshu\NTUSER.DAT was cleared updating 8 keys and creating 4 modified pages.

Event[95]:
  Log Name: System
  Source: Microsoft-Windows-Kernel-General
  Date: 2017-06-22T09:40:07.940
  Event ID: 16
  Task: N/A
  Level: Information
  Opcode: Info
  Keyword: N/A
  User: S-1-5-18
  User Name: NT AUTHORITY\SYSTEM
  Computer: DESKTOP-OGCJR0S
  Description: 
The access history in hive \??\C:\Windows.old\Users\joshu\AppData\Local\Microsoft\Windows\UsrClass.dat was cleared updating 1 keys and creating 1 modified pages.

Event[96]:
  Log Name: System
  Source: Service Control Manager
  Date: 2017-06-22T09:41:29.914
  Event ID: 7045
  Task: N/A
  Level: Information
  Opcode: N/A
  Keyword: Classic
  User: S-1-5-18
  User Name: NT AUTHORITY\SYSTEM
  Computer: DESKTOP-OGCJR0S
  Description: 
A service was installed in the system.

Service Name:  Printer Extensions and Notifications
Service File Name:  %SystemRoot%\system32\svchost.exe -k print
Service Type:  user mode service
Service Start Type:  demand start
Service Account:  LocalSystem

Event[97]:
  Log Name: System
  Source: Service Control Manager
  Date: 2017-06-22T09:41:29.914
  Event ID: 7030
  Task: N/A
  Level: Error
  Opcode: N/A
  Keyword: Classic
  User: N/A
  User Name: N/A
  Computer: DESKTOP-OGCJR0S
  Description: 
The Printer Extensions and Notifications service is marked as an interactive service.  However, the system is configured to not allow interactive services.  This service may not function properly.

Event[98]:
  Log Name: System
  Source: Service Control Manager
  Date: 2017-06-22T09:41:43.398
  Event ID: 7045
  Task: N/A
  Level: Information
  Opcode: N/A
  Keyword: Classic
  User: S-1-5-18
  User Name: NT AUTHORITY\SYSTEM
  Computer: DESKTOP-OGCJR0S
  Description: 
A service was installed in the system.

Service Name:  Google Update Service (gupdate)
Service File Name:  "C:\Program Files (x86)\Google\Update\GoogleUpdate.exe" /svc
Service Type:  user mode service
Service Start Type:  auto start
Service Account:  LocalSystem

Event[99]:
  Log Name: System
  Source: Service Control Manager
  Date: 2017-06-22T09:41:43.398
  Event ID: 7045
  Task: N/A
  Level: Information
  Opcode: N/A
  Keyword: Classic
  User: S-1-5-18
  User Name: NT AUTHORITY\SYSTEM
  Computer: DESKTOP-OGCJR0S
  Description: 
A service was installed in the system.

Service Name:  Google Update Service (gupdatem)
Service File Name:  "C:\Program Files (x86)\Google\Update\GoogleUpdate.exe" /medsvc
Service Type:  user mode service
Service Start Type:  demand start
Service Account:  LocalSystem

Event[100]:
  Log Name: System
  Source: EventLog
  Date: 2017-06-22T09:41:47.601
  Event ID: 6006
  Task: N/A
  Level: Information
  Opcode: N/A
  Keyword: Classic
  User: N/A
  User Name: N/A
  Computer: DESKTOP-OGCJR0S
  Description: 
The Event log service was stopped.

Event[101]:
  Log Name: System
  Source: User32
  Date: 2017-06-22T09:41:47.180
  Event ID: 1074
  Task: N/A
  Level: Information
  Opcode: N/A
  Keyword: Classic
  User: S-1-5-18
  User Name: NT AUTHORITY\SYSTEM
  Computer: DESKTOP-OGCJR0S
  Description: 
The process C:\WINDOWS\system32\winlogon.exe (DESKTOP-OGCJR0S) has initiated the restart of computer DESKTOP-OGCJR0S on behalf of user NT AUTHORITY\SYSTEM for the following reason: Operating System: Upgrade (Planned)
 Reason Code: 0x80020003
 Shutdown Type: restart
 Comment: 

Event[102]:
  Log Name: System
  Source: Microsoft-Windows-Dhcp-Client
  Date: 2017-06-22T09:41:47.590
  Event ID: 50104
  Task: Service State Event
  Level: Information
  Opcode: ServiceShutdown
  Keyword: N/A
  User: S-1-5-19
  User Name: NT AUTHORITY\LOCAL SERVICE
  Computer: DESKTOP-OGCJR0S
  Description: 
DHCPv4 client received shutdown notification

Event[103]:
  Log Name: System
  Source: Microsoft-Windows-Dhcp-Client
  Date: 2017-06-22T09:41:47.592
  Event ID: 50105
  Task: Service State Event
  Level: Information
  Opcode: ServiceShutdown
  Keyword: N/A
  User: S-1-5-19
  User Name: NT AUTHORITY\LOCAL SERVICE
  Computer: DESKTOP-OGCJR0S
  Description: 
DHCPv4 client ProcessDHCPRequestForever received TERMINATE_EVENT

Event[104]:
  Log Name: System
  Source: Microsoft-Windows-Dhcp-Client
  Date: 2017-06-22T09:41:47.602
  Event ID: 50106
  Task: Service State Event
  Level: Information
  Opcode: ServiceShutdown
  Keyword: N/A
  User: S-1-5-19
  User Name: NT AUTHORITY\LOCAL SERVICE
  Computer: DESKTOP-OGCJR0S
  Description: 
DHCPv4 is waiting on DHCPv6 service to stop

Event[105]:
  Log Name: System
  Source: Microsoft-Windows-DHCPv6-Client
  Date: 2017-06-22T09:41:47.603
  Event ID: 51047
  Task: Service State Event
  Level: Information
  Opcode: ServiceStop
  Keyword: N/A
  User: S-1-5-19
  User Name: NT AUTHORITY\LOCAL SERVICE
  Computer: DESKTOP-OGCJR0S
  Description: 
DHCPv6 client service is stopped. ShutDown Flag value is 1

Event[106]:
  Log Name: System
  Source: Microsoft-Windows-Dhcp-Client
  Date: 2017-06-22T09:41:47.604
  Event ID: 50037
  Task: Service State Event
  Level: Information
  Opcode: ServiceStop
  Keyword: N/A
  User: S-1-5-19
  User Name: NT AUTHORITY\LOCAL SERVICE
  Computer: DESKTOP-OGCJR0S
  Description: 
DHCPv4 client service is stopped. ShutDown Flag value is 1

Event[107]:
  Log Name: System
  Source: EventLog
  Date: 2017-06-22T09:42:30.505
  Event ID: 6009
  Task: N/A
  Level: Information
  Opcode: N/A
  Keyword: Classic
  User: N/A
  User Name: N/A
  Computer: DESKTOP-OGCJR0S
  Description: 
Microsoft (R) Windows (R) 10.00. 15063  Multiprocessor Free.

Event[108]:
  Log Name: System
  Source: EventLog
  Date: 2017-06-22T09:42:30.505
  Event ID: 6005
  Task: N/A
  Level: Information
  Opcode: N/A
  Keyword: Classic
  User: N/A
  User Name: N/A
  Computer: DESKTOP-OGCJR0S
  Description: 
The Event log service was started.

Event[109]:
  Log Name: System
  Source: EventLog
  Date: 2017-06-22T09:42:30.505
  Event ID: 6013
  Task: N/A
  Level: Information
  Opcode: N/A
  Keyword: Classic
  User: N/A
  User Name: N/A
  Computer: DESKTOP-OGCJR0S
  Description: 
The system uptime is 21 seconds.

Event[110]:
  Log Name: System
  Source: Microsoft-Windows-WLAN-AutoConfig
  Date: 2017-06-22T09:41:47.725
  Event ID: 4001
  Task: N/A
  Level: Information
  Opcode: Stop
  Keyword: N/A
  User: S-1-5-18
  User Name: NT AUTHORITY\SYSTEM
  Computer: DESKTOP-OGCJR0S
  Description: 
WLAN AutoConfig service has successfully stopped.


Event[111]:
  Log Name: System
  Source: Microsoft-Windows-Kernel-Power
  Date: 2017-06-22T09:41:52.557
  Event ID: 109
  Task: N/A
  Level: Information
  Opcode: Info
  Keyword: N/A
  User: N/A
  User Name: N/A
  Computer: DESKTOP-OGCJR0S
  Description: 
The kernel power manager has initiated a shutdown transition.

Shutdown Reason: Kernel API

Event[112]:
  Log Name: System
  Source: Microsoft-Windows-DistributedCOM
  Date: 2017-06-22T09:41:53.039
  Event ID: 10010
  Task: N/A
  Level: Error
  Opcode: Info
  Keyword: Classic
  User: S-1-5-18
  User Name: NT AUTHORITY\SYSTEM
  Computer: DESKTOP-OGCJR0S
  Description: 
The server {A47979D2-C419-11D9-A5B4-001185AD2B89} did not register with DCOM within the required timeout.

Event[113]:
  Log Name: System
  Source: Microsoft-Windows-DistributedCOM
  Date: 2017-06-22T09:41:53.039
  Event ID: 10010
  Task: N/A
  Level: Error
  Opcode: Info
  Keyword: Classic
  User: S-1-5-19
  User Name: NT AUTHORITY\LOCAL SERVICE
  Computer: DESKTOP-OGCJR0S
  Description: 
The server {4991D34B-80A1-4291-83B6-3328366B9097} did not register with DCOM within the required timeout.

Event[114]:
  Log Name: System
  Source: Microsoft-Windows-Bits-Client
  Date: 2017-06-22T09:41:53.063
  Event ID: 16392
  Task: N/A
  Level: Error
  Opcode: Info
  Keyword: N/A
  User: S-1-5-18
  User Name: NT AUTHORITY\SYSTEM
  Computer: DESKTOP-OGCJR0S
  Description: 
The BITS service failed to start.  Error 0x80080005.

Event[115]:
